<?xml version="1.0" encoding="UTF-8"?>
<testsuite xmlns:xsi="http://www.w3.org/2001/XMLSchema-instance" xsi:noNamespaceSchemaLocation="https://maven.apache.org/surefire/maven-surefire-plugin/xsd/surefire-test-report-3.0.xsd" version="3.0" name="TestSuite" time="533.97" tests="5" errors="0" skipped="0" failures="1">
  <properties>
    <property name="sun.desktop" value="windows"/>
    <property name="awt.toolkit" value="sun.awt.windows.WToolkit"/>
    <property name="file.encoding.pkg" value="sun.io"/>
    <property name="java.specification.version" value="1.8"/>
    <property name="sun.cpu.isalist" value="amd64"/>
    <property name="sun.jnu.encoding" value="Cp1252"/>
    <property name="java.class.path" value="C:\zzzz\Test\target\test-classes;C:\zzzz\Test\target\classes;C:\Users\Rajiv\.m2\repository\io\appium\java-client\7.3.0\java-client-7.3.0.jar;C:\Users\Rajiv\.m2\repository\org\seleniumhq\selenium\selenium-java\3.141.59\selenium-java-3.141.59.jar;C:\Users\Rajiv\.m2\repository\org\seleniumhq\selenium\selenium-chrome-driver\3.141.59\selenium-chrome-driver-3.141.59.jar;C:\Users\Rajiv\.m2\repository\org\seleniumhq\selenium\selenium-edge-driver\3.141.59\selenium-edge-driver-3.141.59.jar;C:\Users\Rajiv\.m2\repository\org\seleniumhq\selenium\selenium-firefox-driver\3.141.59\selenium-firefox-driver-3.141.59.jar;C:\Users\Rajiv\.m2\repository\org\seleniumhq\selenium\selenium-ie-driver\3.141.59\selenium-ie-driver-3.141.59.jar;C:\Users\Rajiv\.m2\repository\org\seleniumhq\selenium\selenium-opera-driver\3.141.59\selenium-opera-driver-3.141.59.jar;C:\Users\Rajiv\.m2\repository\org\seleniumhq\selenium\selenium-remote-driver\3.141.59\selenium-remote-driver-3.141.59.jar;C:\Users\Rajiv\.m2\repository\org\seleniumhq\selenium\selenium-safari-driver\3.141.59\selenium-safari-driver-3.141.59.jar;C:\Users\Rajiv\.m2\repository\net\bytebuddy\byte-buddy\1.8.15\byte-buddy-1.8.15.jar;C:\Users\Rajiv\.m2\repository\org\apache\commons\commons-exec\1.3\commons-exec-1.3.jar;C:\Users\Rajiv\.m2\repository\com\google\guava\guava\25.0-jre\guava-25.0-jre.jar;C:\Users\Rajiv\.m2\repository\com\google\code\findbugs\jsr305\1.3.9\jsr305-1.3.9.jar;C:\Users\Rajiv\.m2\repository\org\checkerframework\checker-compat-qual\2.0.0\checker-compat-qual-2.0.0.jar;C:\Users\Rajiv\.m2\repository\com\google\errorprone\error_prone_annotations\2.1.3\error_prone_annotations-2.1.3.jar;C:\Users\Rajiv\.m2\repository\com\google\j2objc\j2objc-annotations\1.1\j2objc-annotations-1.1.jar;C:\Users\Rajiv\.m2\repository\org\codehaus\mojo\animal-sniffer-annotations\1.14\animal-sniffer-annotations-1.14.jar;C:\Users\Rajiv\.m2\repository\com\squareup\okhttp3\okhttp\3.11.0\okhttp-3.11.0.jar;C:\Users\Rajiv\.m2\repository\com\squareup\okio\okio\1.14.0\okio-1.14.0.jar;C:\Users\Rajiv\.m2\repository\org\seleniumhq\selenium\selenium-support\3.141.59\selenium-support-3.141.59.jar;C:\Users\Rajiv\.m2\repository\org\seleniumhq\selenium\selenium-api\3.141.59\selenium-api-3.141.59.jar;C:\Users\Rajiv\.m2\repository\com\google\code\gson\gson\2.8.5\gson-2.8.5.jar;C:\Users\Rajiv\.m2\repository\org\apache\httpcomponents\httpclient\4.5.9\httpclient-4.5.9.jar;C:\Users\Rajiv\.m2\repository\org\apache\httpcomponents\httpcore\4.4.11\httpcore-4.4.11.jar;C:\Users\Rajiv\.m2\repository\commons-logging\commons-logging\1.2\commons-logging-1.2.jar;C:\Users\Rajiv\.m2\repository\cglib\cglib\3.2.12\cglib-3.2.12.jar;C:\Users\Rajiv\.m2\repository\org\ow2\asm\asm\7.1\asm-7.1.jar;C:\Users\Rajiv\.m2\repository\commons-validator\commons-validator\1.6\commons-validator-1.6.jar;C:\Users\Rajiv\.m2\repository\commons-beanutils\commons-beanutils\1.9.2\commons-beanutils-1.9.2.jar;C:\Users\Rajiv\.m2\repository\commons-digester\commons-digester\1.8.1\commons-digester-1.8.1.jar;C:\Users\Rajiv\.m2\repository\commons-collections\commons-collections\3.2.2\commons-collections-3.2.2.jar;C:\Users\Rajiv\.m2\repository\org\apache\commons\commons-lang3\3.9\commons-lang3-3.9.jar;C:\Users\Rajiv\.m2\repository\org\springframework\spring-context\5.1.8.RELEASE\spring-context-5.1.8.RELEASE.jar;C:\Users\Rajiv\.m2\repository\org\springframework\spring-aop\5.1.8.RELEASE\spring-aop-5.1.8.RELEASE.jar;C:\Users\Rajiv\.m2\repository\org\springframework\spring-beans\5.1.8.RELEASE\spring-beans-5.1.8.RELEASE.jar;C:\Users\Rajiv\.m2\repository\org\springframework\spring-core\5.1.8.RELEASE\spring-core-5.1.8.RELEASE.jar;C:\Users\Rajiv\.m2\repository\org\springframework\spring-jcl\5.1.8.RELEASE\spring-jcl-5.1.8.RELEASE.jar;C:\Users\Rajiv\.m2\repository\org\springframework\spring-expression\5.1.8.RELEASE\spring-expression-5.1.8.RELEASE.jar;C:\Users\Rajiv\.m2\repository\org\aspectj\aspectjweaver\1.9.4\aspectjweaver-1.9.4.jar;C:\Users\Rajiv\.m2\repository\org\slf4j\slf4j-api\1.7.26\slf4j-api-1.7.26.jar;C:\Users\Rajiv\.m2\repository\org\testng\testng\7.3.0\testng-7.3.0.jar;C:\Users\Rajiv\.m2\repository\com\beust\jcommander\1.78\jcommander-1.78.jar;C:\Users\Rajiv\.m2\repository\org\apache\ant\ant\1.10.3\ant-1.10.3.jar;C:\Users\Rajiv\.m2\repository\org\apache\ant\ant-launcher\1.10.3\ant-launcher-1.10.3.jar;C:\Users\Rajiv\.m2\repository\junit\junit\4.12\junit-4.12.jar;C:\Users\Rajiv\.m2\repository\org\hamcrest\hamcrest-core\1.3\hamcrest-core-1.3.jar;C:\Users\Rajiv\.m2\repository\com\google\inject\guice\4.2.2\guice-4.2.2-no_aop.jar;C:\Users\Rajiv\.m2\repository\javax\inject\javax.inject\1\javax.inject-1.jar;C:\Users\Rajiv\.m2\repository\aopalliance\aopalliance\1.0\aopalliance-1.0.jar;C:\Users\Rajiv\.m2\repository\org\yaml\snakeyaml\1.21\snakeyaml-1.21.jar;C:\Users\Rajiv\.m2\repository\org\apache\logging\log4j\log4j-core\2.13.3\log4j-core-2.13.3.jar;C:\Users\Rajiv\.m2\repository\org\apache\logging\log4j\log4j-api\2.13.3\log4j-api-2.13.3.jar;C:\Users\Rajiv\.m2\repository\com\aventstack\extentreports\5.0.1\extentreports-5.0.1.jar;C:\Users\Rajiv\.m2\repository\io\reactivex\rxjava3\rxjava\3.0.4\rxjava-3.0.4.jar;C:\Users\Rajiv\.m2\repository\org\reactivestreams\reactive-streams\1.0.3\reactive-streams-1.0.3.jar;C:\Users\Rajiv\.m2\repository\org\freemarker\freemarker\2.3.30\freemarker-2.3.30.jar;C:\Users\Rajiv\.m2\repository\org\projectlombok\lombok\1.18.12\lombok-1.18.12.jar;C:\Users\Rajiv\.m2\repository\org\apache\poi\poi\4.1.2\poi-4.1.2.jar;C:\Users\Rajiv\.m2\repository\commons-codec\commons-codec\1.13\commons-codec-1.13.jar;C:\Users\Rajiv\.m2\repository\org\apache\commons\commons-collections4\4.4\commons-collections4-4.4.jar;C:\Users\Rajiv\.m2\repository\org\apache\commons\commons-math3\3.6.1\commons-math3-3.6.1.jar;C:\Users\Rajiv\.m2\repository\com\zaxxer\SparseBitSet\1.2\SparseBitSet-1.2.jar;C:\Users\Rajiv\.m2\repository\org\apache\poi\poi-ooxml\4.1.2\poi-ooxml-4.1.2.jar;C:\Users\Rajiv\.m2\repository\org\apache\poi\poi-ooxml-schemas\4.1.2\poi-ooxml-schemas-4.1.2.jar;C:\Users\Rajiv\.m2\repository\org\apache\xmlbeans\xmlbeans\3.1.0\xmlbeans-3.1.0.jar;C:\Users\Rajiv\.m2\repository\org\apache\commons\commons-compress\1.19\commons-compress-1.19.jar;C:\Users\Rajiv\.m2\repository\com\github\virtuald\curvesapi\1.06\curvesapi-1.06.jar;C:\Users\Rajiv\.m2\repository\commons-io\commons-io\2.8.0\commons-io-2.8.0.jar;C:\Users\Rajiv\.m2\repository\com\github\javafaker\javafaker\1.0.2\javafaker-1.0.2.jar;C:\Users\Rajiv\.m2\repository\org\yaml\snakeyaml\1.23\snakeyaml-1.23-android.jar;C:\Users\Rajiv\.m2\repository\com\github\mifmif\generex\1.0.2\generex-1.0.2.jar;C:\Users\Rajiv\.m2\repository\dk\brics\automaton\automaton\1.11-8\automaton-1.11-8.jar;"/>
    <property name="java.vm.vendor" value="Oracle Corporation"/>
    <property name="sun.arch.data.model" value="64"/>
    <property name="user.variant" value=""/>
    <property name="java.vendor.url" value="http://java.oracle.com/"/>
    <property name="user.timezone" value="Asia/Calcutta"/>
    <property name="java.vm.specification.version" value="1.8"/>
    <property name="os.name" value="Windows 10"/>
    <property name="user.country" value="US"/>
    <property name="sun.java.launcher" value="SUN_STANDARD"/>
    <property name="sun.boot.library.path" value="C:\Program Files\Java\jdk1.8.0_192\jre\bin"/>
    <property name="sun.java.command" value="C:\Users\Rajiv\AppData\Local\Temp\surefire3299358494282638333\surefirebooter7641875215065087021.jar C:\Users\Rajiv\AppData\Local\Temp\surefire3299358494282638333 2021-04-28T13-40-11_571-jvmRun1 surefire5422451441875280391tmp surefire_037843885519682832tmp"/>
    <property name="surefire.test.class.path" value="C:\zzzz\Test\target\test-classes;C:\zzzz\Test\target\classes;C:\Users\Rajiv\.m2\repository\io\appium\java-client\7.3.0\java-client-7.3.0.jar;C:\Users\Rajiv\.m2\repository\org\seleniumhq\selenium\selenium-java\3.141.59\selenium-java-3.141.59.jar;C:\Users\Rajiv\.m2\repository\org\seleniumhq\selenium\selenium-chrome-driver\3.141.59\selenium-chrome-driver-3.141.59.jar;C:\Users\Rajiv\.m2\repository\org\seleniumhq\selenium\selenium-edge-driver\3.141.59\selenium-edge-driver-3.141.59.jar;C:\Users\Rajiv\.m2\repository\org\seleniumhq\selenium\selenium-firefox-driver\3.141.59\selenium-firefox-driver-3.141.59.jar;C:\Users\Rajiv\.m2\repository\org\seleniumhq\selenium\selenium-ie-driver\3.141.59\selenium-ie-driver-3.141.59.jar;C:\Users\Rajiv\.m2\repository\org\seleniumhq\selenium\selenium-opera-driver\3.141.59\selenium-opera-driver-3.141.59.jar;C:\Users\Rajiv\.m2\repository\org\seleniumhq\selenium\selenium-remote-driver\3.141.59\selenium-remote-driver-3.141.59.jar;C:\Users\Rajiv\.m2\repository\org\seleniumhq\selenium\selenium-safari-driver\3.141.59\selenium-safari-driver-3.141.59.jar;C:\Users\Rajiv\.m2\repository\net\bytebuddy\byte-buddy\1.8.15\byte-buddy-1.8.15.jar;C:\Users\Rajiv\.m2\repository\org\apache\commons\commons-exec\1.3\commons-exec-1.3.jar;C:\Users\Rajiv\.m2\repository\com\google\guava\guava\25.0-jre\guava-25.0-jre.jar;C:\Users\Rajiv\.m2\repository\com\google\code\findbugs\jsr305\1.3.9\jsr305-1.3.9.jar;C:\Users\Rajiv\.m2\repository\org\checkerframework\checker-compat-qual\2.0.0\checker-compat-qual-2.0.0.jar;C:\Users\Rajiv\.m2\repository\com\google\errorprone\error_prone_annotations\2.1.3\error_prone_annotations-2.1.3.jar;C:\Users\Rajiv\.m2\repository\com\google\j2objc\j2objc-annotations\1.1\j2objc-annotations-1.1.jar;C:\Users\Rajiv\.m2\repository\org\codehaus\mojo\animal-sniffer-annotations\1.14\animal-sniffer-annotations-1.14.jar;C:\Users\Rajiv\.m2\repository\com\squareup\okhttp3\okhttp\3.11.0\okhttp-3.11.0.jar;C:\Users\Rajiv\.m2\repository\com\squareup\okio\okio\1.14.0\okio-1.14.0.jar;C:\Users\Rajiv\.m2\repository\org\seleniumhq\selenium\selenium-support\3.141.59\selenium-support-3.141.59.jar;C:\Users\Rajiv\.m2\repository\org\seleniumhq\selenium\selenium-api\3.141.59\selenium-api-3.141.59.jar;C:\Users\Rajiv\.m2\repository\com\google\code\gson\gson\2.8.5\gson-2.8.5.jar;C:\Users\Rajiv\.m2\repository\org\apache\httpcomponents\httpclient\4.5.9\httpclient-4.5.9.jar;C:\Users\Rajiv\.m2\repository\org\apache\httpcomponents\httpcore\4.4.11\httpcore-4.4.11.jar;C:\Users\Rajiv\.m2\repository\commons-logging\commons-logging\1.2\commons-logging-1.2.jar;C:\Users\Rajiv\.m2\repository\cglib\cglib\3.2.12\cglib-3.2.12.jar;C:\Users\Rajiv\.m2\repository\org\ow2\asm\asm\7.1\asm-7.1.jar;C:\Users\Rajiv\.m2\repository\commons-validator\commons-validator\1.6\commons-validator-1.6.jar;C:\Users\Rajiv\.m2\repository\commons-beanutils\commons-beanutils\1.9.2\commons-beanutils-1.9.2.jar;C:\Users\Rajiv\.m2\repository\commons-digester\commons-digester\1.8.1\commons-digester-1.8.1.jar;C:\Users\Rajiv\.m2\repository\commons-collections\commons-collections\3.2.2\commons-collections-3.2.2.jar;C:\Users\Rajiv\.m2\repository\org\apache\commons\commons-lang3\3.9\commons-lang3-3.9.jar;C:\Users\Rajiv\.m2\repository\org\springframework\spring-context\5.1.8.RELEASE\spring-context-5.1.8.RELEASE.jar;C:\Users\Rajiv\.m2\repository\org\springframework\spring-aop\5.1.8.RELEASE\spring-aop-5.1.8.RELEASE.jar;C:\Users\Rajiv\.m2\repository\org\springframework\spring-beans\5.1.8.RELEASE\spring-beans-5.1.8.RELEASE.jar;C:\Users\Rajiv\.m2\repository\org\springframework\spring-core\5.1.8.RELEASE\spring-core-5.1.8.RELEASE.jar;C:\Users\Rajiv\.m2\repository\org\springframework\spring-jcl\5.1.8.RELEASE\spring-jcl-5.1.8.RELEASE.jar;C:\Users\Rajiv\.m2\repository\org\springframework\spring-expression\5.1.8.RELEASE\spring-expression-5.1.8.RELEASE.jar;C:\Users\Rajiv\.m2\repository\org\aspectj\aspectjweaver\1.9.4\aspectjweaver-1.9.4.jar;C:\Users\Rajiv\.m2\repository\org\slf4j\slf4j-api\1.7.26\slf4j-api-1.7.26.jar;C:\Users\Rajiv\.m2\repository\org\testng\testng\7.3.0\testng-7.3.0.jar;C:\Users\Rajiv\.m2\repository\com\beust\jcommander\1.78\jcommander-1.78.jar;C:\Users\Rajiv\.m2\repository\org\apache\ant\ant\1.10.3\ant-1.10.3.jar;C:\Users\Rajiv\.m2\repository\org\apache\ant\ant-launcher\1.10.3\ant-launcher-1.10.3.jar;C:\Users\Rajiv\.m2\repository\junit\junit\4.12\junit-4.12.jar;C:\Users\Rajiv\.m2\repository\org\hamcrest\hamcrest-core\1.3\hamcrest-core-1.3.jar;C:\Users\Rajiv\.m2\repository\com\google\inject\guice\4.2.2\guice-4.2.2-no_aop.jar;C:\Users\Rajiv\.m2\repository\javax\inject\javax.inject\1\javax.inject-1.jar;C:\Users\Rajiv\.m2\repository\aopalliance\aopalliance\1.0\aopalliance-1.0.jar;C:\Users\Rajiv\.m2\repository\org\yaml\snakeyaml\1.21\snakeyaml-1.21.jar;C:\Users\Rajiv\.m2\repository\org\apache\logging\log4j\log4j-core\2.13.3\log4j-core-2.13.3.jar;C:\Users\Rajiv\.m2\repository\org\apache\logging\log4j\log4j-api\2.13.3\log4j-api-2.13.3.jar;C:\Users\Rajiv\.m2\repository\com\aventstack\extentreports\5.0.1\extentreports-5.0.1.jar;C:\Users\Rajiv\.m2\repository\io\reactivex\rxjava3\rxjava\3.0.4\rxjava-3.0.4.jar;C:\Users\Rajiv\.m2\repository\org\reactivestreams\reactive-streams\1.0.3\reactive-streams-1.0.3.jar;C:\Users\Rajiv\.m2\repository\org\freemarker\freemarker\2.3.30\freemarker-2.3.30.jar;C:\Users\Rajiv\.m2\repository\org\projectlombok\lombok\1.18.12\lombok-1.18.12.jar;C:\Users\Rajiv\.m2\repository\org\apache\poi\poi\4.1.2\poi-4.1.2.jar;C:\Users\Rajiv\.m2\repository\commons-codec\commons-codec\1.13\commons-codec-1.13.jar;C:\Users\Rajiv\.m2\repository\org\apache\commons\commons-collections4\4.4\commons-collections4-4.4.jar;C:\Users\Rajiv\.m2\repository\org\apache\commons\commons-math3\3.6.1\commons-math3-3.6.1.jar;C:\Users\Rajiv\.m2\repository\com\zaxxer\SparseBitSet\1.2\SparseBitSet-1.2.jar;C:\Users\Rajiv\.m2\repository\org\apache\poi\poi-ooxml\4.1.2\poi-ooxml-4.1.2.jar;C:\Users\Rajiv\.m2\repository\org\apache\poi\poi-ooxml-schemas\4.1.2\poi-ooxml-schemas-4.1.2.jar;C:\Users\Rajiv\.m2\repository\org\apache\xmlbeans\xmlbeans\3.1.0\xmlbeans-3.1.0.jar;C:\Users\Rajiv\.m2\repository\org\apache\commons\commons-compress\1.19\commons-compress-1.19.jar;C:\Users\Rajiv\.m2\repository\com\github\virtuald\curvesapi\1.06\curvesapi-1.06.jar;C:\Users\Rajiv\.m2\repository\commons-io\commons-io\2.8.0\commons-io-2.8.0.jar;C:\Users\Rajiv\.m2\repository\com\github\javafaker\javafaker\1.0.2\javafaker-1.0.2.jar;C:\Users\Rajiv\.m2\repository\org\yaml\snakeyaml\1.23\snakeyaml-1.23-android.jar;C:\Users\Rajiv\.m2\repository\com\github\mifmif\generex\1.0.2\generex-1.0.2.jar;C:\Users\Rajiv\.m2\repository\dk\brics\automaton\automaton\1.11-8\automaton-1.11-8.jar;"/>
    <property name="sun.cpu.endian" value="little"/>
    <property name="user.home" value="C:\Users\Rajiv"/>
    <property name="user.language" value="en"/>
    <property name="java.specification.vendor" value="Oracle Corporation"/>
    <property name="java.home" value="C:\Program Files\Java\jdk1.8.0_192\jre"/>
    <property name="basedir" value="C:\zzzz\Test"/>
    <property name="file.separator" value="\"/>
    <property name="line.separator" value="&#10;"/>
    <property name="java.vm.specification.vendor" value="Oracle Corporation"/>
    <property name="java.specification.name" value="Java Platform API Specification"/>
    <property name="java.awt.graphicsenv" value="sun.awt.Win32GraphicsEnvironment"/>
    <property name="surefire.real.class.path" value="C:\Users\Rajiv\AppData\Local\Temp\surefire3299358494282638333\surefirebooter7641875215065087021.jar"/>
    <property name="sun.boot.class.path" value="C:\Program Files\Java\jdk1.8.0_192\jre\lib\resources.jar;C:\Program Files\Java\jdk1.8.0_192\jre\lib\rt.jar;C:\Program Files\Java\jdk1.8.0_192\jre\lib\sunrsasign.jar;C:\Program Files\Java\jdk1.8.0_192\jre\lib\jsse.jar;C:\Program Files\Java\jdk1.8.0_192\jre\lib\jce.jar;C:\Program Files\Java\jdk1.8.0_192\jre\lib\charsets.jar;C:\Program Files\Java\jdk1.8.0_192\jre\lib\jfr.jar;C:\Program Files\Java\jdk1.8.0_192\jre\classes"/>
    <property name="user.script" value=""/>
    <property name="sun.management.compiler" value="HotSpot 64-Bit Tiered Compilers"/>
    <property name="java.runtime.version" value="1.8.0_192-b12"/>
    <property name="user.name" value="Rajiv"/>
    <property name="path.separator" value=";"/>
    <property name="os.version" value="10.0"/>
    <property name="java.endorsed.dirs" value="C:\Program Files\Java\jdk1.8.0_192\jre\lib\endorsed"/>
    <property name="java.runtime.name" value="Java(TM) SE Runtime Environment"/>
    <property name="file.encoding" value="Cp1252"/>
    <property name="java.vm.name" value="Java HotSpot(TM) 64-Bit Server VM"/>
    <property name="localRepository" value="C:\Users\Rajiv\.m2\repository"/>
    <property name="java.vendor.url.bug" value="http://bugreport.sun.com/bugreport/"/>
    <property name="java.io.tmpdir" value="C:\Users\Rajiv\AppData\Local\Temp\"/>
    <property name="java.version" value="1.8.0_192"/>
    <property name="user.dir" value="C:\zzzz\Test"/>
    <property name="os.arch" value="amd64"/>
    <property name="java.vm.specification.name" value="Java Virtual Machine Specification"/>
    <property name="java.awt.printerjob" value="sun.awt.windows.WPrinterJob"/>
    <property name="sun.os.patch.level" value=""/>
    <property name="java.library.path" value="C:\Program Files\Java\jdk1.8.0_192\jre\bin;C:\WINDOWS\Sun\Java\bin;C:\WINDOWS\system32;C:\WINDOWS;C:\Python39\Scripts\;C:\Python39\;C:\Program Files\Common Files\Oracle\Java\javapath;C:\Program Files\Java\jdk1.8.0_192\bin;C:\Program Files\apache-maven-3.6.3\;C:\Driver\apache-maven-3.6.3\bin;C:\Program Files\dotnet\;C:\Users\Rajiv\AppData\Local\Android\Sdk\platform-tools;C:\ProgramData\chocolatey\bin;C:\Program Files\nodejs;C:\Windows\System32;C:\Driver\scrcpy-win64-v1.17;C:\Program Files\Git\cmd;C:\Program Files\MySQL\MySQL Shell 8.0\bin\;C:\Users\Rajiv\AppData\Local\Microsoft\WindowsApps;C:\Users\Rajiv\AppData\Roaming\npm;."/>
    <property name="java.vm.info" value="mixed mode"/>
    <property name="java.vendor" value="Oracle Corporation"/>
    <property name="java.vm.version" value="25.192-b12"/>
    <property name="java.ext.dirs" value="C:\Program Files\Java\jdk1.8.0_192\jre\lib\ext;C:\WINDOWS\Sun\Java\lib\ext"/>
    <property name="sun.io.unicode.encoding" value="UnicodeLittle"/>
    <property name="java.class.version" value="52.0"/>
  </properties>
  <testcase name="startNewPlan" classname="com.eezy.logintest.StartNewPlanTest" time="105.599">
    <system-out><![CDATA[&amp#27;[35m[Appium]&amp#27;[39m Welcome to Appium v1.20.2
&amp#27;[35m[Appium]&amp#27;[39m Appium REST http interface listener started on 0.0.0.0:4723
&amp#27;[35m[HTTP]&amp#27;[39m &amp#27;[37m-->&amp#27;[39m &amp#27;[37mGET&amp#27;[39m &amp#27;[37m/wd/hub/status&amp#27;[39m
&amp#27;[35m[HTTP]&amp#27;[39m &amp#27;[90m{}&amp#27;[39m
[debug] &amp#27;[35m[GENERIC]&amp#27;[39m Calling AppiumDriver.getStatus() with args: []
[debug] &amp#27;[35m[GENERIC]&amp#27;[39m Responding to client with driver.getStatus() result: {"build":{"version":"1.20.2"}}
&amp#27;[35m[HTTP]&amp#27;[39m &amp#27;[37m<-- GET /wd/hub/status &amp#27;[39m&amp#27;[32m200&amp#27;[39m &amp#27;[90m12 ms - 68&amp#27;[39m
&amp#27;[35m[HTTP]&amp#27;[39m &amp#27;[90m&amp#27;[39m
&amp#27;[35m[HTTP]&amp#27;[39m &amp#27;[37m-->&amp#27;[39m &amp#27;[37mPOST&amp#27;[39m &amp#27;[37m/wd/hub/session&amp#27;[39m
&amp#27;[35m[HTTP]&amp#27;[39m &amp#27;[90m{"desiredCapabilities":{"appActivity":"com.natife.eezy.MainActivity","appPackage":"com.eezy.ai.dev","platformVersion":"7.0","automationName":"Appium","autoGrantPermissions":true,"platformName":"Android","UDID":"bfe7d6690803","deviceName":"MyLittleMonster"},"capabilities":{"firstMatch":[{"UDID":"bfe7d6690803","appium:appActivity":"com.natife.eezy.MainActivity","appium:appPackage":"com.eezy.ai.dev","appium:autoGrantPermissions":true,"appium:automationName":"Appium","appium:deviceName":"MyLittleMonster","platformName":"android","appium:platformVersion":"7.0"}]}}&amp#27;[39m
[debug] &amp#27;[35m[W3C]&amp#27;[39m Calling AppiumDriver.createSession() with args: [{"appActivity":"com.natife.eezy.MainActivity","appPackage":"com.eezy.ai.dev","platformVersion":"7.0","automationName":"Appium","autoGrantPermissions":true,"platformName":"Android","UDID":"bfe7d6690803","deviceName":"MyLittleMonster"},null,{"firstMatch":[{"UDID":"bfe7d6690803","appium:appActivity":"com.natife.eezy.MainActivity","appium:appPackage":"com.eezy.ai.dev","appium:autoGrantPermissions":true,"appium:automationName":"Appium","appium:deviceName":"MyLittleMonster","platformName":"android","appium:platformVersion":"7.0"}]}]
[debug] &amp#27;[35m[BaseDriver]&amp#27;[39m Event 'newSessionRequested' logged at 1619597431511 (13:40:31 GMT+0530 (India Standard Time))
&amp#27;[35m[BaseDriver]&amp#27;[39m The following capabilities are not standard capabilities and should have an extension prefix:
&amp#27;[35m[BaseDriver]&amp#27;[39m   UDID
&amp#27;[35m[Appium]&amp#27;[39m 
&amp#27;[35m[Appium]&amp#27;[39m ======================================================================
&amp#27;[35m[Appium]&amp#27;[39m   DEPRECATION WARNING:
&amp#27;[35m[Appium]&amp#27;[39m 
&amp#27;[35m[Appium]&amp#27;[39m   The 'automationName' capability was not provided in the desired 
&amp#27;[35m[Appium]&amp#27;[39m   capabilities for this Android session
&amp#27;[35m[Appium]&amp#27;[39m 
&amp#27;[35m[Appium]&amp#27;[39m   Setting 'automationName=UiAutomator2' by default and using the 
&amp#27;[35m[Appium]&amp#27;[39m   UiAutomator2 Driver
&amp#27;[35m[Appium]&amp#27;[39m 
&amp#27;[35m[Appium]&amp#27;[39m   The next major version of Appium (2.x) will **require** the 
&amp#27;[35m[Appium]&amp#27;[39m   'automationName' capability to be set for all sessions on all 
&amp#27;[35m[Appium]&amp#27;[39m   platforms
&amp#27;[35m[Appium]&amp#27;[39m 
&amp#27;[35m[Appium]&amp#27;[39m   In previous versions (Appium <= 1.13.x), the default was 
&amp#27;[35m[Appium]&amp#27;[39m   'automationName=UiAutomator1'
&amp#27;[35m[Appium]&amp#27;[39m 
&amp#27;[35m[Appium]&amp#27;[39m   If you wish to use that automation instead of UiAutomator2, please 
&amp#27;[35m[Appium]&amp#27;[39m   add 'automationName=UiAutomator1' to your desired capabilities
&amp#27;[35m[Appium]&amp#27;[39m 
&amp#27;[35m[Appium]&amp#27;[39m   For more information about drivers, please visit 
&amp#27;[35m[Appium]&amp#27;[39m   http://appium.io/docs/en/about-appium/intro/ and explore the 
&amp#27;[35m[Appium]&amp#27;[39m   'Drivers' menu
&amp#27;[35m[Appium]&amp#27;[39m 
&amp#27;[35m[Appium]&amp#27;[39m ======================================================================
&amp#27;[35m[Appium]&amp#27;[39m 
&amp#27;[35m[Appium]&amp#27;[39m Appium v1.20.2 creating new AndroidUiautomator2Driver (v1.61.2) session
[debug] &amp#27;[35m[BaseDriver]&amp#27;[39m W3C capabilities and MJSONWP desired capabilities were provided
[debug] &amp#27;[35m[BaseDriver]&amp#27;[39m Creating session with W3C capabilities: {
[debug] &amp#27;[35m[BaseDriver]&amp#27;[39m   "alwaysMatch": {
[debug] &amp#27;[35m[BaseDriver]&amp#27;[39m     "appium:UDID": "bfe7d6690803",
[debug] &amp#27;[35m[BaseDriver]&amp#27;[39m     "platformName": "android",
[debug] &amp#27;[35m[BaseDriver]&amp#27;[39m     "appium:appActivity": "com.natife.eezy.MainActivity",
[debug] &amp#27;[35m[BaseDriver]&amp#27;[39m     "appium:appPackage": "com.eezy.ai.dev",
[debug] &amp#27;[35m[BaseDriver]&amp#27;[39m     "appium:autoGrantPermissions": true,
[debug] &amp#27;[35m[BaseDriver]&amp#27;[39m     "appium:automationName": "Appium",
[debug] &amp#27;[35m[BaseDriver]&amp#27;[39m     "appium:deviceName": "MyLittleMonster",
[debug] &amp#27;[35m[BaseDriver]&amp#27;[39m     "appium:platformVersion": "7.0"
[debug] &amp#27;[35m[BaseDriver]&amp#27;[39m   },
[debug] &amp#27;[35m[BaseDriver]&amp#27;[39m   "firstMatch": [
[debug] &amp#27;[35m[BaseDriver]&amp#27;[39m     {}
[debug] &amp#27;[35m[BaseDriver]&amp#27;[39m   ]
[debug] &amp#27;[35m[BaseDriver]&amp#27;[39m }
&amp#27;[35m[BaseDriver]&amp#27;[39m The following capabilities were provided, but are not recognized by Appium:
&amp#27;[35m[BaseDriver]&amp#27;[39m   UDID
&amp#27;[35m[BaseDriver]&amp#27;[39m Session created with session id: 6325cddf-10c9-4f5c-af0c-6f0cac588a23
&amp#27;[35m[UiAutomator2]&amp#27;[39m Starting 'com.eezy.ai.dev' directly on the device
&amp#27;[35m[ADB]&amp#27;[39m Found 1 'build-tools' folders under 'C:\Users\Rajiv\AppData\Local\Android\Sdk' (newest first):
&amp#27;[35m[ADB]&amp#27;[39m     C:/Users/Rajiv/AppData/Local/Android/Sdk/build-tools/30.0.3
&amp#27;[35m[ADB]&amp#27;[39m Using 'adb.exe' from 'C:\Users\Rajiv\AppData\Local\Android\Sdk\platform-tools\adb.exe'
[debug] &amp#27;[35m[ADB]&amp#27;[39m Running 'C:\Users\Rajiv\AppData\Local\Android\Sdk\platform-tools\adb.exe -P 5037 start-server'
&amp#27;[35m[AndroidDriver]&amp#27;[39m Retrieving device list
[debug] &amp#27;[35m[ADB]&amp#27;[39m Trying to find a connected android device
[debug] &amp#27;[35m[ADB]&amp#27;[39m Getting connected devices
[debug] &amp#27;[35m[ADB]&amp#27;[39m No connected devices have been detected
[debug] &amp#27;[35m[ADB]&amp#27;[39m Could not find online devices
[debug] &amp#27;[35m[ADB]&amp#27;[39m Reconnecting adb (target offline)
[debug] &amp#27;[35m[ADB]&amp#27;[39m Running 'C:\Users\Rajiv\AppData\Local\Android\Sdk\platform-tools\adb.exe -P 5037 reconnect offline'
[debug] &amp#27;[35m[ADB]&amp#27;[39m Getting connected devices
[debug] &amp#27;[35m[ADB]&amp#27;[39m No connected devices have been detected
[debug] &amp#27;[35m[ADB]&amp#27;[39m Could not find online devices
[debug] &amp#27;[35m[ADB]&amp#27;[39m Reconnecting adb (target offline)
[debug] &amp#27;[35m[ADB]&amp#27;[39m Running 'C:\Users\Rajiv\AppData\Local\Android\Sdk\platform-tools\adb.exe -P 5037 reconnect offline'
[debug] &amp#27;[35m[ADB]&amp#27;[39m Getting connected devices
[debug] &amp#27;[35m[ADB]&amp#27;[39m No connected devices have been detected
[debug] &amp#27;[35m[ADB]&amp#27;[39m Could not find online devices
[debug] &amp#27;[35m[ADB]&amp#27;[39m Reconnecting adb (target offline)
[debug] &amp#27;[35m[ADB]&amp#27;[39m Running 'C:\Users\Rajiv\AppData\Local\Android\Sdk\platform-tools\adb.exe -P 5037 reconnect offline'
[debug] &amp#27;[35m[ADB]&amp#27;[39m Getting connected devices
[debug] &amp#27;[35m[ADB]&amp#27;[39m No connected devices have been detected
[debug] &amp#27;[35m[ADB]&amp#27;[39m Could not find online devices
[debug] &amp#27;[35m[ADB]&amp#27;[39m Reconnecting adb (target offline)
[debug] &amp#27;[35m[ADB]&amp#27;[39m Running 'C:\Users\Rajiv\AppData\Local\Android\Sdk\platform-tools\adb.exe -P 5037 reconnect offline'
[debug] &amp#27;[35m[ADB]&amp#27;[39m Getting connected devices
[debug] &amp#27;[35m[ADB]&amp#27;[39m No connected devices have been detected
[debug] &amp#27;[35m[ADB]&amp#27;[39m Could not find online devices
[debug] &amp#27;[35m[ADB]&amp#27;[39m Reconnecting adb (target offline)
[debug] &amp#27;[35m[ADB]&amp#27;[39m Running 'C:\Users\Rajiv\AppData\Local\Android\Sdk\platform-tools\adb.exe -P 5037 reconnect offline'
[debug] &amp#27;[35m[ADB]&amp#27;[39m Getting connected devices
[debug] &amp#27;[35m[ADB]&amp#27;[39m No connected devices have been detected
[debug] &amp#27;[35m[ADB]&amp#27;[39m Could not find online devices
[debug] &amp#27;[35m[ADB]&amp#27;[39m Reconnecting adb (target offline)
[debug] &amp#27;[35m[ADB]&amp#27;[39m Running 'C:\Users\Rajiv\AppData\Local\Android\Sdk\platform-tools\adb.exe -P 5037 reconnect offline'
[debug] &amp#27;[35m[ADB]&amp#27;[39m Getting connected devices
[debug] &amp#27;[35m[ADB]&amp#27;[39m No connected devices have been detected
[debug] &amp#27;[35m[ADB]&amp#27;[39m Could not find online devices
[debug] &amp#27;[35m[ADB]&amp#27;[39m Reconnecting adb (target offline)
[debug] &amp#27;[35m[ADB]&amp#27;[39m Running 'C:\Users\Rajiv\AppData\Local\Android\Sdk\platform-tools\adb.exe -P 5037 reconnect offline'
[debug] &amp#27;[35m[ADB]&amp#27;[39m Getting connected devices
[debug] &amp#27;[35m[ADB]&amp#27;[39m No connected devices have been detected
[debug] &amp#27;[35m[ADB]&amp#27;[39m Could not find online devices
[debug] &amp#27;[35m[ADB]&amp#27;[39m Reconnecting adb (target offline)
[debug] &amp#27;[35m[ADB]&amp#27;[39m Running 'C:\Users\Rajiv\AppData\Local\Android\Sdk\platform-tools\adb.exe -P 5037 reconnect offline'
[debug] &amp#27;[35m[ADB]&amp#27;[39m Getting connected devices
[debug] &amp#27;[35m[ADB]&amp#27;[39m No connected devices have been detected
[debug] &amp#27;[35m[ADB]&amp#27;[39m Could not find online devices
[debug] &amp#27;[35m[ADB]&amp#27;[39m Reconnecting adb (target offline)
[debug] &amp#27;[35m[ADB]&amp#27;[39m Running 'C:\Users\Rajiv\AppData\Local\Android\Sdk\platform-tools\adb.exe -P 5037 reconnect offline'
[debug] &amp#27;[35m[ADB]&amp#27;[39m Getting connected devices
[debug] &amp#27;[35m[ADB]&amp#27;[39m No connected devices have been detected
[debug] &amp#27;[35m[ADB]&amp#27;[39m Could not find online devices
[debug] &amp#27;[35m[ADB]&amp#27;[39m Reconnecting adb (target offline)
[debug] &amp#27;[35m[ADB]&amp#27;[39m Running 'C:\Users\Rajiv\AppData\Local\Android\Sdk\platform-tools\adb.exe -P 5037 reconnect offline'
[debug] &amp#27;[35m[ADB]&amp#27;[39m Getting connected devices
[debug] &amp#27;[35m[ADB]&amp#27;[39m No connected devices have been detected
[debug] &amp#27;[35m[ADB]&amp#27;[39m Could not find online devices
[debug] &amp#27;[35m[ADB]&amp#27;[39m Reconnecting adb (target offline)
[debug] &amp#27;[35m[ADB]&amp#27;[39m Running 'C:\Users\Rajiv\AppData\Local\Android\Sdk\platform-tools\adb.exe -P 5037 reconnect offline'
[debug] &amp#27;[35m[ADB]&amp#27;[39m Getting connected devices
[debug] &amp#27;[35m[ADB]&amp#27;[39m No connected devices have been detected
[debug] &amp#27;[35m[ADB]&amp#27;[39m Could not find online devices
[debug] &amp#27;[35m[ADB]&amp#27;[39m Reconnecting adb (target offline)
[debug] &amp#27;[35m[ADB]&amp#27;[39m Running 'C:\Users\Rajiv\AppData\Local\Android\Sdk\platform-tools\adb.exe -P 5037 reconnect offline'
[debug] &amp#27;[35m[ADB]&amp#27;[39m Getting connected devices
[debug] &amp#27;[35m[ADB]&amp#27;[39m No connected devices have been detected
[debug] &amp#27;[35m[ADB]&amp#27;[39m Could not find online devices
[debug] &amp#27;[35m[ADB]&amp#27;[39m Reconnecting adb (target offline)
[debug] &amp#27;[35m[ADB]&amp#27;[39m Running 'C:\Users\Rajiv\AppData\Local\Android\Sdk\platform-tools\adb.exe -P 5037 reconnect offline'
[debug] &amp#27;[35m[ADB]&amp#27;[39m Getting connected devices
[debug] &amp#27;[35m[ADB]&amp#27;[39m No connected devices have been detected
[debug] &amp#27;[35m[ADB]&amp#27;[39m Could not find online devices
[debug] &amp#27;[35m[ADB]&amp#27;[39m Reconnecting adb (target offline)
[debug] &amp#27;[35m[ADB]&amp#27;[39m Running 'C:\Users\Rajiv\AppData\Local\Android\Sdk\platform-tools\adb.exe -P 5037 reconnect offline'
[debug] &amp#27;[35m[ADB]&amp#27;[39m Getting connected devices
[debug] &amp#27;[35m[ADB]&amp#27;[39m No connected devices have been detected
[debug] &amp#27;[35m[ADB]&amp#27;[39m Could not find online devices
[debug] &amp#27;[35m[ADB]&amp#27;[39m Reconnecting adb (target offline)
[debug] &amp#27;[35m[ADB]&amp#27;[39m Running 'C:\Users\Rajiv\AppData\Local\Android\Sdk\platform-tools\adb.exe -P 5037 reconnect offline'
[debug] &amp#27;[35m[ADB]&amp#27;[39m Getting connected devices
[debug] &amp#27;[35m[ADB]&amp#27;[39m No connected devices have been detected
[debug] &amp#27;[35m[ADB]&amp#27;[39m Could not find online devices
[debug] &amp#27;[35m[ADB]&amp#27;[39m Reconnecting adb (target offline)
[debug] &amp#27;[35m[ADB]&amp#27;[39m Running 'C:\Users\Rajiv\AppData\Local\Android\Sdk\platform-tools\adb.exe -P 5037 reconnect offline'
[debug] &amp#27;[35m[ADB]&amp#27;[39m Getting connected devices
[debug] &amp#27;[35m[ADB]&amp#27;[39m No connected devices have been detected
[debug] &amp#27;[35m[ADB]&amp#27;[39m Could not find online devices
[debug] &amp#27;[35m[ADB]&amp#27;[39m Reconnecting adb (target offline)
[debug] &amp#27;[35m[ADB]&amp#27;[39m Running 'C:\Users\Rajiv\AppData\Local\Android\Sdk\platform-tools\adb.exe -P 5037 reconnect offline'
[debug] &amp#27;[35m[ADB]&amp#27;[39m Getting connected devices
[debug] &amp#27;[35m[ADB]&amp#27;[39m No connected devices have been detected
[debug] &amp#27;[35m[ADB]&amp#27;[39m Could not find online devices
[debug] &amp#27;[35m[ADB]&amp#27;[39m Reconnecting adb (target offline)
[debug] &amp#27;[35m[ADB]&amp#27;[39m Running 'C:\Users\Rajiv\AppData\Local\Android\Sdk\platform-tools\adb.exe -P 5037 reconnect offline'
[debug] &amp#27;[35m[ADB]&amp#27;[39m Getting connected devices
[debug] &amp#27;[35m[ADB]&amp#27;[39m No connected devices have been detected
[debug] &amp#27;[35m[ADB]&amp#27;[39m Could not find online devices
[debug] &amp#27;[35m[ADB]&amp#27;[39m Reconnecting adb (target offline)
[debug] &amp#27;[35m[ADB]&amp#27;[39m Running 'C:\Users\Rajiv\AppData\Local\Android\Sdk\platform-tools\adb.exe -P 5037 reconnect offline'
[debug] &amp#27;[35m[ADB]&amp#27;[39m Getting connected devices
[debug] &amp#27;[35m[ADB]&amp#27;[39m No connected devices have been detected
[debug] &amp#27;[35m[ADB]&amp#27;[39m Could not find online devices
[debug] &amp#27;[35m[ADB]&amp#27;[39m Reconnecting adb (target offline)
[debug] &amp#27;[35m[ADB]&amp#27;[39m Running 'C:\Users\Rajiv\AppData\Local\Android\Sdk\platform-tools\adb.exe -P 5037 reconnect offline'
[debug] &amp#27;[35m[ADB]&amp#27;[39m Getting connected devices
[debug] &amp#27;[35m[ADB]&amp#27;[39m No connected devices have been detected
[debug] &amp#27;[35m[ADB]&amp#27;[39m Could not find online devices
[debug] &amp#27;[35m[ADB]&amp#27;[39m Reconnecting adb (target offline)
[debug] &amp#27;[35m[ADB]&amp#27;[39m Running 'C:\Users\Rajiv\AppData\Local\Android\Sdk\platform-tools\adb.exe -P 5037 reconnect offline'
[debug] &amp#27;[35m[ADB]&amp#27;[39m Getting connected devices
[debug] &amp#27;[35m[ADB]&amp#27;[39m No connected devices have been detected
[debug] &amp#27;[35m[ADB]&amp#27;[39m Could not find online devices
[debug] &amp#27;[35m[ADB]&amp#27;[39m Reconnecting adb (target offline)
[debug] &amp#27;[35m[ADB]&amp#27;[39m Running 'C:\Users\Rajiv\AppData\Local\Android\Sdk\platform-tools\adb.exe -P 5037 reconnect offline'
[debug] &amp#27;[35m[ADB]&amp#27;[39m Getting connected devices
[debug] &amp#27;[35m[ADB]&amp#27;[39m No connected devices have been detected
[debug] &amp#27;[35m[ADB]&amp#27;[39m Could not find online devices
[debug] &amp#27;[35m[ADB]&amp#27;[39m Reconnecting adb (target offline)
[debug] &amp#27;[35m[ADB]&amp#27;[39m Running 'C:\Users\Rajiv\AppData\Local\Android\Sdk\platform-tools\adb.exe -P 5037 reconnect offline'
[debug] &amp#27;[35m[ADB]&amp#27;[39m Getting connected devices
[debug] &amp#27;[35m[ADB]&amp#27;[39m No connected devices have been detected
[debug] &amp#27;[35m[ADB]&amp#27;[39m Could not find online devices
[debug] &amp#27;[35m[ADB]&amp#27;[39m Reconnecting adb (target offline)
[debug] &amp#27;[35m[ADB]&amp#27;[39m Running 'C:\Users\Rajiv\AppData\Local\Android\Sdk\platform-tools\adb.exe -P 5037 reconnect offline'
[debug] &amp#27;[35m[ADB]&amp#27;[39m Getting connected devices
[debug] &amp#27;[35m[ADB]&amp#27;[39m No connected devices have been detected
[debug] &amp#27;[35m[ADB]&amp#27;[39m Could not find online devices
[debug] &amp#27;[35m[ADB]&amp#27;[39m Reconnecting adb (target offline)
[debug] &amp#27;[35m[ADB]&amp#27;[39m Running 'C:\Users\Rajiv\AppData\Local\Android\Sdk\platform-tools\adb.exe -P 5037 reconnect offline'
[debug] &amp#27;[35m[ADB]&amp#27;[39m Getting connected devices
[debug] &amp#27;[35m[ADB]&amp#27;[39m No connected devices have been detected
[debug] &amp#27;[35m[ADB]&amp#27;[39m Could not find online devices
[debug] &amp#27;[35m[ADB]&amp#27;[39m Reconnecting adb (target offline)
[debug] &amp#27;[35m[ADB]&amp#27;[39m Running 'C:\Users\Rajiv\AppData\Local\Android\Sdk\platform-tools\adb.exe -P 5037 reconnect offline'
[debug] &amp#27;[35m[ADB]&amp#27;[39m Getting connected devices
[debug] &amp#27;[35m[ADB]&amp#27;[39m No connected devices have been detected
[debug] &amp#27;[35m[ADB]&amp#27;[39m Could not find online devices
[debug] &amp#27;[35m[ADB]&amp#27;[39m Reconnecting adb (target offline)
[debug] &amp#27;[35m[ADB]&amp#27;[39m Running 'C:\Users\Rajiv\AppData\Local\Android\Sdk\platform-tools\adb.exe -P 5037 reconnect offline'
[debug] &amp#27;[35m[ADB]&amp#27;[39m Getting connected devices
[debug] &amp#27;[35m[ADB]&amp#27;[39m No connected devices have been detected
[debug] &amp#27;[35m[ADB]&amp#27;[39m Could not find online devices
[debug] &amp#27;[35m[ADB]&amp#27;[39m Reconnecting adb (target offline)
[debug] &amp#27;[35m[ADB]&amp#27;[39m Running 'C:\Users\Rajiv\AppData\Local\Android\Sdk\platform-tools\adb.exe -P 5037 reconnect offline'
[debug] &amp#27;[35m[ADB]&amp#27;[39m Getting connected devices
[debug] &amp#27;[35m[ADB]&amp#27;[39m No connected devices have been detected
[debug] &amp#27;[35m[ADB]&amp#27;[39m Could not find online devices
[debug] &amp#27;[35m[ADB]&amp#27;[39m Reconnecting adb (target offline)
[debug] &amp#27;[35m[ADB]&amp#27;[39m Running 'C:\Users\Rajiv\AppData\Local\Android\Sdk\platform-tools\adb.exe -P 5037 reconnect offline'
[debug] &amp#27;[35m[ADB]&amp#27;[39m Getting connected devices
[debug] &amp#27;[35m[ADB]&amp#27;[39m No connected devices have been detected
[debug] &amp#27;[35m[ADB]&amp#27;[39m Could not find online devices
[debug] &amp#27;[35m[ADB]&amp#27;[39m Reconnecting adb (target offline)
[debug] &amp#27;[35m[ADB]&amp#27;[39m Running 'C:\Users\Rajiv\AppData\Local\Android\Sdk\platform-tools\adb.exe -P 5037 reconnect offline'
[debug] &amp#27;[35m[ADB]&amp#27;[39m Getting connected devices
[debug] &amp#27;[35m[ADB]&amp#27;[39m No connected devices have been detected
[debug] &amp#27;[35m[ADB]&amp#27;[39m Could not find online devices
[debug] &amp#27;[35m[ADB]&amp#27;[39m Reconnecting adb (target offline)
[debug] &amp#27;[35m[ADB]&amp#27;[39m Running 'C:\Users\Rajiv\AppData\Local\Android\Sdk\platform-tools\adb.exe -P 5037 reconnect offline'
[debug] &amp#27;[35m[ADB]&amp#27;[39m Getting connected devices
[debug] &amp#27;[35m[ADB]&amp#27;[39m No connected devices have been detected
[debug] &amp#27;[35m[ADB]&amp#27;[39m Could not find online devices
[debug] &amp#27;[35m[ADB]&amp#27;[39m Reconnecting adb (target offline)
[debug] &amp#27;[35m[ADB]&amp#27;[39m Running 'C:\Users\Rajiv\AppData\Local\Android\Sdk\platform-tools\adb.exe -P 5037 reconnect offline'
[debug] &amp#27;[35m[ADB]&amp#27;[39m Getting connected devices
[debug] &amp#27;[35m[ADB]&amp#27;[39m No connected devices have been detected
[debug] &amp#27;[35m[ADB]&amp#27;[39m Could not find online devices
[debug] &amp#27;[35m[ADB]&amp#27;[39m Reconnecting adb (target offline)
[debug] &amp#27;[35m[ADB]&amp#27;[39m Running 'C:\Users\Rajiv\AppData\Local\Android\Sdk\platform-tools\adb.exe -P 5037 reconnect offline'
[debug] &amp#27;[35m[ADB]&amp#27;[39m Getting connected devices
[debug] &amp#27;[35m[ADB]&amp#27;[39m No connected devices have been detected
[debug] &amp#27;[35m[ADB]&amp#27;[39m Could not find online devices
[debug] &amp#27;[35m[ADB]&amp#27;[39m Reconnecting adb (target offline)
[debug] &amp#27;[35m[ADB]&amp#27;[39m Running 'C:\Users\Rajiv\AppData\Local\Android\Sdk\platform-tools\adb.exe -P 5037 reconnect offline'
[debug] &amp#27;[35m[ADB]&amp#27;[39m Getting connected devices
[debug] &amp#27;[35m[ADB]&amp#27;[39m Connected devices: [{"udid":"bfe7d6690803","state":"authorizing"}]
&amp#27;[35m[AndroidDriver]&amp#27;[39m Looking for a device with Android '7.0.0'
[debug] &amp#27;[35m[ADB]&amp#27;[39m Setting device id to bfe7d6690803
&amp#27;[35m[ADB]&amp#27;[39m Getting device platform version
[debug] &amp#27;[35m[ADB]&amp#27;[39m Running 'C:\Users\Rajiv\AppData\Local\Android\Sdk\platform-tools\adb.exe -P 5037 -s bfe7d6690803 shell getprop ro.build.version.release'
[debug] &amp#27;[35m[ADB]&amp#27;[39m Current device property 'ro.build.version.release': 7.0
&amp#27;[35m[AndroidDriver]&amp#27;[39m Using device: bfe7d6690803
&amp#27;[35m[ADB]&amp#27;[39m Using 'adb.exe' from 'C:\Users\Rajiv\AppData\Local\Android\Sdk\platform-tools\adb.exe'
[debug] &amp#27;[35m[ADB]&amp#27;[39m Running 'C:\Users\Rajiv\AppData\Local\Android\Sdk\platform-tools\adb.exe -P 5037 start-server'
[debug] &amp#27;[35m[ADB]&amp#27;[39m Setting device id to bfe7d6690803
[debug] &amp#27;[35m[ADB]&amp#27;[39m Running 'C:\Users\Rajiv\AppData\Local\Android\Sdk\platform-tools\adb.exe -P 5037 -s bfe7d6690803 shell getprop ro.build.version.sdk'
[debug] &amp#27;[35m[ADB]&amp#27;[39m Current device property 'ro.build.version.sdk': 24
[debug] &amp#27;[35m[ADB]&amp#27;[39m Device API level: 24
&amp#27;[35m[AndroidDriver]&amp#27;[39m No app sent in, not parsing package/activity
[debug] &amp#27;[35m[ADB]&amp#27;[39m Running 'C:\Users\Rajiv\AppData\Local\Android\Sdk\platform-tools\adb.exe -P 5037 -s bfe7d6690803 wait-for-device'
[debug] &amp#27;[35m[ADB]&amp#27;[39m Running 'C:\Users\Rajiv\AppData\Local\Android\Sdk\platform-tools\adb.exe -P 5037 -s bfe7d6690803 shell echo ping'
[debug] &amp#27;[35m[AndroidDriver]&amp#27;[39m Pushing settings apk to device...
[debug] &amp#27;[35m[ADB]&amp#27;[39m Getting install status for io.appium.settings
[debug] &amp#27;[35m[ADB]&amp#27;[39m Running 'C:\Users\Rajiv\AppData\Local\Android\Sdk\platform-tools\adb.exe -P 5037 -s bfe7d6690803 shell dumpsys package io.appium.settings'
[debug] &amp#27;[35m[ADB]&amp#27;[39m 'io.appium.settings' is installed
[debug] &amp#27;[35m[ADB]&amp#27;[39m Getting package info for 'io.appium.settings'
[debug] &amp#27;[35m[ADB]&amp#27;[39m Running 'C:\Users\Rajiv\AppData\Local\Android\Sdk\platform-tools\adb.exe -P 5037 -s bfe7d6690803 shell dumpsys package io.appium.settings'
[debug] &amp#27;[35m[ADB]&amp#27;[39m The version name of the installed 'io.appium.settings' is greater or equal to the application version name ('3.2.1' >= '3.2.1')
[debug] &amp#27;[35m[ADB]&amp#27;[39m There is no need to install/upgrade 'C:\Users\Rajiv\AppData\Roaming\npm\node_modules\appium\node_modules\io.appium.settings\apks\settings_apk-debug.apk'
[debug] &amp#27;[35m[ADB]&amp#27;[39m Getting IDs of all 'io.appium.settings' processes
[debug] &amp#27;[35m[ADB]&amp#27;[39m Running 'C:\Users\Rajiv\AppData\Local\Android\Sdk\platform-tools\adb.exe -P 5037 -s bfe7d6690803 shell 'pgrep --help; echo $?''
[debug] &amp#27;[35m[ADB]&amp#27;[39m Running 'C:\Users\Rajiv\AppData\Local\Android\Sdk\platform-tools\adb.exe -P 5037 -s bfe7d6690803 shell 'pgrep ^appium\\.settings$ || pgrep ^io\\.appium\\.setti$''
[debug] &amp#27;[35m[ADB]&amp#27;[39m Getting IDs of all 'io.appium.settings' processes
[debug] &amp#27;[35m[ADB]&amp#27;[39m Running 'C:\Users\Rajiv\AppData\Local\Android\Sdk\platform-tools\adb.exe -P 5037 -s bfe7d6690803 shell 'pgrep ^appium\\.settings$ || pgrep ^io\\.appium\\.setti$''
[debug] &amp#27;[35m[ADB]&amp#27;[39m Starting Appium Settings app
[debug] &amp#27;[35m[ADB]&amp#27;[39m Running 'C:\Users\Rajiv\AppData\Local\Android\Sdk\platform-tools\adb.exe -P 5037 -s bfe7d6690803 shell am start -n io.appium.settings/.Settings -a android.intent.action.MAIN -c android.intent.category.LAUNCHER'
[debug] &amp#27;[35m[ADB]&amp#27;[39m Getting IDs of all 'io.appium.settings' processes
[debug] &amp#27;[35m[ADB]&amp#27;[39m Running 'C:\Users\Rajiv\AppData\Local\Android\Sdk\platform-tools\adb.exe -P 5037 -s bfe7d6690803 shell 'pgrep ^appium\\.settings$ || pgrep ^io\\.appium\\.setti$''
[debug] &amp#27;[35m[ADB]&amp#27;[39m Running 'C:\Users\Rajiv\AppData\Local\Android\Sdk\platform-tools\adb.exe -P 5037 -s bfe7d6690803 shell appops set io.appium.settings android:mock_location allow'
[debug] &amp#27;[35m[Logcat]&amp#27;[39m Starting logs capture with command: C:\\Users\\Rajiv\\AppData\\Local\\Android\\Sdk\\platform-tools\\adb.exe -P 5037 -s bfe7d6690803 logcat -v threadtime
[debug] &amp#27;[35m[UiAutomator2]&amp#27;[39m Forwarding UiAutomator2 Server port 6790 to local port 8200
[debug] &amp#27;[35m[ADB]&amp#27;[39m Forwarding system: 8200 to device: 6790
[debug] &amp#27;[35m[ADB]&amp#27;[39m Running 'C:\Users\Rajiv\AppData\Local\Android\Sdk\platform-tools\adb.exe -P 5037 -s bfe7d6690803 forward tcp:8200 tcp:6790'
[debug] &amp#27;[35m[ADB]&amp#27;[39m Getting install status for io.appium.uiautomator2.server
[debug] &amp#27;[35m[ADB]&amp#27;[39m Running 'C:\Users\Rajiv\AppData\Local\Android\Sdk\platform-tools\adb.exe -P 5037 -s bfe7d6690803 shell dumpsys package io.appium.uiautomator2.server'
[debug] &amp#27;[35m[ADB]&amp#27;[39m 'io.appium.uiautomator2.server' is installed
[debug] &amp#27;[35m[ADB]&amp#27;[39m Getting package info for 'io.appium.uiautomator2.server'
[debug] &amp#27;[35m[ADB]&amp#27;[39m Running 'C:\Users\Rajiv\AppData\Local\Android\Sdk\platform-tools\adb.exe -P 5037 -s bfe7d6690803 shell dumpsys package io.appium.uiautomator2.server'
[debug] &amp#27;[35m[ADB]&amp#27;[39m The version name of the installed 'io.appium.uiautomator2.server' is greater or equal to the application version name ('4.17.4' >= '4.17.4')
[debug] &amp#27;[35m[UiAutomator2]&amp#27;[39m io.appium.uiautomator2.server installation state: sameVersionInstalled
[debug] &amp#27;[35m[ADB]&amp#27;[39m Checking app cert for C:\Users\Rajiv\AppData\Roaming\npm\node_modules\appium\node_modules\appium-uiautomator2-server\apks\appium-uiautomator2-server-v4.17.4.apk
&amp#27;[35m[ADB]&amp#27;[39m Using 'apksigner.jar' from 'C:\Users\Rajiv\AppData\Local\Android\Sdk\build-tools\30.0.3\lib\apksigner.jar'
[debug] &amp#27;[35m[ADB]&amp#27;[39m Starting apksigner: 'C:\\Program Files\\Java\\jdk1.8.0_192\\bin\\java.exe' -Xmx1024M -Xss1m -jar C:\\Users\\Rajiv\\AppData\\Local\\Android\\Sdk\\build-tools\\30.0.3\\lib\\apksigner.jar verify --print-certs C:\\Users\\Rajiv\\AppData\\Roaming\\npm\\node_modules\\appium\\node_modules\\appium-uiautomator2-server\\apks\\appium-uiautomator2-server-v4.17.4.apk
[debug] &amp#27;[35m[ADB]&amp#27;[39m apksigner stdout: Signer #1 certificate DN: EMAILADDRESS=android@android.com, CN=Android, OU=Android, O=Android, L=Mountain View, ST=California, C=US
[debug] &amp#27;[35m[ADB]&amp#27;[39m Signer #1 certificate SHA-256 digest: a40da80a59d170caa950cf15c18c454d47a39b26989d8b640ecd745ba71bf5dc
[debug] &amp#27;[35m[ADB]&amp#27;[39m Signer #1 certificate SHA-1 digest: 61ed377e85d386a8dfee6b864bd85b0bfaa5af81
[debug] &amp#27;[35m[ADB]&amp#27;[39m Signer #1 certificate MD5 digest: e89b158e4bcf988ebd09eb83f5378e87
[debug] &amp#27;[35m[ADB]&amp#27;[39m 
[debug] &amp#27;[35m[ADB]&amp#27;[39m sha256 hash did match for 'appium-uiautomator2-server-v4.17.4.apk'
&amp#27;[35m[ADB]&amp#27;[39m 'C:\Users\Rajiv\AppData\Roaming\npm\node_modules\appium\node_modules\appium-uiautomator2-server\apks\appium-uiautomator2-server-v4.17.4.apk' is signed with the default certificate
[debug] &amp#27;[35m[ADB]&amp#27;[39m Getting install status for io.appium.uiautomator2.server.test
[debug] &amp#27;[35m[ADB]&amp#27;[39m Running 'C:\Users\Rajiv\AppData\Local\Android\Sdk\platform-tools\adb.exe -P 5037 -s bfe7d6690803 shell dumpsys package io.appium.uiautomator2.server.test'
[debug] &amp#27;[35m[ADB]&amp#27;[39m 'io.appium.uiautomator2.server.test' is installed
[debug] &amp#27;[35m[ADB]&amp#27;[39m Checking app cert for C:\Users\Rajiv\AppData\Roaming\npm\node_modules\appium\node_modules\appium-uiautomator2-server\apks\appium-uiautomator2-server-debug-androidTest.apk
[debug] &amp#27;[35m[ADB]&amp#27;[39m Starting apksigner: 'C:\\Program Files\\Java\\jdk1.8.0_192\\bin\\java.exe' -Xmx1024M -Xss1m -jar C:\\Users\\Rajiv\\AppData\\Local\\Android\\Sdk\\build-tools\\30.0.3\\lib\\apksigner.jar verify --print-certs C:\\Users\\Rajiv\\AppData\\Roaming\\npm\\node_modules\\appium\\node_modules\\appium-uiautomator2-server\\apks\\appium-uiautomator2-server-debug-androidTest.apk
[debug] &amp#27;[35m[ADB]&amp#27;[39m apksigner stdout: Signer #1 certificate DN: EMAILADDRESS=android@android.com, CN=Android, OU=Android, O=Android, L=Mountain View, ST=California, C=US
[debug] &amp#27;[35m[ADB]&amp#27;[39m Signer #1 certificate SHA-256 digest: a40da80a59d170caa950cf15c18c454d47a39b26989d8b640ecd745ba71bf5dc
[debug] &amp#27;[35m[ADB]&amp#27;[39m Signer #1 certificate SHA-1 digest: 61ed377e85d386a8dfee6b864bd85b0bfaa5af81
[debug] &amp#27;[35m[ADB]&amp#27;[39m Signer #1 certificate MD5 digest: e89b158e4bcf988ebd09eb83f5378e87
[debug] &amp#27;[35m[ADB]&amp#27;[39m 
[debug] &amp#27;[35m[ADB]&amp#27;[39m sha256 hash did match for 'appium-uiautomator2-server-debug-androidTest.apk'
&amp#27;[35m[ADB]&amp#27;[39m 'C:\Users\Rajiv\AppData\Roaming\npm\node_modules\appium\node_modules\appium-uiautomator2-server\apks\appium-uiautomator2-server-debug-androidTest.apk' is signed with the default certificate
&amp#27;[35m[UiAutomator2]&amp#27;[39m Server packages are not going to be (re)installed
[debug] &amp#27;[35m[UiAutomator2]&amp#27;[39m Waiting up to 30000ms for services to be available
[debug] &amp#27;[35m[ADB]&amp#27;[39m Running 'C:\Users\Rajiv\AppData\Local\Android\Sdk\platform-tools\adb.exe -P 5037 -s bfe7d6690803 shell pm list instrumentation'
[debug] &amp#27;[35m[UiAutomator2]&amp#27;[39m Instrumentation target 'io.appium.uiautomator2.server.test/androidx.test.runner.AndroidJUnitRunner' is available
&amp#27;[35m[ADB]&amp#27;[39m Adding packages ["io.appium.settings","io.appium.uiautomator2.server","io.appium.uiautomator2.server.test"] to Doze whitelist
[debug] &amp#27;[35m[ADB]&amp#27;[39m Got the following command chunks to execute: [["dumpsys","deviceidle","whitelist","+io.appium.settings",";","dumpsys","deviceidle","whitelist","+io.appium.uiautomator2.server",";","dumpsys","deviceidle","whitelist","+io.appium.uiautomator2.server.test",";"]]
[debug] &amp#27;[35m[ADB]&amp#27;[39m Running 'C:\Users\Rajiv\AppData\Local\Android\Sdk\platform-tools\adb.exe -P 5037 -s bfe7d6690803 shell dumpsys deviceidle whitelist +io.appium.settings ; dumpsys deviceidle whitelist +io.appium.uiautomator2.server ; dumpsys deviceidle whitelist +io.appium.uiautomator2.server.test ;'
[debug] &amp#27;[35m[UiAutomator2]&amp#27;[39m No app capability. Assuming it is already on the device
[debug] &amp#27;[35m[ADB]&amp#27;[39m Getting install status for com.eezy.ai.dev
[debug] &amp#27;[35m[ADB]&amp#27;[39m Running 'C:\Users\Rajiv\AppData\Local\Android\Sdk\platform-tools\adb.exe -P 5037 -s bfe7d6690803 shell dumpsys package com.eezy.ai.dev'
[debug] &amp#27;[35m[ADB]&amp#27;[39m 'com.eezy.ai.dev' is installed
[debug] &amp#27;[35m[ADB]&amp#27;[39m Running 'C:\Users\Rajiv\AppData\Local\Android\Sdk\platform-tools\adb.exe -P 5037 -s bfe7d6690803 shell am force-stop com.eezy.ai.dev'
[debug] &amp#27;[35m[ADB]&amp#27;[39m Running 'C:\Users\Rajiv\AppData\Local\Android\Sdk\platform-tools\adb.exe -P 5037 -s bfe7d6690803 shell pm clear com.eezy.ai.dev'
[debug] &amp#27;[35m[ADB]&amp#27;[39m Running 'C:\Users\Rajiv\AppData\Local\Android\Sdk\platform-tools\adb.exe -P 5037 -s bfe7d6690803 shell dumpsys package com.eezy.ai.dev'
[debug] &amp#27;[35m[ADB]&amp#27;[39m Retrieving requested permissions
[debug] &amp#27;[35m[ADB]&amp#27;[39m Retrieved 24 permissions from requested group
[debug] &amp#27;[35m[ADB]&amp#27;[39m Retrieving granted permissions
[debug] &amp#27;[35m[ADB]&amp#27;[39m Retrieved 8 permissions from install,runtime groups
[debug] &amp#27;[35m[ADB]&amp#27;[39m Granting permissions ["android.permission.ACCESS_FINE_LOCATION","android.permission.ACCESS_COARSE_LOCATION","android.permission.READ_EXTERNAL_STORAGE","android.permission.WRITE_EXTERNAL_STORAGE","android.permission.READ_CONTACTS","android.permission.FOREGROUND_SERVICE","android.permission.WRITE_CONTACTS","android.permission.READ_PHONE_STATE"] to 'com.eezy.ai.dev'
[debug] &amp#27;[35m[ADB]&amp#27;[39m Got the following command chunks to execute: [["pm","grant","com.eezy.ai.dev","android.permission.ACCESS_FINE_LOCATION",";","pm","grant","com.eezy.ai.dev","android.permission.ACCESS_COARSE_LOCATION",";","pm","grant","com.eezy.ai.dev","android.permission.READ_EXTERNAL_STORAGE",";","pm","grant","com.eezy.ai.dev","android.permission.WRITE_EXTERNAL_STORAGE",";","pm","grant","com.eezy.ai.dev","android.permission.READ_CONTACTS",";","pm","grant","com.eezy.ai.dev","android.permission.FOREGROUND_SERVICE",";","pm","grant","com.eezy.ai.dev","android.permission.WRITE_CONTACTS",";","pm","grant","com.eezy.ai.dev","android.permission.READ_PHONE_STATE",";"]]
[debug] &amp#27;[35m[ADB]&amp#27;[39m Running 'C:\Users\Rajiv\AppData\Local\Android\Sdk\platform-tools\adb.exe -P 5037 -s bfe7d6690803 shell pm grant com.eezy.ai.dev android.permission.ACCESS_FINE_LOCATION ; pm grant com.eezy.ai.dev android.permission.ACCESS_COARSE_LOCATION ; pm grant com.eezy.ai.dev android.permission.READ_EXTERNAL_STORAGE ; pm grant com.eezy.ai.dev android.permission.WRITE_EXTERNAL_STORAGE ; pm grant com.eezy.ai.dev android.permission.READ_CONTACTS ; pm grant com.eezy.ai.dev android.permission.FOREGROUND_SERVICE ; pm grant com.eezy.ai.dev android.permission.WRITE_CONTACTS ; pm grant com.eezy.ai.dev android.permission.READ_PHONE_STATE ;'
[debug] &amp#27;[35m[AndroidDriver]&amp#27;[39m Performed fast reset on the installed 'com.eezy.ai.dev' application (stop and clear)
[debug] &amp#27;[35m[UiAutomator2]&amp#27;[39m Performing shallow cleanup of automation leftovers
[debug] &amp#27;[35m[UiAutomator2]&amp#27;[39m No obsolete sessions have been detected (socket hang up)
[debug] &amp#27;[35m[ADB]&amp#27;[39m Running 'C:\Users\Rajiv\AppData\Local\Android\Sdk\platform-tools\adb.exe -P 5037 -s bfe7d6690803 shell am force-stop io.appium.uiautomator2.server.test'
&amp#27;[35m[UiAutomator2]&amp#27;[39m Starting UIAutomator2 server 4.17.4
&amp#27;[35m[UiAutomator2]&amp#27;[39m Using UIAutomator2 server from 'C:\Users\Rajiv\AppData\Roaming\npm\node_modules\appium\node_modules\appium-uiautomator2-server\apks\appium-uiautomator2-server-v4.17.4.apk' and test from 'C:\Users\Rajiv\AppData\Roaming\npm\node_modules\appium\node_modules\appium-uiautomator2-server\apks\appium-uiautomator2-server-debug-androidTest.apk'
&amp#27;[35m[UiAutomator2]&amp#27;[39m Waiting up to 30000ms for UiAutomator2 to be online...
[debug] &amp#27;[35m[ADB]&amp#27;[39m Creating ADB subprocess with args: ["-P",5037,"-s","bfe7d6690803","shell","am","instrument","-w","io.appium.uiautomator2.server.test/androidx.test.runner.AndroidJUnitRunner"]
[debug] &amp#27;[35m[WD Proxy]&amp#27;[39m Matched '/status' to command name 'getStatus'
[debug] &amp#27;[35m[WD Proxy]&amp#27;[39m Proxying [GET /status] to [GET http://127.0.0.1:8200/wd/hub/status] with no body
&amp#27;[35m[WD Proxy]&amp#27;[39m socket hang up
[debug] &amp#27;[35m[WD Proxy]&amp#27;[39m Matched '/status' to command name 'getStatus'
[debug] &amp#27;[35m[WD Proxy]&amp#27;[39m Proxying [GET /status] to [GET http://127.0.0.1:8200/wd/hub/status] with no body
&amp#27;[35m[WD Proxy]&amp#27;[39m socket hang up
[debug] &amp#27;[35m[Instrumentation]&amp#27;[39m io.appium.uiautomator2.server.test.AppiumUiAutomator2Server:
[debug] &amp#27;[35m[WD Proxy]&amp#27;[39m Matched '/status' to command name 'getStatus'
[debug] &amp#27;[35m[WD Proxy]&amp#27;[39m Proxying [GET /status] to [GET http://127.0.0.1:8200/wd/hub/status] with no body
&amp#27;[35m[WD Proxy]&amp#27;[39m socket hang up
[debug] &amp#27;[35m[WD Proxy]&amp#27;[39m Matched '/status' to command name 'getStatus'
[debug] &amp#27;[35m[WD Proxy]&amp#27;[39m Proxying [GET /status] to [GET http://127.0.0.1:8200/wd/hub/status] with no body
[debug] &amp#27;[35m[WD Proxy]&amp#27;[39m Got response with status 200: {"sessionId":"None","value":{"message":"UiAutomator2 Server is ready to accept commands","ready":true}}
[debug] &amp#27;[35m[UiAutomator2]&amp#27;[39m The initialization of the instrumentation process took 3104ms
[debug] &amp#27;[35m[WD Proxy]&amp#27;[39m Matched '/session' to command name 'createSession'
[debug] &amp#27;[35m[WD Proxy]&amp#27;[39m Proxying [POST /session] to [POST http://127.0.0.1:8200/wd/hub/session] with body: {"capabilities":{"firstMatch":[{"platform":"LINUX","webStorageEnabled":false,"takesScreenshot":true,"javascriptEnabled":true,"databaseEnabled":false,"networkConnectionEnabled":true,"locationContextEnabled":false,"warnings":{},"desired":{"platformName":"android","UDID":"bfe7d6690803","appActivity":"com.natife.eezy.MainActivity","appPackage":"com.eezy.ai.dev","autoGrantPermissions":true,"automationName":"Appium","deviceName":"MyLittleMonster","platformVersion":"7.0"},"platformName":"android","UDID":"bfe7d6690803","appActivity":"com.natife.eezy.MainActivity","appPackage":"com.eezy.ai.dev","autoGrantPermissions":true,"automationName":"Appium","deviceName":"bfe7d6690803","platformVersion":"7.0","deviceUDID":"bfe7d6690803"}],"alwaysMatch":{}}}
[debug] &amp#27;[35m[WD Proxy]&amp#27;[39m Got response with status 200: {"sessionId":"d4c6e067-6377-42f0-82d9-e1a4aa699597","value":{"capabilities":{"firstMatch":[{"platform":"LINUX","webStorageEnabled":false,"takesScreenshot":true,"javascriptEnabled":true,"databaseEnabled":false,"networkConnectionEnabled":true,"locationContextEnabled":false,"warnings":{},"desired":{"platformName":"android","UDID":"bfe7d6690803","appActivity":"com.natife.eezy.MainActivity","appPackage":"com.eezy.ai.dev","autoGrantPermissions":true,"automationName":"Appium","deviceName":"MyLittleMonster","platformVersion":"7.0"},"platformName":"android","UDID":"bfe7d6690803","appActivity":"com.natife.eezy.MainActivity","appPackage":"com.eezy.ai.dev","autoGrantPermissions":true,"automationName":"Appium","deviceName":"bfe7d6690803","platformVersion":"7.0","deviceUDID":"bfe7d6690803"}],"alwaysMatch":{}},"sessionId":"d4c6e067-6377-42f0-82d9-e1a4aa699597"}}
&amp#27;[35m[WD Proxy]&amp#27;[39m Determined the downstream protocol as 'W3C'
[debug] &amp#27;[35m[WD Proxy]&amp#27;[39m Proxying [GET /appium/device/info] to [GET http://127.0.0.1:8200/wd/hub/session/d4c6e067-6377-42f0-82d9-e1a4aa699597/appium/device/info] with no body
[debug] &amp#27;[35m[WD Proxy]&amp#27;[39m Got response with status 200: {"sessionId":"d4c6e067-6377-42f0-82d9-e1a4aa699597","value":{"androidId":"493cf81125032c7f","apiVersion":"24","bluetooth":{"state":"ON"},"brand":"xiaomi","carrierName":"Vodafone IN","displayDensity":480,"locale":"en_IN","manufacturer":"Xiaomi","model":"Redmi Note 4","networks":[{"capabilities":{"SSID":null,"linkDownBandwidthKbps":1048576,"linkUpstreamBandwidthKbps":1048576,"networkCapabilities":"NET_CAPABILITY_NOT_METERED,NET_CAPABILITY_NOT_RESTRICTED,NET_CAPABILITY_NOT_VPN,NET_CAPABILITY_INTERNET,NET_CAPABILITY_TRUSTED,NET_CAPABILITY_VALIDATED","signalStrength":-81,"transportTypes":"TRANSPORT_WIFI"},"detailedState":"CONNECTED","extraInfo":"\"Rajiv 5G\"","isAvailable":true,"isConnected":true,"isFailover":false,"isRoaming":false,"state":"CONNECTED","subtype":0,"subtypeName":"","type":1,"typeName":"WIFI"}],"platformVersion":"7.0","realDisplaySize":"1080x1920","timeZone":"Asia/Calcutta"}}
[debug] &amp#27;[35m[ADB]&amp#27;[39m Running 'C:\Users\Rajiv\AppData\Local\Android\Sdk\platform-tools\adb.exe -P 5037 -s bfe7d6690803 shell dumpsys window'
&amp#27;[35m[AndroidDriver]&amp#27;[39m Screen already unlocked, doing nothing
&amp#27;[35m[UiAutomator2]&amp#27;[39m Starting 'com.eezy.ai.dev/com.natife.eezy.MainActivity and waiting for 'com.eezy.ai.dev/com.natife.eezy.MainActivity'
[debug] &amp#27;[35m[ADB]&amp#27;[39m Running 'C:\Users\Rajiv\AppData\Local\Android\Sdk\platform-tools\adb.exe -P 5037 -s bfe7d6690803 shell am start -W -n com.eezy.ai.dev/com.natife.eezy.MainActivity -S -a android.intent.action.MAIN -c android.intent.category.LAUNCHER -f 0x10200000'
[debug] &amp#27;[35m[WD Proxy]&amp#27;[39m Proxying [GET /appium/device/pixel_ratio] to [GET http://127.0.0.1:8200/wd/hub/session/d4c6e067-6377-42f0-82d9-e1a4aa699597/appium/device/pixel_ratio] with no body
[debug] &amp#27;[35m[WD Proxy]&amp#27;[39m Got response with status 200: {"sessionId":"d4c6e067-6377-42f0-82d9-e1a4aa699597","value":3}
[debug] &amp#27;[35m[WD Proxy]&amp#27;[39m Matched '/appium/device/system_bars' to command name 'getSystemBars'
[debug] &amp#27;[35m[WD Proxy]&amp#27;[39m Proxying [GET /appium/device/system_bars] to [GET http://127.0.0.1:8200/wd/hub/session/d4c6e067-6377-42f0-82d9-e1a4aa699597/appium/device/system_bars] with no body
[debug] &amp#27;[35m[WD Proxy]&amp#27;[39m Got response with status 200: {"sessionId":"d4c6e067-6377-42f0-82d9-e1a4aa699597","value":{"statusBar":72}}
[debug] &amp#27;[35m[WD Proxy]&amp#27;[39m Matched '/window/current/size' to command name 'getWindowSize'
[debug] &amp#27;[35m[WD Proxy]&amp#27;[39m Proxying [GET /window/current/size] to [GET http://127.0.0.1:8200/wd/hub/session/d4c6e067-6377-42f0-82d9-e1a4aa699597/window/current/size] with no body
[debug] &amp#27;[35m[WD Proxy]&amp#27;[39m Got response with status 200: {"sessionId":"d4c6e067-6377-42f0-82d9-e1a4aa699597","value":{"height":1920,"width":1080}}
&amp#27;[35m[Appium]&amp#27;[39m New AndroidUiautomator2Driver session created successfully, session 6325cddf-10c9-4f5c-af0c-6f0cac588a23 added to master session list
[debug] &amp#27;[35m[BaseDriver]&amp#27;[39m Event 'newSessionStarted' logged at 1619597470390 (13:41:10 GMT+0530 (India Standard Time))
[debug] &amp#27;[35m[W3C (6325cddf)]&amp#27;[39m Cached the protocol value 'W3C' for the new session 6325cddf-10c9-4f5c-af0c-6f0cac588a23
[debug] &amp#27;[35m[W3C (6325cddf)]&amp#27;[39m Responding to client with driver.createSession() result: {"capabilities":{"platform":"LINUX","webStorageEnabled":false,"takesScreenshot":true,"javascriptEnabled":true,"databaseEnabled":false,"networkConnectionEnabled":true,"locationContextEnabled":false,"warnings":{},"desired":{"platformName":"android","UDID":"bfe7d6690803","appActivity":"com.natife.eezy.MainActivity","appPackage":"com.eezy.ai.dev","autoGrantPermissions":true,"automationName":"Appium","deviceName":"MyLittleMonster","platformVersion":"7.0"},"platformName":"android","UDID":"bfe7d6690803","appActivity":"com.natife.eezy.MainActivity","appPackage":"com.eezy.ai.dev","autoGrantPermissions":true,"automationName":"Appium","deviceName":"bfe7d6690803","platformVersion":"7.0","deviceUDID":"bfe7d6690803","deviceApiLevel":24,"deviceScreenSize":"1080x1920","deviceScreenDensity":480,"deviceModel":"Redmi Note 4","deviceManufacturer":"Xiaomi","pixelRatio":3,"statBarHeight":72,"viewportRect":{"left":0,"top":72,"width":1080,"height":1848}}}
&amp#27;[35m[HTTP]&amp#27;[39m &amp#27;[37m<-- POST /wd/hub/session &amp#27;[39m&amp#27;[32m200&amp#27;[39m &amp#27;[90m38890 ms - 1006&amp#27;[39m
&amp#27;[35m[HTTP]&amp#27;[39m &amp#27;[90m&amp#27;[39m
&amp#27;[35m[HTTP]&amp#27;[39m &amp#27;[37m-->&amp#27;[39m &amp#27;[37mPOST&amp#27;[39m &amp#27;[37m/wd/hub/session/6325cddf-10c9-4f5c-af0c-6f0cac588a23/timeouts&amp#27;[39m
&amp#27;[35m[HTTP]&amp#27;[39m &amp#27;[90m{"implicit":15000}&amp#27;[39m
[debug] &amp#27;[35m[W3C (6325cddf)]&amp#27;[39m Calling AppiumDriver.timeouts() with args: [null,null,null,null,15000,"6325cddf-10c9-4f5c-af0c-6f0cac588a23"]
[debug] &amp#27;[35m[BaseDriver]&amp#27;[39m W3C timeout argument: {"implicit":15000}}
[debug] &amp#27;[35m[BaseDriver]&amp#27;[39m Set implicit wait to 15000ms
[debug] &amp#27;[35m[W3C (6325cddf)]&amp#27;[39m Responding to client with driver.timeouts() result: null
&amp#27;[35m[HTTP]&amp#27;[39m &amp#27;[37m<-- POST /wd/hub/session/6325cddf-10c9-4f5c-af0c-6f0cac588a23/timeouts &amp#27;[39m&amp#27;[32m200&amp#27;[39m &amp#27;[90m11 ms - 14&amp#27;[39m
&amp#27;[35m[HTTP]&amp#27;[39m &amp#27;[90m&amp#27;[39m
&amp#27;[35m[HTTP]&amp#27;[39m &amp#27;[37m-->&amp#27;[39m &amp#27;[37mPOST&amp#27;[39m &amp#27;[37m/wd/hub/session/6325cddf-10c9-4f5c-af0c-6f0cac588a23/appium/start_recording_screen&amp#27;[39m
&amp#27;[35m[HTTP]&amp#27;[39m &amp#27;[90m{}&amp#27;[39m
[debug] &amp#27;[35m[W3C (6325cddf)]&amp#27;[39m Calling AppiumDriver.startRecordingScreen() with args: [null,"6325cddf-10c9-4f5c-af0c-6f0cac588a23"]
[debug] &amp#27;[35m[ADB]&amp#27;[39m Getting IDs of all 'screenrecord' processes
[debug] &amp#27;[35m[ADB]&amp#27;[39m Running 'C:\Users\Rajiv\AppData\Local\Android\Sdk\platform-tools\adb.exe -P 5037 -s bfe7d6690803 shell 'pgrep ^screenrecord$ || pgrep ^screenrecord$''
&amp#27;[35m[AndroidDriver]&amp#27;[39m Screen recording has not been previously started by Appium. There is nothing to stop
[debug] &amp#27;[35m[ADB]&amp#27;[39m Getting IDs of all 'screenrecord' processes
[debug] &amp#27;[35m[ADB]&amp#27;[39m Running 'C:\Users\Rajiv\AppData\Local\Android\Sdk\platform-tools\adb.exe -P 5037 -s bfe7d6690803 shell 'pgrep ^screenrecord$ || pgrep ^screenrecord$''
[debug] &amp#27;[35m[ADB]&amp#27;[39m Building screenrecord process with the command line: adb -P 5037 -s bfe7d6690803 shell screenrecord --time-limit 180 /sdcard/90477ad0.mp4
[debug] &amp#27;[35m[ADB]&amp#27;[39m Running 'C:\Users\Rajiv\AppData\Local\Android\Sdk\platform-tools\adb.exe -P 5037 -s bfe7d6690803 shell "[ -e '/sdcard/90477ad0.mp4' ] && echo __PASS__"'
[debug] &amp#27;[35m[ADB]&amp#27;[39m Running 'C:\Users\Rajiv\AppData\Local\Android\Sdk\platform-tools\adb.exe -P 5037 -s bfe7d6690803 shell "[ -e '/sdcard/90477ad0.mp4' ] && echo __PASS__"'
[debug] &amp#27;[35m[W3C (6325cddf)]&amp#27;[39m Responding to client with driver.startRecordingScreen() result: ""
&amp#27;[35m[HTTP]&amp#27;[39m &amp#27;[37m<-- POST /wd/hub/session/6325cddf-10c9-4f5c-af0c-6f0cac588a23/appium/start_recording_screen &amp#27;[39m&amp#27;[32m200&amp#27;[39m &amp#27;[90m1237 ms - 12&amp#27;[39m
&amp#27;[35m[HTTP]&amp#27;[39m &amp#27;[90m&amp#27;[39m
&amp#27;[35m[HTTP]&amp#27;[39m &amp#27;[37m-->&amp#27;[39m &amp#27;[37mGET&amp#27;[39m &amp#27;[37m/wd/hub/session/6325cddf-10c9-4f5c-af0c-6f0cac588a23/context&amp#27;[39m
&amp#27;[35m[HTTP]&amp#27;[39m &amp#27;[90m{}&amp#27;[39m
[debug] &amp#27;[35m[W3C (6325cddf)]&amp#27;[39m Calling AppiumDriver.getCurrentContext() with args: ["6325cddf-10c9-4f5c-af0c-6f0cac588a23"]
[debug] &amp#27;[35m[W3C (6325cddf)]&amp#27;[39m Responding to client with driver.getCurrentContext() result: "NATIVE_APP"
&amp#27;[35m[HTTP]&amp#27;[39m &amp#27;[37m<-- GET /wd/hub/session/6325cddf-10c9-4f5c-af0c-6f0cac588a23/context &amp#27;[39m&amp#27;[32m200&amp#27;[39m &amp#27;[90m16 ms - 22&amp#27;[39m
&amp#27;[35m[HTTP]&amp#27;[39m &amp#27;[90m&amp#27;[39m
&amp#27;[35m[HTTP]&amp#27;[39m &amp#27;[37m-->&amp#27;[39m &amp#27;[37mPOST&amp#27;[39m &amp#27;[37m/wd/hub/session/6325cddf-10c9-4f5c-af0c-6f0cac588a23/element&amp#27;[39m
&amp#27;[35m[HTTP]&amp#27;[39m &amp#27;[90m{"using":"id","value":"com.eezy.ai.dev:id/wizardLoginTextView"}&amp#27;[39m
[debug] &amp#27;[35m[W3C (6325cddf)]&amp#27;[39m Calling AppiumDriver.findElement() with args: ["id","com.eezy.ai.dev:id/wizardLoginTextView","6325cddf-10c9-4f5c-af0c-6f0cac588a23"]
[debug] &amp#27;[35m[BaseDriver]&amp#27;[39m Valid locator strategies for this request: xpath, id, class name, accessibility id, css selector, -android uiautomator
[debug] &amp#27;[35m[BaseDriver]&amp#27;[39m Waiting up to 15000 ms for condition
[debug] &amp#27;[35m[WD Proxy]&amp#27;[39m Matched '/element' to command name 'findElement'
[debug] &amp#27;[35m[WD Proxy]&amp#27;[39m Proxying [POST /element] to [POST http://127.0.0.1:8200/wd/hub/session/d4c6e067-6377-42f0-82d9-e1a4aa699597/element] with body: {"strategy":"id","selector":"com.eezy.ai.dev:id/wizardLoginTextView","context":"","multiple":false}
&amp#27;[35m[WD Proxy]&amp#27;[39m Got response with status 404: {"sessionId":"d4c6e067-6377-42f0-82d9-e1a4aa699597","value":{"error":"no such element","message":"An element could not be located on the page using the given search parameters","stacktrace":"io.appium.uiautomator2.common.exceptions.ElementNotFoundException: An element could not be located on the page using the given search parameters\n\tat io.appium.uiautomator2.handler.FindElement.safeHandle(FindElement.java:70)\n\tat io.appium.uiautomator2.handler.request.SafeRequestHandler.handle(SafeRequestHandler.java:41)\n\tat io.appium.uiautomator2.server.AppiumServlet.handleRequest(AppiumServlet.java:261)\n\tat io.appium.uiautomator2.server.AppiumServlet.handleHttpRequest(AppiumServlet.java:255)\n\tat io.appium.uiautomator2.http.ServerHandler.channelRead(ServerHandler.java:68)\n\tat io.netty.channel.AbstractChannelHandlerContext.invokeChannelRead(AbstractChannelHandlerContext.java:366)\n\tat io.netty.channel.AbstractChannelHandlerContext.invokeChannelRead(AbstractChannelHandlerContext.java:352)\n\tat io.netty.chann...
[debug] &amp#27;[35m[W3C]&amp#27;[39m Matched W3C error code 'no such element' to NoSuchElementError
[debug] &amp#27;[35m[BaseDriver]&amp#27;[39m Waited for 126 ms so far
[debug] &amp#27;[35m[WD Proxy]&amp#27;[39m Matched '/element' to command name 'findElement'
[debug] &amp#27;[35m[WD Proxy]&amp#27;[39m Proxying [POST /element] to [POST http://127.0.0.1:8200/wd/hub/session/d4c6e067-6377-42f0-82d9-e1a4aa699597/element] with body: {"strategy":"id","selector":"com.eezy.ai.dev:id/wizardLoginTextView","context":"","multiple":false}
[debug] &amp#27;[35m[WD Proxy]&amp#27;[39m Got response with status 200: {"sessionId":"d4c6e067-6377-42f0-82d9-e1a4aa699597","value":{"ELEMENT":"f1d8a8ca-f9fe-4dcc-899d-acd5398992ef","element-6066-11e4-a52e-4f735466cecf":"f1d8a8ca-f9fe-4dcc-899d-acd5398992ef"}}
[debug] &amp#27;[35m[W3C (6325cddf)]&amp#27;[39m Responding to client with driver.findElement() result: {"element-6066-11e4-a52e-4f735466cecf":"f1d8a8ca-f9fe-4dcc-899d-acd5398992ef","ELEMENT":"f1d8a8ca-f9fe-4dcc-899d-acd5398992ef"}
&amp#27;[35m[HTTP]&amp#27;[39m &amp#27;[37m<-- POST /wd/hub/session/6325cddf-10c9-4f5c-af0c-6f0cac588a23/element &amp#27;[39m&amp#27;[32m200&amp#27;[39m &amp#27;[90m945 ms - 137&amp#27;[39m
&amp#27;[35m[HTTP]&amp#27;[39m &amp#27;[90m&amp#27;[39m
&amp#27;[35m[HTTP]&amp#27;[39m &amp#27;[37m-->&amp#27;[39m &amp#27;[37mGET&amp#27;[39m &amp#27;[37m/wd/hub/session/6325cddf-10c9-4f5c-af0c-6f0cac588a23/element/f1d8a8ca-f9fe-4dcc-899d-acd5398992ef/displayed&amp#27;[39m
&amp#27;[35m[HTTP]&amp#27;[39m &amp#27;[90m{}&amp#27;[39m
[debug] &amp#27;[35m[W3C (6325cddf)]&amp#27;[39m Calling AppiumDriver.elementDisplayed() with args: ["f1d8a8ca-f9fe-4dcc-899d-acd5398992ef","6325cddf-10c9-4f5c-af0c-6f0cac588a23"]
[debug] &amp#27;[35m[WD Proxy]&amp#27;[39m Matched '/element/f1d8a8ca-f9fe-4dcc-899d-acd5398992ef/attribute/displayed' to command name 'getAttribute'
[debug] &amp#27;[35m[WD Proxy]&amp#27;[39m Proxying [GET /element/f1d8a8ca-f9fe-4dcc-899d-acd5398992ef/attribute/displayed] to [GET http://127.0.0.1:8200/wd/hub/session/d4c6e067-6377-42f0-82d9-e1a4aa699597/element/f1d8a8ca-f9fe-4dcc-899d-acd5398992ef/attribute/displayed] with no body
[debug] &amp#27;[35m[WD Proxy]&amp#27;[39m Got response with status 200: {"sessionId":"d4c6e067-6377-42f0-82d9-e1a4aa699597","value":"true"}
[debug] &amp#27;[35m[W3C (6325cddf)]&amp#27;[39m Responding to client with driver.elementDisplayed() result: true
&amp#27;[35m[HTTP]&amp#27;[39m &amp#27;[37m<-- GET /wd/hub/session/6325cddf-10c9-4f5c-af0c-6f0cac588a23/element/f1d8a8ca-f9fe-4dcc-899d-acd5398992ef/displayed &amp#27;[39m&amp#27;[32m200&amp#27;[39m &amp#27;[90m967 ms - 14&amp#27;[39m
&amp#27;[35m[HTTP]&amp#27;[39m &amp#27;[90m&amp#27;[39m
&amp#27;[35m[HTTP]&amp#27;[39m &amp#27;[37m-->&amp#27;[39m &amp#27;[37mGET&amp#27;[39m &amp#27;[37m/wd/hub/session/6325cddf-10c9-4f5c-af0c-6f0cac588a23/context&amp#27;[39m
&amp#27;[35m[HTTP]&amp#27;[39m &amp#27;[90m{}&amp#27;[39m
[debug] &amp#27;[35m[W3C (6325cddf)]&amp#27;[39m Calling AppiumDriver.getCurrentContext() with args: ["6325cddf-10c9-4f5c-af0c-6f0cac588a23"]
[debug] &amp#27;[35m[W3C (6325cddf)]&amp#27;[39m Responding to client with driver.getCurrentContext() result: "NATIVE_APP"
&amp#27;[35m[HTTP]&amp#27;[39m &amp#27;[37m<-- GET /wd/hub/session/6325cddf-10c9-4f5c-af0c-6f0cac588a23/context &amp#27;[39m&amp#27;[32m200&amp#27;[39m &amp#27;[90m3 ms - 22&amp#27;[39m
&amp#27;[35m[HTTP]&amp#27;[39m &amp#27;[90m&amp#27;[39m
&amp#27;[35m[HTTP]&amp#27;[39m &amp#27;[37m-->&amp#27;[39m &amp#27;[37mPOST&amp#27;[39m &amp#27;[37m/wd/hub/session/6325cddf-10c9-4f5c-af0c-6f0cac588a23/element&amp#27;[39m
&amp#27;[35m[HTTP]&amp#27;[39m &amp#27;[90m{"using":"id","value":"com.eezy.ai.dev:id/wizardLoginTextView"}&amp#27;[39m
[debug] &amp#27;[35m[W3C (6325cddf)]&amp#27;[39m Calling AppiumDriver.findElement() with args: ["id","com.eezy.ai.dev:id/wizardLoginTextView","6325cddf-10c9-4f5c-af0c-6f0cac588a23"]
[debug] &amp#27;[35m[BaseDriver]&amp#27;[39m Valid locator strategies for this request: xpath, id, class name, accessibility id, css selector, -android uiautomator
[debug] &amp#27;[35m[BaseDriver]&amp#27;[39m Waiting up to 15000 ms for condition
[debug] &amp#27;[35m[WD Proxy]&amp#27;[39m Matched '/element' to command name 'findElement'
[debug] &amp#27;[35m[WD Proxy]&amp#27;[39m Proxying [POST /element] to [POST http://127.0.0.1:8200/wd/hub/session/d4c6e067-6377-42f0-82d9-e1a4aa699597/element] with body: {"strategy":"id","selector":"com.eezy.ai.dev:id/wizardLoginTextView","context":"","multiple":false}
[debug] &amp#27;[35m[WD Proxy]&amp#27;[39m Got response with status 200: {"sessionId":"d4c6e067-6377-42f0-82d9-e1a4aa699597","value":{"ELEMENT":"41bcf057-67dc-4cc0-a88d-36ef6a9677c6","element-6066-11e4-a52e-4f735466cecf":"41bcf057-67dc-4cc0-a88d-36ef6a9677c6"}}
[debug] &amp#27;[35m[W3C (6325cddf)]&amp#27;[39m Responding to client with driver.findElement() result: {"element-6066-11e4-a52e-4f735466cecf":"41bcf057-67dc-4cc0-a88d-36ef6a9677c6","ELEMENT":"41bcf057-67dc-4cc0-a88d-36ef6a9677c6"}
&amp#27;[35m[HTTP]&amp#27;[39m &amp#27;[37m<-- POST /wd/hub/session/6325cddf-10c9-4f5c-af0c-6f0cac588a23/element &amp#27;[39m&amp#27;[32m200&amp#27;[39m &amp#27;[90m46 ms - 137&amp#27;[39m
&amp#27;[35m[HTTP]&amp#27;[39m &amp#27;[90m&amp#27;[39m
&amp#27;[35m[HTTP]&amp#27;[39m &amp#27;[37m-->&amp#27;[39m &amp#27;[37mGET&amp#27;[39m &amp#27;[37m/wd/hub/session/6325cddf-10c9-4f5c-af0c-6f0cac588a23/element/41bcf057-67dc-4cc0-a88d-36ef6a9677c6/enabled&amp#27;[39m
&amp#27;[35m[HTTP]&amp#27;[39m &amp#27;[90m{}&amp#27;[39m
[debug] &amp#27;[35m[W3C (6325cddf)]&amp#27;[39m Calling AppiumDriver.elementEnabled() with args: ["41bcf057-67dc-4cc0-a88d-36ef6a9677c6","6325cddf-10c9-4f5c-af0c-6f0cac588a23"]
[debug] &amp#27;[35m[WD Proxy]&amp#27;[39m Matched '/element/41bcf057-67dc-4cc0-a88d-36ef6a9677c6/attribute/enabled' to command name 'getAttribute'
[debug] &amp#27;[35m[WD Proxy]&amp#27;[39m Proxying [GET /element/41bcf057-67dc-4cc0-a88d-36ef6a9677c6/attribute/enabled] to [GET http://127.0.0.1:8200/wd/hub/session/d4c6e067-6377-42f0-82d9-e1a4aa699597/element/41bcf057-67dc-4cc0-a88d-36ef6a9677c6/attribute/enabled] with no body
[debug] &amp#27;[35m[WD Proxy]&amp#27;[39m Got response with status 200: {"sessionId":"d4c6e067-6377-42f0-82d9-e1a4aa699597","value":"true"}
[debug] &amp#27;[35m[W3C (6325cddf)]&amp#27;[39m Responding to client with driver.elementEnabled() result: true
&amp#27;[35m[HTTP]&amp#27;[39m &amp#27;[37m<-- GET /wd/hub/session/6325cddf-10c9-4f5c-af0c-6f0cac588a23/element/41bcf057-67dc-4cc0-a88d-36ef6a9677c6/enabled &amp#27;[39m&amp#27;[32m200&amp#27;[39m &amp#27;[90m25 ms - 14&amp#27;[39m
&amp#27;[35m[HTTP]&amp#27;[39m &amp#27;[90m&amp#27;[39m
&amp#27;[35m[HTTP]&amp#27;[39m &amp#27;[37m-->&amp#27;[39m &amp#27;[37mGET&amp#27;[39m &amp#27;[37m/wd/hub/session/6325cddf-10c9-4f5c-af0c-6f0cac588a23/context&amp#27;[39m
&amp#27;[35m[HTTP]&amp#27;[39m &amp#27;[90m{}&amp#27;[39m
[debug] &amp#27;[35m[W3C (6325cddf)]&amp#27;[39m Calling AppiumDriver.getCurrentContext() with args: ["6325cddf-10c9-4f5c-af0c-6f0cac588a23"]
[debug] &amp#27;[35m[W3C (6325cddf)]&amp#27;[39m Responding to client with driver.getCurrentContext() result: "NATIVE_APP"
&amp#27;[35m[HTTP]&amp#27;[39m &amp#27;[37m<-- GET /wd/hub/session/6325cddf-10c9-4f5c-af0c-6f0cac588a23/context &amp#27;[39m&amp#27;[32m200&amp#27;[39m &amp#27;[90m3 ms - 22&amp#27;[39m
&amp#27;[35m[HTTP]&amp#27;[39m &amp#27;[90m&amp#27;[39m
&amp#27;[35m[HTTP]&amp#27;[39m &amp#27;[37m-->&amp#27;[39m &amp#27;[37mPOST&amp#27;[39m &amp#27;[37m/wd/hub/session/6325cddf-10c9-4f5c-af0c-6f0cac588a23/element&amp#27;[39m
&amp#27;[35m[HTTP]&amp#27;[39m &amp#27;[90m{"using":"id","value":"com.eezy.ai.dev:id/wizardLoginTextView"}&amp#27;[39m
[debug] &amp#27;[35m[W3C (6325cddf)]&amp#27;[39m Calling AppiumDriver.findElement() with args: ["id","com.eezy.ai.dev:id/wizardLoginTextView","6325cddf-10c9-4f5c-af0c-6f0cac588a23"]
[debug] &amp#27;[35m[BaseDriver]&amp#27;[39m Valid locator strategies for this request: xpath, id, class name, accessibility id, css selector, -android uiautomator
[debug] &amp#27;[35m[BaseDriver]&amp#27;[39m Waiting up to 15000 ms for condition
[debug] &amp#27;[35m[WD Proxy]&amp#27;[39m Matched '/element' to command name 'findElement'
[debug] &amp#27;[35m[WD Proxy]&amp#27;[39m Proxying [POST /element] to [POST http://127.0.0.1:8200/wd/hub/session/d4c6e067-6377-42f0-82d9-e1a4aa699597/element] with body: {"strategy":"id","selector":"com.eezy.ai.dev:id/wizardLoginTextView","context":"","multiple":false}
[debug] &amp#27;[35m[WD Proxy]&amp#27;[39m Got response with status 200: {"sessionId":"d4c6e067-6377-42f0-82d9-e1a4aa699597","value":{"ELEMENT":"2b16a2f7-b2c7-41a4-b833-3a039a04b1d9","element-6066-11e4-a52e-4f735466cecf":"2b16a2f7-b2c7-41a4-b833-3a039a04b1d9"}}
[debug] &amp#27;[35m[W3C (6325cddf)]&amp#27;[39m Responding to client with driver.findElement() result: {"element-6066-11e4-a52e-4f735466cecf":"2b16a2f7-b2c7-41a4-b833-3a039a04b1d9","ELEMENT":"2b16a2f7-b2c7-41a4-b833-3a039a04b1d9"}
&amp#27;[35m[HTTP]&amp#27;[39m &amp#27;[37m<-- POST /wd/hub/session/6325cddf-10c9-4f5c-af0c-6f0cac588a23/element &amp#27;[39m&amp#27;[32m200&amp#27;[39m &amp#27;[90m45 ms - 137&amp#27;[39m
&amp#27;[35m[HTTP]&amp#27;[39m &amp#27;[90m&amp#27;[39m
&amp#27;[35m[HTTP]&amp#27;[39m &amp#27;[37m-->&amp#27;[39m &amp#27;[37mPOST&amp#27;[39m &amp#27;[37m/wd/hub/session/6325cddf-10c9-4f5c-af0c-6f0cac588a23/element/2b16a2f7-b2c7-41a4-b833-3a039a04b1d9/click&amp#27;[39m
&amp#27;[35m[HTTP]&amp#27;[39m &amp#27;[90m{"id":"2b16a2f7-b2c7-41a4-b833-3a039a04b1d9"}&amp#27;[39m
[debug] &amp#27;[35m[W3C (6325cddf)]&amp#27;[39m Calling AppiumDriver.click() with args: ["2b16a2f7-b2c7-41a4-b833-3a039a04b1d9","6325cddf-10c9-4f5c-af0c-6f0cac588a23"]
[debug] &amp#27;[35m[WD Proxy]&amp#27;[39m Matched '/element/2b16a2f7-b2c7-41a4-b833-3a039a04b1d9/click' to command name 'click'
[debug] &amp#27;[35m[WD Proxy]&amp#27;[39m Proxying [POST /element/2b16a2f7-b2c7-41a4-b833-3a039a04b1d9/click] to [POST http://127.0.0.1:8200/wd/hub/session/d4c6e067-6377-42f0-82d9-e1a4aa699597/element/2b16a2f7-b2c7-41a4-b833-3a039a04b1d9/click] with body: {"element":"2b16a2f7-b2c7-41a4-b833-3a039a04b1d9"}
[debug] &amp#27;[35m[WD Proxy]&amp#27;[39m Got response with status 200: {"sessionId":"d4c6e067-6377-42f0-82d9-e1a4aa699597","value":null}
[debug] &amp#27;[35m[W3C (6325cddf)]&amp#27;[39m Responding to client with driver.click() result: null
&amp#27;[35m[HTTP]&amp#27;[39m &amp#27;[37m<-- POST /wd/hub/session/6325cddf-10c9-4f5c-af0c-6f0cac588a23/element/2b16a2f7-b2c7-41a4-b833-3a039a04b1d9/click &amp#27;[39m&amp#27;[32m200&amp#27;[39m &amp#27;[90m52 ms - 14&amp#27;[39m
&amp#27;[35m[HTTP]&amp#27;[39m &amp#27;[90m&amp#27;[39m
&amp#27;[35m[HTTP]&amp#27;[39m &amp#27;[37m-->&amp#27;[39m &amp#27;[37mGET&amp#27;[39m &amp#27;[37m/wd/hub/session/6325cddf-10c9-4f5c-af0c-6f0cac588a23/context&amp#27;[39m
&amp#27;[35m[HTTP]&amp#27;[39m &amp#27;[90m{}&amp#27;[39m
[debug] &amp#27;[35m[W3C (6325cddf)]&amp#27;[39m Calling AppiumDriver.getCurrentContext() with args: ["6325cddf-10c9-4f5c-af0c-6f0cac588a23"]
[debug] &amp#27;[35m[W3C (6325cddf)]&amp#27;[39m Responding to client with driver.getCurrentContext() result: "NATIVE_APP"
&amp#27;[35m[HTTP]&amp#27;[39m &amp#27;[37m<-- GET /wd/hub/session/6325cddf-10c9-4f5c-af0c-6f0cac588a23/context &amp#27;[39m&amp#27;[32m200&amp#27;[39m &amp#27;[90m3 ms - 22&amp#27;[39m
&amp#27;[35m[HTTP]&amp#27;[39m &amp#27;[90m&amp#27;[39m
&amp#27;[35m[HTTP]&amp#27;[39m &amp#27;[37m-->&amp#27;[39m &amp#27;[37mPOST&amp#27;[39m &amp#27;[37m/wd/hub/session/6325cddf-10c9-4f5c-af0c-6f0cac588a23/element&amp#27;[39m
&amp#27;[35m[HTTP]&amp#27;[39m &amp#27;[90m{"using":"id","value":"com.eezy.ai.dev:id/moreLoginOptions"}&amp#27;[39m
[debug] &amp#27;[35m[W3C (6325cddf)]&amp#27;[39m Calling AppiumDriver.findElement() with args: ["id","com.eezy.ai.dev:id/moreLoginOptions","6325cddf-10c9-4f5c-af0c-6f0cac588a23"]
[debug] &amp#27;[35m[BaseDriver]&amp#27;[39m Valid locator strategies for this request: xpath, id, class name, accessibility id, css selector, -android uiautomator
[debug] &amp#27;[35m[BaseDriver]&amp#27;[39m Waiting up to 15000 ms for condition
[debug] &amp#27;[35m[WD Proxy]&amp#27;[39m Matched '/element' to command name 'findElement'
[debug] &amp#27;[35m[WD Proxy]&amp#27;[39m Proxying [POST /element] to [POST http://127.0.0.1:8200/wd/hub/session/d4c6e067-6377-42f0-82d9-e1a4aa699597/element] with body: {"strategy":"id","selector":"com.eezy.ai.dev:id/moreLoginOptions","context":"","multiple":false}
[debug] &amp#27;[35m[WD Proxy]&amp#27;[39m Got response with status 200: {"sessionId":"d4c6e067-6377-42f0-82d9-e1a4aa699597","value":{"ELEMENT":"c14695d5-8bd1-46d7-8f98-a2ffd51bc274","element-6066-11e4-a52e-4f735466cecf":"c14695d5-8bd1-46d7-8f98-a2ffd51bc274"}}
[debug] &amp#27;[35m[W3C (6325cddf)]&amp#27;[39m Responding to client with driver.findElement() result: {"element-6066-11e4-a52e-4f735466cecf":"c14695d5-8bd1-46d7-8f98-a2ffd51bc274","ELEMENT":"c14695d5-8bd1-46d7-8f98-a2ffd51bc274"}
&amp#27;[35m[HTTP]&amp#27;[39m &amp#27;[37m<-- POST /wd/hub/session/6325cddf-10c9-4f5c-af0c-6f0cac588a23/element &amp#27;[39m&amp#27;[32m200&amp#27;[39m &amp#27;[90m612 ms - 137&amp#27;[39m
&amp#27;[35m[HTTP]&amp#27;[39m &amp#27;[90m&amp#27;[39m
&amp#27;[35m[HTTP]&amp#27;[39m &amp#27;[37m-->&amp#27;[39m &amp#27;[37mGET&amp#27;[39m &amp#27;[37m/wd/hub/session/6325cddf-10c9-4f5c-af0c-6f0cac588a23/element/c14695d5-8bd1-46d7-8f98-a2ffd51bc274/displayed&amp#27;[39m
&amp#27;[35m[HTTP]&amp#27;[39m &amp#27;[90m{}&amp#27;[39m
[debug] &amp#27;[35m[W3C (6325cddf)]&amp#27;[39m Calling AppiumDriver.elementDisplayed() with args: ["c14695d5-8bd1-46d7-8f98-a2ffd51bc274","6325cddf-10c9-4f5c-af0c-6f0cac588a23"]
[debug] &amp#27;[35m[WD Proxy]&amp#27;[39m Matched '/element/c14695d5-8bd1-46d7-8f98-a2ffd51bc274/attribute/displayed' to command name 'getAttribute'
[debug] &amp#27;[35m[WD Proxy]&amp#27;[39m Proxying [GET /element/c14695d5-8bd1-46d7-8f98-a2ffd51bc274/attribute/displayed] to [GET http://127.0.0.1:8200/wd/hub/session/d4c6e067-6377-42f0-82d9-e1a4aa699597/element/c14695d5-8bd1-46d7-8f98-a2ffd51bc274/attribute/displayed] with no body
[debug] &amp#27;[35m[WD Proxy]&amp#27;[39m Got response with status 200: {"sessionId":"d4c6e067-6377-42f0-82d9-e1a4aa699597","value":"true"}
[debug] &amp#27;[35m[W3C (6325cddf)]&amp#27;[39m Responding to client with driver.elementDisplayed() result: true
&amp#27;[35m[HTTP]&amp#27;[39m &amp#27;[37m<-- GET /wd/hub/session/6325cddf-10c9-4f5c-af0c-6f0cac588a23/element/c14695d5-8bd1-46d7-8f98-a2ffd51bc274/displayed &amp#27;[39m&amp#27;[32m200&amp#27;[39m &amp#27;[90m446 ms - 14&amp#27;[39m
&amp#27;[35m[HTTP]&amp#27;[39m &amp#27;[90m&amp#27;[39m
&amp#27;[35m[HTTP]&amp#27;[39m &amp#27;[37m-->&amp#27;[39m &amp#27;[37mGET&amp#27;[39m &amp#27;[37m/wd/hub/session/6325cddf-10c9-4f5c-af0c-6f0cac588a23/context&amp#27;[39m
&amp#27;[35m[HTTP]&amp#27;[39m &amp#27;[90m{}&amp#27;[39m
[debug] &amp#27;[35m[W3C (6325cddf)]&amp#27;[39m Calling AppiumDriver.getCurrentContext() with args: ["6325cddf-10c9-4f5c-af0c-6f0cac588a23"]
[debug] &amp#27;[35m[W3C (6325cddf)]&amp#27;[39m Responding to client with driver.getCurrentContext() result: "NATIVE_APP"
&amp#27;[35m[HTTP]&amp#27;[39m &amp#27;[37m<-- GET /wd/hub/session/6325cddf-10c9-4f5c-af0c-6f0cac588a23/context &amp#27;[39m&amp#27;[32m200&amp#27;[39m &amp#27;[90m2 ms - 22&amp#27;[39m
&amp#27;[35m[HTTP]&amp#27;[39m &amp#27;[90m&amp#27;[39m
&amp#27;[35m[HTTP]&amp#27;[39m &amp#27;[37m-->&amp#27;[39m &amp#27;[37mPOST&amp#27;[39m &amp#27;[37m/wd/hub/session/6325cddf-10c9-4f5c-af0c-6f0cac588a23/element&amp#27;[39m
&amp#27;[35m[HTTP]&amp#27;[39m &amp#27;[90m{"using":"id","value":"com.eezy.ai.dev:id/moreLoginOptions"}&amp#27;[39m
[debug] &amp#27;[35m[W3C (6325cddf)]&amp#27;[39m Calling AppiumDriver.findElement() with args: ["id","com.eezy.ai.dev:id/moreLoginOptions","6325cddf-10c9-4f5c-af0c-6f0cac588a23"]
[debug] &amp#27;[35m[BaseDriver]&amp#27;[39m Valid locator strategies for this request: xpath, id, class name, accessibility id, css selector, -android uiautomator
[debug] &amp#27;[35m[BaseDriver]&amp#27;[39m Waiting up to 15000 ms for condition
[debug] &amp#27;[35m[WD Proxy]&amp#27;[39m Matched '/element' to command name 'findElement'
[debug] &amp#27;[35m[WD Proxy]&amp#27;[39m Proxying [POST /element] to [POST http://127.0.0.1:8200/wd/hub/session/d4c6e067-6377-42f0-82d9-e1a4aa699597/element] with body: {"strategy":"id","selector":"com.eezy.ai.dev:id/moreLoginOptions","context":"","multiple":false}
[debug] &amp#27;[35m[WD Proxy]&amp#27;[39m Got response with status 200: {"sessionId":"d4c6e067-6377-42f0-82d9-e1a4aa699597","value":{"ELEMENT":"bdf9504f-1426-4364-bf6f-012f144301c8","element-6066-11e4-a52e-4f735466cecf":"bdf9504f-1426-4364-bf6f-012f144301c8"}}
[debug] &amp#27;[35m[W3C (6325cddf)]&amp#27;[39m Responding to client with driver.findElement() result: {"element-6066-11e4-a52e-4f735466cecf":"bdf9504f-1426-4364-bf6f-012f144301c8","ELEMENT":"bdf9504f-1426-4364-bf6f-012f144301c8"}
&amp#27;[35m[HTTP]&amp#27;[39m &amp#27;[37m<-- POST /wd/hub/session/6325cddf-10c9-4f5c-af0c-6f0cac588a23/element &amp#27;[39m&amp#27;[32m200&amp#27;[39m &amp#27;[90m48 ms - 137&amp#27;[39m
&amp#27;[35m[HTTP]&amp#27;[39m &amp#27;[90m&amp#27;[39m
&amp#27;[35m[HTTP]&amp#27;[39m &amp#27;[37m-->&amp#27;[39m &amp#27;[37mGET&amp#27;[39m &amp#27;[37m/wd/hub/session/6325cddf-10c9-4f5c-af0c-6f0cac588a23/element/bdf9504f-1426-4364-bf6f-012f144301c8/enabled&amp#27;[39m
&amp#27;[35m[HTTP]&amp#27;[39m &amp#27;[90m{}&amp#27;[39m
[debug] &amp#27;[35m[W3C (6325cddf)]&amp#27;[39m Calling AppiumDriver.elementEnabled() with args: ["bdf9504f-1426-4364-bf6f-012f144301c8","6325cddf-10c9-4f5c-af0c-6f0cac588a23"]
[debug] &amp#27;[35m[WD Proxy]&amp#27;[39m Matched '/element/bdf9504f-1426-4364-bf6f-012f144301c8/attribute/enabled' to command name 'getAttribute'
[debug] &amp#27;[35m[WD Proxy]&amp#27;[39m Proxying [GET /element/bdf9504f-1426-4364-bf6f-012f144301c8/attribute/enabled] to [GET http://127.0.0.1:8200/wd/hub/session/d4c6e067-6377-42f0-82d9-e1a4aa699597/element/bdf9504f-1426-4364-bf6f-012f144301c8/attribute/enabled] with no body
[debug] &amp#27;[35m[WD Proxy]&amp#27;[39m Got response with status 200: {"sessionId":"d4c6e067-6377-42f0-82d9-e1a4aa699597","value":"true"}
[debug] &amp#27;[35m[W3C (6325cddf)]&amp#27;[39m Responding to client with driver.elementEnabled() result: true
&amp#27;[35m[HTTP]&amp#27;[39m &amp#27;[37m<-- GET /wd/hub/session/6325cddf-10c9-4f5c-af0c-6f0cac588a23/element/bdf9504f-1426-4364-bf6f-012f144301c8/enabled &amp#27;[39m&amp#27;[32m200&amp#27;[39m &amp#27;[90m50 ms - 14&amp#27;[39m
&amp#27;[35m[HTTP]&amp#27;[39m &amp#27;[90m&amp#27;[39m
&amp#27;[35m[HTTP]&amp#27;[39m &amp#27;[37m-->&amp#27;[39m &amp#27;[37mGET&amp#27;[39m &amp#27;[37m/wd/hub/session/6325cddf-10c9-4f5c-af0c-6f0cac588a23/context&amp#27;[39m
&amp#27;[35m[HTTP]&amp#27;[39m &amp#27;[90m{}&amp#27;[39m
[debug] &amp#27;[35m[W3C (6325cddf)]&amp#27;[39m Calling AppiumDriver.getCurrentContext() with args: ["6325cddf-10c9-4f5c-af0c-6f0cac588a23"]
[debug] &amp#27;[35m[W3C (6325cddf)]&amp#27;[39m Responding to client with driver.getCurrentContext() result: "NATIVE_APP"
&amp#27;[35m[HTTP]&amp#27;[39m &amp#27;[37m<-- GET /wd/hub/session/6325cddf-10c9-4f5c-af0c-6f0cac588a23/context &amp#27;[39m&amp#27;[32m200&amp#27;[39m &amp#27;[90m3 ms - 22&amp#27;[39m
&amp#27;[35m[HTTP]&amp#27;[39m &amp#27;[90m&amp#27;[39m
&amp#27;[35m[HTTP]&amp#27;[39m &amp#27;[37m-->&amp#27;[39m &amp#27;[37mPOST&amp#27;[39m &amp#27;[37m/wd/hub/session/6325cddf-10c9-4f5c-af0c-6f0cac588a23/element&amp#27;[39m
&amp#27;[35m[HTTP]&amp#27;[39m &amp#27;[90m{"using":"id","value":"com.eezy.ai.dev:id/moreLoginOptions"}&amp#27;[39m
[debug] &amp#27;[35m[W3C (6325cddf)]&amp#27;[39m Calling AppiumDriver.findElement() with args: ["id","com.eezy.ai.dev:id/moreLoginOptions","6325cddf-10c9-4f5c-af0c-6f0cac588a23"]
[debug] &amp#27;[35m[BaseDriver]&amp#27;[39m Valid locator strategies for this request: xpath, id, class name, accessibility id, css selector, -android uiautomator
[debug] &amp#27;[35m[BaseDriver]&amp#27;[39m Waiting up to 15000 ms for condition
[debug] &amp#27;[35m[WD Proxy]&amp#27;[39m Matched '/element' to command name 'findElement'
[debug] &amp#27;[35m[WD Proxy]&amp#27;[39m Proxying [POST /element] to [POST http://127.0.0.1:8200/wd/hub/session/d4c6e067-6377-42f0-82d9-e1a4aa699597/element] with body: {"strategy":"id","selector":"com.eezy.ai.dev:id/moreLoginOptions","context":"","multiple":false}
[debug] &amp#27;[35m[WD Proxy]&amp#27;[39m Got response with status 200: {"sessionId":"d4c6e067-6377-42f0-82d9-e1a4aa699597","value":{"ELEMENT":"7cb2ed78-72a8-4f98-b698-0210058cd206","element-6066-11e4-a52e-4f735466cecf":"7cb2ed78-72a8-4f98-b698-0210058cd206"}}
[debug] &amp#27;[35m[W3C (6325cddf)]&amp#27;[39m Responding to client with driver.findElement() result: {"element-6066-11e4-a52e-4f735466cecf":"7cb2ed78-72a8-4f98-b698-0210058cd206","ELEMENT":"7cb2ed78-72a8-4f98-b698-0210058cd206"}
&amp#27;[35m[HTTP]&amp#27;[39m &amp#27;[37m<-- POST /wd/hub/session/6325cddf-10c9-4f5c-af0c-6f0cac588a23/element &amp#27;[39m&amp#27;[32m200&amp#27;[39m &amp#27;[90m40 ms - 137&amp#27;[39m
&amp#27;[35m[HTTP]&amp#27;[39m &amp#27;[90m&amp#27;[39m
&amp#27;[35m[HTTP]&amp#27;[39m &amp#27;[37m-->&amp#27;[39m &amp#27;[37mPOST&amp#27;[39m &amp#27;[37m/wd/hub/session/6325cddf-10c9-4f5c-af0c-6f0cac588a23/element/7cb2ed78-72a8-4f98-b698-0210058cd206/click&amp#27;[39m
&amp#27;[35m[HTTP]&amp#27;[39m &amp#27;[90m{"id":"7cb2ed78-72a8-4f98-b698-0210058cd206"}&amp#27;[39m
[debug] &amp#27;[35m[W3C (6325cddf)]&amp#27;[39m Calling AppiumDriver.click() with args: ["7cb2ed78-72a8-4f98-b698-0210058cd206","6325cddf-10c9-4f5c-af0c-6f0cac588a23"]
[debug] &amp#27;[35m[WD Proxy]&amp#27;[39m Matched '/element/7cb2ed78-72a8-4f98-b698-0210058cd206/click' to command name 'click'
[debug] &amp#27;[35m[WD Proxy]&amp#27;[39m Proxying [POST /element/7cb2ed78-72a8-4f98-b698-0210058cd206/click] to [POST http://127.0.0.1:8200/wd/hub/session/d4c6e067-6377-42f0-82d9-e1a4aa699597/element/7cb2ed78-72a8-4f98-b698-0210058cd206/click] with body: {"element":"7cb2ed78-72a8-4f98-b698-0210058cd206"}
[debug] &amp#27;[35m[WD Proxy]&amp#27;[39m Got response with status 200: {"sessionId":"d4c6e067-6377-42f0-82d9-e1a4aa699597","value":null}
[debug] &amp#27;[35m[W3C (6325cddf)]&amp#27;[39m Responding to client with driver.click() result: null
&amp#27;[35m[HTTP]&amp#27;[39m &amp#27;[37m<-- POST /wd/hub/session/6325cddf-10c9-4f5c-af0c-6f0cac588a23/element/7cb2ed78-72a8-4f98-b698-0210058cd206/click &amp#27;[39m&amp#27;[32m200&amp#27;[39m &amp#27;[90m29 ms - 14&amp#27;[39m
&amp#27;[35m[HTTP]&amp#27;[39m &amp#27;[90m&amp#27;[39m
&amp#27;[35m[HTTP]&amp#27;[39m &amp#27;[37m-->&amp#27;[39m &amp#27;[37mGET&amp#27;[39m &amp#27;[37m/wd/hub/session/6325cddf-10c9-4f5c-af0c-6f0cac588a23/context&amp#27;[39m
&amp#27;[35m[HTTP]&amp#27;[39m &amp#27;[90m{}&amp#27;[39m
[debug] &amp#27;[35m[W3C (6325cddf)]&amp#27;[39m Calling AppiumDriver.getCurrentContext() with args: ["6325cddf-10c9-4f5c-af0c-6f0cac588a23"]
[debug] &amp#27;[35m[W3C (6325cddf)]&amp#27;[39m Responding to client with driver.getCurrentContext() result: "NATIVE_APP"
&amp#27;[35m[HTTP]&amp#27;[39m &amp#27;[37m<-- GET /wd/hub/session/6325cddf-10c9-4f5c-af0c-6f0cac588a23/context &amp#27;[39m&amp#27;[32m200&amp#27;[39m &amp#27;[90m3 ms - 22&amp#27;[39m
&amp#27;[35m[HTTP]&amp#27;[39m &amp#27;[90m&amp#27;[39m
&amp#27;[35m[HTTP]&amp#27;[39m &amp#27;[37m-->&amp#27;[39m &amp#27;[37mPOST&amp#27;[39m &amp#27;[37m/wd/hub/session/6325cddf-10c9-4f5c-af0c-6f0cac588a23/element&amp#27;[39m
&amp#27;[35m[HTTP]&amp#27;[39m &amp#27;[90m{"using":"id","value":"com.eezy.ai.dev:id/emailSignUp"}&amp#27;[39m
[debug] &amp#27;[35m[W3C (6325cddf)]&amp#27;[39m Calling AppiumDriver.findElement() with args: ["id","com.eezy.ai.dev:id/emailSignUp","6325cddf-10c9-4f5c-af0c-6f0cac588a23"]
[debug] &amp#27;[35m[BaseDriver]&amp#27;[39m Valid locator strategies for this request: xpath, id, class name, accessibility id, css selector, -android uiautomator
[debug] &amp#27;[35m[BaseDriver]&amp#27;[39m Waiting up to 15000 ms for condition
[debug] &amp#27;[35m[WD Proxy]&amp#27;[39m Matched '/element' to command name 'findElement'
[debug] &amp#27;[35m[WD Proxy]&amp#27;[39m Proxying [POST /element] to [POST http://127.0.0.1:8200/wd/hub/session/d4c6e067-6377-42f0-82d9-e1a4aa699597/element] with body: {"strategy":"id","selector":"com.eezy.ai.dev:id/emailSignUp","context":"","multiple":false}
[debug] &amp#27;[35m[WD Proxy]&amp#27;[39m Got response with status 200: {"sessionId":"d4c6e067-6377-42f0-82d9-e1a4aa699597","value":{"ELEMENT":"7e1538a0-0a1a-4fdb-90bc-7cb05dcabcda","element-6066-11e4-a52e-4f735466cecf":"7e1538a0-0a1a-4fdb-90bc-7cb05dcabcda"}}
[debug] &amp#27;[35m[W3C (6325cddf)]&amp#27;[39m Responding to client with driver.findElement() result: {"element-6066-11e4-a52e-4f735466cecf":"7e1538a0-0a1a-4fdb-90bc-7cb05dcabcda","ELEMENT":"7e1538a0-0a1a-4fdb-90bc-7cb05dcabcda"}
&amp#27;[35m[HTTP]&amp#27;[39m &amp#27;[37m<-- POST /wd/hub/session/6325cddf-10c9-4f5c-af0c-6f0cac588a23/element &amp#27;[39m&amp#27;[32m200&amp#27;[39m &amp#27;[90m628 ms - 137&amp#27;[39m
&amp#27;[35m[HTTP]&amp#27;[39m &amp#27;[90m&amp#27;[39m
&amp#27;[35m[HTTP]&amp#27;[39m &amp#27;[37m-->&amp#27;[39m &amp#27;[37mGET&amp#27;[39m &amp#27;[37m/wd/hub/session/6325cddf-10c9-4f5c-af0c-6f0cac588a23/element/7e1538a0-0a1a-4fdb-90bc-7cb05dcabcda/displayed&amp#27;[39m
&amp#27;[35m[HTTP]&amp#27;[39m &amp#27;[90m{}&amp#27;[39m
[debug] &amp#27;[35m[W3C (6325cddf)]&amp#27;[39m Calling AppiumDriver.elementDisplayed() with args: ["7e1538a0-0a1a-4fdb-90bc-7cb05dcabcda","6325cddf-10c9-4f5c-af0c-6f0cac588a23"]
[debug] &amp#27;[35m[WD Proxy]&amp#27;[39m Matched '/element/7e1538a0-0a1a-4fdb-90bc-7cb05dcabcda/attribute/displayed' to command name 'getAttribute'
[debug] &amp#27;[35m[WD Proxy]&amp#27;[39m Proxying [GET /element/7e1538a0-0a1a-4fdb-90bc-7cb05dcabcda/attribute/displayed] to [GET http://127.0.0.1:8200/wd/hub/session/d4c6e067-6377-42f0-82d9-e1a4aa699597/element/7e1538a0-0a1a-4fdb-90bc-7cb05dcabcda/attribute/displayed] with no body
[debug] &amp#27;[35m[WD Proxy]&amp#27;[39m Got response with status 200: {"sessionId":"d4c6e067-6377-42f0-82d9-e1a4aa699597","value":"true"}
[debug] &amp#27;[35m[W3C (6325cddf)]&amp#27;[39m Responding to client with driver.elementDisplayed() result: true
&amp#27;[35m[HTTP]&amp#27;[39m &amp#27;[37m<-- GET /wd/hub/session/6325cddf-10c9-4f5c-af0c-6f0cac588a23/element/7e1538a0-0a1a-4fdb-90bc-7cb05dcabcda/displayed &amp#27;[39m&amp#27;[32m200&amp#27;[39m &amp#27;[90m26 ms - 14&amp#27;[39m
&amp#27;[35m[HTTP]&amp#27;[39m &amp#27;[90m&amp#27;[39m
&amp#27;[35m[HTTP]&amp#27;[39m &amp#27;[37m-->&amp#27;[39m &amp#27;[37mGET&amp#27;[39m &amp#27;[37m/wd/hub/session/6325cddf-10c9-4f5c-af0c-6f0cac588a23/context&amp#27;[39m
&amp#27;[35m[HTTP]&amp#27;[39m &amp#27;[90m{}&amp#27;[39m
[debug] &amp#27;[35m[W3C (6325cddf)]&amp#27;[39m Calling AppiumDriver.getCurrentContext() with args: ["6325cddf-10c9-4f5c-af0c-6f0cac588a23"]
[debug] &amp#27;[35m[W3C (6325cddf)]&amp#27;[39m Responding to client with driver.getCurrentContext() result: "NATIVE_APP"
&amp#27;[35m[HTTP]&amp#27;[39m &amp#27;[37m<-- GET /wd/hub/session/6325cddf-10c9-4f5c-af0c-6f0cac588a23/context &amp#27;[39m&amp#27;[32m200&amp#27;[39m &amp#27;[90m3 ms - 22&amp#27;[39m
&amp#27;[35m[HTTP]&amp#27;[39m &amp#27;[90m&amp#27;[39m
&amp#27;[35m[HTTP]&amp#27;[39m &amp#27;[37m-->&amp#27;[39m &amp#27;[37mPOST&amp#27;[39m &amp#27;[37m/wd/hub/session/6325cddf-10c9-4f5c-af0c-6f0cac588a23/element&amp#27;[39m
&amp#27;[35m[HTTP]&amp#27;[39m &amp#27;[90m{"using":"id","value":"com.eezy.ai.dev:id/emailSignUp"}&amp#27;[39m
[debug] &amp#27;[35m[W3C (6325cddf)]&amp#27;[39m Calling AppiumDriver.findElement() with args: ["id","com.eezy.ai.dev:id/emailSignUp","6325cddf-10c9-4f5c-af0c-6f0cac588a23"]
[debug] &amp#27;[35m[BaseDriver]&amp#27;[39m Valid locator strategies for this request: xpath, id, class name, accessibility id, css selector, -android uiautomator
[debug] &amp#27;[35m[BaseDriver]&amp#27;[39m Waiting up to 15000 ms for condition
[debug] &amp#27;[35m[WD Proxy]&amp#27;[39m Matched '/element' to command name 'findElement'
[debug] &amp#27;[35m[WD Proxy]&amp#27;[39m Proxying [POST /element] to [POST http://127.0.0.1:8200/wd/hub/session/d4c6e067-6377-42f0-82d9-e1a4aa699597/element] with body: {"strategy":"id","selector":"com.eezy.ai.dev:id/emailSignUp","context":"","multiple":false}
[debug] &amp#27;[35m[WD Proxy]&amp#27;[39m Got response with status 200: {"sessionId":"d4c6e067-6377-42f0-82d9-e1a4aa699597","value":{"ELEMENT":"061f35e1-1ac7-4693-a444-11d473f3aa24","element-6066-11e4-a52e-4f735466cecf":"061f35e1-1ac7-4693-a444-11d473f3aa24"}}
[debug] &amp#27;[35m[W3C (6325cddf)]&amp#27;[39m Responding to client with driver.findElement() result: {"element-6066-11e4-a52e-4f735466cecf":"061f35e1-1ac7-4693-a444-11d473f3aa24","ELEMENT":"061f35e1-1ac7-4693-a444-11d473f3aa24"}
&amp#27;[35m[HTTP]&amp#27;[39m &amp#27;[37m<-- POST /wd/hub/session/6325cddf-10c9-4f5c-af0c-6f0cac588a23/element &amp#27;[39m&amp#27;[32m200&amp#27;[39m &amp#27;[90m42 ms - 137&amp#27;[39m
&amp#27;[35m[HTTP]&amp#27;[39m &amp#27;[90m&amp#27;[39m
&amp#27;[35m[HTTP]&amp#27;[39m &amp#27;[37m-->&amp#27;[39m &amp#27;[37mGET&amp#27;[39m &amp#27;[37m/wd/hub/session/6325cddf-10c9-4f5c-af0c-6f0cac588a23/element/061f35e1-1ac7-4693-a444-11d473f3aa24/enabled&amp#27;[39m
&amp#27;[35m[HTTP]&amp#27;[39m &amp#27;[90m{}&amp#27;[39m
[debug] &amp#27;[35m[W3C (6325cddf)]&amp#27;[39m Calling AppiumDriver.elementEnabled() with args: ["061f35e1-1ac7-4693-a444-11d473f3aa24","6325cddf-10c9-4f5c-af0c-6f0cac588a23"]
[debug] &amp#27;[35m[WD Proxy]&amp#27;[39m Matched '/element/061f35e1-1ac7-4693-a444-11d473f3aa24/attribute/enabled' to command name 'getAttribute'
[debug] &amp#27;[35m[WD Proxy]&amp#27;[39m Proxying [GET /element/061f35e1-1ac7-4693-a444-11d473f3aa24/attribute/enabled] to [GET http://127.0.0.1:8200/wd/hub/session/d4c6e067-6377-42f0-82d9-e1a4aa699597/element/061f35e1-1ac7-4693-a444-11d473f3aa24/attribute/enabled] with no body
[debug] &amp#27;[35m[WD Proxy]&amp#27;[39m Got response with status 200: {"sessionId":"d4c6e067-6377-42f0-82d9-e1a4aa699597","value":"true"}
[debug] &amp#27;[35m[W3C (6325cddf)]&amp#27;[39m Responding to client with driver.elementEnabled() result: true
&amp#27;[35m[HTTP]&amp#27;[39m &amp#27;[37m<-- GET /wd/hub/session/6325cddf-10c9-4f5c-af0c-6f0cac588a23/element/061f35e1-1ac7-4693-a444-11d473f3aa24/enabled &amp#27;[39m&amp#27;[32m200&amp#27;[39m &amp#27;[90m25 ms - 14&amp#27;[39m
&amp#27;[35m[HTTP]&amp#27;[39m &amp#27;[90m&amp#27;[39m
&amp#27;[35m[HTTP]&amp#27;[39m &amp#27;[37m-->&amp#27;[39m &amp#27;[37mGET&amp#27;[39m &amp#27;[37m/wd/hub/session/6325cddf-10c9-4f5c-af0c-6f0cac588a23/context&amp#27;[39m
&amp#27;[35m[HTTP]&amp#27;[39m &amp#27;[90m{}&amp#27;[39m
[debug] &amp#27;[35m[W3C (6325cddf)]&amp#27;[39m Calling AppiumDriver.getCurrentContext() with args: ["6325cddf-10c9-4f5c-af0c-6f0cac588a23"]
[debug] &amp#27;[35m[W3C (6325cddf)]&amp#27;[39m Responding to client with driver.getCurrentContext() result: "NATIVE_APP"
&amp#27;[35m[HTTP]&amp#27;[39m &amp#27;[37m<-- GET /wd/hub/session/6325cddf-10c9-4f5c-af0c-6f0cac588a23/context &amp#27;[39m&amp#27;[32m200&amp#27;[39m &amp#27;[90m3 ms - 22&amp#27;[39m
&amp#27;[35m[HTTP]&amp#27;[39m &amp#27;[90m&amp#27;[39m
&amp#27;[35m[HTTP]&amp#27;[39m &amp#27;[37m-->&amp#27;[39m &amp#27;[37mPOST&amp#27;[39m &amp#27;[37m/wd/hub/session/6325cddf-10c9-4f5c-af0c-6f0cac588a23/element&amp#27;[39m
&amp#27;[35m[HTTP]&amp#27;[39m &amp#27;[90m{"using":"id","value":"com.eezy.ai.dev:id/emailSignUp"}&amp#27;[39m
[debug] &amp#27;[35m[W3C (6325cddf)]&amp#27;[39m Calling AppiumDriver.findElement() with args: ["id","com.eezy.ai.dev:id/emailSignUp","6325cddf-10c9-4f5c-af0c-6f0cac588a23"]
[debug] &amp#27;[35m[BaseDriver]&amp#27;[39m Valid locator strategies for this request: xpath, id, class name, accessibility id, css selector, -android uiautomator
[debug] &amp#27;[35m[BaseDriver]&amp#27;[39m Waiting up to 15000 ms for condition
[debug] &amp#27;[35m[WD Proxy]&amp#27;[39m Matched '/element' to command name 'findElement'
[debug] &amp#27;[35m[WD Proxy]&amp#27;[39m Proxying [POST /element] to [POST http://127.0.0.1:8200/wd/hub/session/d4c6e067-6377-42f0-82d9-e1a4aa699597/element] with body: {"strategy":"id","selector":"com.eezy.ai.dev:id/emailSignUp","context":"","multiple":false}
[debug] &amp#27;[35m[WD Proxy]&amp#27;[39m Got response with status 200: {"sessionId":"d4c6e067-6377-42f0-82d9-e1a4aa699597","value":{"ELEMENT":"cd779802-2342-408a-b6b4-7d7e0cf6ecfa","element-6066-11e4-a52e-4f735466cecf":"cd779802-2342-408a-b6b4-7d7e0cf6ecfa"}}
[debug] &amp#27;[35m[W3C (6325cddf)]&amp#27;[39m Responding to client with driver.findElement() result: {"element-6066-11e4-a52e-4f735466cecf":"cd779802-2342-408a-b6b4-7d7e0cf6ecfa","ELEMENT":"cd779802-2342-408a-b6b4-7d7e0cf6ecfa"}
&amp#27;[35m[HTTP]&amp#27;[39m &amp#27;[37m<-- POST /wd/hub/session/6325cddf-10c9-4f5c-af0c-6f0cac588a23/element &amp#27;[39m&amp#27;[32m200&amp#27;[39m &amp#27;[90m53 ms - 137&amp#27;[39m
&amp#27;[35m[HTTP]&amp#27;[39m &amp#27;[90m&amp#27;[39m
&amp#27;[35m[HTTP]&amp#27;[39m &amp#27;[37m-->&amp#27;[39m &amp#27;[37mPOST&amp#27;[39m &amp#27;[37m/wd/hub/session/6325cddf-10c9-4f5c-af0c-6f0cac588a23/element/cd779802-2342-408a-b6b4-7d7e0cf6ecfa/click&amp#27;[39m
&amp#27;[35m[HTTP]&amp#27;[39m &amp#27;[90m{"id":"cd779802-2342-408a-b6b4-7d7e0cf6ecfa"}&amp#27;[39m
[debug] &amp#27;[35m[W3C (6325cddf)]&amp#27;[39m Calling AppiumDriver.click() with args: ["cd779802-2342-408a-b6b4-7d7e0cf6ecfa","6325cddf-10c9-4f5c-af0c-6f0cac588a23"]
[debug] &amp#27;[35m[WD Proxy]&amp#27;[39m Matched '/element/cd779802-2342-408a-b6b4-7d7e0cf6ecfa/click' to command name 'click'
[debug] &amp#27;[35m[WD Proxy]&amp#27;[39m Proxying [POST /element/cd779802-2342-408a-b6b4-7d7e0cf6ecfa/click] to [POST http://127.0.0.1:8200/wd/hub/session/d4c6e067-6377-42f0-82d9-e1a4aa699597/element/cd779802-2342-408a-b6b4-7d7e0cf6ecfa/click] with body: {"element":"cd779802-2342-408a-b6b4-7d7e0cf6ecfa"}
[debug] &amp#27;[35m[WD Proxy]&amp#27;[39m Got response with status 200: {"sessionId":"d4c6e067-6377-42f0-82d9-e1a4aa699597","value":null}
[debug] &amp#27;[35m[W3C (6325cddf)]&amp#27;[39m Responding to client with driver.click() result: null
&amp#27;[35m[HTTP]&amp#27;[39m &amp#27;[37m<-- POST /wd/hub/session/6325cddf-10c9-4f5c-af0c-6f0cac588a23/element/cd779802-2342-408a-b6b4-7d7e0cf6ecfa/click &amp#27;[39m&amp#27;[32m200&amp#27;[39m &amp#27;[90m47 ms - 14&amp#27;[39m
&amp#27;[35m[HTTP]&amp#27;[39m &amp#27;[90m&amp#27;[39m
&amp#27;[35m[HTTP]&amp#27;[39m &amp#27;[37m-->&amp#27;[39m &amp#27;[37mGET&amp#27;[39m &amp#27;[37m/wd/hub/session/6325cddf-10c9-4f5c-af0c-6f0cac588a23/context&amp#27;[39m
&amp#27;[35m[HTTP]&amp#27;[39m &amp#27;[90m{}&amp#27;[39m
[debug] &amp#27;[35m[W3C (6325cddf)]&amp#27;[39m Calling AppiumDriver.getCurrentContext() with args: ["6325cddf-10c9-4f5c-af0c-6f0cac588a23"]
[debug] &amp#27;[35m[W3C (6325cddf)]&amp#27;[39m Responding to client with driver.getCurrentContext() result: "NATIVE_APP"
&amp#27;[35m[HTTP]&amp#27;[39m &amp#27;[37m<-- GET /wd/hub/session/6325cddf-10c9-4f5c-af0c-6f0cac588a23/context &amp#27;[39m&amp#27;[32m200&amp#27;[39m &amp#27;[90m3 ms - 22&amp#27;[39m
&amp#27;[35m[HTTP]&amp#27;[39m &amp#27;[90m&amp#27;[39m
&amp#27;[35m[HTTP]&amp#27;[39m &amp#27;[37m-->&amp#27;[39m &amp#27;[37mPOST&amp#27;[39m &amp#27;[37m/wd/hub/session/6325cddf-10c9-4f5c-af0c-6f0cac588a23/element&amp#27;[39m
&amp#27;[35m[HTTP]&amp#27;[39m &amp#27;[90m{"using":"id","value":"com.eezy.ai.dev:id/loginEmailEditText"}&amp#27;[39m
[debug] &amp#27;[35m[W3C (6325cddf)]&amp#27;[39m Calling AppiumDriver.findElement() with args: ["id","com.eezy.ai.dev:id/loginEmailEditText","6325cddf-10c9-4f5c-af0c-6f0cac588a23"]
[debug] &amp#27;[35m[BaseDriver]&amp#27;[39m Valid locator strategies for this request: xpath, id, class name, accessibility id, css selector, -android uiautomator
[debug] &amp#27;[35m[BaseDriver]&amp#27;[39m Waiting up to 15000 ms for condition
[debug] &amp#27;[35m[WD Proxy]&amp#27;[39m Matched '/element' to command name 'findElement'
[debug] &amp#27;[35m[WD Proxy]&amp#27;[39m Proxying [POST /element] to [POST http://127.0.0.1:8200/wd/hub/session/d4c6e067-6377-42f0-82d9-e1a4aa699597/element] with body: {"strategy":"id","selector":"com.eezy.ai.dev:id/loginEmailEditText","context":"","multiple":false}
[debug] &amp#27;[35m[WD Proxy]&amp#27;[39m Got response with status 200: {"sessionId":"d4c6e067-6377-42f0-82d9-e1a4aa699597","value":{"ELEMENT":"61b0834b-7885-4873-ac40-b927f628b3f5","element-6066-11e4-a52e-4f735466cecf":"61b0834b-7885-4873-ac40-b927f628b3f5"}}
[debug] &amp#27;[35m[W3C (6325cddf)]&amp#27;[39m Responding to client with driver.findElement() result: {"element-6066-11e4-a52e-4f735466cecf":"61b0834b-7885-4873-ac40-b927f628b3f5","ELEMENT":"61b0834b-7885-4873-ac40-b927f628b3f5"}
&amp#27;[35m[HTTP]&amp#27;[39m &amp#27;[37m<-- POST /wd/hub/session/6325cddf-10c9-4f5c-af0c-6f0cac588a23/element &amp#27;[39m&amp#27;[32m200&amp#27;[39m &amp#27;[90m157 ms - 137&amp#27;[39m
&amp#27;[35m[HTTP]&amp#27;[39m &amp#27;[90m&amp#27;[39m
&amp#27;[35m[HTTP]&amp#27;[39m &amp#27;[37m-->&amp#27;[39m &amp#27;[37mPOST&amp#27;[39m &amp#27;[37m/wd/hub/session/6325cddf-10c9-4f5c-af0c-6f0cac588a23/element/61b0834b-7885-4873-ac40-b927f628b3f5/value&amp#27;[39m
&amp#27;[35m[HTTP]&amp#27;[39m &amp#27;[90m{"id":"61b0834b-7885-4873-ac40-b927f628b3f5","text":"abc76@gmail.com","value":["a","b","c","7","6","@","g","m","a","i","l",".","c","o","m"]}&amp#27;[39m
[debug] &amp#27;[35m[W3C (6325cddf)]&amp#27;[39m Calling AppiumDriver.setValue() with args: [["a","b","c","7","6","@","g","m","a","i","l",".","c","o","m"],"61b0834b-7885-4873-ac40-b927f628b3f5","6325cddf-10c9-4f5c-af0c-6f0cac588a23"]
[debug] &amp#27;[35m[WD Proxy]&amp#27;[39m Matched '/element/61b0834b-7885-4873-ac40-b927f628b3f5/value' to command name 'setValue'
[debug] &amp#27;[35m[Protocol Converter]&amp#27;[39m Added 'value' property ["a","b","c","7","6","@","g","m","a","i","l",".","c","o","m"] to 'setValue' request body
[debug] &amp#27;[35m[WD Proxy]&amp#27;[39m Proxying [POST /element/61b0834b-7885-4873-ac40-b927f628b3f5/value] to [POST http://127.0.0.1:8200/wd/hub/session/d4c6e067-6377-42f0-82d9-e1a4aa699597/element/61b0834b-7885-4873-ac40-b927f628b3f5/value] with body: {"elementId":"61b0834b-7885-4873-ac40-b927f628b3f5","text":"abc76@gmail.com","replace":false,"value":["a","b","c","7","6","@","g","m","a","i","l",".","c","o","m"]}
[debug] &amp#27;[35m[WD Proxy]&amp#27;[39m Got response with status 200: {"sessionId":"d4c6e067-6377-42f0-82d9-e1a4aa699597","value":null}
[debug] &amp#27;[35m[W3C (6325cddf)]&amp#27;[39m Responding to client with driver.setValue() result: null
&amp#27;[35m[HTTP]&amp#27;[39m &amp#27;[37m<-- POST /wd/hub/session/6325cddf-10c9-4f5c-af0c-6f0cac588a23/element/61b0834b-7885-4873-ac40-b927f628b3f5/value &amp#27;[39m&amp#27;[32m200&amp#27;[39m &amp#27;[90m1279 ms - 14&amp#27;[39m
&amp#27;[35m[HTTP]&amp#27;[39m &amp#27;[90m&amp#27;[39m
&amp#27;[35m[HTTP]&amp#27;[39m &amp#27;[37m-->&amp#27;[39m &amp#27;[37mGET&amp#27;[39m &amp#27;[37m/wd/hub/session/6325cddf-10c9-4f5c-af0c-6f0cac588a23/context&amp#27;[39m
&amp#27;[35m[HTTP]&amp#27;[39m &amp#27;[90m{}&amp#27;[39m
[debug] &amp#27;[35m[W3C (6325cddf)]&amp#27;[39m Calling AppiumDriver.getCurrentContext() with args: ["6325cddf-10c9-4f5c-af0c-6f0cac588a23"]
[debug] &amp#27;[35m[W3C (6325cddf)]&amp#27;[39m Responding to client with driver.getCurrentContext() result: "NATIVE_APP"
&amp#27;[35m[HTTP]&amp#27;[39m &amp#27;[37m<-- GET /wd/hub/session/6325cddf-10c9-4f5c-af0c-6f0cac588a23/context &amp#27;[39m&amp#27;[32m200&amp#27;[39m &amp#27;[90m2 ms - 22&amp#27;[39m
&amp#27;[35m[HTTP]&amp#27;[39m &amp#27;[90m&amp#27;[39m
&amp#27;[35m[HTTP]&amp#27;[39m &amp#27;[37m-->&amp#27;[39m &amp#27;[37mPOST&amp#27;[39m &amp#27;[37m/wd/hub/session/6325cddf-10c9-4f5c-af0c-6f0cac588a23/element&amp#27;[39m
&amp#27;[35m[HTTP]&amp#27;[39m &amp#27;[90m{"using":"id","value":"com.eezy.ai.dev:id/loginPasswordEditText"}&amp#27;[39m
[debug] &amp#27;[35m[W3C (6325cddf)]&amp#27;[39m Calling AppiumDriver.findElement() with args: ["id","com.eezy.ai.dev:id/loginPasswordEditText","6325cddf-10c9-4f5c-af0c-6f0cac588a23"]
[debug] &amp#27;[35m[BaseDriver]&amp#27;[39m Valid locator strategies for this request: xpath, id, class name, accessibility id, css selector, -android uiautomator
[debug] &amp#27;[35m[BaseDriver]&amp#27;[39m Waiting up to 15000 ms for condition
[debug] &amp#27;[35m[WD Proxy]&amp#27;[39m Matched '/element' to command name 'findElement'
[debug] &amp#27;[35m[WD Proxy]&amp#27;[39m Proxying [POST /element] to [POST http://127.0.0.1:8200/wd/hub/session/d4c6e067-6377-42f0-82d9-e1a4aa699597/element] with body: {"strategy":"id","selector":"com.eezy.ai.dev:id/loginPasswordEditText","context":"","multiple":false}
[debug] &amp#27;[35m[WD Proxy]&amp#27;[39m Got response with status 200: {"sessionId":"d4c6e067-6377-42f0-82d9-e1a4aa699597","value":{"ELEMENT":"a406da9e-bc56-4379-8c27-29a8a0316c1f","element-6066-11e4-a52e-4f735466cecf":"a406da9e-bc56-4379-8c27-29a8a0316c1f"}}
[debug] &amp#27;[35m[W3C (6325cddf)]&amp#27;[39m Responding to client with driver.findElement() result: {"element-6066-11e4-a52e-4f735466cecf":"a406da9e-bc56-4379-8c27-29a8a0316c1f","ELEMENT":"a406da9e-bc56-4379-8c27-29a8a0316c1f"}
&amp#27;[35m[HTTP]&amp#27;[39m &amp#27;[37m<-- POST /wd/hub/session/6325cddf-10c9-4f5c-af0c-6f0cac588a23/element &amp#27;[39m&amp#27;[32m200&amp#27;[39m &amp#27;[90m478 ms - 137&amp#27;[39m
&amp#27;[35m[HTTP]&amp#27;[39m &amp#27;[90m&amp#27;[39m
&amp#27;[35m[HTTP]&amp#27;[39m &amp#27;[37m-->&amp#27;[39m &amp#27;[37mPOST&amp#27;[39m &amp#27;[37m/wd/hub/session/6325cddf-10c9-4f5c-af0c-6f0cac588a23/element/a406da9e-bc56-4379-8c27-29a8a0316c1f/value&amp#27;[39m
&amp#27;[35m[HTTP]&amp#27;[39m &amp#27;[90m{"id":"a406da9e-bc56-4379-8c27-29a8a0316c1f","text":"Kikki54554","value":["K","i","k","k","i","5","4","5","5","4"]}&amp#27;[39m
[debug] &amp#27;[35m[W3C (6325cddf)]&amp#27;[39m Calling AppiumDriver.setValue() with args: [["K","i","k","k","i","5","4","5","5","4"],"a406da9e-bc56-4379-8c27-29a8a0316c1f","6325cddf-10c9-4f5c-af0c-6f0cac588a23"]
[debug] &amp#27;[35m[WD Proxy]&amp#27;[39m Matched '/element/a406da9e-bc56-4379-8c27-29a8a0316c1f/value' to command name 'setValue'
[debug] &amp#27;[35m[Protocol Converter]&amp#27;[39m Added 'value' property ["K","i","k","k","i","5","4","5","5","4"] to 'setValue' request body
[debug] &amp#27;[35m[WD Proxy]&amp#27;[39m Proxying [POST /element/a406da9e-bc56-4379-8c27-29a8a0316c1f/value] to [POST http://127.0.0.1:8200/wd/hub/session/d4c6e067-6377-42f0-82d9-e1a4aa699597/element/a406da9e-bc56-4379-8c27-29a8a0316c1f/value] with body: {"elementId":"a406da9e-bc56-4379-8c27-29a8a0316c1f","text":"Kikki54554","replace":false,"value":["K","i","k","k","i","5","4","5","5","4"]}
[debug] &amp#27;[35m[WD Proxy]&amp#27;[39m Got response with status 200: {"sessionId":"d4c6e067-6377-42f0-82d9-e1a4aa699597","value":null}
[debug] &amp#27;[35m[W3C (6325cddf)]&amp#27;[39m Responding to client with driver.setValue() result: null
&amp#27;[35m[HTTP]&amp#27;[39m &amp#27;[37m<-- POST /wd/hub/session/6325cddf-10c9-4f5c-af0c-6f0cac588a23/element/a406da9e-bc56-4379-8c27-29a8a0316c1f/value &amp#27;[39m&amp#27;[32m200&amp#27;[39m &amp#27;[90m68 ms - 14&amp#27;[39m
&amp#27;[35m[HTTP]&amp#27;[39m &amp#27;[90m&amp#27;[39m
&amp#27;[35m[HTTP]&amp#27;[39m &amp#27;[37m-->&amp#27;[39m &amp#27;[37mGET&amp#27;[39m &amp#27;[37m/wd/hub/session/6325cddf-10c9-4f5c-af0c-6f0cac588a23/context&amp#27;[39m
&amp#27;[35m[HTTP]&amp#27;[39m &amp#27;[90m{}&amp#27;[39m
[debug] &amp#27;[35m[W3C (6325cddf)]&amp#27;[39m Calling AppiumDriver.getCurrentContext() with args: ["6325cddf-10c9-4f5c-af0c-6f0cac588a23"]
[debug] &amp#27;[35m[W3C (6325cddf)]&amp#27;[39m Responding to client with driver.getCurrentContext() result: "NATIVE_APP"
&amp#27;[35m[HTTP]&amp#27;[39m &amp#27;[37m<-- GET /wd/hub/session/6325cddf-10c9-4f5c-af0c-6f0cac588a23/context &amp#27;[39m&amp#27;[32m200&amp#27;[39m &amp#27;[90m3 ms - 22&amp#27;[39m
&amp#27;[35m[HTTP]&amp#27;[39m &amp#27;[90m&amp#27;[39m
&amp#27;[35m[HTTP]&amp#27;[39m &amp#27;[37m-->&amp#27;[39m &amp#27;[37mPOST&amp#27;[39m &amp#27;[37m/wd/hub/session/6325cddf-10c9-4f5c-af0c-6f0cac588a23/element&amp#27;[39m
&amp#27;[35m[HTTP]&amp#27;[39m &amp#27;[90m{"using":"id","value":"com.eezy.ai.dev:id/loginNowButton"}&amp#27;[39m
[debug] &amp#27;[35m[W3C (6325cddf)]&amp#27;[39m Calling AppiumDriver.findElement() with args: ["id","com.eezy.ai.dev:id/loginNowButton","6325cddf-10c9-4f5c-af0c-6f0cac588a23"]
[debug] &amp#27;[35m[BaseDriver]&amp#27;[39m Valid locator strategies for this request: xpath, id, class name, accessibility id, css selector, -android uiautomator
[debug] &amp#27;[35m[BaseDriver]&amp#27;[39m Waiting up to 15000 ms for condition
[debug] &amp#27;[35m[WD Proxy]&amp#27;[39m Matched '/element' to command name 'findElement'
[debug] &amp#27;[35m[WD Proxy]&amp#27;[39m Proxying [POST /element] to [POST http://127.0.0.1:8200/wd/hub/session/d4c6e067-6377-42f0-82d9-e1a4aa699597/element] with body: {"strategy":"id","selector":"com.eezy.ai.dev:id/loginNowButton","context":"","multiple":false}
[debug] &amp#27;[35m[WD Proxy]&amp#27;[39m Got response with status 200: {"sessionId":"d4c6e067-6377-42f0-82d9-e1a4aa699597","value":{"ELEMENT":"f5926b18-a820-4050-a928-7470568f9b24","element-6066-11e4-a52e-4f735466cecf":"f5926b18-a820-4050-a928-7470568f9b24"}}
[debug] &amp#27;[35m[W3C (6325cddf)]&amp#27;[39m Responding to client with driver.findElement() result: {"element-6066-11e4-a52e-4f735466cecf":"f5926b18-a820-4050-a928-7470568f9b24","ELEMENT":"f5926b18-a820-4050-a928-7470568f9b24"}
&amp#27;[35m[HTTP]&amp#27;[39m &amp#27;[37m<-- POST /wd/hub/session/6325cddf-10c9-4f5c-af0c-6f0cac588a23/element &amp#27;[39m&amp#27;[32m200&amp#27;[39m &amp#27;[90m635 ms - 137&amp#27;[39m
&amp#27;[35m[HTTP]&amp#27;[39m &amp#27;[90m&amp#27;[39m
&amp#27;[35m[HTTP]&amp#27;[39m &amp#27;[37m-->&amp#27;[39m &amp#27;[37mPOST&amp#27;[39m &amp#27;[37m/wd/hub/session/6325cddf-10c9-4f5c-af0c-6f0cac588a23/element/f5926b18-a820-4050-a928-7470568f9b24/click&amp#27;[39m
&amp#27;[35m[HTTP]&amp#27;[39m &amp#27;[90m{"id":"f5926b18-a820-4050-a928-7470568f9b24"}&amp#27;[39m
[debug] &amp#27;[35m[W3C (6325cddf)]&amp#27;[39m Calling AppiumDriver.click() with args: ["f5926b18-a820-4050-a928-7470568f9b24","6325cddf-10c9-4f5c-af0c-6f0cac588a23"]
[debug] &amp#27;[35m[WD Proxy]&amp#27;[39m Matched '/element/f5926b18-a820-4050-a928-7470568f9b24/click' to command name 'click'
[debug] &amp#27;[35m[WD Proxy]&amp#27;[39m Proxying [POST /element/f5926b18-a820-4050-a928-7470568f9b24/click] to [POST http://127.0.0.1:8200/wd/hub/session/d4c6e067-6377-42f0-82d9-e1a4aa699597/element/f5926b18-a820-4050-a928-7470568f9b24/click] with body: {"element":"f5926b18-a820-4050-a928-7470568f9b24"}
[debug] &amp#27;[35m[WD Proxy]&amp#27;[39m Got response with status 200: {"sessionId":"d4c6e067-6377-42f0-82d9-e1a4aa699597","value":null}
[debug] &amp#27;[35m[W3C (6325cddf)]&amp#27;[39m Responding to client with driver.click() result: null
&amp#27;[35m[HTTP]&amp#27;[39m &amp#27;[37m<-- POST /wd/hub/session/6325cddf-10c9-4f5c-af0c-6f0cac588a23/element/f5926b18-a820-4050-a928-7470568f9b24/click &amp#27;[39m&amp#27;[32m200&amp#27;[39m &amp#27;[90m38 ms - 14&amp#27;[39m
&amp#27;[35m[HTTP]&amp#27;[39m &amp#27;[90m&amp#27;[39m
&amp#27;[35m[HTTP]&amp#27;[39m &amp#27;[37m-->&amp#27;[39m &amp#27;[37mGET&amp#27;[39m &amp#27;[37m/wd/hub/session/6325cddf-10c9-4f5c-af0c-6f0cac588a23/context&amp#27;[39m
&amp#27;[35m[HTTP]&amp#27;[39m &amp#27;[90m{}&amp#27;[39m
[debug] &amp#27;[35m[W3C (6325cddf)]&amp#27;[39m Calling AppiumDriver.getCurrentContext() with args: ["6325cddf-10c9-4f5c-af0c-6f0cac588a23"]
[debug] &amp#27;[35m[W3C (6325cddf)]&amp#27;[39m Responding to client with driver.getCurrentContext() result: "NATIVE_APP"
&amp#27;[35m[HTTP]&amp#27;[39m &amp#27;[37m<-- GET /wd/hub/session/6325cddf-10c9-4f5c-af0c-6f0cac588a23/context &amp#27;[39m&amp#27;[32m200&amp#27;[39m &amp#27;[90m2 ms - 22&amp#27;[39m
&amp#27;[35m[HTTP]&amp#27;[39m &amp#27;[90m&amp#27;[39m
&amp#27;[35m[HTTP]&amp#27;[39m &amp#27;[37m-->&amp#27;[39m &amp#27;[37mPOST&amp#27;[39m &amp#27;[37m/wd/hub/session/6325cddf-10c9-4f5c-af0c-6f0cac588a23/element&amp#27;[39m
&amp#27;[35m[HTTP]&amp#27;[39m &amp#27;[90m{"using":"id","value":"com.eezy.ai.dev:id/skipDemo"}&amp#27;[39m
[debug] &amp#27;[35m[W3C (6325cddf)]&amp#27;[39m Calling AppiumDriver.findElement() with args: ["id","com.eezy.ai.dev:id/skipDemo","6325cddf-10c9-4f5c-af0c-6f0cac588a23"]
[debug] &amp#27;[35m[BaseDriver]&amp#27;[39m Valid locator strategies for this request: xpath, id, class name, accessibility id, css selector, -android uiautomator
[debug] &amp#27;[35m[BaseDriver]&amp#27;[39m Waiting up to 15000 ms for condition
[debug] &amp#27;[35m[WD Proxy]&amp#27;[39m Matched '/element' to command name 'findElement'
[debug] &amp#27;[35m[WD Proxy]&amp#27;[39m Proxying [POST /element] to [POST http://127.0.0.1:8200/wd/hub/session/d4c6e067-6377-42f0-82d9-e1a4aa699597/element] with body: {"strategy":"id","selector":"com.eezy.ai.dev:id/skipDemo","context":"","multiple":false}
&amp#27;[35m[WD Proxy]&amp#27;[39m Got response with status 404: {"sessionId":"d4c6e067-6377-42f0-82d9-e1a4aa699597","value":{"error":"no such element","message":"An element could not be located on the page using the given search parameters","stacktrace":"io.appium.uiautomator2.common.exceptions.ElementNotFoundException: An element could not be located on the page using the given search parameters\n\tat io.appium.uiautomator2.handler.FindElement.safeHandle(FindElement.java:70)\n\tat io.appium.uiautomator2.handler.request.SafeRequestHandler.handle(SafeRequestHandler.java:41)\n\tat io.appium.uiautomator2.server.AppiumServlet.handleRequest(AppiumServlet.java:261)\n\tat io.appium.uiautomator2.server.AppiumServlet.handleHttpRequest(AppiumServlet.java:255)\n\tat io.appium.uiautomator2.http.ServerHandler.channelRead(ServerHandler.java:68)\n\tat io.netty.channel.AbstractChannelHandlerContext.invokeChannelRead(AbstractChannelHandlerContext.java:366)\n\tat io.netty.channel.AbstractChannelHandlerContext.invokeChannelRead(AbstractChannelHandlerContext.java:352)\n\tat io.netty.chann...
[debug] &amp#27;[35m[W3C]&amp#27;[39m Matched W3C error code 'no such element' to NoSuchElementError
[debug] &amp#27;[35m[BaseDriver]&amp#27;[39m Waited for 68 ms so far
[debug] &amp#27;[35m[WD Proxy]&amp#27;[39m Matched '/element' to command name 'findElement'
[debug] &amp#27;[35m[WD Proxy]&amp#27;[39m Proxying [POST /element] to [POST http://127.0.0.1:8200/wd/hub/session/d4c6e067-6377-42f0-82d9-e1a4aa699597/element] with body: {"strategy":"id","selector":"com.eezy.ai.dev:id/skipDemo","context":"","multiple":false}
&amp#27;[35m[WD Proxy]&amp#27;[39m Got response with status 404: {"sessionId":"d4c6e067-6377-42f0-82d9-e1a4aa699597","value":{"error":"no such element","message":"An element could not be located on the page using the given search parameters","stacktrace":"io.appium.uiautomator2.common.exceptions.ElementNotFoundException: An element could not be located on the page using the given search parameters\n\tat io.appium.uiautomator2.handler.FindElement.safeHandle(FindElement.java:70)\n\tat io.appium.uiautomator2.handler.request.SafeRequestHandler.handle(SafeRequestHandler.java:41)\n\tat io.appium.uiautomator2.server.AppiumServlet.handleRequest(AppiumServlet.java:261)\n\tat io.appium.uiautomator2.server.AppiumServlet.handleHttpRequest(AppiumServlet.java:255)\n\tat io.appium.uiautomator2.http.ServerHandler.channelRead(ServerHandler.java:68)\n\tat io.netty.channel.AbstractChannelHandlerContext.invokeChannelRead(AbstractChannelHandlerContext.java:366)\n\tat io.netty.channel.AbstractChannelHandlerContext.invokeChannelRead(AbstractChannelHandlerContext.java:352)\n\tat io.netty.chann...
[debug] &amp#27;[35m[W3C]&amp#27;[39m Matched W3C error code 'no such element' to NoSuchElementError
[debug] &amp#27;[35m[BaseDriver]&amp#27;[39m Waited for 635 ms so far
[debug] &amp#27;[35m[WD Proxy]&amp#27;[39m Matched '/element' to command name 'findElement'
[debug] &amp#27;[35m[WD Proxy]&amp#27;[39m Proxying [POST /element] to [POST http://127.0.0.1:8200/wd/hub/session/d4c6e067-6377-42f0-82d9-e1a4aa699597/element] with body: {"strategy":"id","selector":"com.eezy.ai.dev:id/skipDemo","context":"","multiple":false}
&amp#27;[35m[WD Proxy]&amp#27;[39m Got response with status 404: {"sessionId":"d4c6e067-6377-42f0-82d9-e1a4aa699597","value":{"error":"no such element","message":"An element could not be located on the page using the given search parameters","stacktrace":"io.appium.uiautomator2.common.exceptions.ElementNotFoundException: An element could not be located on the page using the given search parameters\n\tat io.appium.uiautomator2.handler.FindElement.safeHandle(FindElement.java:70)\n\tat io.appium.uiautomator2.handler.request.SafeRequestHandler.handle(SafeRequestHandler.java:41)\n\tat io.appium.uiautomator2.server.AppiumServlet.handleRequest(AppiumServlet.java:261)\n\tat io.appium.uiautomator2.server.AppiumServlet.handleHttpRequest(AppiumServlet.java:255)\n\tat io.appium.uiautomator2.http.ServerHandler.channelRead(ServerHandler.java:68)\n\tat io.netty.channel.AbstractChannelHandlerContext.invokeChannelRead(AbstractChannelHandlerContext.java:366)\n\tat io.netty.channel.AbstractChannelHandlerContext.invokeChannelRead(AbstractChannelHandlerContext.java:352)\n\tat io.netty.chann...
[debug] &amp#27;[35m[W3C]&amp#27;[39m Matched W3C error code 'no such element' to NoSuchElementError
[debug] &amp#27;[35m[BaseDriver]&amp#27;[39m Waited for 1981 ms so far
[debug] &amp#27;[35m[WD Proxy]&amp#27;[39m Matched '/element' to command name 'findElement'
[debug] &amp#27;[35m[WD Proxy]&amp#27;[39m Proxying [POST /element] to [POST http://127.0.0.1:8200/wd/hub/session/d4c6e067-6377-42f0-82d9-e1a4aa699597/element] with body: {"strategy":"id","selector":"com.eezy.ai.dev:id/skipDemo","context":"","multiple":false}
[debug] &amp#27;[35m[WD Proxy]&amp#27;[39m Got response with status 200: {"sessionId":"d4c6e067-6377-42f0-82d9-e1a4aa699597","value":{"ELEMENT":"9731153c-f8a3-4bd5-80e3-472e91feb081","element-6066-11e4-a52e-4f735466cecf":"9731153c-f8a3-4bd5-80e3-472e91feb081"}}
[debug] &amp#27;[35m[W3C (6325cddf)]&amp#27;[39m Responding to client with driver.findElement() result: {"element-6066-11e4-a52e-4f735466cecf":"9731153c-f8a3-4bd5-80e3-472e91feb081","ELEMENT":"9731153c-f8a3-4bd5-80e3-472e91feb081"}
&amp#27;[35m[HTTP]&amp#27;[39m &amp#27;[37m<-- POST /wd/hub/session/6325cddf-10c9-4f5c-af0c-6f0cac588a23/element &amp#27;[39m&amp#27;[32m200&amp#27;[39m &amp#27;[90m12819 ms - 137&amp#27;[39m
&amp#27;[35m[HTTP]&amp#27;[39m &amp#27;[90m&amp#27;[39m
&amp#27;[35m[HTTP]&amp#27;[39m &amp#27;[37m-->&amp#27;[39m &amp#27;[37mGET&amp#27;[39m &amp#27;[37m/wd/hub/session/6325cddf-10c9-4f5c-af0c-6f0cac588a23/element/9731153c-f8a3-4bd5-80e3-472e91feb081/displayed&amp#27;[39m
&amp#27;[35m[HTTP]&amp#27;[39m &amp#27;[90m{}&amp#27;[39m
[debug] &amp#27;[35m[W3C (6325cddf)]&amp#27;[39m Calling AppiumDriver.elementDisplayed() with args: ["9731153c-f8a3-4bd5-80e3-472e91feb081","6325cddf-10c9-4f5c-af0c-6f0cac588a23"]
[debug] &amp#27;[35m[WD Proxy]&amp#27;[39m Matched '/element/9731153c-f8a3-4bd5-80e3-472e91feb081/attribute/displayed' to command name 'getAttribute'
[debug] &amp#27;[35m[WD Proxy]&amp#27;[39m Proxying [GET /element/9731153c-f8a3-4bd5-80e3-472e91feb081/attribute/displayed] to [GET http://127.0.0.1:8200/wd/hub/session/d4c6e067-6377-42f0-82d9-e1a4aa699597/element/9731153c-f8a3-4bd5-80e3-472e91feb081/attribute/displayed] with no body
[debug] &amp#27;[35m[WD Proxy]&amp#27;[39m Got response with status 200: {"sessionId":"d4c6e067-6377-42f0-82d9-e1a4aa699597","value":"true"}
[debug] &amp#27;[35m[W3C (6325cddf)]&amp#27;[39m Responding to client with driver.elementDisplayed() result: true
&amp#27;[35m[HTTP]&amp#27;[39m &amp#27;[37m<-- GET /wd/hub/session/6325cddf-10c9-4f5c-af0c-6f0cac588a23/element/9731153c-f8a3-4bd5-80e3-472e91feb081/displayed &amp#27;[39m&amp#27;[32m200&amp#27;[39m &amp#27;[90m20140 ms - 14&amp#27;[39m
&amp#27;[35m[HTTP]&amp#27;[39m &amp#27;[90m&amp#27;[39m
&amp#27;[35m[HTTP]&amp#27;[39m &amp#27;[37m-->&amp#27;[39m &amp#27;[37mGET&amp#27;[39m &amp#27;[37m/wd/hub/session/6325cddf-10c9-4f5c-af0c-6f0cac588a23/context&amp#27;[39m
&amp#27;[35m[HTTP]&amp#27;[39m &amp#27;[90m{}&amp#27;[39m
[debug] &amp#27;[35m[W3C (6325cddf)]&amp#27;[39m Calling AppiumDriver.getCurrentContext() with args: ["6325cddf-10c9-4f5c-af0c-6f0cac588a23"]
[debug] &amp#27;[35m[W3C (6325cddf)]&amp#27;[39m Responding to client with driver.getCurrentContext() result: "NATIVE_APP"
&amp#27;[35m[HTTP]&amp#27;[39m &amp#27;[37m<-- GET /wd/hub/session/6325cddf-10c9-4f5c-af0c-6f0cac588a23/context &amp#27;[39m&amp#27;[32m200&amp#27;[39m &amp#27;[90m4 ms - 22&amp#27;[39m
&amp#27;[35m[HTTP]&amp#27;[39m &amp#27;[90m&amp#27;[39m
&amp#27;[35m[HTTP]&amp#27;[39m &amp#27;[37m-->&amp#27;[39m &amp#27;[37mPOST&amp#27;[39m &amp#27;[37m/wd/hub/session/6325cddf-10c9-4f5c-af0c-6f0cac588a23/element&amp#27;[39m
&amp#27;[35m[HTTP]&amp#27;[39m &amp#27;[90m{"using":"id","value":"com.eezy.ai.dev:id/skipDemo"}&amp#27;[39m
[debug] &amp#27;[35m[W3C (6325cddf)]&amp#27;[39m Calling AppiumDriver.findElement() with args: ["id","com.eezy.ai.dev:id/skipDemo","6325cddf-10c9-4f5c-af0c-6f0cac588a23"]
[debug] &amp#27;[35m[BaseDriver]&amp#27;[39m Valid locator strategies for this request: xpath, id, class name, accessibility id, css selector, -android uiautomator
[debug] &amp#27;[35m[BaseDriver]&amp#27;[39m Waiting up to 15000 ms for condition
[debug] &amp#27;[35m[WD Proxy]&amp#27;[39m Matched '/element' to command name 'findElement'
[debug] &amp#27;[35m[WD Proxy]&amp#27;[39m Proxying [POST /element] to [POST http://127.0.0.1:8200/wd/hub/session/d4c6e067-6377-42f0-82d9-e1a4aa699597/element] with body: {"strategy":"id","selector":"com.eezy.ai.dev:id/skipDemo","context":"","multiple":false}
[debug] &amp#27;[35m[WD Proxy]&amp#27;[39m Got response with status 200: {"sessionId":"d4c6e067-6377-42f0-82d9-e1a4aa699597","value":{"ELEMENT":"7b6ed10d-7626-49f3-ac68-757d09f003b9","element-6066-11e4-a52e-4f735466cecf":"7b6ed10d-7626-49f3-ac68-757d09f003b9"}}
[debug] &amp#27;[35m[W3C (6325cddf)]&amp#27;[39m Responding to client with driver.findElement() result: {"element-6066-11e4-a52e-4f735466cecf":"7b6ed10d-7626-49f3-ac68-757d09f003b9","ELEMENT":"7b6ed10d-7626-49f3-ac68-757d09f003b9"}
&amp#27;[35m[HTTP]&amp#27;[39m &amp#27;[37m<-- POST /wd/hub/session/6325cddf-10c9-4f5c-af0c-6f0cac588a23/element &amp#27;[39m&amp#27;[32m200&amp#27;[39m &amp#27;[90m10271 ms - 137&amp#27;[39m
&amp#27;[35m[HTTP]&amp#27;[39m &amp#27;[90m&amp#27;[39m
&amp#27;[35m[HTTP]&amp#27;[39m &amp#27;[37m-->&amp#27;[39m &amp#27;[37mGET&amp#27;[39m &amp#27;[37m/wd/hub/session/6325cddf-10c9-4f5c-af0c-6f0cac588a23/element/7b6ed10d-7626-49f3-ac68-757d09f003b9/enabled&amp#27;[39m
&amp#27;[35m[HTTP]&amp#27;[39m &amp#27;[90m{}&amp#27;[39m
[debug] &amp#27;[35m[W3C (6325cddf)]&amp#27;[39m Calling AppiumDriver.elementEnabled() with args: ["7b6ed10d-7626-49f3-ac68-757d09f003b9","6325cddf-10c9-4f5c-af0c-6f0cac588a23"]
[debug] &amp#27;[35m[WD Proxy]&amp#27;[39m Matched '/element/7b6ed10d-7626-49f3-ac68-757d09f003b9/attribute/enabled' to command name 'getAttribute'
[debug] &amp#27;[35m[WD Proxy]&amp#27;[39m Proxying [GET /element/7b6ed10d-7626-49f3-ac68-757d09f003b9/attribute/enabled] to [GET http://127.0.0.1:8200/wd/hub/session/d4c6e067-6377-42f0-82d9-e1a4aa699597/element/7b6ed10d-7626-49f3-ac68-757d09f003b9/attribute/enabled] with no body
[debug] &amp#27;[35m[WD Proxy]&amp#27;[39m Got response with status 200: {"sessionId":"d4c6e067-6377-42f0-82d9-e1a4aa699597","value":"true"}
[debug] &amp#27;[35m[W3C (6325cddf)]&amp#27;[39m Responding to client with driver.elementEnabled() result: true
&amp#27;[35m[HTTP]&amp#27;[39m &amp#27;[37m<-- GET /wd/hub/session/6325cddf-10c9-4f5c-af0c-6f0cac588a23/element/7b6ed10d-7626-49f3-ac68-757d09f003b9/enabled &amp#27;[39m&amp#27;[32m200&amp#27;[39m &amp#27;[90m20221 ms - 14&amp#27;[39m
&amp#27;[35m[HTTP]&amp#27;[39m &amp#27;[90m&amp#27;[39m
&amp#27;[35m[HTTP]&amp#27;[39m &amp#27;[37m-->&amp#27;[39m &amp#27;[37mGET&amp#27;[39m &amp#27;[37m/wd/hub/session/6325cddf-10c9-4f5c-af0c-6f0cac588a23/window/rect&amp#27;[39m
&amp#27;[35m[HTTP]&amp#27;[39m &amp#27;[90m{}&amp#27;[39m
[debug] &amp#27;[35m[W3C (6325cddf)]&amp#27;[39m Calling AppiumDriver.getWindowRect() with args: ["6325cddf-10c9-4f5c-af0c-6f0cac588a23"]
[debug] &amp#27;[35m[WD Proxy]&amp#27;[39m Matched '/window/current/size' to command name 'getWindowSize'
[debug] &amp#27;[35m[WD Proxy]&amp#27;[39m Proxying [GET /window/current/size] to [GET http://127.0.0.1:8200/wd/hub/session/d4c6e067-6377-42f0-82d9-e1a4aa699597/window/current/size] with no body
[debug] &amp#27;[35m[WD Proxy]&amp#27;[39m Got response with status 200: {"sessionId":"d4c6e067-6377-42f0-82d9-e1a4aa699597","value":{"height":1920,"width":1080}}
[debug] &amp#27;[35m[W3C (6325cddf)]&amp#27;[39m Responding to client with driver.getWindowRect() result: {"width":1080,"height":1920,"x":0,"y":0}
&amp#27;[35m[HTTP]&amp#27;[39m &amp#27;[37m<-- GET /wd/hub/session/6325cddf-10c9-4f5c-af0c-6f0cac588a23/window/rect &amp#27;[39m&amp#27;[32m200&amp#27;[39m &amp#27;[90m26 ms - 50&amp#27;[39m
&amp#27;[35m[HTTP]&amp#27;[39m &amp#27;[90m&amp#27;[39m
&amp#27;[35m[HTTP]&amp#27;[39m &amp#27;[37m-->&amp#27;[39m &amp#27;[37mPOST&amp#27;[39m &amp#27;[37m/wd/hub/session/6325cddf-10c9-4f5c-af0c-6f0cac588a23/touch/perform&amp#27;[39m
&amp#27;[35m[HTTP]&amp#27;[39m &amp#27;[90m{"actions":[{"action":"tap","options":{"x":108,"y":192}}]}&amp#27;[39m
[debug] &amp#27;[35m[W3C (6325cddf)]&amp#27;[39m Calling AppiumDriver.performTouch() with args: [[{"action":"tap","options":{"x":108,"y":192}}],"6325cddf-10c9-4f5c-af0c-6f0cac588a23"]
[debug] &amp#27;[35m[WD Proxy]&amp#27;[39m Proxying [POST /appium/tap] to [POST http://127.0.0.1:8200/wd/hub/session/d4c6e067-6377-42f0-82d9-e1a4aa699597/appium/tap] with body: {"x":108,"y":192,"undefined":null}
[debug] &amp#27;[35m[WD Proxy]&amp#27;[39m Got response with status 200: {"sessionId":"d4c6e067-6377-42f0-82d9-e1a4aa699597","value":null}
[debug] &amp#27;[35m[W3C (6325cddf)]&amp#27;[39m Responding to client with driver.performTouch() result: null
&amp#27;[35m[HTTP]&amp#27;[39m &amp#27;[37m<-- POST /wd/hub/session/6325cddf-10c9-4f5c-af0c-6f0cac588a23/touch/perform &amp#27;[39m&amp#27;[32m200&amp#27;[39m &amp#27;[90m978 ms - 14&amp#27;[39m
&amp#27;[35m[HTTP]&amp#27;[39m &amp#27;[90m&amp#27;[39m
&amp#27;[35m[HTTP]&amp#27;[39m &amp#27;[37m-->&amp#27;[39m &amp#27;[37mGET&amp#27;[39m &amp#27;[37m/wd/hub/session/6325cddf-10c9-4f5c-af0c-6f0cac588a23/context&amp#27;[39m
&amp#27;[35m[HTTP]&amp#27;[39m &amp#27;[90m{}&amp#27;[39m
[debug] &amp#27;[35m[W3C (6325cddf)]&amp#27;[39m Calling AppiumDriver.getCurrentContext() with args: ["6325cddf-10c9-4f5c-af0c-6f0cac588a23"]
[debug] &amp#27;[35m[W3C (6325cddf)]&amp#27;[39m Responding to client with driver.getCurrentContext() result: "NATIVE_APP"
&amp#27;[35m[HTTP]&amp#27;[39m &amp#27;[37m<-- GET /wd/hub/session/6325cddf-10c9-4f5c-af0c-6f0cac588a23/context &amp#27;[39m&amp#27;[32m200&amp#27;[39m &amp#27;[90m9 ms - 22&amp#27;[39m
&amp#27;[35m[HTTP]&amp#27;[39m &amp#27;[90m&amp#27;[39m
&amp#27;[35m[HTTP]&amp#27;[39m &amp#27;[37m-->&amp#27;[39m &amp#27;[37mPOST&amp#27;[39m &amp#27;[37m/wd/hub/session/6325cddf-10c9-4f5c-af0c-6f0cac588a23/element&amp#27;[39m
&amp#27;[35m[HTTP]&amp#27;[39m &amp#27;[90m{"using":"id","value":"com.eezy.ai.dev:id/yesBtn"}&amp#27;[39m
[debug] &amp#27;[35m[W3C (6325cddf)]&amp#27;[39m Calling AppiumDriver.findElement() with args: ["id","com.eezy.ai.dev:id/yesBtn","6325cddf-10c9-4f5c-af0c-6f0cac588a23"]
[debug] &amp#27;[35m[BaseDriver]&amp#27;[39m Valid locator strategies for this request: xpath, id, class name, accessibility id, css selector, -android uiautomator
[debug] &amp#27;[35m[BaseDriver]&amp#27;[39m Waiting up to 15000 ms for condition
[debug] &amp#27;[35m[WD Proxy]&amp#27;[39m Matched '/element' to command name 'findElement'
[debug] &amp#27;[35m[WD Proxy]&amp#27;[39m Proxying [POST /element] to [POST http://127.0.0.1:8200/wd/hub/session/d4c6e067-6377-42f0-82d9-e1a4aa699597/element] with body: {"strategy":"id","selector":"com.eezy.ai.dev:id/yesBtn","context":"","multiple":false}
[debug] &amp#27;[35m[WD Proxy]&amp#27;[39m Got response with status 200: {"sessionId":"d4c6e067-6377-42f0-82d9-e1a4aa699597","value":{"ELEMENT":"b5773237-1440-4187-a38c-380ddf1aa982","element-6066-11e4-a52e-4f735466cecf":"b5773237-1440-4187-a38c-380ddf1aa982"}}
[debug] &amp#27;[35m[W3C (6325cddf)]&amp#27;[39m Responding to client with driver.findElement() result: {"element-6066-11e4-a52e-4f735466cecf":"b5773237-1440-4187-a38c-380ddf1aa982","ELEMENT":"b5773237-1440-4187-a38c-380ddf1aa982"}
&amp#27;[35m[HTTP]&amp#27;[39m &amp#27;[37m<-- POST /wd/hub/session/6325cddf-10c9-4f5c-af0c-6f0cac588a23/element &amp#27;[39m&amp#27;[32m200&amp#27;[39m &amp#27;[90m38 ms - 137&amp#27;[39m
&amp#27;[35m[HTTP]&amp#27;[39m &amp#27;[90m&amp#27;[39m
&amp#27;[35m[HTTP]&amp#27;[39m &amp#27;[37m-->&amp#27;[39m &amp#27;[37mPOST&amp#27;[39m &amp#27;[37m/wd/hub/session/6325cddf-10c9-4f5c-af0c-6f0cac588a23/element/b5773237-1440-4187-a38c-380ddf1aa982/click&amp#27;[39m
&amp#27;[35m[HTTP]&amp#27;[39m &amp#27;[90m{"id":"b5773237-1440-4187-a38c-380ddf1aa982"}&amp#27;[39m
[debug] &amp#27;[35m[W3C (6325cddf)]&amp#27;[39m Calling AppiumDriver.click() with args: ["b5773237-1440-4187-a38c-380ddf1aa982","6325cddf-10c9-4f5c-af0c-6f0cac588a23"]
[debug] &amp#27;[35m[WD Proxy]&amp#27;[39m Matched '/element/b5773237-1440-4187-a38c-380ddf1aa982/click' to command name 'click'
[debug] &amp#27;[35m[WD Proxy]&amp#27;[39m Proxying [POST /element/b5773237-1440-4187-a38c-380ddf1aa982/click] to [POST http://127.0.0.1:8200/wd/hub/session/d4c6e067-6377-42f0-82d9-e1a4aa699597/element/b5773237-1440-4187-a38c-380ddf1aa982/click] with body: {"element":"b5773237-1440-4187-a38c-380ddf1aa982"}
[debug] &amp#27;[35m[WD Proxy]&amp#27;[39m Got response with status 200: {"sessionId":"d4c6e067-6377-42f0-82d9-e1a4aa699597","value":null}
[debug] &amp#27;[35m[W3C (6325cddf)]&amp#27;[39m Responding to client with driver.click() result: null
&amp#27;[35m[HTTP]&amp#27;[39m &amp#27;[37m<-- POST /wd/hub/session/6325cddf-10c9-4f5c-af0c-6f0cac588a23/element/b5773237-1440-4187-a38c-380ddf1aa982/click &amp#27;[39m&amp#27;[32m200&amp#27;[39m &amp#27;[90m79 ms - 14&amp#27;[39m
&amp#27;[35m[HTTP]&amp#27;[39m &amp#27;[90m&amp#27;[39m
&amp#27;[35m[HTTP]&amp#27;[39m &amp#27;[37m-->&amp#27;[39m &amp#27;[37mGET&amp#27;[39m &amp#27;[37m/wd/hub/session/6325cddf-10c9-4f5c-af0c-6f0cac588a23/context&amp#27;[39m
&amp#27;[35m[HTTP]&amp#27;[39m &amp#27;[90m{}&amp#27;[39m
[debug] &amp#27;[35m[W3C (6325cddf)]&amp#27;[39m Calling AppiumDriver.getCurrentContext() with args: ["6325cddf-10c9-4f5c-af0c-6f0cac588a23"]
[debug] &amp#27;[35m[W3C (6325cddf)]&amp#27;[39m Responding to client with driver.getCurrentContext() result: "NATIVE_APP"
&amp#27;[35m[HTTP]&amp#27;[39m &amp#27;[37m<-- GET /wd/hub/session/6325cddf-10c9-4f5c-af0c-6f0cac588a23/context &amp#27;[39m&amp#27;[32m200&amp#27;[39m &amp#27;[90m3 ms - 22&amp#27;[39m
&amp#27;[35m[HTTP]&amp#27;[39m &amp#27;[90m&amp#27;[39m
&amp#27;[35m[HTTP]&amp#27;[39m &amp#27;[37m-->&amp#27;[39m &amp#27;[37mPOST&amp#27;[39m &amp#27;[37m/wd/hub/session/6325cddf-10c9-4f5c-af0c-6f0cac588a23/element&amp#27;[39m
&amp#27;[35m[HTTP]&amp#27;[39m &amp#27;[90m{"using":"id","value":"com.eezy.ai.dev:id/chat_menu_action_positive"}&amp#27;[39m
[debug] &amp#27;[35m[W3C (6325cddf)]&amp#27;[39m Calling AppiumDriver.findElement() with args: ["id","com.eezy.ai.dev:id/chat_menu_action_positive","6325cddf-10c9-4f5c-af0c-6f0cac588a23"]
[debug] &amp#27;[35m[BaseDriver]&amp#27;[39m Valid locator strategies for this request: xpath, id, class name, accessibility id, css selector, -android uiautomator
[debug] &amp#27;[35m[BaseDriver]&amp#27;[39m Waiting up to 15000 ms for condition
[debug] &amp#27;[35m[WD Proxy]&amp#27;[39m Matched '/element' to command name 'findElement'
[debug] &amp#27;[35m[WD Proxy]&amp#27;[39m Proxying [POST /element] to [POST http://127.0.0.1:8200/wd/hub/session/d4c6e067-6377-42f0-82d9-e1a4aa699597/element] with body: {"strategy":"id","selector":"com.eezy.ai.dev:id/chat_menu_action_positive","context":"","multiple":false}
&amp#27;[35m[WD Proxy]&amp#27;[39m Got response with status 404: {"sessionId":"d4c6e067-6377-42f0-82d9-e1a4aa699597","value":{"error":"no such element","message":"An element could not be located on the page using the given search parameters","stacktrace":"io.appium.uiautomator2.common.exceptions.ElementNotFoundException: An element could not be located on the page using the given search parameters\n\tat io.appium.uiautomator2.handler.FindElement.safeHandle(FindElement.java:70)\n\tat io.appium.uiautomator2.handler.request.SafeRequestHandler.handle(SafeRequestHandler.java:41)\n\tat io.appium.uiautomator2.server.AppiumServlet.handleRequest(AppiumServlet.java:261)\n\tat io.appium.uiautomator2.server.AppiumServlet.handleHttpRequest(AppiumServlet.java:255)\n\tat io.appium.uiautomator2.http.ServerHandler.channelRead(ServerHandler.java:68)\n\tat io.netty.channel.AbstractChannelHandlerContext.invokeChannelRead(AbstractChannelHandlerContext.java:366)\n\tat io.netty.channel.AbstractChannelHandlerContext.invokeChannelRead(AbstractChannelHandlerContext.java:352)\n\tat io.netty.chann...
[debug] &amp#27;[35m[W3C]&amp#27;[39m Matched W3C error code 'no such element' to NoSuchElementError
[debug] &amp#27;[35m[BaseDriver]&amp#27;[39m Waited for 538 ms so far
[debug] &amp#27;[35m[WD Proxy]&amp#27;[39m Matched '/element' to command name 'findElement'
[debug] &amp#27;[35m[WD Proxy]&amp#27;[39m Proxying [POST /element] to [POST http://127.0.0.1:8200/wd/hub/session/d4c6e067-6377-42f0-82d9-e1a4aa699597/element] with body: {"strategy":"id","selector":"com.eezy.ai.dev:id/chat_menu_action_positive","context":"","multiple":false}
[debug] &amp#27;[35m[WD Proxy]&amp#27;[39m Got response with status 200: {"sessionId":"d4c6e067-6377-42f0-82d9-e1a4aa699597","value":{"ELEMENT":"c471fe69-41e9-406b-8461-4f067b8ce171","element-6066-11e4-a52e-4f735466cecf":"c471fe69-41e9-406b-8461-4f067b8ce171"}}
[debug] &amp#27;[35m[W3C (6325cddf)]&amp#27;[39m Responding to client with driver.findElement() result: {"element-6066-11e4-a52e-4f735466cecf":"c471fe69-41e9-406b-8461-4f067b8ce171","ELEMENT":"c471fe69-41e9-406b-8461-4f067b8ce171"}
&amp#27;[35m[HTTP]&amp#27;[39m &amp#27;[37m<-- POST /wd/hub/session/6325cddf-10c9-4f5c-af0c-6f0cac588a23/element &amp#27;[39m&amp#27;[32m200&amp#27;[39m &amp#27;[90m11186 ms - 137&amp#27;[39m
&amp#27;[35m[HTTP]&amp#27;[39m &amp#27;[90m&amp#27;[39m
&amp#27;[35m[HTTP]&amp#27;[39m &amp#27;[37m-->&amp#27;[39m &amp#27;[37mGET&amp#27;[39m &amp#27;[37m/wd/hub/session/6325cddf-10c9-4f5c-af0c-6f0cac588a23/element/c471fe69-41e9-406b-8461-4f067b8ce171/displayed&amp#27;[39m
&amp#27;[35m[HTTP]&amp#27;[39m &amp#27;[90m{}&amp#27;[39m
[debug] &amp#27;[35m[W3C (6325cddf)]&amp#27;[39m Calling AppiumDriver.elementDisplayed() with args: ["c471fe69-41e9-406b-8461-4f067b8ce171","6325cddf-10c9-4f5c-af0c-6f0cac588a23"]
[debug] &amp#27;[35m[WD Proxy]&amp#27;[39m Matched '/element/c471fe69-41e9-406b-8461-4f067b8ce171/attribute/displayed' to command name 'getAttribute'
[debug] &amp#27;[35m[WD Proxy]&amp#27;[39m Proxying [GET /element/c471fe69-41e9-406b-8461-4f067b8ce171/attribute/displayed] to [GET http://127.0.0.1:8200/wd/hub/session/d4c6e067-6377-42f0-82d9-e1a4aa699597/element/c471fe69-41e9-406b-8461-4f067b8ce171/attribute/displayed] with no body
[debug] &amp#27;[35m[WD Proxy]&amp#27;[39m Got response with status 200: {"sessionId":"d4c6e067-6377-42f0-82d9-e1a4aa699597","value":"true"}
[debug] &amp#27;[35m[W3C (6325cddf)]&amp#27;[39m Responding to client with driver.elementDisplayed() result: true
&amp#27;[35m[HTTP]&amp#27;[39m &amp#27;[37m<-- GET /wd/hub/session/6325cddf-10c9-4f5c-af0c-6f0cac588a23/element/c471fe69-41e9-406b-8461-4f067b8ce171/displayed &amp#27;[39m&amp#27;[32m200&amp#27;[39m &amp#27;[90m20114 ms - 14&amp#27;[39m
&amp#27;[35m[HTTP]&amp#27;[39m &amp#27;[90m&amp#27;[39m
]]></system-out>
    <system-err><![CDATA[SLF4J: Failed to load class "org.slf4j.impl.StaticLoggerBinder".
SLF4J: Defaulting to no-operation (NOP) logger implementation
SLF4J: See http://www.slf4j.org/codes.html#StaticLoggerBinder for further details.
Apr 28, 2021 1:41:10 PM io.appium.java_client.remote.AppiumCommandExecutor$1 lambda$0
INFO: Detected dialect: W3C
]]></system-err>
  </testcase>
  <testcase name="loginUsingMobileNumber" classname="com.eezy.logintest.LoginUsingMobileNumberTest" time="22.535">
    <failure message="Expected condition failed: waiting for element to be clickable: Located by By.chained({By.id: com.eezy.ai.dev:id/searchText}) (tried for 10 second(s) with 500 milliseconds interval)" type="org.openqa.selenium.TimeoutException"><![CDATA[org.openqa.selenium.TimeoutException: Expected condition failed: waiting for element to be clickable: Located by By.chained({By.id: com.eezy.ai.dev:id/searchText}) (tried for 10 second(s) with 500 milliseconds interval)
	at com.eezy.logintest.LoginUsingMobileNumberTest.loginUsingMobileNumber(LoginUsingMobileNumberTest.java:23)
Caused by: org.openqa.selenium.NoSuchElementException: Can't locate an element by this strategy: By.chained({By.id: com.eezy.ai.dev:id/searchText})
	at com.eezy.logintest.LoginUsingMobileNumberTest.loginUsingMobileNumber(LoginUsingMobileNumberTest.java:23)
Caused by: org.openqa.selenium.TimeoutException: Expected condition failed: waiting for io.appium.java_client.pagefactory.AppiumElementLocator$WaitingFunction@584dab7f (tried for 1 second(s) with 500 milliseconds interval)
	at com.eezy.logintest.LoginUsingMobileNumberTest.loginUsingMobileNumber(LoginUsingMobileNumberTest.java:23)
Caused by: org.openqa.selenium.NoSuchElementException: 
Cannot locate an element using By.chained({By.id: com.eezy.ai.dev:id/searchText})
For documentation on this error, please visit: https://www.seleniumhq.org/exceptions/no_such_element.html
Build info: version: '3.141.59', revision: 'e82be7d358', time: '2018-11-14T08:17:03'
System info: host: 'DESKTOP-NVPTPKF', ip: '192.168.1.8', os.name: 'Windows 10', os.arch: 'amd64', os.version: '10.0', java.version: '1.8.0_192'
Driver info: driver.version: AndroidDriver
	at com.eezy.logintest.LoginUsingMobileNumberTest.loginUsingMobileNumber(LoginUsingMobileNumberTest.java:23)
]]></failure>
    <system-out><![CDATA[&amp#27;[35m[HTTP]&amp#27;[39m &amp#27;[37m-->&amp#27;[39m &amp#27;[37mPOST&amp#27;[39m &amp#27;[37m/wd/hub/session/6325cddf-10c9-4f5c-af0c-6f0cac588a23/appium/stop_recording_screen&amp#27;[39m
&amp#27;[35m[HTTP]&amp#27;[39m &amp#27;[90m{}&amp#27;[39m
[debug] &amp#27;[35m[W3C (6325cddf)]&amp#27;[39m Calling AppiumDriver.stopRecordingScreen() with args: [null,"6325cddf-10c9-4f5c-af0c-6f0cac588a23"]
[debug] &amp#27;[35m[ADB]&amp#27;[39m Getting IDs of all 'screenrecord' processes
[debug] &amp#27;[35m[ADB]&amp#27;[39m Running 'C:\Users\Rajiv\AppData\Local\Android\Sdk\platform-tools\adb.exe -P 5037 -s bfe7d6690803 shell 'pgrep ^screenrecord$ || pgrep ^screenrecord$''
[debug] &amp#27;[35m[ADB]&amp#27;[39m Running 'C:\Users\Rajiv\AppData\Local\Android\Sdk\platform-tools\adb.exe -P 5037 -s bfe7d6690803 shell kill -2 28329'
[debug] &amp#27;[35m[ADB]&amp#27;[39m Getting IDs of all 'screenrecord' processes
[debug] &amp#27;[35m[ADB]&amp#27;[39m Running 'C:\Users\Rajiv\AppData\Local\Android\Sdk\platform-tools\adb.exe -P 5037 -s bfe7d6690803 shell 'pgrep ^screenrecord$ || pgrep ^screenrecord$''
[debug] &amp#27;[35m[ADB]&amp#27;[39m Getting IDs of all 'screenrecord' processes
[debug] &amp#27;[35m[ADB]&amp#27;[39m Running 'C:\Users\Rajiv\AppData\Local\Android\Sdk\platform-tools\adb.exe -P 5037 -s bfe7d6690803 shell 'pgrep ^screenrecord$ || pgrep ^screenrecord$''
[debug] &amp#27;[35m[ADB]&amp#27;[39m Getting IDs of all 'screenrecord' processes
[debug] &amp#27;[35m[ADB]&amp#27;[39m Running 'C:\Users\Rajiv\AppData\Local\Android\Sdk\platform-tools\adb.exe -P 5037 -s bfe7d6690803 shell 'pgrep ^screenrecord$ || pgrep ^screenrecord$''
[debug] &amp#27;[35m[ADB]&amp#27;[39m Getting IDs of all 'screenrecord' processes
[debug] &amp#27;[35m[ADB]&amp#27;[39m Running 'C:\Users\Rajiv\AppData\Local\Android\Sdk\platform-tools\adb.exe -P 5037 -s bfe7d6690803 shell 'pgrep ^screenrecord$ || pgrep ^screenrecord$''
[debug] &amp#27;[35m[ADB]&amp#27;[39m Running 'C:\Users\Rajiv\AppData\Local\Android\Sdk\platform-tools\adb.exe -P 5037 -s bfe7d6690803 pull /sdcard/90477ad0.mp4 C:\Users\Rajiv\AppData\Local\Temp\2021328-13352-bguotu.spmi\90477ad0.mp4'
[debug] &amp#27;[35m[ADB]&amp#27;[39m Running 'C:\Users\Rajiv\AppData\Local\Android\Sdk\platform-tools\adb.exe -P 5037 -s bfe7d6690803 shell rm -rf /sdcard/90477ad0.mp4'
[debug] &amp#27;[35m[AndroidDriver]&amp#27;[39m The size of the resulting screen recording is 41.70 MB
[debug] &amp#27;[35m[W3C (6325cddf)]&amp#27;[39m Responding to client with driver.stopRecordingScreen() result: "AAAAGGZ0eXBtcDQyAAAAAGlzb21tcDQyAAAMeWZyZWUAAAAAAAAAAAAAAAAAAAAAAAAAAAAAAAAAAAAAAAAAAAAAAAAAAAAAAAAAAAAAAAAAAAAAAAAAAAAAAAAAAAAAAAAAAAAAAAAAAAAAAAAAAAAAAAAAAAAAAAAAAAAAAAAAAAAAAAAAAAAAAAAAAAAAAAAAAAAAAAAAAAAAAAAAAAAAAAAAAAAAAAAAAAAAAAAAAAAAAAAAAAAAAAAAAAAAAAAAAAAAAAAAAAAAAAAAAAAAAAAAAAAAAAAAAAAAAAAAAAAAAAAAAAAAAAAAAAAAAAAAAAAAAAAAAAAAAAAAAAAAAAAAAAAAAAAAAAAAAAAAAAAAAAAAAAAAAAAAAAAAAAAAAAAAAAAAAAAAAAAAAAAAAAAAAAAAAAAAAAAAAAAAAAAAAAAAAAAAAAAAAAAAAAAAAAAAAAAAAAAAAAAAAAAAAAAAAAAAAAAAAAAAAAAAAAAAAAAAAAAAAAAAAAAAAAAAAAAAAAAAAAAAAAAAAAAAAAAAAAAAAAAAAAAAAAAAAAAAAAAAAAAAAAAAAAAAAAAAAAAAAAAAAAAAAAAAAAAAAAAAAAAAAAAAAAAAAAAAAAAAAAAAAAAAAAAAAAAAAAAAAAAAAAAAAAAAAAAAAAAAAAAAAAAAAAAAAAAAAAAAAAAAAAAAAAAAAAAAAAAAAAAAAAAAAAAAAAAAAAAAAAAAAAAAAAAAAAAAAAAAAAAAAAAAAAAAAAAAAAAAAAAAAAAAAAAAAAAAAAAAAAAAAAAAAAAAAAAAAAAAAAAAAAAAAAAAAAAAAAAAAAAAAAAAAAAAAAAAAAAAAAAAAAAAAAAAAAAAAAAAAAAAAAAAAAAAAAAAAAAAAAAAAAAAAAAAAAAAAAAAAAAAAAAAAAAAAAAAAAAAAAAAAAAAAAAAAAAAAAAAAAAAAAAAAAAAAAAAAAAAAAAAAAAAAAAAAAAAAAAAAAAAAAAAAAAAAAAAAAAAAAAAAAAAAAAAAAAA...
&amp#27;[35m[HTTP]&amp#27;[39m &amp#27;[37m<-- POST /wd/hub/session/6325cddf-10c9-4f5c-af0c-6f0cac588a23/appium/stop_recording_screen &amp#27;[39m&amp#27;[32m200&amp#27;[39m &amp#27;[90m6959 ms - 58300188&amp#27;[39m
&amp#27;[35m[HTTP]&amp#27;[39m &amp#27;[90m&amp#27;[39m
&amp#27;[35m[HTTP]&amp#27;[39m &amp#27;[37m-->&amp#27;[39m &amp#27;[37mDELETE&amp#27;[39m &amp#27;[37m/wd/hub/session/6325cddf-10c9-4f5c-af0c-6f0cac588a23&amp#27;[39m
&amp#27;[35m[HTTP]&amp#27;[39m &amp#27;[90m{}&amp#27;[39m
[debug] &amp#27;[35m[W3C (6325cddf)]&amp#27;[39m Calling AppiumDriver.deleteSession() with args: ["6325cddf-10c9-4f5c-af0c-6f0cac588a23"]
[debug] &amp#27;[35m[BaseDriver]&amp#27;[39m Event 'quitSessionRequested' logged at 1619597588994 (13:43:08 GMT+0530 (India Standard Time))
&amp#27;[35m[Appium]&amp#27;[39m Removing session 6325cddf-10c9-4f5c-af0c-6f0cac588a23 from our master session list
[debug] &amp#27;[35m[UiAutomator2]&amp#27;[39m Deleting UiAutomator2 session
[debug] &amp#27;[35m[UiAutomator2]&amp#27;[39m Deleting UiAutomator2 server session
[debug] &amp#27;[35m[WD Proxy]&amp#27;[39m Matched '/' to command name 'deleteSession'
[debug] &amp#27;[35m[WD Proxy]&amp#27;[39m Proxying [DELETE /] to [DELETE http://127.0.0.1:8200/wd/hub/session/d4c6e067-6377-42f0-82d9-e1a4aa699597] with no body
[debug] &amp#27;[35m[WD Proxy]&amp#27;[39m Got response with status 200: {"sessionId":"d4c6e067-6377-42f0-82d9-e1a4aa699597","value":null}
[debug] &amp#27;[35m[ADB]&amp#27;[39m Running 'C:\Users\Rajiv\AppData\Local\Android\Sdk\platform-tools\adb.exe -P 5037 -s bfe7d6690803 shell am force-stop com.eezy.ai.dev'
[debug] &amp#27;[35m[Instrumentation]&amp#27;[39m .
[debug] &amp#27;[35m[Logcat]&amp#27;[39m Stopping logcat capture
[debug] &amp#27;[35m[ADB]&amp#27;[39m Removing forwarded port socket connection: 8200 
[debug] &amp#27;[35m[ADB]&amp#27;[39m Running 'C:\Users\Rajiv\AppData\Local\Android\Sdk\platform-tools\adb.exe -P 5037 -s bfe7d6690803 forward --remove tcp:8200'
[debug] &amp#27;[35m[BaseDriver]&amp#27;[39m Event 'quitSessionFinished' logged at 1619597590035 (13:43:10 GMT+0530 (India Standard Time))
[debug] &amp#27;[35m[W3C (6325cddf)]&amp#27;[39m Received response: null
[debug] &amp#27;[35m[W3C (6325cddf)]&amp#27;[39m But deleting session, so not returning
[debug] &amp#27;[35m[W3C (6325cddf)]&amp#27;[39m Responding to client with driver.deleteSession() result: null
&amp#27;[35m[HTTP]&amp#27;[39m &amp#27;[37m<-- DELETE /wd/hub/session/6325cddf-10c9-4f5c-af0c-6f0cac588a23 &amp#27;[39m&amp#27;[32m200&amp#27;[39m &amp#27;[90m1044 ms - 14&amp#27;[39m
&amp#27;[35m[HTTP]&amp#27;[39m &amp#27;[90m&amp#27;[39m
&amp#27;[35m[HTTP]&amp#27;[39m &amp#27;[37m-->&amp#27;[39m &amp#27;[37mPOST&amp#27;[39m &amp#27;[37m/wd/hub/session&amp#27;[39m
&amp#27;[35m[HTTP]&amp#27;[39m &amp#27;[90m{"desiredCapabilities":{"appActivity":"com.natife.eezy.MainActivity","appPackage":"com.eezy.ai.dev","platformVersion":"7.0","automationName":"Appium","autoGrantPermissions":true,"platformName":"Android","UDID":"bfe7d6690803","deviceName":"MyLittleMonster"},"capabilities":{"firstMatch":[{"UDID":"bfe7d6690803","appium:appActivity":"com.natife.eezy.MainActivity","appium:appPackage":"com.eezy.ai.dev","appium:autoGrantPermissions":true,"appium:automationName":"Appium","appium:deviceName":"MyLittleMonster","platformName":"android","appium:platformVersion":"7.0"}]}}&amp#27;[39m
[debug] &amp#27;[35m[W3C]&amp#27;[39m Calling AppiumDriver.createSession() with args: [{"appActivity":"com.natife.eezy.MainActivity","appPackage":"com.eezy.ai.dev","platformVersion":"7.0","automationName":"Appium","autoGrantPermissions":true,"platformName":"Android","UDID":"bfe7d6690803","deviceName":"MyLittleMonster"},null,{"firstMatch":[{"UDID":"bfe7d6690803","appium:appActivity":"com.natife.eezy.MainActivity","appium:appPackage":"com.eezy.ai.dev","appium:autoGrantPermissions":true,"appium:automationName":"Appium","appium:deviceName":"MyLittleMonster","platformName":"android","appium:platformVersion":"7.0"}]}]
[debug] &amp#27;[35m[BaseDriver]&amp#27;[39m Event 'newSessionRequested' logged at 1619597590061 (13:43:10 GMT+0530 (India Standard Time))
&amp#27;[35m[BaseDriver]&amp#27;[39m The following capabilities are not standard capabilities and should have an extension prefix:
&amp#27;[35m[BaseDriver]&amp#27;[39m   UDID
&amp#27;[35m[Appium]&amp#27;[39m 
&amp#27;[35m[Appium]&amp#27;[39m ======================================================================
&amp#27;[35m[Appium]&amp#27;[39m   DEPRECATION WARNING:
&amp#27;[35m[Appium]&amp#27;[39m 
&amp#27;[35m[Appium]&amp#27;[39m   The 'automationName' capability was not provided in the desired 
&amp#27;[35m[Appium]&amp#27;[39m   capabilities for this Android session
&amp#27;[35m[Appium]&amp#27;[39m 
&amp#27;[35m[Appium]&amp#27;[39m   Setting 'automationName=UiAutomator2' by default and using the 
&amp#27;[35m[Appium]&amp#27;[39m   UiAutomator2 Driver
&amp#27;[35m[Appium]&amp#27;[39m 
&amp#27;[35m[Appium]&amp#27;[39m   The next major version of Appium (2.x) will **require** the 
&amp#27;[35m[Appium]&amp#27;[39m   'automationName' capability to be set for all sessions on all 
&amp#27;[35m[Appium]&amp#27;[39m   platforms
&amp#27;[35m[Appium]&amp#27;[39m 
&amp#27;[35m[Appium]&amp#27;[39m   In previous versions (Appium <= 1.13.x), the default was 
&amp#27;[35m[Appium]&amp#27;[39m   'automationName=UiAutomator1'
&amp#27;[35m[Appium]&amp#27;[39m 
&amp#27;[35m[Appium]&amp#27;[39m   If you wish to use that automation instead of UiAutomator2, please 
&amp#27;[35m[Appium]&amp#27;[39m   add 'automationName=UiAutomator1' to your desired capabilities
&amp#27;[35m[Appium]&amp#27;[39m 
&amp#27;[35m[Appium]&amp#27;[39m   For more information about drivers, please visit 
&amp#27;[35m[Appium]&amp#27;[39m   http://appium.io/docs/en/about-appium/intro/ and explore the 
&amp#27;[35m[Appium]&amp#27;[39m   'Drivers' menu
&amp#27;[35m[Appium]&amp#27;[39m 
&amp#27;[35m[Appium]&amp#27;[39m ======================================================================
&amp#27;[35m[Appium]&amp#27;[39m 
&amp#27;[35m[Appium]&amp#27;[39m Appium v1.20.2 creating new AndroidUiautomator2Driver (v1.61.2) session
[debug] &amp#27;[35m[BaseDriver]&amp#27;[39m W3C capabilities and MJSONWP desired capabilities were provided
[debug] &amp#27;[35m[BaseDriver]&amp#27;[39m Creating session with W3C capabilities: {
[debug] &amp#27;[35m[BaseDriver]&amp#27;[39m   "alwaysMatch": {
[debug] &amp#27;[35m[BaseDriver]&amp#27;[39m     "appium:UDID": "bfe7d6690803",
[debug] &amp#27;[35m[BaseDriver]&amp#27;[39m     "platformName": "android",
[debug] &amp#27;[35m[BaseDriver]&amp#27;[39m     "appium:appActivity": "com.natife.eezy.MainActivity",
[debug] &amp#27;[35m[BaseDriver]&amp#27;[39m     "appium:appPackage": "com.eezy.ai.dev",
[debug] &amp#27;[35m[BaseDriver]&amp#27;[39m     "appium:autoGrantPermissions": true,
[debug] &amp#27;[35m[BaseDriver]&amp#27;[39m     "appium:automationName": "Appium",
[debug] &amp#27;[35m[BaseDriver]&amp#27;[39m     "appium:deviceName": "MyLittleMonster",
[debug] &amp#27;[35m[BaseDriver]&amp#27;[39m     "appium:platformVersion": "7.0"
[debug] &amp#27;[35m[BaseDriver]&amp#27;[39m   },
[debug] &amp#27;[35m[BaseDriver]&amp#27;[39m   "firstMatch": [
[debug] &amp#27;[35m[BaseDriver]&amp#27;[39m     {}
[debug] &amp#27;[35m[BaseDriver]&amp#27;[39m   ]
[debug] &amp#27;[35m[BaseDriver]&amp#27;[39m }
&amp#27;[35m[BaseDriver]&amp#27;[39m The following capabilities were provided, but are not recognized by Appium:
&amp#27;[35m[BaseDriver]&amp#27;[39m   UDID
&amp#27;[35m[BaseDriver]&amp#27;[39m Session created with session id: 5f762b8f-6ac5-458d-b2ec-93d773dc99ad
&amp#27;[35m[UiAutomator2]&amp#27;[39m Starting 'com.eezy.ai.dev' directly on the device
&amp#27;[35m[ADB]&amp#27;[39m Using 'adb.exe' from 'C:\Users\Rajiv\AppData\Local\Android\Sdk\platform-tools\adb.exe'
[debug] &amp#27;[35m[ADB]&amp#27;[39m Running 'C:\Users\Rajiv\AppData\Local\Android\Sdk\platform-tools\adb.exe -P 5037 start-server'
[debug] &amp#27;[35m[Instrumentation]&amp#27;[39m Time: 125.105
[debug] &amp#27;[35m[Instrumentation]&amp#27;[39m 
[debug] &amp#27;[35m[Instrumentation]&amp#27;[39m OK (1 test)
&amp#27;[35m[AndroidDriver]&amp#27;[39m Retrieving device list
[debug] &amp#27;[35m[ADB]&amp#27;[39m Trying to find a connected android device
[debug] &amp#27;[35m[ADB]&amp#27;[39m Getting connected devices
[debug] &amp#27;[35m[Instrumentation]&amp#27;[39m The process has exited with code 0
[debug] &amp#27;[35m[ADB]&amp#27;[39m Connected devices: [{"udid":"bfe7d6690803","state":"device"}]
&amp#27;[35m[AndroidDriver]&amp#27;[39m Looking for a device with Android '7.0.0'
[debug] &amp#27;[35m[ADB]&amp#27;[39m Setting device id to bfe7d6690803
&amp#27;[35m[ADB]&amp#27;[39m Getting device platform version
[debug] &amp#27;[35m[ADB]&amp#27;[39m Running 'C:\Users\Rajiv\AppData\Local\Android\Sdk\platform-tools\adb.exe -P 5037 -s bfe7d6690803 shell getprop ro.build.version.release'
[debug] &amp#27;[35m[ADB]&amp#27;[39m Current device property 'ro.build.version.release': 7.0
&amp#27;[35m[AndroidDriver]&amp#27;[39m Using device: bfe7d6690803
&amp#27;[35m[ADB]&amp#27;[39m Using 'adb.exe' from 'C:\Users\Rajiv\AppData\Local\Android\Sdk\platform-tools\adb.exe'
[debug] &amp#27;[35m[ADB]&amp#27;[39m Running 'C:\Users\Rajiv\AppData\Local\Android\Sdk\platform-tools\adb.exe -P 5037 start-server'
[debug] &amp#27;[35m[ADB]&amp#27;[39m Setting device id to bfe7d6690803
[debug] &amp#27;[35m[ADB]&amp#27;[39m Running 'C:\Users\Rajiv\AppData\Local\Android\Sdk\platform-tools\adb.exe -P 5037 -s bfe7d6690803 shell getprop ro.build.version.sdk'
[debug] &amp#27;[35m[ADB]&amp#27;[39m Current device property 'ro.build.version.sdk': 24
[debug] &amp#27;[35m[ADB]&amp#27;[39m Device API level: 24
&amp#27;[35m[AndroidDriver]&amp#27;[39m No app sent in, not parsing package/activity
[debug] &amp#27;[35m[ADB]&amp#27;[39m Running 'C:\Users\Rajiv\AppData\Local\Android\Sdk\platform-tools\adb.exe -P 5037 -s bfe7d6690803 wait-for-device'
[debug] &amp#27;[35m[ADB]&amp#27;[39m Running 'C:\Users\Rajiv\AppData\Local\Android\Sdk\platform-tools\adb.exe -P 5037 -s bfe7d6690803 shell echo ping'
[debug] &amp#27;[35m[AndroidDriver]&amp#27;[39m Pushing settings apk to device...
[debug] &amp#27;[35m[ADB]&amp#27;[39m Getting install status for io.appium.settings
[debug] &amp#27;[35m[ADB]&amp#27;[39m Running 'C:\Users\Rajiv\AppData\Local\Android\Sdk\platform-tools\adb.exe -P 5037 -s bfe7d6690803 shell dumpsys package io.appium.settings'
[debug] &amp#27;[35m[ADB]&amp#27;[39m 'io.appium.settings' is installed
[debug] &amp#27;[35m[ADB]&amp#27;[39m Getting package info for 'io.appium.settings'
[debug] &amp#27;[35m[ADB]&amp#27;[39m Running 'C:\Users\Rajiv\AppData\Local\Android\Sdk\platform-tools\adb.exe -P 5037 -s bfe7d6690803 shell dumpsys package io.appium.settings'
[debug] &amp#27;[35m[ADB]&amp#27;[39m The version name of the installed 'io.appium.settings' is greater or equal to the application version name ('3.2.1' >= '3.2.1')
[debug] &amp#27;[35m[ADB]&amp#27;[39m There is no need to install/upgrade 'C:\Users\Rajiv\AppData\Roaming\npm\node_modules\appium\node_modules\io.appium.settings\apks\settings_apk-debug.apk'
[debug] &amp#27;[35m[ADB]&amp#27;[39m Getting IDs of all 'io.appium.settings' processes
[debug] &amp#27;[35m[ADB]&amp#27;[39m Running 'C:\Users\Rajiv\AppData\Local\Android\Sdk\platform-tools\adb.exe -P 5037 -s bfe7d6690803 shell 'pgrep --help; echo $?''
[debug] &amp#27;[35m[ADB]&amp#27;[39m Running 'C:\Users\Rajiv\AppData\Local\Android\Sdk\platform-tools\adb.exe -P 5037 -s bfe7d6690803 shell 'pgrep ^appium\\.settings$ || pgrep ^io\\.appium\\.setti$''
[debug] &amp#27;[35m[ADB]&amp#27;[39m Getting IDs of all 'io.appium.settings' processes
[debug] &amp#27;[35m[ADB]&amp#27;[39m Running 'C:\Users\Rajiv\AppData\Local\Android\Sdk\platform-tools\adb.exe -P 5037 -s bfe7d6690803 shell 'pgrep ^appium\\.settings$ || pgrep ^io\\.appium\\.setti$''
[debug] &amp#27;[35m[ADB]&amp#27;[39m Starting Appium Settings app
[debug] &amp#27;[35m[ADB]&amp#27;[39m Running 'C:\Users\Rajiv\AppData\Local\Android\Sdk\platform-tools\adb.exe -P 5037 -s bfe7d6690803 shell am start -n io.appium.settings/.Settings -a android.intent.action.MAIN -c android.intent.category.LAUNCHER'
[debug] &amp#27;[35m[ADB]&amp#27;[39m Getting IDs of all 'io.appium.settings' processes
[debug] &amp#27;[35m[ADB]&amp#27;[39m Running 'C:\Users\Rajiv\AppData\Local\Android\Sdk\platform-tools\adb.exe -P 5037 -s bfe7d6690803 shell 'pgrep ^appium\\.settings$ || pgrep ^io\\.appium\\.setti$''
[debug] &amp#27;[35m[ADB]&amp#27;[39m Running 'C:\Users\Rajiv\AppData\Local\Android\Sdk\platform-tools\adb.exe -P 5037 -s bfe7d6690803 shell appops set io.appium.settings android:mock_location allow'
[debug] &amp#27;[35m[Logcat]&amp#27;[39m Starting logs capture with command: C:\\Users\\Rajiv\\AppData\\Local\\Android\\Sdk\\platform-tools\\adb.exe -P 5037 -s bfe7d6690803 logcat -v threadtime
[debug] &amp#27;[35m[UiAutomator2]&amp#27;[39m Forwarding UiAutomator2 Server port 6790 to local port 8200
[debug] &amp#27;[35m[ADB]&amp#27;[39m Forwarding system: 8200 to device: 6790
[debug] &amp#27;[35m[ADB]&amp#27;[39m Running 'C:\Users\Rajiv\AppData\Local\Android\Sdk\platform-tools\adb.exe -P 5037 -s bfe7d6690803 forward tcp:8200 tcp:6790'
[debug] &amp#27;[35m[ADB]&amp#27;[39m Getting install status for io.appium.uiautomator2.server
[debug] &amp#27;[35m[ADB]&amp#27;[39m Running 'C:\Users\Rajiv\AppData\Local\Android\Sdk\platform-tools\adb.exe -P 5037 -s bfe7d6690803 shell dumpsys package io.appium.uiautomator2.server'
[debug] &amp#27;[35m[ADB]&amp#27;[39m 'io.appium.uiautomator2.server' is installed
[debug] &amp#27;[35m[ADB]&amp#27;[39m Getting package info for 'io.appium.uiautomator2.server'
[debug] &amp#27;[35m[ADB]&amp#27;[39m Running 'C:\Users\Rajiv\AppData\Local\Android\Sdk\platform-tools\adb.exe -P 5037 -s bfe7d6690803 shell dumpsys package io.appium.uiautomator2.server'
[debug] &amp#27;[35m[ADB]&amp#27;[39m The version name of the installed 'io.appium.uiautomator2.server' is greater or equal to the application version name ('4.17.4' >= '4.17.4')
[debug] &amp#27;[35m[UiAutomator2]&amp#27;[39m io.appium.uiautomator2.server installation state: sameVersionInstalled
[debug] &amp#27;[35m[ADB]&amp#27;[39m Checking app cert for C:\Users\Rajiv\AppData\Roaming\npm\node_modules\appium\node_modules\appium-uiautomator2-server\apks\appium-uiautomator2-server-v4.17.4.apk
&amp#27;[35m[ADB]&amp#27;[39m Using 'apksigner.jar' from 'C:\Users\Rajiv\AppData\Local\Android\Sdk\build-tools\30.0.3\lib\apksigner.jar'
[debug] &amp#27;[35m[ADB]&amp#27;[39m Starting apksigner: 'C:\\Program Files\\Java\\jdk1.8.0_192\\bin\\java.exe' -Xmx1024M -Xss1m -jar C:\\Users\\Rajiv\\AppData\\Local\\Android\\Sdk\\build-tools\\30.0.3\\lib\\apksigner.jar verify --print-certs C:\\Users\\Rajiv\\AppData\\Roaming\\npm\\node_modules\\appium\\node_modules\\appium-uiautomator2-server\\apks\\appium-uiautomator2-server-v4.17.4.apk
[debug] &amp#27;[35m[ADB]&amp#27;[39m apksigner stdout: Signer #1 certificate DN: EMAILADDRESS=android@android.com, CN=Android, OU=Android, O=Android, L=Mountain View, ST=California, C=US
[debug] &amp#27;[35m[ADB]&amp#27;[39m Signer #1 certificate SHA-256 digest: a40da80a59d170caa950cf15c18c454d47a39b26989d8b640ecd745ba71bf5dc
[debug] &amp#27;[35m[ADB]&amp#27;[39m Signer #1 certificate SHA-1 digest: 61ed377e85d386a8dfee6b864bd85b0bfaa5af81
[debug] &amp#27;[35m[ADB]&amp#27;[39m Signer #1 certificate MD5 digest: e89b158e4bcf988ebd09eb83f5378e87
[debug] &amp#27;[35m[ADB]&amp#27;[39m 
[debug] &amp#27;[35m[ADB]&amp#27;[39m sha256 hash did match for 'appium-uiautomator2-server-v4.17.4.apk'
&amp#27;[35m[ADB]&amp#27;[39m 'C:\Users\Rajiv\AppData\Roaming\npm\node_modules\appium\node_modules\appium-uiautomator2-server\apks\appium-uiautomator2-server-v4.17.4.apk' is signed with the default certificate
[debug] &amp#27;[35m[ADB]&amp#27;[39m Getting install status for io.appium.uiautomator2.server.test
[debug] &amp#27;[35m[ADB]&amp#27;[39m Running 'C:\Users\Rajiv\AppData\Local\Android\Sdk\platform-tools\adb.exe -P 5037 -s bfe7d6690803 shell dumpsys package io.appium.uiautomator2.server.test'
[debug] &amp#27;[35m[ADB]&amp#27;[39m 'io.appium.uiautomator2.server.test' is installed
[debug] &amp#27;[35m[ADB]&amp#27;[39m Checking app cert for C:\Users\Rajiv\AppData\Roaming\npm\node_modules\appium\node_modules\appium-uiautomator2-server\apks\appium-uiautomator2-server-debug-androidTest.apk
[debug] &amp#27;[35m[ADB]&amp#27;[39m Starting apksigner: 'C:\\Program Files\\Java\\jdk1.8.0_192\\bin\\java.exe' -Xmx1024M -Xss1m -jar C:\\Users\\Rajiv\\AppData\\Local\\Android\\Sdk\\build-tools\\30.0.3\\lib\\apksigner.jar verify --print-certs C:\\Users\\Rajiv\\AppData\\Roaming\\npm\\node_modules\\appium\\node_modules\\appium-uiautomator2-server\\apks\\appium-uiautomator2-server-debug-androidTest.apk
[debug] &amp#27;[35m[ADB]&amp#27;[39m apksigner stdout: Signer #1 certificate DN: EMAILADDRESS=android@android.com, CN=Android, OU=Android, O=Android, L=Mountain View, ST=California, C=US
[debug] &amp#27;[35m[ADB]&amp#27;[39m Signer #1 certificate SHA-256 digest: a40da80a59d170caa950cf15c18c454d47a39b26989d8b640ecd745ba71bf5dc
[debug] &amp#27;[35m[ADB]&amp#27;[39m Signer #1 certificate SHA-1 digest: 61ed377e85d386a8dfee6b864bd85b0bfaa5af81
[debug] &amp#27;[35m[ADB]&amp#27;[39m Signer #1 certificate MD5 digest: e89b158e4bcf988ebd09eb83f5378e87
[debug] &amp#27;[35m[ADB]&amp#27;[39m 
[debug] &amp#27;[35m[ADB]&amp#27;[39m sha256 hash did match for 'appium-uiautomator2-server-debug-androidTest.apk'
&amp#27;[35m[ADB]&amp#27;[39m 'C:\Users\Rajiv\AppData\Roaming\npm\node_modules\appium\node_modules\appium-uiautomator2-server\apks\appium-uiautomator2-server-debug-androidTest.apk' is signed with the default certificate
&amp#27;[35m[UiAutomator2]&amp#27;[39m Server packages are not going to be (re)installed
[debug] &amp#27;[35m[UiAutomator2]&amp#27;[39m Waiting up to 30000ms for services to be available
[debug] &amp#27;[35m[ADB]&amp#27;[39m Running 'C:\Users\Rajiv\AppData\Local\Android\Sdk\platform-tools\adb.exe -P 5037 -s bfe7d6690803 shell pm list instrumentation'
[debug] &amp#27;[35m[UiAutomator2]&amp#27;[39m Instrumentation target 'io.appium.uiautomator2.server.test/androidx.test.runner.AndroidJUnitRunner' is available
&amp#27;[35m[ADB]&amp#27;[39m Adding packages ["io.appium.settings","io.appium.uiautomator2.server","io.appium.uiautomator2.server.test"] to Doze whitelist
[debug] &amp#27;[35m[ADB]&amp#27;[39m Got the following command chunks to execute: [["dumpsys","deviceidle","whitelist","+io.appium.settings",";","dumpsys","deviceidle","whitelist","+io.appium.uiautomator2.server",";","dumpsys","deviceidle","whitelist","+io.appium.uiautomator2.server.test",";"]]
[debug] &amp#27;[35m[ADB]&amp#27;[39m Running 'C:\Users\Rajiv\AppData\Local\Android\Sdk\platform-tools\adb.exe -P 5037 -s bfe7d6690803 shell dumpsys deviceidle whitelist +io.appium.settings ; dumpsys deviceidle whitelist +io.appium.uiautomator2.server ; dumpsys deviceidle whitelist +io.appium.uiautomator2.server.test ;'
[debug] &amp#27;[35m[UiAutomator2]&amp#27;[39m No app capability. Assuming it is already on the device
[debug] &amp#27;[35m[ADB]&amp#27;[39m Getting install status for com.eezy.ai.dev
[debug] &amp#27;[35m[ADB]&amp#27;[39m Running 'C:\Users\Rajiv\AppData\Local\Android\Sdk\platform-tools\adb.exe -P 5037 -s bfe7d6690803 shell dumpsys package com.eezy.ai.dev'
[debug] &amp#27;[35m[ADB]&amp#27;[39m 'com.eezy.ai.dev' is installed
[debug] &amp#27;[35m[ADB]&amp#27;[39m Running 'C:\Users\Rajiv\AppData\Local\Android\Sdk\platform-tools\adb.exe -P 5037 -s bfe7d6690803 shell am force-stop com.eezy.ai.dev'
[debug] &amp#27;[35m[ADB]&amp#27;[39m Running 'C:\Users\Rajiv\AppData\Local\Android\Sdk\platform-tools\adb.exe -P 5037 -s bfe7d6690803 shell pm clear com.eezy.ai.dev'
[debug] &amp#27;[35m[ADB]&amp#27;[39m Running 'C:\Users\Rajiv\AppData\Local\Android\Sdk\platform-tools\adb.exe -P 5037 -s bfe7d6690803 shell dumpsys package com.eezy.ai.dev'
[debug] &amp#27;[35m[ADB]&amp#27;[39m Retrieving requested permissions
[debug] &amp#27;[35m[ADB]&amp#27;[39m Retrieved 24 permissions from requested group
[debug] &amp#27;[35m[ADB]&amp#27;[39m Retrieving granted permissions
[debug] &amp#27;[35m[ADB]&amp#27;[39m Retrieved 8 permissions from install,runtime groups
[debug] &amp#27;[35m[ADB]&amp#27;[39m Granting permissions ["android.permission.ACCESS_FINE_LOCATION","android.permission.ACCESS_COARSE_LOCATION","android.permission.READ_EXTERNAL_STORAGE","android.permission.WRITE_EXTERNAL_STORAGE","android.permission.READ_CONTACTS","android.permission.FOREGROUND_SERVICE","android.permission.WRITE_CONTACTS","android.permission.READ_PHONE_STATE"] to 'com.eezy.ai.dev'
[debug] &amp#27;[35m[ADB]&amp#27;[39m Got the following command chunks to execute: [["pm","grant","com.eezy.ai.dev","android.permission.ACCESS_FINE_LOCATION",";","pm","grant","com.eezy.ai.dev","android.permission.ACCESS_COARSE_LOCATION",";","pm","grant","com.eezy.ai.dev","android.permission.READ_EXTERNAL_STORAGE",";","pm","grant","com.eezy.ai.dev","android.permission.WRITE_EXTERNAL_STORAGE",";","pm","grant","com.eezy.ai.dev","android.permission.READ_CONTACTS",";","pm","grant","com.eezy.ai.dev","android.permission.FOREGROUND_SERVICE",";","pm","grant","com.eezy.ai.dev","android.permission.WRITE_CONTACTS",";","pm","grant","com.eezy.ai.dev","android.permission.READ_PHONE_STATE",";"]]
[debug] &amp#27;[35m[ADB]&amp#27;[39m Running 'C:\Users\Rajiv\AppData\Local\Android\Sdk\platform-tools\adb.exe -P 5037 -s bfe7d6690803 shell pm grant com.eezy.ai.dev android.permission.ACCESS_FINE_LOCATION ; pm grant com.eezy.ai.dev android.permission.ACCESS_COARSE_LOCATION ; pm grant com.eezy.ai.dev android.permission.READ_EXTERNAL_STORAGE ; pm grant com.eezy.ai.dev android.permission.WRITE_EXTERNAL_STORAGE ; pm grant com.eezy.ai.dev android.permission.READ_CONTACTS ; pm grant com.eezy.ai.dev android.permission.FOREGROUND_SERVICE ; pm grant com.eezy.ai.dev android.permission.WRITE_CONTACTS ; pm grant com.eezy.ai.dev android.permission.READ_PHONE_STATE ;'
[debug] &amp#27;[35m[AndroidDriver]&amp#27;[39m Performed fast reset on the installed 'com.eezy.ai.dev' application (stop and clear)
[debug] &amp#27;[35m[UiAutomator2]&amp#27;[39m Performing shallow cleanup of automation leftovers
[debug] &amp#27;[35m[UiAutomator2]&amp#27;[39m No obsolete sessions have been detected (socket hang up)
[debug] &amp#27;[35m[ADB]&amp#27;[39m Running 'C:\Users\Rajiv\AppData\Local\Android\Sdk\platform-tools\adb.exe -P 5037 -s bfe7d6690803 shell am force-stop io.appium.uiautomator2.server.test'
&amp#27;[35m[UiAutomator2]&amp#27;[39m Starting UIAutomator2 server 4.17.4
&amp#27;[35m[UiAutomator2]&amp#27;[39m Using UIAutomator2 server from 'C:\Users\Rajiv\AppData\Roaming\npm\node_modules\appium\node_modules\appium-uiautomator2-server\apks\appium-uiautomator2-server-v4.17.4.apk' and test from 'C:\Users\Rajiv\AppData\Roaming\npm\node_modules\appium\node_modules\appium-uiautomator2-server\apks\appium-uiautomator2-server-debug-androidTest.apk'
&amp#27;[35m[UiAutomator2]&amp#27;[39m Waiting up to 30000ms for UiAutomator2 to be online...
[debug] &amp#27;[35m[ADB]&amp#27;[39m Creating ADB subprocess with args: ["-P",5037,"-s","bfe7d6690803","shell","am","instrument","-w","io.appium.uiautomator2.server.test/androidx.test.runner.AndroidJUnitRunner"]
[debug] &amp#27;[35m[WD Proxy]&amp#27;[39m Matched '/status' to command name 'getStatus'
[debug] &amp#27;[35m[WD Proxy]&amp#27;[39m Proxying [GET /status] to [GET http://127.0.0.1:8200/wd/hub/status] with no body
&amp#27;[35m[WD Proxy]&amp#27;[39m socket hang up
[debug] &amp#27;[35m[WD Proxy]&amp#27;[39m Matched '/status' to command name 'getStatus'
[debug] &amp#27;[35m[WD Proxy]&amp#27;[39m Proxying [GET /status] to [GET http://127.0.0.1:8200/wd/hub/status] with no body
&amp#27;[35m[WD Proxy]&amp#27;[39m socket hang up
[debug] &amp#27;[35m[Instrumentation]&amp#27;[39m io.appium.uiautomator2.server.test.AppiumUiAutomator2Server:
[debug] &amp#27;[35m[WD Proxy]&amp#27;[39m Matched '/status' to command name 'getStatus'
[debug] &amp#27;[35m[WD Proxy]&amp#27;[39m Proxying [GET /status] to [GET http://127.0.0.1:8200/wd/hub/status] with no body
&amp#27;[35m[WD Proxy]&amp#27;[39m socket hang up
[debug] &amp#27;[35m[WD Proxy]&amp#27;[39m Matched '/status' to command name 'getStatus'
[debug] &amp#27;[35m[WD Proxy]&amp#27;[39m Proxying [GET /status] to [GET http://127.0.0.1:8200/wd/hub/status] with no body
[debug] &amp#27;[35m[WD Proxy]&amp#27;[39m Got response with status 200: {"sessionId":"None","value":{"message":"UiAutomator2 Server is ready to accept commands","ready":true}}
[debug] &amp#27;[35m[UiAutomator2]&amp#27;[39m The initialization of the instrumentation process took 3130ms
[debug] &amp#27;[35m[WD Proxy]&amp#27;[39m Matched '/session' to command name 'createSession'
[debug] &amp#27;[35m[WD Proxy]&amp#27;[39m Proxying [POST /session] to [POST http://127.0.0.1:8200/wd/hub/session] with body: {"capabilities":{"firstMatch":[{"platform":"LINUX","webStorageEnabled":false,"takesScreenshot":true,"javascriptEnabled":true,"databaseEnabled":false,"networkConnectionEnabled":true,"locationContextEnabled":false,"warnings":{},"desired":{"platformName":"android","UDID":"bfe7d6690803","appActivity":"com.natife.eezy.MainActivity","appPackage":"com.eezy.ai.dev","autoGrantPermissions":true,"automationName":"Appium","deviceName":"MyLittleMonster","platformVersion":"7.0"},"platformName":"android","UDID":"bfe7d6690803","appActivity":"com.natife.eezy.MainActivity","appPackage":"com.eezy.ai.dev","autoGrantPermissions":true,"automationName":"Appium","deviceName":"bfe7d6690803","platformVersion":"7.0","deviceUDID":"bfe7d6690803"}],"alwaysMatch":{}}}
[debug] &amp#27;[35m[WD Proxy]&amp#27;[39m Got response with status 200: {"sessionId":"c8d31350-7fa3-4c98-9ea6-e3830af82371","value":{"capabilities":{"firstMatch":[{"platform":"LINUX","webStorageEnabled":false,"takesScreenshot":true,"javascriptEnabled":true,"databaseEnabled":false,"networkConnectionEnabled":true,"locationContextEnabled":false,"warnings":{},"desired":{"platformName":"android","UDID":"bfe7d6690803","appActivity":"com.natife.eezy.MainActivity","appPackage":"com.eezy.ai.dev","autoGrantPermissions":true,"automationName":"Appium","deviceName":"MyLittleMonster","platformVersion":"7.0"},"platformName":"android","UDID":"bfe7d6690803","appActivity":"com.natife.eezy.MainActivity","appPackage":"com.eezy.ai.dev","autoGrantPermissions":true,"automationName":"Appium","deviceName":"bfe7d6690803","platformVersion":"7.0","deviceUDID":"bfe7d6690803"}],"alwaysMatch":{}},"sessionId":"c8d31350-7fa3-4c98-9ea6-e3830af82371"}}
&amp#27;[35m[WD Proxy]&amp#27;[39m Determined the downstream protocol as 'W3C'
[debug] &amp#27;[35m[WD Proxy]&amp#27;[39m Proxying [GET /appium/device/info] to [GET http://127.0.0.1:8200/wd/hub/session/c8d31350-7fa3-4c98-9ea6-e3830af82371/appium/device/info] with no body
[debug] &amp#27;[35m[WD Proxy]&amp#27;[39m Got response with status 200: {"sessionId":"c8d31350-7fa3-4c98-9ea6-e3830af82371","value":{"androidId":"493cf81125032c7f","apiVersion":"24","bluetooth":{"state":"ON"},"brand":"xiaomi","carrierName":"Vodafone IN","displayDensity":480,"locale":"en_IN","manufacturer":"Xiaomi","model":"Redmi Note 4","networks":[{"capabilities":{"SSID":null,"linkDownBandwidthKbps":1048576,"linkUpstreamBandwidthKbps":1048576,"networkCapabilities":"NET_CAPABILITY_NOT_METERED,NET_CAPABILITY_NOT_RESTRICTED,NET_CAPABILITY_NOT_VPN,NET_CAPABILITY_INTERNET,NET_CAPABILITY_TRUSTED,NET_CAPABILITY_VALIDATED","signalStrength":-81,"transportTypes":"TRANSPORT_WIFI"},"detailedState":"CONNECTED","extraInfo":"\"Rajiv 5G\"","isAvailable":true,"isConnected":true,"isFailover":false,"isRoaming":false,"state":"CONNECTED","subtype":0,"subtypeName":"","type":1,"typeName":"WIFI"}],"platformVersion":"7.0","realDisplaySize":"1080x1920","timeZone":"Asia/Calcutta"}}
[debug] &amp#27;[35m[ADB]&amp#27;[39m Running 'C:\Users\Rajiv\AppData\Local\Android\Sdk\platform-tools\adb.exe -P 5037 -s bfe7d6690803 shell dumpsys window'
&amp#27;[35m[AndroidDriver]&amp#27;[39m Screen already unlocked, doing nothing
&amp#27;[35m[UiAutomator2]&amp#27;[39m Starting 'com.eezy.ai.dev/com.natife.eezy.MainActivity and waiting for 'com.eezy.ai.dev/com.natife.eezy.MainActivity'
[debug] &amp#27;[35m[ADB]&amp#27;[39m Running 'C:\Users\Rajiv\AppData\Local\Android\Sdk\platform-tools\adb.exe -P 5037 -s bfe7d6690803 shell am start -W -n com.eezy.ai.dev/com.natife.eezy.MainActivity -S -a android.intent.action.MAIN -c android.intent.category.LAUNCHER -f 0x10200000'
[debug] &amp#27;[35m[WD Proxy]&amp#27;[39m Proxying [GET /appium/device/pixel_ratio] to [GET http://127.0.0.1:8200/wd/hub/session/c8d31350-7fa3-4c98-9ea6-e3830af82371/appium/device/pixel_ratio] with no body
[debug] &amp#27;[35m[WD Proxy]&amp#27;[39m Got response with status 200: {"sessionId":"c8d31350-7fa3-4c98-9ea6-e3830af82371","value":3}
[debug] &amp#27;[35m[WD Proxy]&amp#27;[39m Matched '/appium/device/system_bars' to command name 'getSystemBars'
[debug] &amp#27;[35m[WD Proxy]&amp#27;[39m Proxying [GET /appium/device/system_bars] to [GET http://127.0.0.1:8200/wd/hub/session/c8d31350-7fa3-4c98-9ea6-e3830af82371/appium/device/system_bars] with no body
[debug] &amp#27;[35m[WD Proxy]&amp#27;[39m Got response with status 200: {"sessionId":"c8d31350-7fa3-4c98-9ea6-e3830af82371","value":{"statusBar":72}}
[debug] &amp#27;[35m[WD Proxy]&amp#27;[39m Matched '/window/current/size' to command name 'getWindowSize'
[debug] &amp#27;[35m[WD Proxy]&amp#27;[39m Proxying [GET /window/current/size] to [GET http://127.0.0.1:8200/wd/hub/session/c8d31350-7fa3-4c98-9ea6-e3830af82371/window/current/size] with no body
[debug] &amp#27;[35m[WD Proxy]&amp#27;[39m Got response with status 200: {"sessionId":"c8d31350-7fa3-4c98-9ea6-e3830af82371","value":{"height":1920,"width":1080}}
&amp#27;[35m[Appium]&amp#27;[39m New AndroidUiautomator2Driver session created successfully, session 5f762b8f-6ac5-458d-b2ec-93d773dc99ad added to master session list
[debug] &amp#27;[35m[BaseDriver]&amp#27;[39m Event 'newSessionStarted' logged at 1619597612649 (13:43:32 GMT+0530 (India Standard Time))
[debug] &amp#27;[35m[W3C (5f762b8f)]&amp#27;[39m Cached the protocol value 'W3C' for the new session 5f762b8f-6ac5-458d-b2ec-93d773dc99ad
[debug] &amp#27;[35m[W3C (5f762b8f)]&amp#27;[39m Responding to client with driver.createSession() result: {"capabilities":{"platform":"LINUX","webStorageEnabled":false,"takesScreenshot":true,"javascriptEnabled":true,"databaseEnabled":false,"networkConnectionEnabled":true,"locationContextEnabled":false,"warnings":{},"desired":{"platformName":"android","UDID":"bfe7d6690803","appActivity":"com.natife.eezy.MainActivity","appPackage":"com.eezy.ai.dev","autoGrantPermissions":true,"automationName":"Appium","deviceName":"MyLittleMonster","platformVersion":"7.0"},"platformName":"android","UDID":"bfe7d6690803","appActivity":"com.natife.eezy.MainActivity","appPackage":"com.eezy.ai.dev","autoGrantPermissions":true,"automationName":"Appium","deviceName":"bfe7d6690803","platformVersion":"7.0","deviceUDID":"bfe7d6690803","deviceApiLevel":24,"deviceScreenSize":"1080x1920","deviceScreenDensity":480,"deviceModel":"Redmi Note 4","deviceManufacturer":"Xiaomi","pixelRatio":3,"statBarHeight":72,"viewportRect":{"left":0,"top":72,"width":1080,"height":1848}}}
&amp#27;[35m[HTTP]&amp#27;[39m &amp#27;[37m<-- POST /wd/hub/session &amp#27;[39m&amp#27;[32m200&amp#27;[39m &amp#27;[90m22598 ms - 1006&amp#27;[39m
&amp#27;[35m[HTTP]&amp#27;[39m &amp#27;[90m&amp#27;[39m
&amp#27;[35m[HTTP]&amp#27;[39m &amp#27;[37m-->&amp#27;[39m &amp#27;[37mPOST&amp#27;[39m &amp#27;[37m/wd/hub/session/5f762b8f-6ac5-458d-b2ec-93d773dc99ad/timeouts&amp#27;[39m
&amp#27;[35m[HTTP]&amp#27;[39m &amp#27;[90m{"implicit":15000}&amp#27;[39m
[debug] &amp#27;[35m[W3C (5f762b8f)]&amp#27;[39m Calling AppiumDriver.timeouts() with args: [null,null,null,null,15000,"5f762b8f-6ac5-458d-b2ec-93d773dc99ad"]
[debug] &amp#27;[35m[BaseDriver]&amp#27;[39m W3C timeout argument: {"implicit":15000}}
[debug] &amp#27;[35m[BaseDriver]&amp#27;[39m Set implicit wait to 15000ms
[debug] &amp#27;[35m[W3C (5f762b8f)]&amp#27;[39m Responding to client with driver.timeouts() result: null
&amp#27;[35m[HTTP]&amp#27;[39m &amp#27;[37m<-- POST /wd/hub/session/5f762b8f-6ac5-458d-b2ec-93d773dc99ad/timeouts &amp#27;[39m&amp#27;[32m200&amp#27;[39m &amp#27;[90m7 ms - 14&amp#27;[39m
&amp#27;[35m[HTTP]&amp#27;[39m &amp#27;[90m&amp#27;[39m
&amp#27;[35m[HTTP]&amp#27;[39m &amp#27;[37m-->&amp#27;[39m &amp#27;[37mPOST&amp#27;[39m &amp#27;[37m/wd/hub/session/5f762b8f-6ac5-458d-b2ec-93d773dc99ad/appium/start_recording_screen&amp#27;[39m
&amp#27;[35m[HTTP]&amp#27;[39m &amp#27;[90m{}&amp#27;[39m
[debug] &amp#27;[35m[W3C (5f762b8f)]&amp#27;[39m Calling AppiumDriver.startRecordingScreen() with args: [null,"5f762b8f-6ac5-458d-b2ec-93d773dc99ad"]
[debug] &amp#27;[35m[ADB]&amp#27;[39m Getting IDs of all 'screenrecord' processes
[debug] &amp#27;[35m[ADB]&amp#27;[39m Running 'C:\Users\Rajiv\AppData\Local\Android\Sdk\platform-tools\adb.exe -P 5037 -s bfe7d6690803 shell 'pgrep ^screenrecord$ || pgrep ^screenrecord$''
&amp#27;[35m[AndroidDriver]&amp#27;[39m Screen recording has not been previously started by Appium. There is nothing to stop
[debug] &amp#27;[35m[ADB]&amp#27;[39m Getting IDs of all 'screenrecord' processes
[debug] &amp#27;[35m[ADB]&amp#27;[39m Running 'C:\Users\Rajiv\AppData\Local\Android\Sdk\platform-tools\adb.exe -P 5037 -s bfe7d6690803 shell 'pgrep ^screenrecord$ || pgrep ^screenrecord$''
[debug] &amp#27;[35m[ADB]&amp#27;[39m Building screenrecord process with the command line: adb -P 5037 -s bfe7d6690803 shell screenrecord --time-limit 180 /sdcard/12f9c0ae.mp4
[debug] &amp#27;[35m[ADB]&amp#27;[39m Running 'C:\Users\Rajiv\AppData\Local\Android\Sdk\platform-tools\adb.exe -P 5037 -s bfe7d6690803 shell "[ -e '/sdcard/12f9c0ae.mp4' ] && echo __PASS__"'
[debug] &amp#27;[35m[ADB]&amp#27;[39m Running 'C:\Users\Rajiv\AppData\Local\Android\Sdk\platform-tools\adb.exe -P 5037 -s bfe7d6690803 shell "[ -e '/sdcard/12f9c0ae.mp4' ] && echo __PASS__"'
[debug] &amp#27;[35m[W3C (5f762b8f)]&amp#27;[39m Responding to client with driver.startRecordingScreen() result: ""
&amp#27;[35m[HTTP]&amp#27;[39m &amp#27;[37m<-- POST /wd/hub/session/5f762b8f-6ac5-458d-b2ec-93d773dc99ad/appium/start_recording_screen &amp#27;[39m&amp#27;[32m200&amp#27;[39m &amp#27;[90m732 ms - 12&amp#27;[39m
&amp#27;[35m[HTTP]&amp#27;[39m &amp#27;[90m&amp#27;[39m
&amp#27;[35m[HTTP]&amp#27;[39m &amp#27;[37m-->&amp#27;[39m &amp#27;[37mGET&amp#27;[39m &amp#27;[37m/wd/hub/session/5f762b8f-6ac5-458d-b2ec-93d773dc99ad/context&amp#27;[39m
&amp#27;[35m[HTTP]&amp#27;[39m &amp#27;[90m{}&amp#27;[39m
[debug] &amp#27;[35m[W3C (5f762b8f)]&amp#27;[39m Calling AppiumDriver.getCurrentContext() with args: ["5f762b8f-6ac5-458d-b2ec-93d773dc99ad"]
[debug] &amp#27;[35m[W3C (5f762b8f)]&amp#27;[39m Responding to client with driver.getCurrentContext() result: "NATIVE_APP"
&amp#27;[35m[HTTP]&amp#27;[39m &amp#27;[37m<-- GET /wd/hub/session/5f762b8f-6ac5-458d-b2ec-93d773dc99ad/context &amp#27;[39m&amp#27;[32m200&amp#27;[39m &amp#27;[90m2 ms - 22&amp#27;[39m
&amp#27;[35m[HTTP]&amp#27;[39m &amp#27;[90m&amp#27;[39m
&amp#27;[35m[HTTP]&amp#27;[39m &amp#27;[37m-->&amp#27;[39m &amp#27;[37mPOST&amp#27;[39m &amp#27;[37m/wd/hub/session/5f762b8f-6ac5-458d-b2ec-93d773dc99ad/element&amp#27;[39m
&amp#27;[35m[HTTP]&amp#27;[39m &amp#27;[90m{"using":"id","value":"com.eezy.ai.dev:id/wizardLoginTextView"}&amp#27;[39m
[debug] &amp#27;[35m[W3C (5f762b8f)]&amp#27;[39m Calling AppiumDriver.findElement() with args: ["id","com.eezy.ai.dev:id/wizardLoginTextView","5f762b8f-6ac5-458d-b2ec-93d773dc99ad"]
[debug] &amp#27;[35m[BaseDriver]&amp#27;[39m Valid locator strategies for this request: xpath, id, class name, accessibility id, css selector, -android uiautomator
[debug] &amp#27;[35m[BaseDriver]&amp#27;[39m Waiting up to 15000 ms for condition
[debug] &amp#27;[35m[WD Proxy]&amp#27;[39m Matched '/element' to command name 'findElement'
[debug] &amp#27;[35m[WD Proxy]&amp#27;[39m Proxying [POST /element] to [POST http://127.0.0.1:8200/wd/hub/session/c8d31350-7fa3-4c98-9ea6-e3830af82371/element] with body: {"strategy":"id","selector":"com.eezy.ai.dev:id/wizardLoginTextView","context":"","multiple":false}
&amp#27;[35m[WD Proxy]&amp#27;[39m Got response with status 404: {"sessionId":"c8d31350-7fa3-4c98-9ea6-e3830af82371","value":{"error":"no such element","message":"An element could not be located on the page using the given search parameters","stacktrace":"io.appium.uiautomator2.common.exceptions.ElementNotFoundException: An element could not be located on the page using the given search parameters\n\tat io.appium.uiautomator2.handler.FindElement.safeHandle(FindElement.java:70)\n\tat io.appium.uiautomator2.handler.request.SafeRequestHandler.handle(SafeRequestHandler.java:41)\n\tat io.appium.uiautomator2.server.AppiumServlet.handleRequest(AppiumServlet.java:261)\n\tat io.appium.uiautomator2.server.AppiumServlet.handleHttpRequest(AppiumServlet.java:255)\n\tat io.appium.uiautomator2.http.ServerHandler.channelRead(ServerHandler.java:68)\n\tat io.netty.channel.AbstractChannelHandlerContext.invokeChannelRead(AbstractChannelHandlerContext.java:366)\n\tat io.netty.channel.AbstractChannelHandlerContext.invokeChannelRead(AbstractChannelHandlerContext.java:352)\n\tat io.netty.chann...
[debug] &amp#27;[35m[W3C]&amp#27;[39m Matched W3C error code 'no such element' to NoSuchElementError
[debug] &amp#27;[35m[BaseDriver]&amp#27;[39m Waited for 74 ms so far
[debug] &amp#27;[35m[WD Proxy]&amp#27;[39m Matched '/element' to command name 'findElement'
[debug] &amp#27;[35m[WD Proxy]&amp#27;[39m Proxying [POST /element] to [POST http://127.0.0.1:8200/wd/hub/session/c8d31350-7fa3-4c98-9ea6-e3830af82371/element] with body: {"strategy":"id","selector":"com.eezy.ai.dev:id/wizardLoginTextView","context":"","multiple":false}
&amp#27;[35m[WD Proxy]&amp#27;[39m Got response with status 404: {"sessionId":"c8d31350-7fa3-4c98-9ea6-e3830af82371","value":{"error":"no such element","message":"An element could not be located on the page using the given search parameters","stacktrace":"io.appium.uiautomator2.common.exceptions.ElementNotFoundException: An element could not be located on the page using the given search parameters\n\tat io.appium.uiautomator2.handler.FindElement.safeHandle(FindElement.java:70)\n\tat io.appium.uiautomator2.handler.request.SafeRequestHandler.handle(SafeRequestHandler.java:41)\n\tat io.appium.uiautomator2.server.AppiumServlet.handleRequest(AppiumServlet.java:261)\n\tat io.appium.uiautomator2.server.AppiumServlet.handleHttpRequest(AppiumServlet.java:255)\n\tat io.appium.uiautomator2.http.ServerHandler.channelRead(ServerHandler.java:68)\n\tat io.netty.channel.AbstractChannelHandlerContext.invokeChannelRead(AbstractChannelHandlerContext.java:366)\n\tat io.netty.channel.AbstractChannelHandlerContext.invokeChannelRead(AbstractChannelHandlerContext.java:352)\n\tat io.netty.chann...
[debug] &amp#27;[35m[W3C]&amp#27;[39m Matched W3C error code 'no such element' to NoSuchElementError
[debug] &amp#27;[35m[BaseDriver]&amp#27;[39m Waited for 649 ms so far
[debug] &amp#27;[35m[WD Proxy]&amp#27;[39m Matched '/element' to command name 'findElement'
[debug] &amp#27;[35m[WD Proxy]&amp#27;[39m Proxying [POST /element] to [POST http://127.0.0.1:8200/wd/hub/session/c8d31350-7fa3-4c98-9ea6-e3830af82371/element] with body: {"strategy":"id","selector":"com.eezy.ai.dev:id/wizardLoginTextView","context":"","multiple":false}
&amp#27;[35m[WD Proxy]&amp#27;[39m Got response with status 404: {"sessionId":"c8d31350-7fa3-4c98-9ea6-e3830af82371","value":{"error":"no such element","message":"An element could not be located on the page using the given search parameters","stacktrace":"io.appium.uiautomator2.common.exceptions.ElementNotFoundException: An element could not be located on the page using the given search parameters\n\tat io.appium.uiautomator2.handler.FindElement.safeHandle(FindElement.java:70)\n\tat io.appium.uiautomator2.handler.request.SafeRequestHandler.handle(SafeRequestHandler.java:41)\n\tat io.appium.uiautomator2.server.AppiumServlet.handleRequest(AppiumServlet.java:261)\n\tat io.appium.uiautomator2.server.AppiumServlet.handleHttpRequest(AppiumServlet.java:255)\n\tat io.appium.uiautomator2.http.ServerHandler.channelRead(ServerHandler.java:68)\n\tat io.netty.channel.AbstractChannelHandlerContext.invokeChannelRead(AbstractChannelHandlerContext.java:366)\n\tat io.netty.channel.AbstractChannelHandlerContext.invokeChannelRead(AbstractChannelHandlerContext.java:352)\n\tat io.netty.chann...
[debug] &amp#27;[35m[W3C]&amp#27;[39m Matched W3C error code 'no such element' to NoSuchElementError
[debug] &amp#27;[35m[BaseDriver]&amp#27;[39m Waited for 1231 ms so far
[debug] &amp#27;[35m[WD Proxy]&amp#27;[39m Matched '/element' to command name 'findElement'
[debug] &amp#27;[35m[WD Proxy]&amp#27;[39m Proxying [POST /element] to [POST http://127.0.0.1:8200/wd/hub/session/c8d31350-7fa3-4c98-9ea6-e3830af82371/element] with body: {"strategy":"id","selector":"com.eezy.ai.dev:id/wizardLoginTextView","context":"","multiple":false}
&amp#27;[35m[WD Proxy]&amp#27;[39m Got response with status 404: {"sessionId":"c8d31350-7fa3-4c98-9ea6-e3830af82371","value":{"error":"no such element","message":"An element could not be located on the page using the given search parameters","stacktrace":"io.appium.uiautomator2.common.exceptions.ElementNotFoundException: An element could not be located on the page using the given search parameters\n\tat io.appium.uiautomator2.handler.FindElement.safeHandle(FindElement.java:70)\n\tat io.appium.uiautomator2.handler.request.SafeRequestHandler.handle(SafeRequestHandler.java:41)\n\tat io.appium.uiautomator2.server.AppiumServlet.handleRequest(AppiumServlet.java:261)\n\tat io.appium.uiautomator2.server.AppiumServlet.handleHttpRequest(AppiumServlet.java:255)\n\tat io.appium.uiautomator2.http.ServerHandler.channelRead(ServerHandler.java:68)\n\tat io.netty.channel.AbstractChannelHandlerContext.invokeChannelRead(AbstractChannelHandlerContext.java:366)\n\tat io.netty.channel.AbstractChannelHandlerContext.invokeChannelRead(AbstractChannelHandlerContext.java:352)\n\tat io.netty.chann...
[debug] &amp#27;[35m[W3C]&amp#27;[39m Matched W3C error code 'no such element' to NoSuchElementError
[debug] &amp#27;[35m[BaseDriver]&amp#27;[39m Waited for 1862 ms so far
[debug] &amp#27;[35m[WD Proxy]&amp#27;[39m Matched '/element' to command name 'findElement'
[debug] &amp#27;[35m[WD Proxy]&amp#27;[39m Proxying [POST /element] to [POST http://127.0.0.1:8200/wd/hub/session/c8d31350-7fa3-4c98-9ea6-e3830af82371/element] with body: {"strategy":"id","selector":"com.eezy.ai.dev:id/wizardLoginTextView","context":"","multiple":false}
&amp#27;[35m[WD Proxy]&amp#27;[39m Got response with status 404: {"sessionId":"c8d31350-7fa3-4c98-9ea6-e3830af82371","value":{"error":"no such element","message":"An element could not be located on the page using the given search parameters","stacktrace":"io.appium.uiautomator2.common.exceptions.ElementNotFoundException: An element could not be located on the page using the given search parameters\n\tat io.appium.uiautomator2.handler.FindElement.safeHandle(FindElement.java:70)\n\tat io.appium.uiautomator2.handler.request.SafeRequestHandler.handle(SafeRequestHandler.java:41)\n\tat io.appium.uiautomator2.server.AppiumServlet.handleRequest(AppiumServlet.java:261)\n\tat io.appium.uiautomator2.server.AppiumServlet.handleHttpRequest(AppiumServlet.java:255)\n\tat io.appium.uiautomator2.http.ServerHandler.channelRead(ServerHandler.java:68)\n\tat io.netty.channel.AbstractChannelHandlerContext.invokeChannelRead(AbstractChannelHandlerContext.java:366)\n\tat io.netty.channel.AbstractChannelHandlerContext.invokeChannelRead(AbstractChannelHandlerContext.java:352)\n\tat io.netty.chann...
[debug] &amp#27;[35m[W3C]&amp#27;[39m Matched W3C error code 'no such element' to NoSuchElementError
[debug] &amp#27;[35m[BaseDriver]&amp#27;[39m Waited for 2453 ms so far
[debug] &amp#27;[35m[WD Proxy]&amp#27;[39m Matched '/element' to command name 'findElement'
[debug] &amp#27;[35m[WD Proxy]&amp#27;[39m Proxying [POST /element] to [POST http://127.0.0.1:8200/wd/hub/session/c8d31350-7fa3-4c98-9ea6-e3830af82371/element] with body: {"strategy":"id","selector":"com.eezy.ai.dev:id/wizardLoginTextView","context":"","multiple":false}
[debug] &amp#27;[35m[WD Proxy]&amp#27;[39m Got response with status 200: {"sessionId":"c8d31350-7fa3-4c98-9ea6-e3830af82371","value":{"ELEMENT":"6fdda8f3-6ffa-467f-b006-e80b80090ac5","element-6066-11e4-a52e-4f735466cecf":"6fdda8f3-6ffa-467f-b006-e80b80090ac5"}}
[debug] &amp#27;[35m[W3C (5f762b8f)]&amp#27;[39m Responding to client with driver.findElement() result: {"element-6066-11e4-a52e-4f735466cecf":"6fdda8f3-6ffa-467f-b006-e80b80090ac5","ELEMENT":"6fdda8f3-6ffa-467f-b006-e80b80090ac5"}
&amp#27;[35m[HTTP]&amp#27;[39m &amp#27;[37m<-- POST /wd/hub/session/5f762b8f-6ac5-458d-b2ec-93d773dc99ad/element &amp#27;[39m&amp#27;[32m200&amp#27;[39m &amp#27;[90m3428 ms - 137&amp#27;[39m
&amp#27;[35m[HTTP]&amp#27;[39m &amp#27;[90m&amp#27;[39m
&amp#27;[35m[HTTP]&amp#27;[39m &amp#27;[37m-->&amp#27;[39m &amp#27;[37mGET&amp#27;[39m &amp#27;[37m/wd/hub/session/5f762b8f-6ac5-458d-b2ec-93d773dc99ad/element/6fdda8f3-6ffa-467f-b006-e80b80090ac5/displayed&amp#27;[39m
&amp#27;[35m[HTTP]&amp#27;[39m &amp#27;[90m{}&amp#27;[39m
[debug] &amp#27;[35m[W3C (5f762b8f)]&amp#27;[39m Calling AppiumDriver.elementDisplayed() with args: ["6fdda8f3-6ffa-467f-b006-e80b80090ac5","5f762b8f-6ac5-458d-b2ec-93d773dc99ad"]
[debug] &amp#27;[35m[WD Proxy]&amp#27;[39m Matched '/element/6fdda8f3-6ffa-467f-b006-e80b80090ac5/attribute/displayed' to command name 'getAttribute'
[debug] &amp#27;[35m[WD Proxy]&amp#27;[39m Proxying [GET /element/6fdda8f3-6ffa-467f-b006-e80b80090ac5/attribute/displayed] to [GET http://127.0.0.1:8200/wd/hub/session/c8d31350-7fa3-4c98-9ea6-e3830af82371/element/6fdda8f3-6ffa-467f-b006-e80b80090ac5/attribute/displayed] with no body
[debug] &amp#27;[35m[WD Proxy]&amp#27;[39m Got response with status 200: {"sessionId":"c8d31350-7fa3-4c98-9ea6-e3830af82371","value":"true"}
[debug] &amp#27;[35m[W3C (5f762b8f)]&amp#27;[39m Responding to client with driver.elementDisplayed() result: true
&amp#27;[35m[HTTP]&amp#27;[39m &amp#27;[37m<-- GET /wd/hub/session/5f762b8f-6ac5-458d-b2ec-93d773dc99ad/element/6fdda8f3-6ffa-467f-b006-e80b80090ac5/displayed &amp#27;[39m&amp#27;[32m200&amp#27;[39m &amp#27;[90m33 ms - 14&amp#27;[39m
&amp#27;[35m[HTTP]&amp#27;[39m &amp#27;[90m&amp#27;[39m
&amp#27;[35m[HTTP]&amp#27;[39m &amp#27;[37m-->&amp#27;[39m &amp#27;[37mGET&amp#27;[39m &amp#27;[37m/wd/hub/session/5f762b8f-6ac5-458d-b2ec-93d773dc99ad/context&amp#27;[39m
&amp#27;[35m[HTTP]&amp#27;[39m &amp#27;[90m{}&amp#27;[39m
[debug] &amp#27;[35m[W3C (5f762b8f)]&amp#27;[39m Calling AppiumDriver.getCurrentContext() with args: ["5f762b8f-6ac5-458d-b2ec-93d773dc99ad"]
[debug] &amp#27;[35m[W3C (5f762b8f)]&amp#27;[39m Responding to client with driver.getCurrentContext() result: "NATIVE_APP"
&amp#27;[35m[HTTP]&amp#27;[39m &amp#27;[37m<-- GET /wd/hub/session/5f762b8f-6ac5-458d-b2ec-93d773dc99ad/context &amp#27;[39m&amp#27;[32m200&amp#27;[39m &amp#27;[90m3 ms - 22&amp#27;[39m
&amp#27;[35m[HTTP]&amp#27;[39m &amp#27;[90m&amp#27;[39m
&amp#27;[35m[HTTP]&amp#27;[39m &amp#27;[37m-->&amp#27;[39m &amp#27;[37mPOST&amp#27;[39m &amp#27;[37m/wd/hub/session/5f762b8f-6ac5-458d-b2ec-93d773dc99ad/element&amp#27;[39m
&amp#27;[35m[HTTP]&amp#27;[39m &amp#27;[90m{"using":"id","value":"com.eezy.ai.dev:id/wizardLoginTextView"}&amp#27;[39m
[debug] &amp#27;[35m[W3C (5f762b8f)]&amp#27;[39m Calling AppiumDriver.findElement() with args: ["id","com.eezy.ai.dev:id/wizardLoginTextView","5f762b8f-6ac5-458d-b2ec-93d773dc99ad"]
[debug] &amp#27;[35m[BaseDriver]&amp#27;[39m Valid locator strategies for this request: xpath, id, class name, accessibility id, css selector, -android uiautomator
[debug] &amp#27;[35m[BaseDriver]&amp#27;[39m Waiting up to 15000 ms for condition
[debug] &amp#27;[35m[WD Proxy]&amp#27;[39m Matched '/element' to command name 'findElement'
[debug] &amp#27;[35m[WD Proxy]&amp#27;[39m Proxying [POST /element] to [POST http://127.0.0.1:8200/wd/hub/session/c8d31350-7fa3-4c98-9ea6-e3830af82371/element] with body: {"strategy":"id","selector":"com.eezy.ai.dev:id/wizardLoginTextView","context":"","multiple":false}
[debug] &amp#27;[35m[WD Proxy]&amp#27;[39m Got response with status 200: {"sessionId":"c8d31350-7fa3-4c98-9ea6-e3830af82371","value":{"ELEMENT":"4037f9d9-3a5a-49e9-a9c7-c666f684572a","element-6066-11e4-a52e-4f735466cecf":"4037f9d9-3a5a-49e9-a9c7-c666f684572a"}}
[debug] &amp#27;[35m[W3C (5f762b8f)]&amp#27;[39m Responding to client with driver.findElement() result: {"element-6066-11e4-a52e-4f735466cecf":"4037f9d9-3a5a-49e9-a9c7-c666f684572a","ELEMENT":"4037f9d9-3a5a-49e9-a9c7-c666f684572a"}
&amp#27;[35m[HTTP]&amp#27;[39m &amp#27;[37m<-- POST /wd/hub/session/5f762b8f-6ac5-458d-b2ec-93d773dc99ad/element &amp#27;[39m&amp#27;[32m200&amp#27;[39m &amp#27;[90m39 ms - 137&amp#27;[39m
&amp#27;[35m[HTTP]&amp#27;[39m &amp#27;[90m&amp#27;[39m
&amp#27;[35m[HTTP]&amp#27;[39m &amp#27;[37m-->&amp#27;[39m &amp#27;[37mGET&amp#27;[39m &amp#27;[37m/wd/hub/session/5f762b8f-6ac5-458d-b2ec-93d773dc99ad/element/4037f9d9-3a5a-49e9-a9c7-c666f684572a/enabled&amp#27;[39m
&amp#27;[35m[HTTP]&amp#27;[39m &amp#27;[90m{}&amp#27;[39m
[debug] &amp#27;[35m[W3C (5f762b8f)]&amp#27;[39m Calling AppiumDriver.elementEnabled() with args: ["4037f9d9-3a5a-49e9-a9c7-c666f684572a","5f762b8f-6ac5-458d-b2ec-93d773dc99ad"]
[debug] &amp#27;[35m[WD Proxy]&amp#27;[39m Matched '/element/4037f9d9-3a5a-49e9-a9c7-c666f684572a/attribute/enabled' to command name 'getAttribute'
[debug] &amp#27;[35m[WD Proxy]&amp#27;[39m Proxying [GET /element/4037f9d9-3a5a-49e9-a9c7-c666f684572a/attribute/enabled] to [GET http://127.0.0.1:8200/wd/hub/session/c8d31350-7fa3-4c98-9ea6-e3830af82371/element/4037f9d9-3a5a-49e9-a9c7-c666f684572a/attribute/enabled] with no body
[debug] &amp#27;[35m[WD Proxy]&amp#27;[39m Got response with status 200: {"sessionId":"c8d31350-7fa3-4c98-9ea6-e3830af82371","value":"true"}
[debug] &amp#27;[35m[W3C (5f762b8f)]&amp#27;[39m Responding to client with driver.elementEnabled() result: true
&amp#27;[35m[HTTP]&amp#27;[39m &amp#27;[37m<-- GET /wd/hub/session/5f762b8f-6ac5-458d-b2ec-93d773dc99ad/element/4037f9d9-3a5a-49e9-a9c7-c666f684572a/enabled &amp#27;[39m&amp#27;[32m200&amp#27;[39m &amp#27;[90m22 ms - 14&amp#27;[39m
&amp#27;[35m[HTTP]&amp#27;[39m &amp#27;[90m&amp#27;[39m
&amp#27;[35m[HTTP]&amp#27;[39m &amp#27;[37m-->&amp#27;[39m &amp#27;[37mGET&amp#27;[39m &amp#27;[37m/wd/hub/session/5f762b8f-6ac5-458d-b2ec-93d773dc99ad/context&amp#27;[39m
&amp#27;[35m[HTTP]&amp#27;[39m &amp#27;[90m{}&amp#27;[39m
[debug] &amp#27;[35m[W3C (5f762b8f)]&amp#27;[39m Calling AppiumDriver.getCurrentContext() with args: ["5f762b8f-6ac5-458d-b2ec-93d773dc99ad"]
[debug] &amp#27;[35m[W3C (5f762b8f)]&amp#27;[39m Responding to client with driver.getCurrentContext() result: "NATIVE_APP"
&amp#27;[35m[HTTP]&amp#27;[39m &amp#27;[37m<-- GET /wd/hub/session/5f762b8f-6ac5-458d-b2ec-93d773dc99ad/context &amp#27;[39m&amp#27;[32m200&amp#27;[39m &amp#27;[90m3 ms - 22&amp#27;[39m
&amp#27;[35m[HTTP]&amp#27;[39m &amp#27;[90m&amp#27;[39m
&amp#27;[35m[HTTP]&amp#27;[39m &amp#27;[37m-->&amp#27;[39m &amp#27;[37mPOST&amp#27;[39m &amp#27;[37m/wd/hub/session/5f762b8f-6ac5-458d-b2ec-93d773dc99ad/element&amp#27;[39m
&amp#27;[35m[HTTP]&amp#27;[39m &amp#27;[90m{"using":"id","value":"com.eezy.ai.dev:id/wizardLoginTextView"}&amp#27;[39m
[debug] &amp#27;[35m[W3C (5f762b8f)]&amp#27;[39m Calling AppiumDriver.findElement() with args: ["id","com.eezy.ai.dev:id/wizardLoginTextView","5f762b8f-6ac5-458d-b2ec-93d773dc99ad"]
[debug] &amp#27;[35m[BaseDriver]&amp#27;[39m Valid locator strategies for this request: xpath, id, class name, accessibility id, css selector, -android uiautomator
[debug] &amp#27;[35m[BaseDriver]&amp#27;[39m Waiting up to 15000 ms for condition
[debug] &amp#27;[35m[WD Proxy]&amp#27;[39m Matched '/element' to command name 'findElement'
[debug] &amp#27;[35m[WD Proxy]&amp#27;[39m Proxying [POST /element] to [POST http://127.0.0.1:8200/wd/hub/session/c8d31350-7fa3-4c98-9ea6-e3830af82371/element] with body: {"strategy":"id","selector":"com.eezy.ai.dev:id/wizardLoginTextView","context":"","multiple":false}
[debug] &amp#27;[35m[WD Proxy]&amp#27;[39m Got response with status 200: {"sessionId":"c8d31350-7fa3-4c98-9ea6-e3830af82371","value":{"ELEMENT":"983655cb-b555-4aaa-b861-f4eb4af9d8c9","element-6066-11e4-a52e-4f735466cecf":"983655cb-b555-4aaa-b861-f4eb4af9d8c9"}}
[debug] &amp#27;[35m[W3C (5f762b8f)]&amp#27;[39m Responding to client with driver.findElement() result: {"element-6066-11e4-a52e-4f735466cecf":"983655cb-b555-4aaa-b861-f4eb4af9d8c9","ELEMENT":"983655cb-b555-4aaa-b861-f4eb4af9d8c9"}
&amp#27;[35m[HTTP]&amp#27;[39m &amp#27;[37m<-- POST /wd/hub/session/5f762b8f-6ac5-458d-b2ec-93d773dc99ad/element &amp#27;[39m&amp#27;[32m200&amp#27;[39m &amp#27;[90m46 ms - 137&amp#27;[39m
&amp#27;[35m[HTTP]&amp#27;[39m &amp#27;[90m&amp#27;[39m
&amp#27;[35m[HTTP]&amp#27;[39m &amp#27;[37m-->&amp#27;[39m &amp#27;[37mPOST&amp#27;[39m &amp#27;[37m/wd/hub/session/5f762b8f-6ac5-458d-b2ec-93d773dc99ad/element/983655cb-b555-4aaa-b861-f4eb4af9d8c9/click&amp#27;[39m
&amp#27;[35m[HTTP]&amp#27;[39m &amp#27;[90m{"id":"983655cb-b555-4aaa-b861-f4eb4af9d8c9"}&amp#27;[39m
[debug] &amp#27;[35m[W3C (5f762b8f)]&amp#27;[39m Calling AppiumDriver.click() with args: ["983655cb-b555-4aaa-b861-f4eb4af9d8c9","5f762b8f-6ac5-458d-b2ec-93d773dc99ad"]
[debug] &amp#27;[35m[WD Proxy]&amp#27;[39m Matched '/element/983655cb-b555-4aaa-b861-f4eb4af9d8c9/click' to command name 'click'
[debug] &amp#27;[35m[WD Proxy]&amp#27;[39m Proxying [POST /element/983655cb-b555-4aaa-b861-f4eb4af9d8c9/click] to [POST http://127.0.0.1:8200/wd/hub/session/c8d31350-7fa3-4c98-9ea6-e3830af82371/element/983655cb-b555-4aaa-b861-f4eb4af9d8c9/click] with body: {"element":"983655cb-b555-4aaa-b861-f4eb4af9d8c9"}
[debug] &amp#27;[35m[WD Proxy]&amp#27;[39m Got response with status 200: {"sessionId":"c8d31350-7fa3-4c98-9ea6-e3830af82371","value":null}
[debug] &amp#27;[35m[W3C (5f762b8f)]&amp#27;[39m Responding to client with driver.click() result: null
&amp#27;[35m[HTTP]&amp#27;[39m &amp#27;[37m<-- POST /wd/hub/session/5f762b8f-6ac5-458d-b2ec-93d773dc99ad/element/983655cb-b555-4aaa-b861-f4eb4af9d8c9/click &amp#27;[39m&amp#27;[32m200&amp#27;[39m &amp#27;[90m43 ms - 14&amp#27;[39m
&amp#27;[35m[HTTP]&amp#27;[39m &amp#27;[90m&amp#27;[39m
&amp#27;[35m[HTTP]&amp#27;[39m &amp#27;[37m-->&amp#27;[39m &amp#27;[37mGET&amp#27;[39m &amp#27;[37m/wd/hub/session/5f762b8f-6ac5-458d-b2ec-93d773dc99ad/context&amp#27;[39m
&amp#27;[35m[HTTP]&amp#27;[39m &amp#27;[90m{}&amp#27;[39m
[debug] &amp#27;[35m[W3C (5f762b8f)]&amp#27;[39m Calling AppiumDriver.getCurrentContext() with args: ["5f762b8f-6ac5-458d-b2ec-93d773dc99ad"]
[debug] &amp#27;[35m[W3C (5f762b8f)]&amp#27;[39m Responding to client with driver.getCurrentContext() result: "NATIVE_APP"
&amp#27;[35m[HTTP]&amp#27;[39m &amp#27;[37m<-- GET /wd/hub/session/5f762b8f-6ac5-458d-b2ec-93d773dc99ad/context &amp#27;[39m&amp#27;[32m200&amp#27;[39m &amp#27;[90m3 ms - 22&amp#27;[39m
&amp#27;[35m[HTTP]&amp#27;[39m &amp#27;[90m&amp#27;[39m
&amp#27;[35m[HTTP]&amp#27;[39m &amp#27;[37m-->&amp#27;[39m &amp#27;[37mPOST&amp#27;[39m &amp#27;[37m/wd/hub/session/5f762b8f-6ac5-458d-b2ec-93d773dc99ad/element&amp#27;[39m
&amp#27;[35m[HTTP]&amp#27;[39m &amp#27;[90m{"using":"id","value":"com.eezy.ai.dev:id/phoneNumber"}&amp#27;[39m
[debug] &amp#27;[35m[W3C (5f762b8f)]&amp#27;[39m Calling AppiumDriver.findElement() with args: ["id","com.eezy.ai.dev:id/phoneNumber","5f762b8f-6ac5-458d-b2ec-93d773dc99ad"]
[debug] &amp#27;[35m[BaseDriver]&amp#27;[39m Valid locator strategies for this request: xpath, id, class name, accessibility id, css selector, -android uiautomator
[debug] &amp#27;[35m[BaseDriver]&amp#27;[39m Waiting up to 15000 ms for condition
[debug] &amp#27;[35m[WD Proxy]&amp#27;[39m Matched '/element' to command name 'findElement'
[debug] &amp#27;[35m[WD Proxy]&amp#27;[39m Proxying [POST /element] to [POST http://127.0.0.1:8200/wd/hub/session/c8d31350-7fa3-4c98-9ea6-e3830af82371/element] with body: {"strategy":"id","selector":"com.eezy.ai.dev:id/phoneNumber","context":"","multiple":false}
&amp#27;[35m[WD Proxy]&amp#27;[39m Got response with status 404: {"sessionId":"c8d31350-7fa3-4c98-9ea6-e3830af82371","value":{"error":"no such element","message":"An element could not be located on the page using the given search parameters","stacktrace":"io.appium.uiautomator2.common.exceptions.ElementNotFoundException: An element could not be located on the page using the given search parameters\n\tat io.appium.uiautomator2.handler.FindElement.safeHandle(FindElement.java:70)\n\tat io.appium.uiautomator2.handler.request.SafeRequestHandler.handle(SafeRequestHandler.java:41)\n\tat io.appium.uiautomator2.server.AppiumServlet.handleRequest(AppiumServlet.java:261)\n\tat io.appium.uiautomator2.server.AppiumServlet.handleHttpRequest(AppiumServlet.java:255)\n\tat io.appium.uiautomator2.http.ServerHandler.channelRead(ServerHandler.java:68)\n\tat io.netty.channel.AbstractChannelHandlerContext.invokeChannelRead(AbstractChannelHandlerContext.java:366)\n\tat io.netty.channel.AbstractChannelHandlerContext.invokeChannelRead(AbstractChannelHandlerContext.java:352)\n\tat io.netty.chann...
[debug] &amp#27;[35m[W3C]&amp#27;[39m Matched W3C error code 'no such element' to NoSuchElementError
[debug] &amp#27;[35m[BaseDriver]&amp#27;[39m Waited for 281 ms so far
[debug] &amp#27;[35m[WD Proxy]&amp#27;[39m Matched '/element' to command name 'findElement'
[debug] &amp#27;[35m[WD Proxy]&amp#27;[39m Proxying [POST /element] to [POST http://127.0.0.1:8200/wd/hub/session/c8d31350-7fa3-4c98-9ea6-e3830af82371/element] with body: {"strategy":"id","selector":"com.eezy.ai.dev:id/phoneNumber","context":"","multiple":false}
[debug] &amp#27;[35m[WD Proxy]&amp#27;[39m Got response with status 200: {"sessionId":"c8d31350-7fa3-4c98-9ea6-e3830af82371","value":{"ELEMENT":"355c6e59-dd28-46cc-9303-0c6bcddea5e5","element-6066-11e4-a52e-4f735466cecf":"355c6e59-dd28-46cc-9303-0c6bcddea5e5"}}
[debug] &amp#27;[35m[W3C (5f762b8f)]&amp#27;[39m Responding to client with driver.findElement() result: {"element-6066-11e4-a52e-4f735466cecf":"355c6e59-dd28-46cc-9303-0c6bcddea5e5","ELEMENT":"355c6e59-dd28-46cc-9303-0c6bcddea5e5"}
&amp#27;[35m[HTTP]&amp#27;[39m &amp#27;[37m<-- POST /wd/hub/session/5f762b8f-6ac5-458d-b2ec-93d773dc99ad/element &amp#27;[39m&amp#27;[32m200&amp#27;[39m &amp#27;[90m984 ms - 137&amp#27;[39m
&amp#27;[35m[HTTP]&amp#27;[39m &amp#27;[90m&amp#27;[39m
&amp#27;[35m[HTTP]&amp#27;[39m &amp#27;[37m-->&amp#27;[39m &amp#27;[37mPOST&amp#27;[39m &amp#27;[37m/wd/hub/session/5f762b8f-6ac5-458d-b2ec-93d773dc99ad/element/355c6e59-dd28-46cc-9303-0c6bcddea5e5/click&amp#27;[39m
&amp#27;[35m[HTTP]&amp#27;[39m &amp#27;[90m{"id":"355c6e59-dd28-46cc-9303-0c6bcddea5e5"}&amp#27;[39m
[debug] &amp#27;[35m[W3C (5f762b8f)]&amp#27;[39m Calling AppiumDriver.click() with args: ["355c6e59-dd28-46cc-9303-0c6bcddea5e5","5f762b8f-6ac5-458d-b2ec-93d773dc99ad"]
[debug] &amp#27;[35m[WD Proxy]&amp#27;[39m Matched '/element/355c6e59-dd28-46cc-9303-0c6bcddea5e5/click' to command name 'click'
[debug] &amp#27;[35m[WD Proxy]&amp#27;[39m Proxying [POST /element/355c6e59-dd28-46cc-9303-0c6bcddea5e5/click] to [POST http://127.0.0.1:8200/wd/hub/session/c8d31350-7fa3-4c98-9ea6-e3830af82371/element/355c6e59-dd28-46cc-9303-0c6bcddea5e5/click] with body: {"element":"355c6e59-dd28-46cc-9303-0c6bcddea5e5"}
[debug] &amp#27;[35m[WD Proxy]&amp#27;[39m Got response with status 200: {"sessionId":"c8d31350-7fa3-4c98-9ea6-e3830af82371","value":null}
[debug] &amp#27;[35m[W3C (5f762b8f)]&amp#27;[39m Responding to client with driver.click() result: null
&amp#27;[35m[HTTP]&amp#27;[39m &amp#27;[37m<-- POST /wd/hub/session/5f762b8f-6ac5-458d-b2ec-93d773dc99ad/element/355c6e59-dd28-46cc-9303-0c6bcddea5e5/click &amp#27;[39m&amp#27;[32m200&amp#27;[39m &amp#27;[90m36 ms - 14&amp#27;[39m
&amp#27;[35m[HTTP]&amp#27;[39m &amp#27;[90m&amp#27;[39m
&amp#27;[35m[HTTP]&amp#27;[39m &amp#27;[37m-->&amp#27;[39m &amp#27;[37mGET&amp#27;[39m &amp#27;[37m/wd/hub/session/5f762b8f-6ac5-458d-b2ec-93d773dc99ad/context&amp#27;[39m
&amp#27;[35m[HTTP]&amp#27;[39m &amp#27;[90m{}&amp#27;[39m
[debug] &amp#27;[35m[W3C (5f762b8f)]&amp#27;[39m Calling AppiumDriver.getCurrentContext() with args: ["5f762b8f-6ac5-458d-b2ec-93d773dc99ad"]
[debug] &amp#27;[35m[W3C (5f762b8f)]&amp#27;[39m Responding to client with driver.getCurrentContext() result: "NATIVE_APP"
&amp#27;[35m[HTTP]&amp#27;[39m &amp#27;[37m<-- GET /wd/hub/session/5f762b8f-6ac5-458d-b2ec-93d773dc99ad/context &amp#27;[39m&amp#27;[32m200&amp#27;[39m &amp#27;[90m3 ms - 22&amp#27;[39m
&amp#27;[35m[HTTP]&amp#27;[39m &amp#27;[90m&amp#27;[39m
&amp#27;[35m[HTTP]&amp#27;[39m &amp#27;[37m-->&amp#27;[39m &amp#27;[37mPOST&amp#27;[39m &amp#27;[37m/wd/hub/session/5f762b8f-6ac5-458d-b2ec-93d773dc99ad/element&amp#27;[39m
&amp#27;[35m[HTTP]&amp#27;[39m &amp#27;[90m{"using":"id","value":"com.eezy.ai.dev:id/selectedCountry"}&amp#27;[39m
[debug] &amp#27;[35m[W3C (5f762b8f)]&amp#27;[39m Calling AppiumDriver.findElement() with args: ["id","com.eezy.ai.dev:id/selectedCountry","5f762b8f-6ac5-458d-b2ec-93d773dc99ad"]
[debug] &amp#27;[35m[BaseDriver]&amp#27;[39m Valid locator strategies for this request: xpath, id, class name, accessibility id, css selector, -android uiautomator
[debug] &amp#27;[35m[BaseDriver]&amp#27;[39m Waiting up to 15000 ms for condition
[debug] &amp#27;[35m[WD Proxy]&amp#27;[39m Matched '/element' to command name 'findElement'
[debug] &amp#27;[35m[WD Proxy]&amp#27;[39m Proxying [POST /element] to [POST http://127.0.0.1:8200/wd/hub/session/c8d31350-7fa3-4c98-9ea6-e3830af82371/element] with body: {"strategy":"id","selector":"com.eezy.ai.dev:id/selectedCountry","context":"","multiple":false}
[debug] &amp#27;[35m[WD Proxy]&amp#27;[39m Got response with status 200: {"sessionId":"c8d31350-7fa3-4c98-9ea6-e3830af82371","value":{"ELEMENT":"73f716c8-d94f-4a96-99b7-14922d791303","element-6066-11e4-a52e-4f735466cecf":"73f716c8-d94f-4a96-99b7-14922d791303"}}
[debug] &amp#27;[35m[W3C (5f762b8f)]&amp#27;[39m Responding to client with driver.findElement() result: {"element-6066-11e4-a52e-4f735466cecf":"73f716c8-d94f-4a96-99b7-14922d791303","ELEMENT":"73f716c8-d94f-4a96-99b7-14922d791303"}
&amp#27;[35m[HTTP]&amp#27;[39m &amp#27;[37m<-- POST /wd/hub/session/5f762b8f-6ac5-458d-b2ec-93d773dc99ad/element &amp#27;[39m&amp#27;[32m200&amp#27;[39m &amp#27;[90m1595 ms - 137&amp#27;[39m
&amp#27;[35m[HTTP]&amp#27;[39m &amp#27;[90m&amp#27;[39m
&amp#27;[35m[HTTP]&amp#27;[39m &amp#27;[37m-->&amp#27;[39m &amp#27;[37mPOST&amp#27;[39m &amp#27;[37m/wd/hub/session/5f762b8f-6ac5-458d-b2ec-93d773dc99ad/element/73f716c8-d94f-4a96-99b7-14922d791303/click&amp#27;[39m
&amp#27;[35m[HTTP]&amp#27;[39m &amp#27;[90m{"id":"73f716c8-d94f-4a96-99b7-14922d791303"}&amp#27;[39m
[debug] &amp#27;[35m[W3C (5f762b8f)]&amp#27;[39m Calling AppiumDriver.click() with args: ["73f716c8-d94f-4a96-99b7-14922d791303","5f762b8f-6ac5-458d-b2ec-93d773dc99ad"]
[debug] &amp#27;[35m[WD Proxy]&amp#27;[39m Matched '/element/73f716c8-d94f-4a96-99b7-14922d791303/click' to command name 'click'
[debug] &amp#27;[35m[WD Proxy]&amp#27;[39m Proxying [POST /element/73f716c8-d94f-4a96-99b7-14922d791303/click] to [POST http://127.0.0.1:8200/wd/hub/session/c8d31350-7fa3-4c98-9ea6-e3830af82371/element/73f716c8-d94f-4a96-99b7-14922d791303/click] with body: {"element":"73f716c8-d94f-4a96-99b7-14922d791303"}
[debug] &amp#27;[35m[WD Proxy]&amp#27;[39m Got response with status 200: {"sessionId":"c8d31350-7fa3-4c98-9ea6-e3830af82371","value":null}
[debug] &amp#27;[35m[W3C (5f762b8f)]&amp#27;[39m Responding to client with driver.click() result: null
&amp#27;[35m[HTTP]&amp#27;[39m &amp#27;[37m<-- POST /wd/hub/session/5f762b8f-6ac5-458d-b2ec-93d773dc99ad/element/73f716c8-d94f-4a96-99b7-14922d791303/click &amp#27;[39m&amp#27;[32m200&amp#27;[39m &amp#27;[90m37 ms - 14&amp#27;[39m
&amp#27;[35m[HTTP]&amp#27;[39m &amp#27;[90m&amp#27;[39m
&amp#27;[35m[HTTP]&amp#27;[39m &amp#27;[37m-->&amp#27;[39m &amp#27;[37mGET&amp#27;[39m &amp#27;[37m/wd/hub/session/5f762b8f-6ac5-458d-b2ec-93d773dc99ad/context&amp#27;[39m
&amp#27;[35m[HTTP]&amp#27;[39m &amp#27;[90m{}&amp#27;[39m
[debug] &amp#27;[35m[W3C (5f762b8f)]&amp#27;[39m Calling AppiumDriver.getCurrentContext() with args: ["5f762b8f-6ac5-458d-b2ec-93d773dc99ad"]
[debug] &amp#27;[35m[W3C (5f762b8f)]&amp#27;[39m Responding to client with driver.getCurrentContext() result: "NATIVE_APP"
&amp#27;[35m[HTTP]&amp#27;[39m &amp#27;[37m<-- GET /wd/hub/session/5f762b8f-6ac5-458d-b2ec-93d773dc99ad/context &amp#27;[39m&amp#27;[32m200&amp#27;[39m &amp#27;[90m3 ms - 22&amp#27;[39m
&amp#27;[35m[HTTP]&amp#27;[39m &amp#27;[90m&amp#27;[39m
&amp#27;[35m[HTTP]&amp#27;[39m &amp#27;[37m-->&amp#27;[39m &amp#27;[37mPOST&amp#27;[39m &amp#27;[37m/wd/hub/session/5f762b8f-6ac5-458d-b2ec-93d773dc99ad/element&amp#27;[39m
&amp#27;[35m[HTTP]&amp#27;[39m &amp#27;[90m{"using":"id","value":"com.eezy.ai.dev:id/searchText"}&amp#27;[39m
[debug] &amp#27;[35m[W3C (5f762b8f)]&amp#27;[39m Calling AppiumDriver.findElement() with args: ["id","com.eezy.ai.dev:id/searchText","5f762b8f-6ac5-458d-b2ec-93d773dc99ad"]
[debug] &amp#27;[35m[BaseDriver]&amp#27;[39m Valid locator strategies for this request: xpath, id, class name, accessibility id, css selector, -android uiautomator
[debug] &amp#27;[35m[BaseDriver]&amp#27;[39m Waiting up to 15000 ms for condition
[debug] &amp#27;[35m[WD Proxy]&amp#27;[39m Matched '/element' to command name 'findElement'
[debug] &amp#27;[35m[WD Proxy]&amp#27;[39m Proxying [POST /element] to [POST http://127.0.0.1:8200/wd/hub/session/c8d31350-7fa3-4c98-9ea6-e3830af82371/element] with body: {"strategy":"id","selector":"com.eezy.ai.dev:id/searchText","context":"","multiple":false}
&amp#27;[35m[WD Proxy]&amp#27;[39m Got response with status 404: {"sessionId":"c8d31350-7fa3-4c98-9ea6-e3830af82371","value":{"error":"no such element","message":"An element could not be located on the page using the given search parameters","stacktrace":"io.appium.uiautomator2.common.exceptions.ElementNotFoundException: An element could not be located on the page using the given search parameters\n\tat io.appium.uiautomator2.handler.FindElement.safeHandle(FindElement.java:70)\n\tat io.appium.uiautomator2.handler.request.SafeRequestHandler.handle(SafeRequestHandler.java:41)\n\tat io.appium.uiautomator2.server.AppiumServlet.handleRequest(AppiumServlet.java:261)\n\tat io.appium.uiautomator2.server.AppiumServlet.handleHttpRequest(AppiumServlet.java:255)\n\tat io.appium.uiautomator2.http.ServerHandler.channelRead(ServerHandler.java:68)\n\tat io.netty.channel.AbstractChannelHandlerContext.invokeChannelRead(AbstractChannelHandlerContext.java:366)\n\tat io.netty.channel.AbstractChannelHandlerContext.invokeChannelRead(AbstractChannelHandlerContext.java:352)\n\tat io.netty.chann...
[debug] &amp#27;[35m[W3C]&amp#27;[39m Matched W3C error code 'no such element' to NoSuchElementError
[debug] &amp#27;[35m[BaseDriver]&amp#27;[39m Waited for 525 ms so far
[debug] &amp#27;[35m[WD Proxy]&amp#27;[39m Matched '/element' to command name 'findElement'
[debug] &amp#27;[35m[WD Proxy]&amp#27;[39m Proxying [POST /element] to [POST http://127.0.0.1:8200/wd/hub/session/c8d31350-7fa3-4c98-9ea6-e3830af82371/element] with body: {"strategy":"id","selector":"com.eezy.ai.dev:id/searchText","context":"","multiple":false}
&amp#27;[35m[WD Proxy]&amp#27;[39m Got response with status 404: {"sessionId":"c8d31350-7fa3-4c98-9ea6-e3830af82371","value":{"error":"no such element","message":"An element could not be located on the page using the given search parameters","stacktrace":"io.appium.uiautomator2.common.exceptions.ElementNotFoundException: An element could not be located on the page using the given search parameters\n\tat io.appium.uiautomator2.handler.FindElement.safeHandle(FindElement.java:70)\n\tat io.appium.uiautomator2.handler.request.SafeRequestHandler.handle(SafeRequestHandler.java:41)\n\tat io.appium.uiautomator2.server.AppiumServlet.handleRequest(AppiumServlet.java:261)\n\tat io.appium.uiautomator2.server.AppiumServlet.handleHttpRequest(AppiumServlet.java:255)\n\tat io.appium.uiautomator2.http.ServerHandler.channelRead(ServerHandler.java:68)\n\tat io.netty.channel.AbstractChannelHandlerContext.invokeChannelRead(AbstractChannelHandlerContext.java:366)\n\tat io.netty.channel.AbstractChannelHandlerContext.invokeChannelRead(AbstractChannelHandlerContext.java:352)\n\tat io.netty.chann...
[debug] &amp#27;[35m[W3C]&amp#27;[39m Matched W3C error code 'no such element' to NoSuchElementError
[debug] &amp#27;[35m[BaseDriver]&amp#27;[39m Waited for 1143 ms so far
[debug] &amp#27;[35m[WD Proxy]&amp#27;[39m Matched '/element' to command name 'findElement'
[debug] &amp#27;[35m[WD Proxy]&amp#27;[39m Proxying [POST /element] to [POST http://127.0.0.1:8200/wd/hub/session/c8d31350-7fa3-4c98-9ea6-e3830af82371/element] with body: {"strategy":"id","selector":"com.eezy.ai.dev:id/searchText","context":"","multiple":false}
&amp#27;[35m[WD Proxy]&amp#27;[39m Got response with status 404: {"sessionId":"c8d31350-7fa3-4c98-9ea6-e3830af82371","value":{"error":"no such element","message":"An element could not be located on the page using the given search parameters","stacktrace":"io.appium.uiautomator2.common.exceptions.ElementNotFoundException: An element could not be located on the page using the given search parameters\n\tat io.appium.uiautomator2.handler.FindElement.safeHandle(FindElement.java:70)\n\tat io.appium.uiautomator2.handler.request.SafeRequestHandler.handle(SafeRequestHandler.java:41)\n\tat io.appium.uiautomator2.server.AppiumServlet.handleRequest(AppiumServlet.java:261)\n\tat io.appium.uiautomator2.server.AppiumServlet.handleHttpRequest(AppiumServlet.java:255)\n\tat io.appium.uiautomator2.http.ServerHandler.channelRead(ServerHandler.java:68)\n\tat io.netty.channel.AbstractChannelHandlerContext.invokeChannelRead(AbstractChannelHandlerContext.java:366)\n\tat io.netty.channel.AbstractChannelHandlerContext.invokeChannelRead(AbstractChannelHandlerContext.java:352)\n\tat io.netty.chann...
[debug] &amp#27;[35m[W3C]&amp#27;[39m Matched W3C error code 'no such element' to NoSuchElementError
[debug] &amp#27;[35m[BaseDriver]&amp#27;[39m Waited for 2141 ms so far
[debug] &amp#27;[35m[WD Proxy]&amp#27;[39m Matched '/element' to command name 'findElement'
[debug] &amp#27;[35m[WD Proxy]&amp#27;[39m Proxying [POST /element] to [POST http://127.0.0.1:8200/wd/hub/session/c8d31350-7fa3-4c98-9ea6-e3830af82371/element] with body: {"strategy":"id","selector":"com.eezy.ai.dev:id/searchText","context":"","multiple":false}
&amp#27;[35m[WD Proxy]&amp#27;[39m Got response with status 404: {"sessionId":"c8d31350-7fa3-4c98-9ea6-e3830af82371","value":{"error":"no such element","message":"An element could not be located on the page using the given search parameters","stacktrace":"io.appium.uiautomator2.common.exceptions.ElementNotFoundException: An element could not be located on the page using the given search parameters\n\tat io.appium.uiautomator2.handler.FindElement.safeHandle(FindElement.java:70)\n\tat io.appium.uiautomator2.handler.request.SafeRequestHandler.handle(SafeRequestHandler.java:41)\n\tat io.appium.uiautomator2.server.AppiumServlet.handleRequest(AppiumServlet.java:261)\n\tat io.appium.uiautomator2.server.AppiumServlet.handleHttpRequest(AppiumServlet.java:255)\n\tat io.appium.uiautomator2.http.ServerHandler.channelRead(ServerHandler.java:68)\n\tat io.netty.channel.AbstractChannelHandlerContext.invokeChannelRead(AbstractChannelHandlerContext.java:366)\n\tat io.netty.channel.AbstractChannelHandlerContext.invokeChannelRead(AbstractChannelHandlerContext.java:352)\n\tat io.netty.chann...
[debug] &amp#27;[35m[W3C]&amp#27;[39m Matched W3C error code 'no such element' to NoSuchElementError
[debug] &amp#27;[35m[BaseDriver]&amp#27;[39m Waited for 2680 ms so far
[debug] &amp#27;[35m[WD Proxy]&amp#27;[39m Matched '/element' to command name 'findElement'
[debug] &amp#27;[35m[WD Proxy]&amp#27;[39m Proxying [POST /element] to [POST http://127.0.0.1:8200/wd/hub/session/c8d31350-7fa3-4c98-9ea6-e3830af82371/element] with body: {"strategy":"id","selector":"com.eezy.ai.dev:id/searchText","context":"","multiple":false}
&amp#27;[35m[WD Proxy]&amp#27;[39m Got response with status 404: {"sessionId":"c8d31350-7fa3-4c98-9ea6-e3830af82371","value":{"error":"no such element","message":"An element could not be located on the page using the given search parameters","stacktrace":"io.appium.uiautomator2.common.exceptions.ElementNotFoundException: An element could not be located on the page using the given search parameters\n\tat io.appium.uiautomator2.handler.FindElement.safeHandle(FindElement.java:70)\n\tat io.appium.uiautomator2.handler.request.SafeRequestHandler.handle(SafeRequestHandler.java:41)\n\tat io.appium.uiautomator2.server.AppiumServlet.handleRequest(AppiumServlet.java:261)\n\tat io.appium.uiautomator2.server.AppiumServlet.handleHttpRequest(AppiumServlet.java:255)\n\tat io.appium.uiautomator2.http.ServerHandler.channelRead(ServerHandler.java:68)\n\tat io.netty.channel.AbstractChannelHandlerContext.invokeChannelRead(AbstractChannelHandlerContext.java:366)\n\tat io.netty.channel.AbstractChannelHandlerContext.invokeChannelRead(AbstractChannelHandlerContext.java:352)\n\tat io.netty.chann...
[debug] &amp#27;[35m[W3C]&amp#27;[39m Matched W3C error code 'no such element' to NoSuchElementError
[debug] &amp#27;[35m[BaseDriver]&amp#27;[39m Waited for 3427 ms so far
[debug] &amp#27;[35m[WD Proxy]&amp#27;[39m Matched '/element' to command name 'findElement'
[debug] &amp#27;[35m[WD Proxy]&amp#27;[39m Proxying [POST /element] to [POST http://127.0.0.1:8200/wd/hub/session/c8d31350-7fa3-4c98-9ea6-e3830af82371/element] with body: {"strategy":"id","selector":"com.eezy.ai.dev:id/searchText","context":"","multiple":false}
&amp#27;[35m[WD Proxy]&amp#27;[39m Got response with status 404: {"sessionId":"c8d31350-7fa3-4c98-9ea6-e3830af82371","value":{"error":"no such element","message":"An element could not be located on the page using the given search parameters","stacktrace":"io.appium.uiautomator2.common.exceptions.ElementNotFoundException: An element could not be located on the page using the given search parameters\n\tat io.appium.uiautomator2.handler.FindElement.safeHandle(FindElement.java:70)\n\tat io.appium.uiautomator2.handler.request.SafeRequestHandler.handle(SafeRequestHandler.java:41)\n\tat io.appium.uiautomator2.server.AppiumServlet.handleRequest(AppiumServlet.java:261)\n\tat io.appium.uiautomator2.server.AppiumServlet.handleHttpRequest(AppiumServlet.java:255)\n\tat io.appium.uiautomator2.http.ServerHandler.channelRead(ServerHandler.java:68)\n\tat io.netty.channel.AbstractChannelHandlerContext.invokeChannelRead(AbstractChannelHandlerContext.java:366)\n\tat io.netty.channel.AbstractChannelHandlerContext.invokeChannelRead(AbstractChannelHandlerContext.java:352)\n\tat io.netty.chann...
[debug] &amp#27;[35m[W3C]&amp#27;[39m Matched W3C error code 'no such element' to NoSuchElementError
[debug] &amp#27;[35m[BaseDriver]&amp#27;[39m Waited for 4566 ms so far
[debug] &amp#27;[35m[WD Proxy]&amp#27;[39m Matched '/element' to command name 'findElement'
[debug] &amp#27;[35m[WD Proxy]&amp#27;[39m Proxying [POST /element] to [POST http://127.0.0.1:8200/wd/hub/session/c8d31350-7fa3-4c98-9ea6-e3830af82371/element] with body: {"strategy":"id","selector":"com.eezy.ai.dev:id/searchText","context":"","multiple":false}
&amp#27;[35m[WD Proxy]&amp#27;[39m Got response with status 404: {"sessionId":"c8d31350-7fa3-4c98-9ea6-e3830af82371","value":{"error":"no such element","message":"An element could not be located on the page using the given search parameters","stacktrace":"io.appium.uiautomator2.common.exceptions.ElementNotFoundException: An element could not be located on the page using the given search parameters\n\tat io.appium.uiautomator2.handler.FindElement.safeHandle(FindElement.java:70)\n\tat io.appium.uiautomator2.handler.request.SafeRequestHandler.handle(SafeRequestHandler.java:41)\n\tat io.appium.uiautomator2.server.AppiumServlet.handleRequest(AppiumServlet.java:261)\n\tat io.appium.uiautomator2.server.AppiumServlet.handleHttpRequest(AppiumServlet.java:255)\n\tat io.appium.uiautomator2.http.ServerHandler.channelRead(ServerHandler.java:68)\n\tat io.netty.channel.AbstractChannelHandlerContext.invokeChannelRead(AbstractChannelHandlerContext.java:366)\n\tat io.netty.channel.AbstractChannelHandlerContext.invokeChannelRead(AbstractChannelHandlerContext.java:352)\n\tat io.netty.chann...
[debug] &amp#27;[35m[W3C]&amp#27;[39m Matched W3C error code 'no such element' to NoSuchElementError
[debug] &amp#27;[35m[BaseDriver]&amp#27;[39m Waited for 5123 ms so far
[debug] &amp#27;[35m[WD Proxy]&amp#27;[39m Matched '/element' to command name 'findElement'
[debug] &amp#27;[35m[WD Proxy]&amp#27;[39m Proxying [POST /element] to [POST http://127.0.0.1:8200/wd/hub/session/c8d31350-7fa3-4c98-9ea6-e3830af82371/element] with body: {"strategy":"id","selector":"com.eezy.ai.dev:id/searchText","context":"","multiple":false}
&amp#27;[35m[WD Proxy]&amp#27;[39m Got response with status 404: {"sessionId":"c8d31350-7fa3-4c98-9ea6-e3830af82371","value":{"error":"no such element","message":"An element could not be located on the page using the given search parameters","stacktrace":"io.appium.uiautomator2.common.exceptions.ElementNotFoundException: An element could not be located on the page using the given search parameters\n\tat io.appium.uiautomator2.handler.FindElement.safeHandle(FindElement.java:70)\n\tat io.appium.uiautomator2.handler.request.SafeRequestHandler.handle(SafeRequestHandler.java:41)\n\tat io.appium.uiautomator2.server.AppiumServlet.handleRequest(AppiumServlet.java:261)\n\tat io.appium.uiautomator2.server.AppiumServlet.handleHttpRequest(AppiumServlet.java:255)\n\tat io.appium.uiautomator2.http.ServerHandler.channelRead(ServerHandler.java:68)\n\tat io.netty.channel.AbstractChannelHandlerContext.invokeChannelRead(AbstractChannelHandlerContext.java:366)\n\tat io.netty.channel.AbstractChannelHandlerContext.invokeChannelRead(AbstractChannelHandlerContext.java:352)\n\tat io.netty.chann...
[debug] &amp#27;[35m[W3C]&amp#27;[39m Matched W3C error code 'no such element' to NoSuchElementError
[debug] &amp#27;[35m[BaseDriver]&amp#27;[39m Waited for 5686 ms so far
[debug] &amp#27;[35m[WD Proxy]&amp#27;[39m Matched '/element' to command name 'findElement'
[debug] &amp#27;[35m[WD Proxy]&amp#27;[39m Proxying [POST /element] to [POST http://127.0.0.1:8200/wd/hub/session/c8d31350-7fa3-4c98-9ea6-e3830af82371/element] with body: {"strategy":"id","selector":"com.eezy.ai.dev:id/searchText","context":"","multiple":false}
&amp#27;[35m[WD Proxy]&amp#27;[39m Got response with status 404: {"sessionId":"c8d31350-7fa3-4c98-9ea6-e3830af82371","value":{"error":"no such element","message":"An element could not be located on the page using the given search parameters","stacktrace":"io.appium.uiautomator2.common.exceptions.ElementNotFoundException: An element could not be located on the page using the given search parameters\n\tat io.appium.uiautomator2.handler.FindElement.safeHandle(FindElement.java:70)\n\tat io.appium.uiautomator2.handler.request.SafeRequestHandler.handle(SafeRequestHandler.java:41)\n\tat io.appium.uiautomator2.server.AppiumServlet.handleRequest(AppiumServlet.java:261)\n\tat io.appium.uiautomator2.server.AppiumServlet.handleHttpRequest(AppiumServlet.java:255)\n\tat io.appium.uiautomator2.http.ServerHandler.channelRead(ServerHandler.java:68)\n\tat io.netty.channel.AbstractChannelHandlerContext.invokeChannelRead(AbstractChannelHandlerContext.java:366)\n\tat io.netty.channel.AbstractChannelHandlerContext.invokeChannelRead(AbstractChannelHandlerContext.java:352)\n\tat io.netty.chann...
[debug] &amp#27;[35m[W3C]&amp#27;[39m Matched W3C error code 'no such element' to NoSuchElementError
[debug] &amp#27;[35m[BaseDriver]&amp#27;[39m Waited for 6259 ms so far
[debug] &amp#27;[35m[WD Proxy]&amp#27;[39m Matched '/element' to command name 'findElement'
[debug] &amp#27;[35m[WD Proxy]&amp#27;[39m Proxying [POST /element] to [POST http://127.0.0.1:8200/wd/hub/session/c8d31350-7fa3-4c98-9ea6-e3830af82371/element] with body: {"strategy":"id","selector":"com.eezy.ai.dev:id/searchText","context":"","multiple":false}
&amp#27;[35m[WD Proxy]&amp#27;[39m Got response with status 404: {"sessionId":"c8d31350-7fa3-4c98-9ea6-e3830af82371","value":{"error":"no such element","message":"An element could not be located on the page using the given search parameters","stacktrace":"io.appium.uiautomator2.common.exceptions.ElementNotFoundException: An element could not be located on the page using the given search parameters\n\tat io.appium.uiautomator2.handler.FindElement.safeHandle(FindElement.java:70)\n\tat io.appium.uiautomator2.handler.request.SafeRequestHandler.handle(SafeRequestHandler.java:41)\n\tat io.appium.uiautomator2.server.AppiumServlet.handleRequest(AppiumServlet.java:261)\n\tat io.appium.uiautomator2.server.AppiumServlet.handleHttpRequest(AppiumServlet.java:255)\n\tat io.appium.uiautomator2.http.ServerHandler.channelRead(ServerHandler.java:68)\n\tat io.netty.channel.AbstractChannelHandlerContext.invokeChannelRead(AbstractChannelHandlerContext.java:366)\n\tat io.netty.channel.AbstractChannelHandlerContext.invokeChannelRead(AbstractChannelHandlerContext.java:352)\n\tat io.netty.chann...
[debug] &amp#27;[35m[W3C]&amp#27;[39m Matched W3C error code 'no such element' to NoSuchElementError
[debug] &amp#27;[35m[BaseDriver]&amp#27;[39m Waited for 7337 ms so far
[debug] &amp#27;[35m[WD Proxy]&amp#27;[39m Matched '/element' to command name 'findElement'
[debug] &amp#27;[35m[WD Proxy]&amp#27;[39m Proxying [POST /element] to [POST http://127.0.0.1:8200/wd/hub/session/c8d31350-7fa3-4c98-9ea6-e3830af82371/element] with body: {"strategy":"id","selector":"com.eezy.ai.dev:id/searchText","context":"","multiple":false}
&amp#27;[35m[WD Proxy]&amp#27;[39m Got response with status 404: {"sessionId":"c8d31350-7fa3-4c98-9ea6-e3830af82371","value":{"error":"no such element","message":"An element could not be located on the page using the given search parameters","stacktrace":"io.appium.uiautomator2.common.exceptions.ElementNotFoundException: An element could not be located on the page using the given search parameters\n\tat io.appium.uiautomator2.handler.FindElement.safeHandle(FindElement.java:70)\n\tat io.appium.uiautomator2.handler.request.SafeRequestHandler.handle(SafeRequestHandler.java:41)\n\tat io.appium.uiautomator2.server.AppiumServlet.handleRequest(AppiumServlet.java:261)\n\tat io.appium.uiautomator2.server.AppiumServlet.handleHttpRequest(AppiumServlet.java:255)\n\tat io.appium.uiautomator2.http.ServerHandler.channelRead(ServerHandler.java:68)\n\tat io.netty.channel.AbstractChannelHandlerContext.invokeChannelRead(AbstractChannelHandlerContext.java:366)\n\tat io.netty.channel.AbstractChannelHandlerContext.invokeChannelRead(AbstractChannelHandlerContext.java:352)\n\tat io.netty.chann...
[debug] &amp#27;[35m[W3C]&amp#27;[39m Matched W3C error code 'no such element' to NoSuchElementError
[debug] &amp#27;[35m[BaseDriver]&amp#27;[39m Waited for 8150 ms so far
[debug] &amp#27;[35m[WD Proxy]&amp#27;[39m Matched '/element' to command name 'findElement'
[debug] &amp#27;[35m[WD Proxy]&amp#27;[39m Proxying [POST /element] to [POST http://127.0.0.1:8200/wd/hub/session/c8d31350-7fa3-4c98-9ea6-e3830af82371/element] with body: {"strategy":"id","selector":"com.eezy.ai.dev:id/searchText","context":"","multiple":false}
&amp#27;[35m[WD Proxy]&amp#27;[39m Got response with status 404: {"sessionId":"c8d31350-7fa3-4c98-9ea6-e3830af82371","value":{"error":"no such element","message":"An element could not be located on the page using the given search parameters","stacktrace":"io.appium.uiautomator2.common.exceptions.ElementNotFoundException: An element could not be located on the page using the given search parameters\n\tat io.appium.uiautomator2.handler.FindElement.safeHandle(FindElement.java:70)\n\tat io.appium.uiautomator2.handler.request.SafeRequestHandler.handle(SafeRequestHandler.java:41)\n\tat io.appium.uiautomator2.server.AppiumServlet.handleRequest(AppiumServlet.java:261)\n\tat io.appium.uiautomator2.server.AppiumServlet.handleHttpRequest(AppiumServlet.java:255)\n\tat io.appium.uiautomator2.http.ServerHandler.channelRead(ServerHandler.java:68)\n\tat io.netty.channel.AbstractChannelHandlerContext.invokeChannelRead(AbstractChannelHandlerContext.java:366)\n\tat io.netty.channel.AbstractChannelHandlerContext.invokeChannelRead(AbstractChannelHandlerContext.java:352)\n\tat io.netty.chann...
[debug] &amp#27;[35m[W3C]&amp#27;[39m Matched W3C error code 'no such element' to NoSuchElementError
[debug] &amp#27;[35m[BaseDriver]&amp#27;[39m Waited for 8722 ms so far
[debug] &amp#27;[35m[WD Proxy]&amp#27;[39m Matched '/element' to command name 'findElement'
[debug] &amp#27;[35m[WD Proxy]&amp#27;[39m Proxying [POST /element] to [POST http://127.0.0.1:8200/wd/hub/session/c8d31350-7fa3-4c98-9ea6-e3830af82371/element] with body: {"strategy":"id","selector":"com.eezy.ai.dev:id/searchText","context":"","multiple":false}
&amp#27;[35m[WD Proxy]&amp#27;[39m Got response with status 404: {"sessionId":"c8d31350-7fa3-4c98-9ea6-e3830af82371","value":{"error":"no such element","message":"An element could not be located on the page using the given search parameters","stacktrace":"io.appium.uiautomator2.common.exceptions.ElementNotFoundException: An element could not be located on the page using the given search parameters\n\tat io.appium.uiautomator2.handler.FindElement.safeHandle(FindElement.java:70)\n\tat io.appium.uiautomator2.handler.request.SafeRequestHandler.handle(SafeRequestHandler.java:41)\n\tat io.appium.uiautomator2.server.AppiumServlet.handleRequest(AppiumServlet.java:261)\n\tat io.appium.uiautomator2.server.AppiumServlet.handleHttpRequest(AppiumServlet.java:255)\n\tat io.appium.uiautomator2.http.ServerHandler.channelRead(ServerHandler.java:68)\n\tat io.netty.channel.AbstractChannelHandlerContext.invokeChannelRead(AbstractChannelHandlerContext.java:366)\n\tat io.netty.channel.AbstractChannelHandlerContext.invokeChannelRead(AbstractChannelHandlerContext.java:352)\n\tat io.netty.chann...
[debug] &amp#27;[35m[W3C]&amp#27;[39m Matched W3C error code 'no such element' to NoSuchElementError
[debug] &amp#27;[35m[BaseDriver]&amp#27;[39m Waited for 9294 ms so far
[debug] &amp#27;[35m[WD Proxy]&amp#27;[39m Matched '/element' to command name 'findElement'
[debug] &amp#27;[35m[WD Proxy]&amp#27;[39m Proxying [POST /element] to [POST http://127.0.0.1:8200/wd/hub/session/c8d31350-7fa3-4c98-9ea6-e3830af82371/element] with body: {"strategy":"id","selector":"com.eezy.ai.dev:id/searchText","context":"","multiple":false}
&amp#27;[35m[WD Proxy]&amp#27;[39m Got response with status 404: {"sessionId":"c8d31350-7fa3-4c98-9ea6-e3830af82371","value":{"error":"no such element","message":"An element could not be located on the page using the given search parameters","stacktrace":"io.appium.uiautomator2.common.exceptions.ElementNotFoundException: An element could not be located on the page using the given search parameters\n\tat io.appium.uiautomator2.handler.FindElement.safeHandle(FindElement.java:70)\n\tat io.appium.uiautomator2.handler.request.SafeRequestHandler.handle(SafeRequestHandler.java:41)\n\tat io.appium.uiautomator2.server.AppiumServlet.handleRequest(AppiumServlet.java:261)\n\tat io.appium.uiautomator2.server.AppiumServlet.handleHttpRequest(AppiumServlet.java:255)\n\tat io.appium.uiautomator2.http.ServerHandler.channelRead(ServerHandler.java:68)\n\tat io.netty.channel.AbstractChannelHandlerContext.invokeChannelRead(AbstractChannelHandlerContext.java:366)\n\tat io.netty.channel.AbstractChannelHandlerContext.invokeChannelRead(AbstractChannelHandlerContext.java:352)\n\tat io.netty.chann...
[debug] &amp#27;[35m[W3C]&amp#27;[39m Matched W3C error code 'no such element' to NoSuchElementError
[debug] &amp#27;[35m[BaseDriver]&amp#27;[39m Waited for 10154 ms so far
[debug] &amp#27;[35m[WD Proxy]&amp#27;[39m Matched '/element' to command name 'findElement'
[debug] &amp#27;[35m[WD Proxy]&amp#27;[39m Proxying [POST /element] to [POST http://127.0.0.1:8200/wd/hub/session/c8d31350-7fa3-4c98-9ea6-e3830af82371/element] with body: {"strategy":"id","selector":"com.eezy.ai.dev:id/searchText","context":"","multiple":false}
&amp#27;[35m[WD Proxy]&amp#27;[39m Got response with status 404: {"sessionId":"c8d31350-7fa3-4c98-9ea6-e3830af82371","value":{"error":"no such element","message":"An element could not be located on the page using the given search parameters","stacktrace":"io.appium.uiautomator2.common.exceptions.ElementNotFoundException: An element could not be located on the page using the given search parameters\n\tat io.appium.uiautomator2.handler.FindElement.safeHandle(FindElement.java:70)\n\tat io.appium.uiautomator2.handler.request.SafeRequestHandler.handle(SafeRequestHandler.java:41)\n\tat io.appium.uiautomator2.server.AppiumServlet.handleRequest(AppiumServlet.java:261)\n\tat io.appium.uiautomator2.server.AppiumServlet.handleHttpRequest(AppiumServlet.java:255)\n\tat io.appium.uiautomator2.http.ServerHandler.channelRead(ServerHandler.java:68)\n\tat io.netty.channel.AbstractChannelHandlerContext.invokeChannelRead(AbstractChannelHandlerContext.java:366)\n\tat io.netty.channel.AbstractChannelHandlerContext.invokeChannelRead(AbstractChannelHandlerContext.java:352)\n\tat io.netty.chann...
[debug] &amp#27;[35m[W3C]&amp#27;[39m Matched W3C error code 'no such element' to NoSuchElementError
[debug] &amp#27;[35m[BaseDriver]&amp#27;[39m Waited for 10707 ms so far
[debug] &amp#27;[35m[WD Proxy]&amp#27;[39m Matched '/element' to command name 'findElement'
[debug] &amp#27;[35m[WD Proxy]&amp#27;[39m Proxying [POST /element] to [POST http://127.0.0.1:8200/wd/hub/session/c8d31350-7fa3-4c98-9ea6-e3830af82371/element] with body: {"strategy":"id","selector":"com.eezy.ai.dev:id/searchText","context":"","multiple":false}
&amp#27;[35m[WD Proxy]&amp#27;[39m Got response with status 404: {"sessionId":"c8d31350-7fa3-4c98-9ea6-e3830af82371","value":{"error":"no such element","message":"An element could not be located on the page using the given search parameters","stacktrace":"io.appium.uiautomator2.common.exceptions.ElementNotFoundException: An element could not be located on the page using the given search parameters\n\tat io.appium.uiautomator2.handler.FindElement.safeHandle(FindElement.java:70)\n\tat io.appium.uiautomator2.handler.request.SafeRequestHandler.handle(SafeRequestHandler.java:41)\n\tat io.appium.uiautomator2.server.AppiumServlet.handleRequest(AppiumServlet.java:261)\n\tat io.appium.uiautomator2.server.AppiumServlet.handleHttpRequest(AppiumServlet.java:255)\n\tat io.appium.uiautomator2.http.ServerHandler.channelRead(ServerHandler.java:68)\n\tat io.netty.channel.AbstractChannelHandlerContext.invokeChannelRead(AbstractChannelHandlerContext.java:366)\n\tat io.netty.channel.AbstractChannelHandlerContext.invokeChannelRead(AbstractChannelHandlerContext.java:352)\n\tat io.netty.chann...
[debug] &amp#27;[35m[W3C]&amp#27;[39m Matched W3C error code 'no such element' to NoSuchElementError
[debug] &amp#27;[35m[BaseDriver]&amp#27;[39m Waited for 11324 ms so far
[debug] &amp#27;[35m[WD Proxy]&amp#27;[39m Matched '/element' to command name 'findElement'
[debug] &amp#27;[35m[WD Proxy]&amp#27;[39m Proxying [POST /element] to [POST http://127.0.0.1:8200/wd/hub/session/c8d31350-7fa3-4c98-9ea6-e3830af82371/element] with body: {"strategy":"id","selector":"com.eezy.ai.dev:id/searchText","context":"","multiple":false}
&amp#27;[35m[WD Proxy]&amp#27;[39m Got response with status 404: {"sessionId":"c8d31350-7fa3-4c98-9ea6-e3830af82371","value":{"error":"no such element","message":"An element could not be located on the page using the given search parameters","stacktrace":"io.appium.uiautomator2.common.exceptions.ElementNotFoundException: An element could not be located on the page using the given search parameters\n\tat io.appium.uiautomator2.handler.FindElement.safeHandle(FindElement.java:70)\n\tat io.appium.uiautomator2.handler.request.SafeRequestHandler.handle(SafeRequestHandler.java:41)\n\tat io.appium.uiautomator2.server.AppiumServlet.handleRequest(AppiumServlet.java:261)\n\tat io.appium.uiautomator2.server.AppiumServlet.handleHttpRequest(AppiumServlet.java:255)\n\tat io.appium.uiautomator2.http.ServerHandler.channelRead(ServerHandler.java:68)\n\tat io.netty.channel.AbstractChannelHandlerContext.invokeChannelRead(AbstractChannelHandlerContext.java:366)\n\tat io.netty.channel.AbstractChannelHandlerContext.invokeChannelRead(AbstractChannelHandlerContext.java:352)\n\tat io.netty.chann...
[debug] &amp#27;[35m[W3C]&amp#27;[39m Matched W3C error code 'no such element' to NoSuchElementError
[debug] &amp#27;[35m[BaseDriver]&amp#27;[39m Waited for 12159 ms so far
[debug] &amp#27;[35m[WD Proxy]&amp#27;[39m Matched '/element' to command name 'findElement'
[debug] &amp#27;[35m[WD Proxy]&amp#27;[39m Proxying [POST /element] to [POST http://127.0.0.1:8200/wd/hub/session/c8d31350-7fa3-4c98-9ea6-e3830af82371/element] with body: {"strategy":"id","selector":"com.eezy.ai.dev:id/searchText","context":"","multiple":false}
&amp#27;[35m[WD Proxy]&amp#27;[39m Got response with status 404: {"sessionId":"c8d31350-7fa3-4c98-9ea6-e3830af82371","value":{"error":"no such element","message":"An element could not be located on the page using the given search parameters","stacktrace":"io.appium.uiautomator2.common.exceptions.ElementNotFoundException: An element could not be located on the page using the given search parameters\n\tat io.appium.uiautomator2.handler.FindElement.safeHandle(FindElement.java:70)\n\tat io.appium.uiautomator2.handler.request.SafeRequestHandler.handle(SafeRequestHandler.java:41)\n\tat io.appium.uiautomator2.server.AppiumServlet.handleRequest(AppiumServlet.java:261)\n\tat io.appium.uiautomator2.server.AppiumServlet.handleHttpRequest(AppiumServlet.java:255)\n\tat io.appium.uiautomator2.http.ServerHandler.channelRead(ServerHandler.java:68)\n\tat io.netty.channel.AbstractChannelHandlerContext.invokeChannelRead(AbstractChannelHandlerContext.java:366)\n\tat io.netty.channel.AbstractChannelHandlerContext.invokeChannelRead(AbstractChannelHandlerContext.java:352)\n\tat io.netty.chann...
[debug] &amp#27;[35m[W3C]&amp#27;[39m Matched W3C error code 'no such element' to NoSuchElementError
[debug] &amp#27;[35m[BaseDriver]&amp#27;[39m Waited for 13161 ms so far
[debug] &amp#27;[35m[WD Proxy]&amp#27;[39m Matched '/element' to command name 'findElement'
[debug] &amp#27;[35m[WD Proxy]&amp#27;[39m Proxying [POST /element] to [POST http://127.0.0.1:8200/wd/hub/session/c8d31350-7fa3-4c98-9ea6-e3830af82371/element] with body: {"strategy":"id","selector":"com.eezy.ai.dev:id/searchText","context":"","multiple":false}
&amp#27;[35m[WD Proxy]&amp#27;[39m Got response with status 404: {"sessionId":"c8d31350-7fa3-4c98-9ea6-e3830af82371","value":{"error":"no such element","message":"An element could not be located on the page using the given search parameters","stacktrace":"io.appium.uiautomator2.common.exceptions.ElementNotFoundException: An element could not be located on the page using the given search parameters\n\tat io.appium.uiautomator2.handler.FindElement.safeHandle(FindElement.java:70)\n\tat io.appium.uiautomator2.handler.request.SafeRequestHandler.handle(SafeRequestHandler.java:41)\n\tat io.appium.uiautomator2.server.AppiumServlet.handleRequest(AppiumServlet.java:261)\n\tat io.appium.uiautomator2.server.AppiumServlet.handleHttpRequest(AppiumServlet.java:255)\n\tat io.appium.uiautomator2.http.ServerHandler.channelRead(ServerHandler.java:68)\n\tat io.netty.channel.AbstractChannelHandlerContext.invokeChannelRead(AbstractChannelHandlerContext.java:366)\n\tat io.netty.channel.AbstractChannelHandlerContext.invokeChannelRead(AbstractChannelHandlerContext.java:352)\n\tat io.netty.chann...
[debug] &amp#27;[35m[W3C]&amp#27;[39m Matched W3C error code 'no such element' to NoSuchElementError
[debug] &amp#27;[35m[BaseDriver]&amp#27;[39m Waited for 14161 ms so far
[debug] &amp#27;[35m[WD Proxy]&amp#27;[39m Matched '/element' to command name 'findElement'
[debug] &amp#27;[35m[WD Proxy]&amp#27;[39m Proxying [POST /element] to [POST http://127.0.0.1:8200/wd/hub/session/c8d31350-7fa3-4c98-9ea6-e3830af82371/element] with body: {"strategy":"id","selector":"com.eezy.ai.dev:id/searchText","context":"","multiple":false}
&amp#27;[35m[WD Proxy]&amp#27;[39m Got response with status 404: {"sessionId":"c8d31350-7fa3-4c98-9ea6-e3830af82371","value":{"error":"no such element","message":"An element could not be located on the page using the given search parameters","stacktrace":"io.appium.uiautomator2.common.exceptions.ElementNotFoundException: An element could not be located on the page using the given search parameters\n\tat io.appium.uiautomator2.handler.FindElement.safeHandle(FindElement.java:70)\n\tat io.appium.uiautomator2.handler.request.SafeRequestHandler.handle(SafeRequestHandler.java:41)\n\tat io.appium.uiautomator2.server.AppiumServlet.handleRequest(AppiumServlet.java:261)\n\tat io.appium.uiautomator2.server.AppiumServlet.handleHttpRequest(AppiumServlet.java:255)\n\tat io.appium.uiautomator2.http.ServerHandler.channelRead(ServerHandler.java:68)\n\tat io.netty.channel.AbstractChannelHandlerContext.invokeChannelRead(AbstractChannelHandlerContext.java:366)\n\tat io.netty.channel.AbstractChannelHandlerContext.invokeChannelRead(AbstractChannelHandlerContext.java:352)\n\tat io.netty.chann...
[debug] &amp#27;[35m[W3C]&amp#27;[39m Matched W3C error code 'no such element' to NoSuchElementError
[debug] &amp#27;[35m[BaseDriver]&amp#27;[39m Waited for 14733 ms so far
[debug] &amp#27;[35m[WD Proxy]&amp#27;[39m Matched '/element' to command name 'findElement'
[debug] &amp#27;[35m[WD Proxy]&amp#27;[39m Proxying [POST /element] to [POST http://127.0.0.1:8200/wd/hub/session/c8d31350-7fa3-4c98-9ea6-e3830af82371/element] with body: {"strategy":"id","selector":"com.eezy.ai.dev:id/searchText","context":"","multiple":false}
&amp#27;[35m[WD Proxy]&amp#27;[39m Got response with status 404: {"sessionId":"c8d31350-7fa3-4c98-9ea6-e3830af82371","value":{"error":"no such element","message":"An element could not be located on the page using the given search parameters","stacktrace":"io.appium.uiautomator2.common.exceptions.ElementNotFoundException: An element could not be located on the page using the given search parameters\n\tat io.appium.uiautomator2.handler.FindElement.safeHandle(FindElement.java:70)\n\tat io.appium.uiautomator2.handler.request.SafeRequestHandler.handle(SafeRequestHandler.java:41)\n\tat io.appium.uiautomator2.server.AppiumServlet.handleRequest(AppiumServlet.java:261)\n\tat io.appium.uiautomator2.server.AppiumServlet.handleHttpRequest(AppiumServlet.java:255)\n\tat io.appium.uiautomator2.http.ServerHandler.channelRead(ServerHandler.java:68)\n\tat io.netty.channel.AbstractChannelHandlerContext.invokeChannelRead(AbstractChannelHandlerContext.java:366)\n\tat io.netty.channel.AbstractChannelHandlerContext.invokeChannelRead(AbstractChannelHandlerContext.java:352)\n\tat io.netty.chann...
[debug] &amp#27;[35m[W3C]&amp#27;[39m Matched W3C error code 'no such element' to NoSuchElementError
[debug] &amp#27;[35m[W3C (5f762b8f)]&amp#27;[39m Encountered internal error running command: NoSuchElementError: An element could not be located on the page using the given search parameters.
[debug] &amp#27;[35m[W3C (5f762b8f)]&amp#27;[39m     at AndroidUiautomator2Driver.findElOrEls (C:\Users\Rajiv\AppData\Roaming\npm\node_modules\appium\node_modules\appium-android-driver\lib\commands\find.js:75:11)
[debug] &amp#27;[35m[W3C (5f762b8f)]&amp#27;[39m     at runMicrotasks (<anonymous>)
[debug] &amp#27;[35m[W3C (5f762b8f)]&amp#27;[39m     at processTicksAndRejections (internal/process/task_queues.js:93:5)
[debug] &amp#27;[35m[W3C (5f762b8f)]&amp#27;[39m     at AndroidUiautomator2Driver.findElOrElsWithProcessing (C:\Users\Rajiv\AppData\Roaming\npm\node_modules\appium\node_modules\appium-base-driver\lib\basedriver\commands\find.js:33:12)
[debug] &amp#27;[35m[W3C (5f762b8f)]&amp#27;[39m     at AndroidUiautomator2Driver.findElement (C:\Users\Rajiv\AppData\Roaming\npm\node_modules\appium\node_modules\appium-base-driver\lib\basedriver\commands\find.js:53:10)
&amp#27;[35m[HTTP]&amp#27;[39m &amp#27;[37m<-- POST /wd/hub/session/5f762b8f-6ac5-458d-b2ec-93d773dc99ad/element &amp#27;[39m&amp#27;[33m404&amp#27;[39m &amp#27;[90m15397 ms - 914&amp#27;[39m
&amp#27;[35m[HTTP]&amp#27;[39m &amp#27;[90m&amp#27;[39m
]]></system-out>
    <system-err><![CDATA[Apr 28, 2021 1:43:32 PM io.appium.java_client.remote.AppiumCommandExecutor$1 lambda$0
INFO: Detected dialect: W3C
]]></system-err>
  </testcase>
  <testcase name="login" classname="com.eezy.logintest.LoginTest" time="94.091">
    <system-out><![CDATA[&amp#27;[35m[HTTP]&amp#27;[39m &amp#27;[37m-->&amp#27;[39m &amp#27;[37mGET&amp#27;[39m &amp#27;[37m/wd/hub/session/5f762b8f-6ac5-458d-b2ec-93d773dc99ad/screenshot&amp#27;[39m
&amp#27;[35m[HTTP]&amp#27;[39m &amp#27;[90m{}&amp#27;[39m
[debug] &amp#27;[35m[W3C (5f762b8f)]&amp#27;[39m Calling AppiumDriver.getScreenshot() with args: ["5f762b8f-6ac5-458d-b2ec-93d773dc99ad"]
[debug] &amp#27;[35m[WD Proxy]&amp#27;[39m Matched '/screenshot' to command name 'getScreenshot'
[debug] &amp#27;[35m[WD Proxy]&amp#27;[39m Proxying [GET /screenshot] to [GET http://127.0.0.1:8200/wd/hub/session/c8d31350-7fa3-4c98-9ea6-e3830af82371/screenshot] with no body
[debug] &amp#27;[35m[WD Proxy]&amp#27;[39m Got response with status 200: {"sessionId":"c8d31350-7fa3-4c98-9ea6-e3830af82371","value":"iVBORw0KGgoAAAANSUhEUgAABDgAAAeACAYAAAArYecKAAAABHNCSVQICAgIfAhkiAAAIABJREFU\neJzs3XecHHXdB/DPzOzO9nK31y+XnhBCIKGIBgQEpEhRFJEuogIqAgrSlCYiIOWxIKDAIyBdUVAQ\nAUU6gvAAAQQSUu5yve3d9j7z/LF3m623u3dbw+f9euVliLNzk7vL7czn9/19v4LurQ0qiIiIiIiI\niIjqmFjtCyAiIiIiIiIimisGHERERERERERU9xhwEBEREREREVHdY8BBRERERERERHWPAQcRERER\nERER1T0GHERERERERERU9xhwEBEREREREVHdY8BBRERERERERHWPAQcRERERERER1T0GHERERERE\nRERU9xhwEBEREREREVHdY8BBRERERERERHWPAQcRERERERER1T0GHERERERERERU9xhwEBERERER\nEVHd01T7AoiIiIiIiLYnIgBZFCAACChqRT+uJAjQCIAsCNBM/V5E/FpUAApURFUgqqoIq/Hfx1QV\nSsWukqh8GHAQERERUd3b3aDDLkY9djPoYJNEqAAGIxG86Q1gXTiK9cFwtS+xLnzTYcPPOpugALh+\neALXDTurfUl1RwBgk0S0aOOPWh8Fw2UND0QAoiBAFgCTKMIiiWiQJLRoJDRpJFglEQZBgCQIiKoq\ngqoKV0zBaDSG0WgUrpgCV0yBX1EQVgGlBsKO4JplBR2nf/ujMl8JzcQiiri6owmH2Uzo0GogZDkm\noqroCUdxYf8o/ub2lf2aGHAQERERfQwJAPY2G/A5qwl7mfRYopNhl+K7lydjCjaFwvi3L4gn3D68\n7A2gcmvQxTnCbMDXWxrwGZMBRinL7usWYDwaw1MuL253evBvX6DyF1mkF5d3YReDDg9PePD9/lG4\nY5V73Ly6owkmMf55vKLdAa0A...
[debug] &amp#27;[35m[W3C (5f762b8f)]&amp#27;[39m Responding to client with driver.getScreenshot() result: "iVBORw0KGgoAAAANSUhEUgAABDgAAAeACAYAAAArYecKAAAABHNCSVQICAgIfAhkiAAAIABJREFU\neJzs3XecHHXdB/DPzOzO9nK31y+XnhBCIKGIBgQEpEhRFJEuogIqAgrSlCYiIOWxIKDAIyBdUVAQ\nAUU6gvAAAQQSUu5yve3d9j7z/LF3m623u3dbw+f9euVliLNzk7vL7czn9/19v4LurQ0qiIiIiIiI\niIjqmFjtCyAiIiIiIiIimisGHERERERERERU9xhwEBEREREREVHdY8BBRERERERERHWPAQcRERER\nERER1T0GHERERERERERU9xhwEBEREREREVHdY8BBRERERERERHWPAQcRERERERER1T0GHERERERE\nRERU9xhwEBEREREREVHdY8BBRERERERERHWPAQcRERERERER1T0GHERERERERERU9xhwEBERERER\nEVHd01T7AoiIiIiIiLYnIgBZFCAACChqRT+uJAjQCIAsCNBM/V5E/FpUAApURFUgqqoIq/Hfx1QV\nSsWukqh8GHAQERERUd3b3aDDLkY9djPoYJNEqAAGIxG86Q1gXTiK9cFwtS+xLnzTYcPPOpugALh+\neALXDTurfUl1RwBgk0S0aOOPWh8Fw2UND0QAoiBAFgCTKMIiiWiQJLRoJDRpJFglEQZBgCQIiKoq\ngqoKV0zBaDSG0WgUrpgCV0yBX1EQVgGlBsKO4JplBR2nf/ujMl8JzcQiiri6owmH2Uzo0GogZDkm\noqroCUdxYf8o/ub2lf2aGHAQERERfQwJAPY2G/A5qwl7mfRYopNhl+K7lydjCjaFwvi3L4gn3D68\n7A2gcmvQxTnCbMDXWxrwGZMBRinL7usWYDwaw1MuL253evBvX6DyF1mkF5d3YReDDg9PePD9/lG4\nY5V73Ly6owkmMf55vKLdAa0A/HSosJDDIAr4/YJ2HGgxQgDwT48fX+0ZrGgFQy0wiiJW6nVYbdRh\nOBLFll...
&amp#27;[35m[HTTP]&amp#27;[39m &amp#27;[37m<-- GET /wd/hub/session/5f762b8f-6ac5-458d-b2ec-93d773dc99ad/screenshot &amp#27;[39m&amp#27;[32m200&amp#27;[39m &amp#27;[90m754 ms - 121074&amp#27;[39m
&amp#27;[35m[HTTP]&amp#27;[39m &amp#27;[90m&amp#27;[39m
&amp#27;[35m[HTTP]&amp#27;[39m &amp#27;[37m-->&amp#27;[39m &amp#27;[37mPOST&amp#27;[39m &amp#27;[37m/wd/hub/session/5f762b8f-6ac5-458d-b2ec-93d773dc99ad/appium/stop_recording_screen&amp#27;[39m
&amp#27;[35m[HTTP]&amp#27;[39m &amp#27;[90m{}&amp#27;[39m
[debug] &amp#27;[35m[W3C (5f762b8f)]&amp#27;[39m Calling AppiumDriver.stopRecordingScreen() with args: [null,"5f762b8f-6ac5-458d-b2ec-93d773dc99ad"]
[debug] &amp#27;[35m[ADB]&amp#27;[39m Getting IDs of all 'screenrecord' processes
[debug] &amp#27;[35m[ADB]&amp#27;[39m Running 'C:\Users\Rajiv\AppData\Local\Android\Sdk\platform-tools\adb.exe -P 5037 -s bfe7d6690803 shell 'pgrep ^screenrecord$ || pgrep ^screenrecord$''
[debug] &amp#27;[35m[ADB]&amp#27;[39m Running 'C:\Users\Rajiv\AppData\Local\Android\Sdk\platform-tools\adb.exe -P 5037 -s bfe7d6690803 shell kill -2 31213'
[debug] &amp#27;[35m[ADB]&amp#27;[39m Getting IDs of all 'screenrecord' processes
[debug] &amp#27;[35m[ADB]&amp#27;[39m Running 'C:\Users\Rajiv\AppData\Local\Android\Sdk\platform-tools\adb.exe -P 5037 -s bfe7d6690803 shell 'pgrep ^screenrecord$ || pgrep ^screenrecord$''
[debug] &amp#27;[35m[ADB]&amp#27;[39m Getting IDs of all 'screenrecord' processes
[debug] &amp#27;[35m[ADB]&amp#27;[39m Running 'C:\Users\Rajiv\AppData\Local\Android\Sdk\platform-tools\adb.exe -P 5037 -s bfe7d6690803 shell 'pgrep ^screenrecord$ || pgrep ^screenrecord$''
[debug] &amp#27;[35m[ADB]&amp#27;[39m Getting IDs of all 'screenrecord' processes
[debug] &amp#27;[35m[ADB]&amp#27;[39m Running 'C:\Users\Rajiv\AppData\Local\Android\Sdk\platform-tools\adb.exe -P 5037 -s bfe7d6690803 shell 'pgrep ^screenrecord$ || pgrep ^screenrecord$''
[debug] &amp#27;[35m[ADB]&amp#27;[39m Running 'C:\Users\Rajiv\AppData\Local\Android\Sdk\platform-tools\adb.exe -P 5037 -s bfe7d6690803 pull /sdcard/12f9c0ae.mp4 C:\Users\Rajiv\AppData\Local\Temp\2021328-13352-1iu1j84.od62\12f9c0ae.mp4'
[debug] &amp#27;[35m[ADB]&amp#27;[39m Running 'C:\Users\Rajiv\AppData\Local\Android\Sdk\platform-tools\adb.exe -P 5037 -s bfe7d6690803 shell rm -rf /sdcard/12f9c0ae.mp4'
[debug] &amp#27;[35m[AndroidDriver]&amp#27;[39m The size of the resulting screen recording is 1.39 MB
[debug] &amp#27;[35m[W3C (5f762b8f)]&amp#27;[39m Responding to client with driver.stopRecordingScreen() result: "AAAAGGZ0eXBtcDQyAAAAAGlzb21tcDQyAAAMeWZyZWUAAAAAAAAAAAAAAAAAAAAAAAAAAAAAAAAAAAAAAAAAAAAAAAAAAAAAAAAAAAAAAAAAAAAAAAAAAAAAAAAAAAAAAAAAAAAAAAAAAAAAAAAAAAAAAAAAAAAAAAAAAAAAAAAAAAAAAAAAAAAAAAAAAAAAAAAAAAAAAAAAAAAAAAAAAAAAAAAAAAAAAAAAAAAAAAAAAAAAAAAAAAAAAAAAAAAAAAAAAAAAAAAAAAAAAAAAAAAAAAAAAAAAAAAAAAAAAAAAAAAAAAAAAAAAAAAAAAAAAAAAAAAAAAAAAAAAAAAAAAAAAAAAAAAAAAAAAAAAAAAAAAAAAAAAAAAAAAAAAAAAAAAAAAAAAAAAAAAAAAAAAAAAAAAAAAAAAAAAAAAAAAAAAAAAAAAAAAAAAAAAAAAAAAAAAAAAAAAAAAAAAAAAAAAAAAAAAAAAAAAAAAAAAAAAAAAAAAAAAAAAAAAAAAAAAAAAAAAAAAAAAAAAAAAAAAAAAAAAAAAAAAAAAAAAAAAAAAAAAAAAAAAAAAAAAAAAAAAAAAAAAAAAAAAAAAAAAAAAAAAAAAAAAAAAAAAAAAAAAAAAAAAAAAAAAAAAAAAAAAAAAAAAAAAAAAAAAAAAAAAAAAAAAAAAAAAAAAAAAAAAAAAAAAAAAAAAAAAAAAAAAAAAAAAAAAAAAAAAAAAAAAAAAAAAAAAAAAAAAAAAAAAAAAAAAAAAAAAAAAAAAAAAAAAAAAAAAAAAAAAAAAAAAAAAAAAAAAAAAAAAAAAAAAAAAAAAAAAAAAAAAAAAAAAAAAAAAAAAAAAAAAAAAAAAAAAAAAAAAAAAAAAAAAAAAAAAAAAAAAAAAAAAAAAAAAAAAAAAAAAAAAAAAAAAAAAAAAAAAAAAAAAAAAAAAAAAAAAAAAAAAAAAAAAAAAAAAAAAAAAAAAAAAAAAAAAAAAAAAAAAAAAAAAAAAAAAAAAAAAAAAAAAAAAAAAAAAAAA...
&amp#27;[35m[HTTP]&amp#27;[39m &amp#27;[37m<-- POST /wd/hub/session/5f762b8f-6ac5-458d-b2ec-93d773dc99ad/appium/stop_recording_screen &amp#27;[39m&amp#27;[32m200&amp#27;[39m &amp#27;[90m1973 ms - 1949684&amp#27;[39m
&amp#27;[35m[HTTP]&amp#27;[39m &amp#27;[90m&amp#27;[39m
&amp#27;[35m[HTTP]&amp#27;[39m &amp#27;[37m-->&amp#27;[39m &amp#27;[37mDELETE&amp#27;[39m &amp#27;[37m/wd/hub/session/5f762b8f-6ac5-458d-b2ec-93d773dc99ad&amp#27;[39m
&amp#27;[35m[HTTP]&amp#27;[39m &amp#27;[90m{}&amp#27;[39m
[debug] &amp#27;[35m[W3C (5f762b8f)]&amp#27;[39m Calling AppiumDriver.deleteSession() with args: ["5f762b8f-6ac5-458d-b2ec-93d773dc99ad"]
[debug] &amp#27;[35m[BaseDriver]&amp#27;[39m Event 'quitSessionRequested' logged at 1619597638487 (13:43:58 GMT+0530 (India Standard Time))
&amp#27;[35m[Appium]&amp#27;[39m Removing session 5f762b8f-6ac5-458d-b2ec-93d773dc99ad from our master session list
[debug] &amp#27;[35m[UiAutomator2]&amp#27;[39m Deleting UiAutomator2 session
[debug] &amp#27;[35m[UiAutomator2]&amp#27;[39m Deleting UiAutomator2 server session
[debug] &amp#27;[35m[WD Proxy]&amp#27;[39m Matched '/' to command name 'deleteSession'
[debug] &amp#27;[35m[WD Proxy]&amp#27;[39m Proxying [DELETE /] to [DELETE http://127.0.0.1:8200/wd/hub/session/c8d31350-7fa3-4c98-9ea6-e3830af82371] with no body
[debug] &amp#27;[35m[WD Proxy]&amp#27;[39m Got response with status 200: {"sessionId":"c8d31350-7fa3-4c98-9ea6-e3830af82371","value":null}
[debug] &amp#27;[35m[ADB]&amp#27;[39m Running 'C:\Users\Rajiv\AppData\Local\Android\Sdk\platform-tools\adb.exe -P 5037 -s bfe7d6690803 shell am force-stop com.eezy.ai.dev'
[debug] &amp#27;[35m[Instrumentation]&amp#27;[39m .
[debug] &amp#27;[35m[Instrumentation]&amp#27;[39m Time: 32.071
[debug] &amp#27;[35m[Instrumentation]&amp#27;[39m 
[debug] &amp#27;[35m[Instrumentation]&amp#27;[39m OK (1 test)
[debug] &amp#27;[35m[Instrumentation]&amp#27;[39m The process has exited with code 0
[debug] &amp#27;[35m[Logcat]&amp#27;[39m Stopping logcat capture
[debug] &amp#27;[35m[ADB]&amp#27;[39m Removing forwarded port socket connection: 8200 
[debug] &amp#27;[35m[ADB]&amp#27;[39m Running 'C:\Users\Rajiv\AppData\Local\Android\Sdk\platform-tools\adb.exe -P 5037 -s bfe7d6690803 forward --remove tcp:8200'
[debug] &amp#27;[35m[BaseDriver]&amp#27;[39m Event 'quitSessionFinished' logged at 1619597639486 (13:43:59 GMT+0530 (India Standard Time))
[debug] &amp#27;[35m[W3C (5f762b8f)]&amp#27;[39m Received response: null
[debug] &amp#27;[35m[W3C (5f762b8f)]&amp#27;[39m But deleting session, so not returning
[debug] &amp#27;[35m[W3C (5f762b8f)]&amp#27;[39m Responding to client with driver.deleteSession() result: null
&amp#27;[35m[HTTP]&amp#27;[39m &amp#27;[37m<-- DELETE /wd/hub/session/5f762b8f-6ac5-458d-b2ec-93d773dc99ad &amp#27;[39m&amp#27;[32m200&amp#27;[39m &amp#27;[90m1002 ms - 14&amp#27;[39m
&amp#27;[35m[HTTP]&amp#27;[39m &amp#27;[90m&amp#27;[39m
&amp#27;[35m[HTTP]&amp#27;[39m &amp#27;[37m-->&amp#27;[39m &amp#27;[37mPOST&amp#27;[39m &amp#27;[37m/wd/hub/session&amp#27;[39m
&amp#27;[35m[HTTP]&amp#27;[39m &amp#27;[90m{"desiredCapabilities":{"appActivity":"com.natife.eezy.MainActivity","appPackage":"com.eezy.ai.dev","platformVersion":"7.0","automationName":"Appium","autoGrantPermissions":true,"platformName":"Android","UDID":"bfe7d6690803","deviceName":"MyLittleMonster"},"capabilities":{"firstMatch":[{"UDID":"bfe7d6690803","appium:appActivity":"com.natife.eezy.MainActivity","appium:appPackage":"com.eezy.ai.dev","appium:autoGrantPermissions":true,"appium:automationName":"Appium","appium:deviceName":"MyLittleMonster","platformName":"android","appium:platformVersion":"7.0"}]}}&amp#27;[39m
[debug] &amp#27;[35m[W3C]&amp#27;[39m Calling AppiumDriver.createSession() with args: [{"appActivity":"com.natife.eezy.MainActivity","appPackage":"com.eezy.ai.dev","platformVersion":"7.0","automationName":"Appium","autoGrantPermissions":true,"platformName":"Android","UDID":"bfe7d6690803","deviceName":"MyLittleMonster"},null,{"firstMatch":[{"UDID":"bfe7d6690803","appium:appActivity":"com.natife.eezy.MainActivity","appium:appPackage":"com.eezy.ai.dev","appium:autoGrantPermissions":true,"appium:automationName":"Appium","appium:deviceName":"MyLittleMonster","platformName":"android","appium:platformVersion":"7.0"}]}]
[debug] &amp#27;[35m[BaseDriver]&amp#27;[39m Event 'newSessionRequested' logged at 1619597639516 (13:43:59 GMT+0530 (India Standard Time))
&amp#27;[35m[BaseDriver]&amp#27;[39m The following capabilities are not standard capabilities and should have an extension prefix:
&amp#27;[35m[BaseDriver]&amp#27;[39m   UDID
&amp#27;[35m[Appium]&amp#27;[39m 
&amp#27;[35m[Appium]&amp#27;[39m ======================================================================
&amp#27;[35m[Appium]&amp#27;[39m   DEPRECATION WARNING:
&amp#27;[35m[Appium]&amp#27;[39m 
&amp#27;[35m[Appium]&amp#27;[39m   The 'automationName' capability was not provided in the desired 
&amp#27;[35m[Appium]&amp#27;[39m   capabilities for this Android session
&amp#27;[35m[Appium]&amp#27;[39m 
&amp#27;[35m[Appium]&amp#27;[39m   Setting 'automationName=UiAutomator2' by default and using the 
&amp#27;[35m[Appium]&amp#27;[39m   UiAutomator2 Driver
&amp#27;[35m[Appium]&amp#27;[39m 
&amp#27;[35m[Appium]&amp#27;[39m   The next major version of Appium (2.x) will **require** the 
&amp#27;[35m[Appium]&amp#27;[39m   'automationName' capability to be set for all sessions on all 
&amp#27;[35m[Appium]&amp#27;[39m   platforms
&amp#27;[35m[Appium]&amp#27;[39m 
&amp#27;[35m[Appium]&amp#27;[39m   In previous versions (Appium <= 1.13.x), the default was 
&amp#27;[35m[Appium]&amp#27;[39m   'automationName=UiAutomator1'
&amp#27;[35m[Appium]&amp#27;[39m 
&amp#27;[35m[Appium]&amp#27;[39m   If you wish to use that automation instead of UiAutomator2, please 
&amp#27;[35m[Appium]&amp#27;[39m   add 'automationName=UiAutomator1' to your desired capabilities
&amp#27;[35m[Appium]&amp#27;[39m 
&amp#27;[35m[Appium]&amp#27;[39m   For more information about drivers, please visit 
&amp#27;[35m[Appium]&amp#27;[39m   http://appium.io/docs/en/about-appium/intro/ and explore the 
&amp#27;[35m[Appium]&amp#27;[39m   'Drivers' menu
&amp#27;[35m[Appium]&amp#27;[39m 
&amp#27;[35m[Appium]&amp#27;[39m ======================================================================
&amp#27;[35m[Appium]&amp#27;[39m 
&amp#27;[35m[Appium]&amp#27;[39m Appium v1.20.2 creating new AndroidUiautomator2Driver (v1.61.2) session
[debug] &amp#27;[35m[BaseDriver]&amp#27;[39m W3C capabilities and MJSONWP desired capabilities were provided
[debug] &amp#27;[35m[BaseDriver]&amp#27;[39m Creating session with W3C capabilities: {
[debug] &amp#27;[35m[BaseDriver]&amp#27;[39m   "alwaysMatch": {
[debug] &amp#27;[35m[BaseDriver]&amp#27;[39m     "appium:UDID": "bfe7d6690803",
[debug] &amp#27;[35m[BaseDriver]&amp#27;[39m     "platformName": "android",
[debug] &amp#27;[35m[BaseDriver]&amp#27;[39m     "appium:appActivity": "com.natife.eezy.MainActivity",
[debug] &amp#27;[35m[BaseDriver]&amp#27;[39m     "appium:appPackage": "com.eezy.ai.dev",
[debug] &amp#27;[35m[BaseDriver]&amp#27;[39m     "appium:autoGrantPermissions": true,
[debug] &amp#27;[35m[BaseDriver]&amp#27;[39m     "appium:automationName": "Appium",
[debug] &amp#27;[35m[BaseDriver]&amp#27;[39m     "appium:deviceName": "MyLittleMonster",
[debug] &amp#27;[35m[BaseDriver]&amp#27;[39m     "appium:platformVersion": "7.0"
[debug] &amp#27;[35m[BaseDriver]&amp#27;[39m   },
[debug] &amp#27;[35m[BaseDriver]&amp#27;[39m   "firstMatch": [
[debug] &amp#27;[35m[BaseDriver]&amp#27;[39m     {}
[debug] &amp#27;[35m[BaseDriver]&amp#27;[39m   ]
[debug] &amp#27;[35m[BaseDriver]&amp#27;[39m }
&amp#27;[35m[BaseDriver]&amp#27;[39m The following capabilities were provided, but are not recognized by Appium:
&amp#27;[35m[BaseDriver]&amp#27;[39m   UDID
&amp#27;[35m[BaseDriver]&amp#27;[39m Session created with session id: 92996c2d-2629-4b7e-af93-652a4dec29eb
&amp#27;[35m[UiAutomator2]&amp#27;[39m Starting 'com.eezy.ai.dev' directly on the device
&amp#27;[35m[ADB]&amp#27;[39m Using 'adb.exe' from 'C:\Users\Rajiv\AppData\Local\Android\Sdk\platform-tools\adb.exe'
[debug] &amp#27;[35m[ADB]&amp#27;[39m Running 'C:\Users\Rajiv\AppData\Local\Android\Sdk\platform-tools\adb.exe -P 5037 start-server'
&amp#27;[35m[AndroidDriver]&amp#27;[39m Retrieving device list
[debug] &amp#27;[35m[ADB]&amp#27;[39m Trying to find a connected android device
[debug] &amp#27;[35m[ADB]&amp#27;[39m Getting connected devices
[debug] &amp#27;[35m[ADB]&amp#27;[39m Connected devices: [{"udid":"bfe7d6690803","state":"device"}]
&amp#27;[35m[AndroidDriver]&amp#27;[39m Looking for a device with Android '7.0.0'
[debug] &amp#27;[35m[ADB]&amp#27;[39m Setting device id to bfe7d6690803
&amp#27;[35m[ADB]&amp#27;[39m Getting device platform version
[debug] &amp#27;[35m[ADB]&amp#27;[39m Running 'C:\Users\Rajiv\AppData\Local\Android\Sdk\platform-tools\adb.exe -P 5037 -s bfe7d6690803 shell getprop ro.build.version.release'
[debug] &amp#27;[35m[ADB]&amp#27;[39m Current device property 'ro.build.version.release': 7.0
&amp#27;[35m[AndroidDriver]&amp#27;[39m Using device: bfe7d6690803
&amp#27;[35m[ADB]&amp#27;[39m Using 'adb.exe' from 'C:\Users\Rajiv\AppData\Local\Android\Sdk\platform-tools\adb.exe'
[debug] &amp#27;[35m[ADB]&amp#27;[39m Running 'C:\Users\Rajiv\AppData\Local\Android\Sdk\platform-tools\adb.exe -P 5037 start-server'
[debug] &amp#27;[35m[ADB]&amp#27;[39m Setting device id to bfe7d6690803
[debug] &amp#27;[35m[ADB]&amp#27;[39m Running 'C:\Users\Rajiv\AppData\Local\Android\Sdk\platform-tools\adb.exe -P 5037 -s bfe7d6690803 shell getprop ro.build.version.sdk'
[debug] &amp#27;[35m[ADB]&amp#27;[39m Current device property 'ro.build.version.sdk': 24
[debug] &amp#27;[35m[ADB]&amp#27;[39m Device API level: 24
&amp#27;[35m[AndroidDriver]&amp#27;[39m No app sent in, not parsing package/activity
[debug] &amp#27;[35m[ADB]&amp#27;[39m Running 'C:\Users\Rajiv\AppData\Local\Android\Sdk\platform-tools\adb.exe -P 5037 -s bfe7d6690803 wait-for-device'
[debug] &amp#27;[35m[ADB]&amp#27;[39m Running 'C:\Users\Rajiv\AppData\Local\Android\Sdk\platform-tools\adb.exe -P 5037 -s bfe7d6690803 shell echo ping'
[debug] &amp#27;[35m[AndroidDriver]&amp#27;[39m Pushing settings apk to device...
[debug] &amp#27;[35m[ADB]&amp#27;[39m Getting install status for io.appium.settings
[debug] &amp#27;[35m[ADB]&amp#27;[39m Running 'C:\Users\Rajiv\AppData\Local\Android\Sdk\platform-tools\adb.exe -P 5037 -s bfe7d6690803 shell dumpsys package io.appium.settings'
[debug] &amp#27;[35m[ADB]&amp#27;[39m 'io.appium.settings' is installed
[debug] &amp#27;[35m[ADB]&amp#27;[39m Getting package info for 'io.appium.settings'
[debug] &amp#27;[35m[ADB]&amp#27;[39m Running 'C:\Users\Rajiv\AppData\Local\Android\Sdk\platform-tools\adb.exe -P 5037 -s bfe7d6690803 shell dumpsys package io.appium.settings'
[debug] &amp#27;[35m[ADB]&amp#27;[39m The version name of the installed 'io.appium.settings' is greater or equal to the application version name ('3.2.1' >= '3.2.1')
[debug] &amp#27;[35m[ADB]&amp#27;[39m There is no need to install/upgrade 'C:\Users\Rajiv\AppData\Roaming\npm\node_modules\appium\node_modules\io.appium.settings\apks\settings_apk-debug.apk'
[debug] &amp#27;[35m[ADB]&amp#27;[39m Getting IDs of all 'io.appium.settings' processes
[debug] &amp#27;[35m[ADB]&amp#27;[39m Running 'C:\Users\Rajiv\AppData\Local\Android\Sdk\platform-tools\adb.exe -P 5037 -s bfe7d6690803 shell 'pgrep --help; echo $?''
[debug] &amp#27;[35m[ADB]&amp#27;[39m Running 'C:\Users\Rajiv\AppData\Local\Android\Sdk\platform-tools\adb.exe -P 5037 -s bfe7d6690803 shell 'pgrep ^appium\\.settings$ || pgrep ^io\\.appium\\.setti$''
[debug] &amp#27;[35m[AndroidDriver]&amp#27;[39m io.appium.settings is already running. There is no need to reset its permissions.
[debug] &amp#27;[35m[ADB]&amp#27;[39m Running 'C:\Users\Rajiv\AppData\Local\Android\Sdk\platform-tools\adb.exe -P 5037 -s bfe7d6690803 shell appops set io.appium.settings android:mock_location allow'
[debug] &amp#27;[35m[Logcat]&amp#27;[39m Starting logs capture with command: C:\\Users\\Rajiv\\AppData\\Local\\Android\\Sdk\\platform-tools\\adb.exe -P 5037 -s bfe7d6690803 logcat -v threadtime
[debug] &amp#27;[35m[UiAutomator2]&amp#27;[39m Forwarding UiAutomator2 Server port 6790 to local port 8200
[debug] &amp#27;[35m[ADB]&amp#27;[39m Forwarding system: 8200 to device: 6790
[debug] &amp#27;[35m[ADB]&amp#27;[39m Running 'C:\Users\Rajiv\AppData\Local\Android\Sdk\platform-tools\adb.exe -P 5037 -s bfe7d6690803 forward tcp:8200 tcp:6790'
[debug] &amp#27;[35m[ADB]&amp#27;[39m Getting install status for io.appium.uiautomator2.server
[debug] &amp#27;[35m[ADB]&amp#27;[39m Running 'C:\Users\Rajiv\AppData\Local\Android\Sdk\platform-tools\adb.exe -P 5037 -s bfe7d6690803 shell dumpsys package io.appium.uiautomator2.server'
[debug] &amp#27;[35m[ADB]&amp#27;[39m 'io.appium.uiautomator2.server' is installed
[debug] &amp#27;[35m[ADB]&amp#27;[39m Getting package info for 'io.appium.uiautomator2.server'
[debug] &amp#27;[35m[ADB]&amp#27;[39m Running 'C:\Users\Rajiv\AppData\Local\Android\Sdk\platform-tools\adb.exe -P 5037 -s bfe7d6690803 shell dumpsys package io.appium.uiautomator2.server'
[debug] &amp#27;[35m[ADB]&amp#27;[39m The version name of the installed 'io.appium.uiautomator2.server' is greater or equal to the application version name ('4.17.4' >= '4.17.4')
[debug] &amp#27;[35m[UiAutomator2]&amp#27;[39m io.appium.uiautomator2.server installation state: sameVersionInstalled
[debug] &amp#27;[35m[ADB]&amp#27;[39m Checking app cert for C:\Users\Rajiv\AppData\Roaming\npm\node_modules\appium\node_modules\appium-uiautomator2-server\apks\appium-uiautomator2-server-v4.17.4.apk
&amp#27;[35m[ADB]&amp#27;[39m Using 'apksigner.jar' from 'C:\Users\Rajiv\AppData\Local\Android\Sdk\build-tools\30.0.3\lib\apksigner.jar'
[debug] &amp#27;[35m[ADB]&amp#27;[39m Starting apksigner: 'C:\\Program Files\\Java\\jdk1.8.0_192\\bin\\java.exe' -Xmx1024M -Xss1m -jar C:\\Users\\Rajiv\\AppData\\Local\\Android\\Sdk\\build-tools\\30.0.3\\lib\\apksigner.jar verify --print-certs C:\\Users\\Rajiv\\AppData\\Roaming\\npm\\node_modules\\appium\\node_modules\\appium-uiautomator2-server\\apks\\appium-uiautomator2-server-v4.17.4.apk
[debug] &amp#27;[35m[ADB]&amp#27;[39m apksigner stdout: Signer #1 certificate DN: EMAILADDRESS=android@android.com, CN=Android, OU=Android, O=Android, L=Mountain View, ST=California, C=US
[debug] &amp#27;[35m[ADB]&amp#27;[39m Signer #1 certificate SHA-256 digest: a40da80a59d170caa950cf15c18c454d47a39b26989d8b640ecd745ba71bf5dc
[debug] &amp#27;[35m[ADB]&amp#27;[39m Signer #1 certificate SHA-1 digest: 61ed377e85d386a8dfee6b864bd85b0bfaa5af81
[debug] &amp#27;[35m[ADB]&amp#27;[39m Signer #1 certificate MD5 digest: e89b158e4bcf988ebd09eb83f5378e87
[debug] &amp#27;[35m[ADB]&amp#27;[39m 
[debug] &amp#27;[35m[ADB]&amp#27;[39m sha256 hash did match for 'appium-uiautomator2-server-v4.17.4.apk'
&amp#27;[35m[ADB]&amp#27;[39m 'C:\Users\Rajiv\AppData\Roaming\npm\node_modules\appium\node_modules\appium-uiautomator2-server\apks\appium-uiautomator2-server-v4.17.4.apk' is signed with the default certificate
[debug] &amp#27;[35m[ADB]&amp#27;[39m Getting install status for io.appium.uiautomator2.server.test
[debug] &amp#27;[35m[ADB]&amp#27;[39m Running 'C:\Users\Rajiv\AppData\Local\Android\Sdk\platform-tools\adb.exe -P 5037 -s bfe7d6690803 shell dumpsys package io.appium.uiautomator2.server.test'
[debug] &amp#27;[35m[ADB]&amp#27;[39m 'io.appium.uiautomator2.server.test' is installed
[debug] &amp#27;[35m[ADB]&amp#27;[39m Checking app cert for C:\Users\Rajiv\AppData\Roaming\npm\node_modules\appium\node_modules\appium-uiautomator2-server\apks\appium-uiautomator2-server-debug-androidTest.apk
[debug] &amp#27;[35m[ADB]&amp#27;[39m Starting apksigner: 'C:\\Program Files\\Java\\jdk1.8.0_192\\bin\\java.exe' -Xmx1024M -Xss1m -jar C:\\Users\\Rajiv\\AppData\\Local\\Android\\Sdk\\build-tools\\30.0.3\\lib\\apksigner.jar verify --print-certs C:\\Users\\Rajiv\\AppData\\Roaming\\npm\\node_modules\\appium\\node_modules\\appium-uiautomator2-server\\apks\\appium-uiautomator2-server-debug-androidTest.apk
[debug] &amp#27;[35m[ADB]&amp#27;[39m apksigner stdout: Signer #1 certificate DN: EMAILADDRESS=android@android.com, CN=Android, OU=Android, O=Android, L=Mountain View, ST=California, C=US
[debug] &amp#27;[35m[ADB]&amp#27;[39m Signer #1 certificate SHA-256 digest: a40da80a59d170caa950cf15c18c454d47a39b26989d8b640ecd745ba71bf5dc
[debug] &amp#27;[35m[ADB]&amp#27;[39m Signer #1 certificate SHA-1 digest: 61ed377e85d386a8dfee6b864bd85b0bfaa5af81
[debug] &amp#27;[35m[ADB]&amp#27;[39m Signer #1 certificate MD5 digest: e89b158e4bcf988ebd09eb83f5378e87
[debug] &amp#27;[35m[ADB]&amp#27;[39m 
[debug] &amp#27;[35m[ADB]&amp#27;[39m sha256 hash did match for 'appium-uiautomator2-server-debug-androidTest.apk'
&amp#27;[35m[ADB]&amp#27;[39m 'C:\Users\Rajiv\AppData\Roaming\npm\node_modules\appium\node_modules\appium-uiautomator2-server\apks\appium-uiautomator2-server-debug-androidTest.apk' is signed with the default certificate
&amp#27;[35m[UiAutomator2]&amp#27;[39m Server packages are not going to be (re)installed
[debug] &amp#27;[35m[UiAutomator2]&amp#27;[39m Waiting up to 30000ms for services to be available
[debug] &amp#27;[35m[ADB]&amp#27;[39m Running 'C:\Users\Rajiv\AppData\Local\Android\Sdk\platform-tools\adb.exe -P 5037 -s bfe7d6690803 shell pm list instrumentation'
[debug] &amp#27;[35m[UiAutomator2]&amp#27;[39m Instrumentation target 'io.appium.uiautomator2.server.test/androidx.test.runner.AndroidJUnitRunner' is available
&amp#27;[35m[ADB]&amp#27;[39m Adding packages ["io.appium.settings","io.appium.uiautomator2.server","io.appium.uiautomator2.server.test"] to Doze whitelist
[debug] &amp#27;[35m[ADB]&amp#27;[39m Got the following command chunks to execute: [["dumpsys","deviceidle","whitelist","+io.appium.settings",";","dumpsys","deviceidle","whitelist","+io.appium.uiautomator2.server",";","dumpsys","deviceidle","whitelist","+io.appium.uiautomator2.server.test",";"]]
[debug] &amp#27;[35m[ADB]&amp#27;[39m Running 'C:\Users\Rajiv\AppData\Local\Android\Sdk\platform-tools\adb.exe -P 5037 -s bfe7d6690803 shell dumpsys deviceidle whitelist +io.appium.settings ; dumpsys deviceidle whitelist +io.appium.uiautomator2.server ; dumpsys deviceidle whitelist +io.appium.uiautomator2.server.test ;'
[debug] &amp#27;[35m[UiAutomator2]&amp#27;[39m No app capability. Assuming it is already on the device
[debug] &amp#27;[35m[ADB]&amp#27;[39m Getting install status for com.eezy.ai.dev
[debug] &amp#27;[35m[ADB]&amp#27;[39m Running 'C:\Users\Rajiv\AppData\Local\Android\Sdk\platform-tools\adb.exe -P 5037 -s bfe7d6690803 shell dumpsys package com.eezy.ai.dev'
[debug] &amp#27;[35m[ADB]&amp#27;[39m 'com.eezy.ai.dev' is installed
[debug] &amp#27;[35m[ADB]&amp#27;[39m Running 'C:\Users\Rajiv\AppData\Local\Android\Sdk\platform-tools\adb.exe -P 5037 -s bfe7d6690803 shell am force-stop com.eezy.ai.dev'
[debug] &amp#27;[35m[ADB]&amp#27;[39m Running 'C:\Users\Rajiv\AppData\Local\Android\Sdk\platform-tools\adb.exe -P 5037 -s bfe7d6690803 shell pm clear com.eezy.ai.dev'
[debug] &amp#27;[35m[ADB]&amp#27;[39m Running 'C:\Users\Rajiv\AppData\Local\Android\Sdk\platform-tools\adb.exe -P 5037 -s bfe7d6690803 shell dumpsys package com.eezy.ai.dev'
[debug] &amp#27;[35m[ADB]&amp#27;[39m Retrieving requested permissions
[debug] &amp#27;[35m[ADB]&amp#27;[39m Retrieved 24 permissions from requested group
[debug] &amp#27;[35m[ADB]&amp#27;[39m Retrieving granted permissions
[debug] &amp#27;[35m[ADB]&amp#27;[39m Retrieved 8 permissions from install,runtime groups
[debug] &amp#27;[35m[ADB]&amp#27;[39m Granting permissions ["android.permission.ACCESS_FINE_LOCATION","android.permission.ACCESS_COARSE_LOCATION","android.permission.READ_EXTERNAL_STORAGE","android.permission.WRITE_EXTERNAL_STORAGE","android.permission.READ_CONTACTS","android.permission.FOREGROUND_SERVICE","android.permission.WRITE_CONTACTS","android.permission.READ_PHONE_STATE"] to 'com.eezy.ai.dev'
[debug] &amp#27;[35m[ADB]&amp#27;[39m Got the following command chunks to execute: [["pm","grant","com.eezy.ai.dev","android.permission.ACCESS_FINE_LOCATION",";","pm","grant","com.eezy.ai.dev","android.permission.ACCESS_COARSE_LOCATION",";","pm","grant","com.eezy.ai.dev","android.permission.READ_EXTERNAL_STORAGE",";","pm","grant","com.eezy.ai.dev","android.permission.WRITE_EXTERNAL_STORAGE",";","pm","grant","com.eezy.ai.dev","android.permission.READ_CONTACTS",";","pm","grant","com.eezy.ai.dev","android.permission.FOREGROUND_SERVICE",";","pm","grant","com.eezy.ai.dev","android.permission.WRITE_CONTACTS",";","pm","grant","com.eezy.ai.dev","android.permission.READ_PHONE_STATE",";"]]
[debug] &amp#27;[35m[ADB]&amp#27;[39m Running 'C:\Users\Rajiv\AppData\Local\Android\Sdk\platform-tools\adb.exe -P 5037 -s bfe7d6690803 shell pm grant com.eezy.ai.dev android.permission.ACCESS_FINE_LOCATION ; pm grant com.eezy.ai.dev android.permission.ACCESS_COARSE_LOCATION ; pm grant com.eezy.ai.dev android.permission.READ_EXTERNAL_STORAGE ; pm grant com.eezy.ai.dev android.permission.WRITE_EXTERNAL_STORAGE ; pm grant com.eezy.ai.dev android.permission.READ_CONTACTS ; pm grant com.eezy.ai.dev android.permission.FOREGROUND_SERVICE ; pm grant com.eezy.ai.dev android.permission.WRITE_CONTACTS ; pm grant com.eezy.ai.dev android.permission.READ_PHONE_STATE ;'
[debug] &amp#27;[35m[AndroidDriver]&amp#27;[39m Performed fast reset on the installed 'com.eezy.ai.dev' application (stop and clear)
[debug] &amp#27;[35m[UiAutomator2]&amp#27;[39m Performing shallow cleanup of automation leftovers
[debug] &amp#27;[35m[UiAutomator2]&amp#27;[39m No obsolete sessions have been detected (socket hang up)
[debug] &amp#27;[35m[ADB]&amp#27;[39m Running 'C:\Users\Rajiv\AppData\Local\Android\Sdk\platform-tools\adb.exe -P 5037 -s bfe7d6690803 shell am force-stop io.appium.uiautomator2.server.test'
&amp#27;[35m[UiAutomator2]&amp#27;[39m Starting UIAutomator2 server 4.17.4
&amp#27;[35m[UiAutomator2]&amp#27;[39m Using UIAutomator2 server from 'C:\Users\Rajiv\AppData\Roaming\npm\node_modules\appium\node_modules\appium-uiautomator2-server\apks\appium-uiautomator2-server-v4.17.4.apk' and test from 'C:\Users\Rajiv\AppData\Roaming\npm\node_modules\appium\node_modules\appium-uiautomator2-server\apks\appium-uiautomator2-server-debug-androidTest.apk'
&amp#27;[35m[UiAutomator2]&amp#27;[39m Waiting up to 30000ms for UiAutomator2 to be online...
[debug] &amp#27;[35m[ADB]&amp#27;[39m Creating ADB subprocess with args: ["-P",5037,"-s","bfe7d6690803","shell","am","instrument","-w","io.appium.uiautomator2.server.test/androidx.test.runner.AndroidJUnitRunner"]
[debug] &amp#27;[35m[WD Proxy]&amp#27;[39m Matched '/status' to command name 'getStatus'
[debug] &amp#27;[35m[WD Proxy]&amp#27;[39m Proxying [GET /status] to [GET http://127.0.0.1:8200/wd/hub/status] with no body
&amp#27;[35m[WD Proxy]&amp#27;[39m socket hang up
[debug] &amp#27;[35m[WD Proxy]&amp#27;[39m Matched '/status' to command name 'getStatus'
[debug] &amp#27;[35m[WD Proxy]&amp#27;[39m Proxying [GET /status] to [GET http://127.0.0.1:8200/wd/hub/status] with no body
&amp#27;[35m[WD Proxy]&amp#27;[39m socket hang up
[debug] &amp#27;[35m[Instrumentation]&amp#27;[39m io.appium.uiautomator2.server.test.AppiumUiAutomator2Server:
[debug] &amp#27;[35m[WD Proxy]&amp#27;[39m Matched '/status' to command name 'getStatus'
[debug] &amp#27;[35m[WD Proxy]&amp#27;[39m Proxying [GET /status] to [GET http://127.0.0.1:8200/wd/hub/status] with no body
&amp#27;[35m[WD Proxy]&amp#27;[39m socket hang up
[debug] &amp#27;[35m[WD Proxy]&amp#27;[39m Matched '/status' to command name 'getStatus'
[debug] &amp#27;[35m[WD Proxy]&amp#27;[39m Proxying [GET /status] to [GET http://127.0.0.1:8200/wd/hub/status] with no body
[debug] &amp#27;[35m[WD Proxy]&amp#27;[39m Got response with status 200: {"sessionId":"None","value":{"message":"UiAutomator2 Server is ready to accept commands","ready":true}}
[debug] &amp#27;[35m[UiAutomator2]&amp#27;[39m The initialization of the instrumentation process took 3102ms
[debug] &amp#27;[35m[WD Proxy]&amp#27;[39m Matched '/session' to command name 'createSession'
[debug] &amp#27;[35m[WD Proxy]&amp#27;[39m Proxying [POST /session] to [POST http://127.0.0.1:8200/wd/hub/session] with body: {"capabilities":{"firstMatch":[{"platform":"LINUX","webStorageEnabled":false,"takesScreenshot":true,"javascriptEnabled":true,"databaseEnabled":false,"networkConnectionEnabled":true,"locationContextEnabled":false,"warnings":{},"desired":{"platformName":"android","UDID":"bfe7d6690803","appActivity":"com.natife.eezy.MainActivity","appPackage":"com.eezy.ai.dev","autoGrantPermissions":true,"automationName":"Appium","deviceName":"MyLittleMonster","platformVersion":"7.0"},"platformName":"android","UDID":"bfe7d6690803","appActivity":"com.natife.eezy.MainActivity","appPackage":"com.eezy.ai.dev","autoGrantPermissions":true,"automationName":"Appium","deviceName":"bfe7d6690803","platformVersion":"7.0","deviceUDID":"bfe7d6690803"}],"alwaysMatch":{}}}
[debug] &amp#27;[35m[WD Proxy]&amp#27;[39m Got response with status 200: {"sessionId":"ee4aae58-cafd-4ffa-a90c-f17753e39c2a","value":{"capabilities":{"firstMatch":[{"platform":"LINUX","webStorageEnabled":false,"takesScreenshot":true,"javascriptEnabled":true,"databaseEnabled":false,"networkConnectionEnabled":true,"locationContextEnabled":false,"warnings":{},"desired":{"platformName":"android","UDID":"bfe7d6690803","appActivity":"com.natife.eezy.MainActivity","appPackage":"com.eezy.ai.dev","autoGrantPermissions":true,"automationName":"Appium","deviceName":"MyLittleMonster","platformVersion":"7.0"},"platformName":"android","UDID":"bfe7d6690803","appActivity":"com.natife.eezy.MainActivity","appPackage":"com.eezy.ai.dev","autoGrantPermissions":true,"automationName":"Appium","deviceName":"bfe7d6690803","platformVersion":"7.0","deviceUDID":"bfe7d6690803"}],"alwaysMatch":{}},"sessionId":"ee4aae58-cafd-4ffa-a90c-f17753e39c2a"}}
&amp#27;[35m[WD Proxy]&amp#27;[39m Determined the downstream protocol as 'W3C'
[debug] &amp#27;[35m[WD Proxy]&amp#27;[39m Proxying [GET /appium/device/info] to [GET http://127.0.0.1:8200/wd/hub/session/ee4aae58-cafd-4ffa-a90c-f17753e39c2a/appium/device/info] with no body
[debug] &amp#27;[35m[WD Proxy]&amp#27;[39m Got response with status 200: {"sessionId":"ee4aae58-cafd-4ffa-a90c-f17753e39c2a","value":{"androidId":"493cf81125032c7f","apiVersion":"24","bluetooth":{"state":"ON"},"brand":"xiaomi","carrierName":"Vodafone IN","displayDensity":480,"locale":"en_IN","manufacturer":"Xiaomi","model":"Redmi Note 4","networks":[{"capabilities":{"SSID":null,"linkDownBandwidthKbps":1048576,"linkUpstreamBandwidthKbps":1048576,"networkCapabilities":"NET_CAPABILITY_NOT_METERED,NET_CAPABILITY_NOT_RESTRICTED,NET_CAPABILITY_NOT_VPN,NET_CAPABILITY_INTERNET,NET_CAPABILITY_TRUSTED,NET_CAPABILITY_VALIDATED","signalStrength":-81,"transportTypes":"TRANSPORT_WIFI"},"detailedState":"CONNECTED","extraInfo":"\"Rajiv 5G\"","isAvailable":true,"isConnected":true,"isFailover":false,"isRoaming":false,"state":"CONNECTED","subtype":0,"subtypeName":"","type":1,"typeName":"WIFI"}],"platformVersion":"7.0","realDisplaySize":"1080x1920","timeZone":"Asia/Calcutta"}}
[debug] &amp#27;[35m[ADB]&amp#27;[39m Running 'C:\Users\Rajiv\AppData\Local\Android\Sdk\platform-tools\adb.exe -P 5037 -s bfe7d6690803 shell dumpsys window'
&amp#27;[35m[AndroidDriver]&amp#27;[39m Screen already unlocked, doing nothing
&amp#27;[35m[UiAutomator2]&amp#27;[39m Starting 'com.eezy.ai.dev/com.natife.eezy.MainActivity and waiting for 'com.eezy.ai.dev/com.natife.eezy.MainActivity'
[debug] &amp#27;[35m[ADB]&amp#27;[39m Running 'C:\Users\Rajiv\AppData\Local\Android\Sdk\platform-tools\adb.exe -P 5037 -s bfe7d6690803 shell am start -W -n com.eezy.ai.dev/com.natife.eezy.MainActivity -S -a android.intent.action.MAIN -c android.intent.category.LAUNCHER -f 0x10200000'
[debug] &amp#27;[35m[WD Proxy]&amp#27;[39m Proxying [GET /appium/device/pixel_ratio] to [GET http://127.0.0.1:8200/wd/hub/session/ee4aae58-cafd-4ffa-a90c-f17753e39c2a/appium/device/pixel_ratio] with no body
[debug] &amp#27;[35m[WD Proxy]&amp#27;[39m Got response with status 200: {"sessionId":"ee4aae58-cafd-4ffa-a90c-f17753e39c2a","value":3}
[debug] &amp#27;[35m[WD Proxy]&amp#27;[39m Matched '/appium/device/system_bars' to command name 'getSystemBars'
[debug] &amp#27;[35m[WD Proxy]&amp#27;[39m Proxying [GET /appium/device/system_bars] to [GET http://127.0.0.1:8200/wd/hub/session/ee4aae58-cafd-4ffa-a90c-f17753e39c2a/appium/device/system_bars] with no body
[debug] &amp#27;[35m[WD Proxy]&amp#27;[39m Got response with status 200: {"sessionId":"ee4aae58-cafd-4ffa-a90c-f17753e39c2a","value":{"statusBar":72}}
[debug] &amp#27;[35m[WD Proxy]&amp#27;[39m Matched '/window/current/size' to command name 'getWindowSize'
[debug] &amp#27;[35m[WD Proxy]&amp#27;[39m Proxying [GET /window/current/size] to [GET http://127.0.0.1:8200/wd/hub/session/ee4aae58-cafd-4ffa-a90c-f17753e39c2a/window/current/size] with no body
[debug] &amp#27;[35m[WD Proxy]&amp#27;[39m Got response with status 200: {"sessionId":"ee4aae58-cafd-4ffa-a90c-f17753e39c2a","value":{"height":1920,"width":1080}}
&amp#27;[35m[Appium]&amp#27;[39m New AndroidUiautomator2Driver session created successfully, session 92996c2d-2629-4b7e-af93-652a4dec29eb added to master session list
[debug] &amp#27;[35m[BaseDriver]&amp#27;[39m Event 'newSessionStarted' logged at 1619597659641 (13:44:19 GMT+0530 (India Standard Time))
[debug] &amp#27;[35m[W3C (92996c2d)]&amp#27;[39m Cached the protocol value 'W3C' for the new session 92996c2d-2629-4b7e-af93-652a4dec29eb
[debug] &amp#27;[35m[W3C (92996c2d)]&amp#27;[39m Responding to client with driver.createSession() result: {"capabilities":{"platform":"LINUX","webStorageEnabled":false,"takesScreenshot":true,"javascriptEnabled":true,"databaseEnabled":false,"networkConnectionEnabled":true,"locationContextEnabled":false,"warnings":{},"desired":{"platformName":"android","UDID":"bfe7d6690803","appActivity":"com.natife.eezy.MainActivity","appPackage":"com.eezy.ai.dev","autoGrantPermissions":true,"automationName":"Appium","deviceName":"MyLittleMonster","platformVersion":"7.0"},"platformName":"android","UDID":"bfe7d6690803","appActivity":"com.natife.eezy.MainActivity","appPackage":"com.eezy.ai.dev","autoGrantPermissions":true,"automationName":"Appium","deviceName":"bfe7d6690803","platformVersion":"7.0","deviceUDID":"bfe7d6690803","deviceApiLevel":24,"deviceScreenSize":"1080x1920","deviceScreenDensity":480,"deviceModel":"Redmi Note 4","deviceManufacturer":"Xiaomi","pixelRatio":3,"statBarHeight":72,"viewportRect":{"left":0,"top":72,"width":1080,"height":1848}}}
&amp#27;[35m[HTTP]&amp#27;[39m &amp#27;[37m<-- POST /wd/hub/session &amp#27;[39m&amp#27;[32m200&amp#27;[39m &amp#27;[90m20128 ms - 1006&amp#27;[39m
&amp#27;[35m[HTTP]&amp#27;[39m &amp#27;[90m&amp#27;[39m
&amp#27;[35m[HTTP]&amp#27;[39m &amp#27;[37m-->&amp#27;[39m &amp#27;[37mPOST&amp#27;[39m &amp#27;[37m/wd/hub/session/92996c2d-2629-4b7e-af93-652a4dec29eb/timeouts&amp#27;[39m
&amp#27;[35m[HTTP]&amp#27;[39m &amp#27;[90m{"implicit":15000}&amp#27;[39m
[debug] &amp#27;[35m[W3C (92996c2d)]&amp#27;[39m Calling AppiumDriver.timeouts() with args: [null,null,null,null,15000,"92996c2d-2629-4b7e-af93-652a4dec29eb"]
[debug] &amp#27;[35m[BaseDriver]&amp#27;[39m W3C timeout argument: {"implicit":15000}}
[debug] &amp#27;[35m[BaseDriver]&amp#27;[39m Set implicit wait to 15000ms
[debug] &amp#27;[35m[W3C (92996c2d)]&amp#27;[39m Responding to client with driver.timeouts() result: null
&amp#27;[35m[HTTP]&amp#27;[39m &amp#27;[37m<-- POST /wd/hub/session/92996c2d-2629-4b7e-af93-652a4dec29eb/timeouts &amp#27;[39m&amp#27;[32m200&amp#27;[39m &amp#27;[90m7 ms - 14&amp#27;[39m
&amp#27;[35m[HTTP]&amp#27;[39m &amp#27;[90m&amp#27;[39m
&amp#27;[35m[HTTP]&amp#27;[39m &amp#27;[37m-->&amp#27;[39m &amp#27;[37mPOST&amp#27;[39m &amp#27;[37m/wd/hub/session/92996c2d-2629-4b7e-af93-652a4dec29eb/appium/start_recording_screen&amp#27;[39m
&amp#27;[35m[HTTP]&amp#27;[39m &amp#27;[90m{}&amp#27;[39m
[debug] &amp#27;[35m[W3C (92996c2d)]&amp#27;[39m Calling AppiumDriver.startRecordingScreen() with args: [null,"92996c2d-2629-4b7e-af93-652a4dec29eb"]
[debug] &amp#27;[35m[ADB]&amp#27;[39m Getting IDs of all 'screenrecord' processes
[debug] &amp#27;[35m[ADB]&amp#27;[39m Running 'C:\Users\Rajiv\AppData\Local\Android\Sdk\platform-tools\adb.exe -P 5037 -s bfe7d6690803 shell 'pgrep ^screenrecord$ || pgrep ^screenrecord$''
&amp#27;[35m[AndroidDriver]&amp#27;[39m Screen recording has not been previously started by Appium. There is nothing to stop
[debug] &amp#27;[35m[ADB]&amp#27;[39m Getting IDs of all 'screenrecord' processes
[debug] &amp#27;[35m[ADB]&amp#27;[39m Running 'C:\Users\Rajiv\AppData\Local\Android\Sdk\platform-tools\adb.exe -P 5037 -s bfe7d6690803 shell 'pgrep ^screenrecord$ || pgrep ^screenrecord$''
[debug] &amp#27;[35m[ADB]&amp#27;[39m Building screenrecord process with the command line: adb -P 5037 -s bfe7d6690803 shell screenrecord --time-limit 180 /sdcard/f723838f.mp4
[debug] &amp#27;[35m[ADB]&amp#27;[39m Running 'C:\Users\Rajiv\AppData\Local\Android\Sdk\platform-tools\adb.exe -P 5037 -s bfe7d6690803 shell "[ -e '/sdcard/f723838f.mp4' ] && echo __PASS__"'
[debug] &amp#27;[35m[ADB]&amp#27;[39m Running 'C:\Users\Rajiv\AppData\Local\Android\Sdk\platform-tools\adb.exe -P 5037 -s bfe7d6690803 shell "[ -e '/sdcard/f723838f.mp4' ] && echo __PASS__"'
[debug] &amp#27;[35m[W3C (92996c2d)]&amp#27;[39m Responding to client with driver.startRecordingScreen() result: ""
&amp#27;[35m[HTTP]&amp#27;[39m &amp#27;[37m<-- POST /wd/hub/session/92996c2d-2629-4b7e-af93-652a4dec29eb/appium/start_recording_screen &amp#27;[39m&amp#27;[32m200&amp#27;[39m &amp#27;[90m751 ms - 12&amp#27;[39m
&amp#27;[35m[HTTP]&amp#27;[39m &amp#27;[90m&amp#27;[39m
&amp#27;[35m[HTTP]&amp#27;[39m &amp#27;[37m-->&amp#27;[39m &amp#27;[37mGET&amp#27;[39m &amp#27;[37m/wd/hub/session/92996c2d-2629-4b7e-af93-652a4dec29eb/context&amp#27;[39m
&amp#27;[35m[HTTP]&amp#27;[39m &amp#27;[90m{}&amp#27;[39m
[debug] &amp#27;[35m[W3C (92996c2d)]&amp#27;[39m Calling AppiumDriver.getCurrentContext() with args: ["92996c2d-2629-4b7e-af93-652a4dec29eb"]
[debug] &amp#27;[35m[W3C (92996c2d)]&amp#27;[39m Responding to client with driver.getCurrentContext() result: "NATIVE_APP"
&amp#27;[35m[HTTP]&amp#27;[39m &amp#27;[37m<-- GET /wd/hub/session/92996c2d-2629-4b7e-af93-652a4dec29eb/context &amp#27;[39m&amp#27;[32m200&amp#27;[39m &amp#27;[90m2 ms - 22&amp#27;[39m
&amp#27;[35m[HTTP]&amp#27;[39m &amp#27;[90m&amp#27;[39m
&amp#27;[35m[HTTP]&amp#27;[39m &amp#27;[37m-->&amp#27;[39m &amp#27;[37mPOST&amp#27;[39m &amp#27;[37m/wd/hub/session/92996c2d-2629-4b7e-af93-652a4dec29eb/element&amp#27;[39m
&amp#27;[35m[HTTP]&amp#27;[39m &amp#27;[90m{"using":"id","value":"com.eezy.ai.dev:id/wizardLoginTextView"}&amp#27;[39m
[debug] &amp#27;[35m[W3C (92996c2d)]&amp#27;[39m Calling AppiumDriver.findElement() with args: ["id","com.eezy.ai.dev:id/wizardLoginTextView","92996c2d-2629-4b7e-af93-652a4dec29eb"]
[debug] &amp#27;[35m[BaseDriver]&amp#27;[39m Valid locator strategies for this request: xpath, id, class name, accessibility id, css selector, -android uiautomator
[debug] &amp#27;[35m[BaseDriver]&amp#27;[39m Waiting up to 15000 ms for condition
[debug] &amp#27;[35m[WD Proxy]&amp#27;[39m Matched '/element' to command name 'findElement'
[debug] &amp#27;[35m[WD Proxy]&amp#27;[39m Proxying [POST /element] to [POST http://127.0.0.1:8200/wd/hub/session/ee4aae58-cafd-4ffa-a90c-f17753e39c2a/element] with body: {"strategy":"id","selector":"com.eezy.ai.dev:id/wizardLoginTextView","context":"","multiple":false}
&amp#27;[35m[WD Proxy]&amp#27;[39m Got response with status 404: {"sessionId":"ee4aae58-cafd-4ffa-a90c-f17753e39c2a","value":{"error":"no such element","message":"An element could not be located on the page using the given search parameters","stacktrace":"io.appium.uiautomator2.common.exceptions.ElementNotFoundException: An element could not be located on the page using the given search parameters\n\tat io.appium.uiautomator2.handler.FindElement.safeHandle(FindElement.java:70)\n\tat io.appium.uiautomator2.handler.request.SafeRequestHandler.handle(SafeRequestHandler.java:41)\n\tat io.appium.uiautomator2.server.AppiumServlet.handleRequest(AppiumServlet.java:261)\n\tat io.appium.uiautomator2.server.AppiumServlet.handleHttpRequest(AppiumServlet.java:255)\n\tat io.appium.uiautomator2.http.ServerHandler.channelRead(ServerHandler.java:68)\n\tat io.netty.channel.AbstractChannelHandlerContext.invokeChannelRead(AbstractChannelHandlerContext.java:366)\n\tat io.netty.channel.AbstractChannelHandlerContext.invokeChannelRead(AbstractChannelHandlerContext.java:352)\n\tat io.netty.chann...
[debug] &amp#27;[35m[W3C]&amp#27;[39m Matched W3C error code 'no such element' to NoSuchElementError
[debug] &amp#27;[35m[BaseDriver]&amp#27;[39m Waited for 91 ms so far
[debug] &amp#27;[35m[WD Proxy]&amp#27;[39m Matched '/element' to command name 'findElement'
[debug] &amp#27;[35m[WD Proxy]&amp#27;[39m Proxying [POST /element] to [POST http://127.0.0.1:8200/wd/hub/session/ee4aae58-cafd-4ffa-a90c-f17753e39c2a/element] with body: {"strategy":"id","selector":"com.eezy.ai.dev:id/wizardLoginTextView","context":"","multiple":false}
&amp#27;[35m[WD Proxy]&amp#27;[39m Got response with status 404: {"sessionId":"ee4aae58-cafd-4ffa-a90c-f17753e39c2a","value":{"error":"no such element","message":"An element could not be located on the page using the given search parameters","stacktrace":"io.appium.uiautomator2.common.exceptions.ElementNotFoundException: An element could not be located on the page using the given search parameters\n\tat io.appium.uiautomator2.handler.FindElement.safeHandle(FindElement.java:70)\n\tat io.appium.uiautomator2.handler.request.SafeRequestHandler.handle(SafeRequestHandler.java:41)\n\tat io.appium.uiautomator2.server.AppiumServlet.handleRequest(AppiumServlet.java:261)\n\tat io.appium.uiautomator2.server.AppiumServlet.handleHttpRequest(AppiumServlet.java:255)\n\tat io.appium.uiautomator2.http.ServerHandler.channelRead(ServerHandler.java:68)\n\tat io.netty.channel.AbstractChannelHandlerContext.invokeChannelRead(AbstractChannelHandlerContext.java:366)\n\tat io.netty.channel.AbstractChannelHandlerContext.invokeChannelRead(AbstractChannelHandlerContext.java:352)\n\tat io.netty.chann...
[debug] &amp#27;[35m[W3C]&amp#27;[39m Matched W3C error code 'no such element' to NoSuchElementError
[debug] &amp#27;[35m[BaseDriver]&amp#27;[39m Waited for 693 ms so far
[debug] &amp#27;[35m[WD Proxy]&amp#27;[39m Matched '/element' to command name 'findElement'
[debug] &amp#27;[35m[WD Proxy]&amp#27;[39m Proxying [POST /element] to [POST http://127.0.0.1:8200/wd/hub/session/ee4aae58-cafd-4ffa-a90c-f17753e39c2a/element] with body: {"strategy":"id","selector":"com.eezy.ai.dev:id/wizardLoginTextView","context":"","multiple":false}
&amp#27;[35m[WD Proxy]&amp#27;[39m Got response with status 404: {"sessionId":"ee4aae58-cafd-4ffa-a90c-f17753e39c2a","value":{"error":"no such element","message":"An element could not be located on the page using the given search parameters","stacktrace":"io.appium.uiautomator2.common.exceptions.ElementNotFoundException: An element could not be located on the page using the given search parameters\n\tat io.appium.uiautomator2.handler.FindElement.safeHandle(FindElement.java:70)\n\tat io.appium.uiautomator2.handler.request.SafeRequestHandler.handle(SafeRequestHandler.java:41)\n\tat io.appium.uiautomator2.server.AppiumServlet.handleRequest(AppiumServlet.java:261)\n\tat io.appium.uiautomator2.server.AppiumServlet.handleHttpRequest(AppiumServlet.java:255)\n\tat io.appium.uiautomator2.http.ServerHandler.channelRead(ServerHandler.java:68)\n\tat io.netty.channel.AbstractChannelHandlerContext.invokeChannelRead(AbstractChannelHandlerContext.java:366)\n\tat io.netty.channel.AbstractChannelHandlerContext.invokeChannelRead(AbstractChannelHandlerContext.java:352)\n\tat io.netty.chann...
[debug] &amp#27;[35m[W3C]&amp#27;[39m Matched W3C error code 'no such element' to NoSuchElementError
[debug] &amp#27;[35m[BaseDriver]&amp#27;[39m Waited for 1291 ms so far
[debug] &amp#27;[35m[WD Proxy]&amp#27;[39m Matched '/element' to command name 'findElement'
[debug] &amp#27;[35m[WD Proxy]&amp#27;[39m Proxying [POST /element] to [POST http://127.0.0.1:8200/wd/hub/session/ee4aae58-cafd-4ffa-a90c-f17753e39c2a/element] with body: {"strategy":"id","selector":"com.eezy.ai.dev:id/wizardLoginTextView","context":"","multiple":false}
&amp#27;[35m[WD Proxy]&amp#27;[39m Got response with status 404: {"sessionId":"ee4aae58-cafd-4ffa-a90c-f17753e39c2a","value":{"error":"no such element","message":"An element could not be located on the page using the given search parameters","stacktrace":"io.appium.uiautomator2.common.exceptions.ElementNotFoundException: An element could not be located on the page using the given search parameters\n\tat io.appium.uiautomator2.handler.FindElement.safeHandle(FindElement.java:70)\n\tat io.appium.uiautomator2.handler.request.SafeRequestHandler.handle(SafeRequestHandler.java:41)\n\tat io.appium.uiautomator2.server.AppiumServlet.handleRequest(AppiumServlet.java:261)\n\tat io.appium.uiautomator2.server.AppiumServlet.handleHttpRequest(AppiumServlet.java:255)\n\tat io.appium.uiautomator2.http.ServerHandler.channelRead(ServerHandler.java:68)\n\tat io.netty.channel.AbstractChannelHandlerContext.invokeChannelRead(AbstractChannelHandlerContext.java:366)\n\tat io.netty.channel.AbstractChannelHandlerContext.invokeChannelRead(AbstractChannelHandlerContext.java:352)\n\tat io.netty.chann...
[debug] &amp#27;[35m[W3C]&amp#27;[39m Matched W3C error code 'no such element' to NoSuchElementError
[debug] &amp#27;[35m[BaseDriver]&amp#27;[39m Waited for 1872 ms so far
[debug] &amp#27;[35m[WD Proxy]&amp#27;[39m Matched '/element' to command name 'findElement'
[debug] &amp#27;[35m[WD Proxy]&amp#27;[39m Proxying [POST /element] to [POST http://127.0.0.1:8200/wd/hub/session/ee4aae58-cafd-4ffa-a90c-f17753e39c2a/element] with body: {"strategy":"id","selector":"com.eezy.ai.dev:id/wizardLoginTextView","context":"","multiple":false}
[debug] &amp#27;[35m[WD Proxy]&amp#27;[39m Got response with status 200: {"sessionId":"ee4aae58-cafd-4ffa-a90c-f17753e39c2a","value":{"ELEMENT":"b38f7f02-f978-4f8d-86f1-f36b908b75d3","element-6066-11e4-a52e-4f735466cecf":"b38f7f02-f978-4f8d-86f1-f36b908b75d3"}}
[debug] &amp#27;[35m[W3C (92996c2d)]&amp#27;[39m Responding to client with driver.findElement() result: {"element-6066-11e4-a52e-4f735466cecf":"b38f7f02-f978-4f8d-86f1-f36b908b75d3","ELEMENT":"b38f7f02-f978-4f8d-86f1-f36b908b75d3"}
&amp#27;[35m[HTTP]&amp#27;[39m &amp#27;[37m<-- POST /wd/hub/session/92996c2d-2629-4b7e-af93-652a4dec29eb/element &amp#27;[39m&amp#27;[32m200&amp#27;[39m &amp#27;[90m3634 ms - 137&amp#27;[39m
&amp#27;[35m[HTTP]&amp#27;[39m &amp#27;[90m&amp#27;[39m
&amp#27;[35m[HTTP]&amp#27;[39m &amp#27;[37m-->&amp#27;[39m &amp#27;[37mGET&amp#27;[39m &amp#27;[37m/wd/hub/session/92996c2d-2629-4b7e-af93-652a4dec29eb/element/b38f7f02-f978-4f8d-86f1-f36b908b75d3/displayed&amp#27;[39m
&amp#27;[35m[HTTP]&amp#27;[39m &amp#27;[90m{}&amp#27;[39m
[debug] &amp#27;[35m[W3C (92996c2d)]&amp#27;[39m Calling AppiumDriver.elementDisplayed() with args: ["b38f7f02-f978-4f8d-86f1-f36b908b75d3","92996c2d-2629-4b7e-af93-652a4dec29eb"]
[debug] &amp#27;[35m[WD Proxy]&amp#27;[39m Matched '/element/b38f7f02-f978-4f8d-86f1-f36b908b75d3/attribute/displayed' to command name 'getAttribute'
[debug] &amp#27;[35m[WD Proxy]&amp#27;[39m Proxying [GET /element/b38f7f02-f978-4f8d-86f1-f36b908b75d3/attribute/displayed] to [GET http://127.0.0.1:8200/wd/hub/session/ee4aae58-cafd-4ffa-a90c-f17753e39c2a/element/b38f7f02-f978-4f8d-86f1-f36b908b75d3/attribute/displayed] with no body
[debug] &amp#27;[35m[WD Proxy]&amp#27;[39m Got response with status 200: {"sessionId":"ee4aae58-cafd-4ffa-a90c-f17753e39c2a","value":"true"}
[debug] &amp#27;[35m[W3C (92996c2d)]&amp#27;[39m Responding to client with driver.elementDisplayed() result: true
&amp#27;[35m[HTTP]&amp#27;[39m &amp#27;[37m<-- GET /wd/hub/session/92996c2d-2629-4b7e-af93-652a4dec29eb/element/b38f7f02-f978-4f8d-86f1-f36b908b75d3/displayed &amp#27;[39m&amp#27;[32m200&amp#27;[39m &amp#27;[90m25 ms - 14&amp#27;[39m
&amp#27;[35m[HTTP]&amp#27;[39m &amp#27;[90m&amp#27;[39m
&amp#27;[35m[HTTP]&amp#27;[39m &amp#27;[37m-->&amp#27;[39m &amp#27;[37mGET&amp#27;[39m &amp#27;[37m/wd/hub/session/92996c2d-2629-4b7e-af93-652a4dec29eb/context&amp#27;[39m
&amp#27;[35m[HTTP]&amp#27;[39m &amp#27;[90m{}&amp#27;[39m
[debug] &amp#27;[35m[W3C (92996c2d)]&amp#27;[39m Calling AppiumDriver.getCurrentContext() with args: ["92996c2d-2629-4b7e-af93-652a4dec29eb"]
[debug] &amp#27;[35m[W3C (92996c2d)]&amp#27;[39m Responding to client with driver.getCurrentContext() result: "NATIVE_APP"
&amp#27;[35m[HTTP]&amp#27;[39m &amp#27;[37m<-- GET /wd/hub/session/92996c2d-2629-4b7e-af93-652a4dec29eb/context &amp#27;[39m&amp#27;[32m200&amp#27;[39m &amp#27;[90m2 ms - 22&amp#27;[39m
&amp#27;[35m[HTTP]&amp#27;[39m &amp#27;[90m&amp#27;[39m
&amp#27;[35m[HTTP]&amp#27;[39m &amp#27;[37m-->&amp#27;[39m &amp#27;[37mPOST&amp#27;[39m &amp#27;[37m/wd/hub/session/92996c2d-2629-4b7e-af93-652a4dec29eb/element&amp#27;[39m
&amp#27;[35m[HTTP]&amp#27;[39m &amp#27;[90m{"using":"id","value":"com.eezy.ai.dev:id/wizardLoginTextView"}&amp#27;[39m
[debug] &amp#27;[35m[W3C (92996c2d)]&amp#27;[39m Calling AppiumDriver.findElement() with args: ["id","com.eezy.ai.dev:id/wizardLoginTextView","92996c2d-2629-4b7e-af93-652a4dec29eb"]
[debug] &amp#27;[35m[BaseDriver]&amp#27;[39m Valid locator strategies for this request: xpath, id, class name, accessibility id, css selector, -android uiautomator
[debug] &amp#27;[35m[BaseDriver]&amp#27;[39m Waiting up to 15000 ms for condition
[debug] &amp#27;[35m[WD Proxy]&amp#27;[39m Matched '/element' to command name 'findElement'
[debug] &amp#27;[35m[WD Proxy]&amp#27;[39m Proxying [POST /element] to [POST http://127.0.0.1:8200/wd/hub/session/ee4aae58-cafd-4ffa-a90c-f17753e39c2a/element] with body: {"strategy":"id","selector":"com.eezy.ai.dev:id/wizardLoginTextView","context":"","multiple":false}
[debug] &amp#27;[35m[WD Proxy]&amp#27;[39m Got response with status 200: {"sessionId":"ee4aae58-cafd-4ffa-a90c-f17753e39c2a","value":{"ELEMENT":"a21e3548-f92c-4bf5-8943-1e324d6f65b6","element-6066-11e4-a52e-4f735466cecf":"a21e3548-f92c-4bf5-8943-1e324d6f65b6"}}
[debug] &amp#27;[35m[W3C (92996c2d)]&amp#27;[39m Responding to client with driver.findElement() result: {"element-6066-11e4-a52e-4f735466cecf":"a21e3548-f92c-4bf5-8943-1e324d6f65b6","ELEMENT":"a21e3548-f92c-4bf5-8943-1e324d6f65b6"}
&amp#27;[35m[HTTP]&amp#27;[39m &amp#27;[37m<-- POST /wd/hub/session/92996c2d-2629-4b7e-af93-652a4dec29eb/element &amp#27;[39m&amp#27;[32m200&amp#27;[39m &amp#27;[90m48 ms - 137&amp#27;[39m
&amp#27;[35m[HTTP]&amp#27;[39m &amp#27;[90m&amp#27;[39m
&amp#27;[35m[HTTP]&amp#27;[39m &amp#27;[37m-->&amp#27;[39m &amp#27;[37mGET&amp#27;[39m &amp#27;[37m/wd/hub/session/92996c2d-2629-4b7e-af93-652a4dec29eb/element/a21e3548-f92c-4bf5-8943-1e324d6f65b6/enabled&amp#27;[39m
&amp#27;[35m[HTTP]&amp#27;[39m &amp#27;[90m{}&amp#27;[39m
[debug] &amp#27;[35m[W3C (92996c2d)]&amp#27;[39m Calling AppiumDriver.elementEnabled() with args: ["a21e3548-f92c-4bf5-8943-1e324d6f65b6","92996c2d-2629-4b7e-af93-652a4dec29eb"]
[debug] &amp#27;[35m[WD Proxy]&amp#27;[39m Matched '/element/a21e3548-f92c-4bf5-8943-1e324d6f65b6/attribute/enabled' to command name 'getAttribute'
[debug] &amp#27;[35m[WD Proxy]&amp#27;[39m Proxying [GET /element/a21e3548-f92c-4bf5-8943-1e324d6f65b6/attribute/enabled] to [GET http://127.0.0.1:8200/wd/hub/session/ee4aae58-cafd-4ffa-a90c-f17753e39c2a/element/a21e3548-f92c-4bf5-8943-1e324d6f65b6/attribute/enabled] with no body
[debug] &amp#27;[35m[WD Proxy]&amp#27;[39m Got response with status 200: {"sessionId":"ee4aae58-cafd-4ffa-a90c-f17753e39c2a","value":"true"}
[debug] &amp#27;[35m[W3C (92996c2d)]&amp#27;[39m Responding to client with driver.elementEnabled() result: true
&amp#27;[35m[HTTP]&amp#27;[39m &amp#27;[37m<-- GET /wd/hub/session/92996c2d-2629-4b7e-af93-652a4dec29eb/element/a21e3548-f92c-4bf5-8943-1e324d6f65b6/enabled &amp#27;[39m&amp#27;[32m200&amp#27;[39m &amp#27;[90m20 ms - 14&amp#27;[39m
&amp#27;[35m[HTTP]&amp#27;[39m &amp#27;[90m&amp#27;[39m
&amp#27;[35m[HTTP]&amp#27;[39m &amp#27;[37m-->&amp#27;[39m &amp#27;[37mGET&amp#27;[39m &amp#27;[37m/wd/hub/session/92996c2d-2629-4b7e-af93-652a4dec29eb/context&amp#27;[39m
&amp#27;[35m[HTTP]&amp#27;[39m &amp#27;[90m{}&amp#27;[39m
[debug] &amp#27;[35m[W3C (92996c2d)]&amp#27;[39m Calling AppiumDriver.getCurrentContext() with args: ["92996c2d-2629-4b7e-af93-652a4dec29eb"]
[debug] &amp#27;[35m[W3C (92996c2d)]&amp#27;[39m Responding to client with driver.getCurrentContext() result: "NATIVE_APP"
&amp#27;[35m[HTTP]&amp#27;[39m &amp#27;[37m<-- GET /wd/hub/session/92996c2d-2629-4b7e-af93-652a4dec29eb/context &amp#27;[39m&amp#27;[32m200&amp#27;[39m &amp#27;[90m3 ms - 22&amp#27;[39m
&amp#27;[35m[HTTP]&amp#27;[39m &amp#27;[90m&amp#27;[39m
&amp#27;[35m[HTTP]&amp#27;[39m &amp#27;[37m-->&amp#27;[39m &amp#27;[37mPOST&amp#27;[39m &amp#27;[37m/wd/hub/session/92996c2d-2629-4b7e-af93-652a4dec29eb/element&amp#27;[39m
&amp#27;[35m[HTTP]&amp#27;[39m &amp#27;[90m{"using":"id","value":"com.eezy.ai.dev:id/wizardLoginTextView"}&amp#27;[39m
[debug] &amp#27;[35m[W3C (92996c2d)]&amp#27;[39m Calling AppiumDriver.findElement() with args: ["id","com.eezy.ai.dev:id/wizardLoginTextView","92996c2d-2629-4b7e-af93-652a4dec29eb"]
[debug] &amp#27;[35m[BaseDriver]&amp#27;[39m Valid locator strategies for this request: xpath, id, class name, accessibility id, css selector, -android uiautomator
[debug] &amp#27;[35m[BaseDriver]&amp#27;[39m Waiting up to 15000 ms for condition
[debug] &amp#27;[35m[WD Proxy]&amp#27;[39m Matched '/element' to command name 'findElement'
[debug] &amp#27;[35m[WD Proxy]&amp#27;[39m Proxying [POST /element] to [POST http://127.0.0.1:8200/wd/hub/session/ee4aae58-cafd-4ffa-a90c-f17753e39c2a/element] with body: {"strategy":"id","selector":"com.eezy.ai.dev:id/wizardLoginTextView","context":"","multiple":false}
[debug] &amp#27;[35m[WD Proxy]&amp#27;[39m Got response with status 200: {"sessionId":"ee4aae58-cafd-4ffa-a90c-f17753e39c2a","value":{"ELEMENT":"149441d2-cf43-4b7c-97f6-21f86b33f96c","element-6066-11e4-a52e-4f735466cecf":"149441d2-cf43-4b7c-97f6-21f86b33f96c"}}
[debug] &amp#27;[35m[W3C (92996c2d)]&amp#27;[39m Responding to client with driver.findElement() result: {"element-6066-11e4-a52e-4f735466cecf":"149441d2-cf43-4b7c-97f6-21f86b33f96c","ELEMENT":"149441d2-cf43-4b7c-97f6-21f86b33f96c"}
&amp#27;[35m[HTTP]&amp#27;[39m &amp#27;[37m<-- POST /wd/hub/session/92996c2d-2629-4b7e-af93-652a4dec29eb/element &amp#27;[39m&amp#27;[32m200&amp#27;[39m &amp#27;[90m41 ms - 137&amp#27;[39m
&amp#27;[35m[HTTP]&amp#27;[39m &amp#27;[90m&amp#27;[39m
&amp#27;[35m[HTTP]&amp#27;[39m &amp#27;[37m-->&amp#27;[39m &amp#27;[37mPOST&amp#27;[39m &amp#27;[37m/wd/hub/session/92996c2d-2629-4b7e-af93-652a4dec29eb/element/149441d2-cf43-4b7c-97f6-21f86b33f96c/click&amp#27;[39m
&amp#27;[35m[HTTP]&amp#27;[39m &amp#27;[90m{"id":"149441d2-cf43-4b7c-97f6-21f86b33f96c"}&amp#27;[39m
[debug] &amp#27;[35m[W3C (92996c2d)]&amp#27;[39m Calling AppiumDriver.click() with args: ["149441d2-cf43-4b7c-97f6-21f86b33f96c","92996c2d-2629-4b7e-af93-652a4dec29eb"]
[debug] &amp#27;[35m[WD Proxy]&amp#27;[39m Matched '/element/149441d2-cf43-4b7c-97f6-21f86b33f96c/click' to command name 'click'
[debug] &amp#27;[35m[WD Proxy]&amp#27;[39m Proxying [POST /element/149441d2-cf43-4b7c-97f6-21f86b33f96c/click] to [POST http://127.0.0.1:8200/wd/hub/session/ee4aae58-cafd-4ffa-a90c-f17753e39c2a/element/149441d2-cf43-4b7c-97f6-21f86b33f96c/click] with body: {"element":"149441d2-cf43-4b7c-97f6-21f86b33f96c"}
[debug] &amp#27;[35m[WD Proxy]&amp#27;[39m Got response with status 200: {"sessionId":"ee4aae58-cafd-4ffa-a90c-f17753e39c2a","value":null}
[debug] &amp#27;[35m[W3C (92996c2d)]&amp#27;[39m Responding to client with driver.click() result: null
&amp#27;[35m[HTTP]&amp#27;[39m &amp#27;[37m<-- POST /wd/hub/session/92996c2d-2629-4b7e-af93-652a4dec29eb/element/149441d2-cf43-4b7c-97f6-21f86b33f96c/click &amp#27;[39m&amp#27;[32m200&amp#27;[39m &amp#27;[90m40 ms - 14&amp#27;[39m
&amp#27;[35m[HTTP]&amp#27;[39m &amp#27;[90m&amp#27;[39m
&amp#27;[35m[HTTP]&amp#27;[39m &amp#27;[37m-->&amp#27;[39m &amp#27;[37mGET&amp#27;[39m &amp#27;[37m/wd/hub/session/92996c2d-2629-4b7e-af93-652a4dec29eb/context&amp#27;[39m
&amp#27;[35m[HTTP]&amp#27;[39m &amp#27;[90m{}&amp#27;[39m
[debug] &amp#27;[35m[W3C (92996c2d)]&amp#27;[39m Calling AppiumDriver.getCurrentContext() with args: ["92996c2d-2629-4b7e-af93-652a4dec29eb"]
[debug] &amp#27;[35m[W3C (92996c2d)]&amp#27;[39m Responding to client with driver.getCurrentContext() result: "NATIVE_APP"
&amp#27;[35m[HTTP]&amp#27;[39m &amp#27;[37m<-- GET /wd/hub/session/92996c2d-2629-4b7e-af93-652a4dec29eb/context &amp#27;[39m&amp#27;[32m200&amp#27;[39m &amp#27;[90m2 ms - 22&amp#27;[39m
&amp#27;[35m[HTTP]&amp#27;[39m &amp#27;[90m&amp#27;[39m
&amp#27;[35m[HTTP]&amp#27;[39m &amp#27;[37m-->&amp#27;[39m &amp#27;[37mPOST&amp#27;[39m &amp#27;[37m/wd/hub/session/92996c2d-2629-4b7e-af93-652a4dec29eb/element&amp#27;[39m
&amp#27;[35m[HTTP]&amp#27;[39m &amp#27;[90m{"using":"id","value":"com.eezy.ai.dev:id/moreLoginOptions"}&amp#27;[39m
[debug] &amp#27;[35m[W3C (92996c2d)]&amp#27;[39m Calling AppiumDriver.findElement() with args: ["id","com.eezy.ai.dev:id/moreLoginOptions","92996c2d-2629-4b7e-af93-652a4dec29eb"]
[debug] &amp#27;[35m[BaseDriver]&amp#27;[39m Valid locator strategies for this request: xpath, id, class name, accessibility id, css selector, -android uiautomator
[debug] &amp#27;[35m[BaseDriver]&amp#27;[39m Waiting up to 15000 ms for condition
[debug] &amp#27;[35m[WD Proxy]&amp#27;[39m Matched '/element' to command name 'findElement'
[debug] &amp#27;[35m[WD Proxy]&amp#27;[39m Proxying [POST /element] to [POST http://127.0.0.1:8200/wd/hub/session/ee4aae58-cafd-4ffa-a90c-f17753e39c2a/element] with body: {"strategy":"id","selector":"com.eezy.ai.dev:id/moreLoginOptions","context":"","multiple":false}
&amp#27;[35m[WD Proxy]&amp#27;[39m Got response with status 404: {"sessionId":"ee4aae58-cafd-4ffa-a90c-f17753e39c2a","value":{"error":"no such element","message":"An element could not be located on the page using the given search parameters","stacktrace":"io.appium.uiautomator2.common.exceptions.ElementNotFoundException: An element could not be located on the page using the given search parameters\n\tat io.appium.uiautomator2.handler.FindElement.safeHandle(FindElement.java:70)\n\tat io.appium.uiautomator2.handler.request.SafeRequestHandler.handle(SafeRequestHandler.java:41)\n\tat io.appium.uiautomator2.server.AppiumServlet.handleRequest(AppiumServlet.java:261)\n\tat io.appium.uiautomator2.server.AppiumServlet.handleHttpRequest(AppiumServlet.java:255)\n\tat io.appium.uiautomator2.http.ServerHandler.channelRead(ServerHandler.java:68)\n\tat io.netty.channel.AbstractChannelHandlerContext.invokeChannelRead(AbstractChannelHandlerContext.java:366)\n\tat io.netty.channel.AbstractChannelHandlerContext.invokeChannelRead(AbstractChannelHandlerContext.java:352)\n\tat io.netty.chann...
[debug] &amp#27;[35m[W3C]&amp#27;[39m Matched W3C error code 'no such element' to NoSuchElementError
[debug] &amp#27;[35m[BaseDriver]&amp#27;[39m Waited for 235 ms so far
[debug] &amp#27;[35m[WD Proxy]&amp#27;[39m Matched '/element' to command name 'findElement'
[debug] &amp#27;[35m[WD Proxy]&amp#27;[39m Proxying [POST /element] to [POST http://127.0.0.1:8200/wd/hub/session/ee4aae58-cafd-4ffa-a90c-f17753e39c2a/element] with body: {"strategy":"id","selector":"com.eezy.ai.dev:id/moreLoginOptions","context":"","multiple":false}
[debug] &amp#27;[35m[WD Proxy]&amp#27;[39m Got response with status 200: {"sessionId":"ee4aae58-cafd-4ffa-a90c-f17753e39c2a","value":{"ELEMENT":"248766d6-c02c-48ef-b09c-6c7372696ed0","element-6066-11e4-a52e-4f735466cecf":"248766d6-c02c-48ef-b09c-6c7372696ed0"}}
[debug] &amp#27;[35m[W3C (92996c2d)]&amp#27;[39m Responding to client with driver.findElement() result: {"element-6066-11e4-a52e-4f735466cecf":"248766d6-c02c-48ef-b09c-6c7372696ed0","ELEMENT":"248766d6-c02c-48ef-b09c-6c7372696ed0"}
&amp#27;[35m[HTTP]&amp#27;[39m &amp#27;[37m<-- POST /wd/hub/session/92996c2d-2629-4b7e-af93-652a4dec29eb/element &amp#27;[39m&amp#27;[32m200&amp#27;[39m &amp#27;[90m957 ms - 137&amp#27;[39m
&amp#27;[35m[HTTP]&amp#27;[39m &amp#27;[90m&amp#27;[39m
&amp#27;[35m[HTTP]&amp#27;[39m &amp#27;[37m-->&amp#27;[39m &amp#27;[37mGET&amp#27;[39m &amp#27;[37m/wd/hub/session/92996c2d-2629-4b7e-af93-652a4dec29eb/element/248766d6-c02c-48ef-b09c-6c7372696ed0/displayed&amp#27;[39m
&amp#27;[35m[HTTP]&amp#27;[39m &amp#27;[90m{}&amp#27;[39m
[debug] &amp#27;[35m[W3C (92996c2d)]&amp#27;[39m Calling AppiumDriver.elementDisplayed() with args: ["248766d6-c02c-48ef-b09c-6c7372696ed0","92996c2d-2629-4b7e-af93-652a4dec29eb"]
[debug] &amp#27;[35m[WD Proxy]&amp#27;[39m Matched '/element/248766d6-c02c-48ef-b09c-6c7372696ed0/attribute/displayed' to command name 'getAttribute'
[debug] &amp#27;[35m[WD Proxy]&amp#27;[39m Proxying [GET /element/248766d6-c02c-48ef-b09c-6c7372696ed0/attribute/displayed] to [GET http://127.0.0.1:8200/wd/hub/session/ee4aae58-cafd-4ffa-a90c-f17753e39c2a/element/248766d6-c02c-48ef-b09c-6c7372696ed0/attribute/displayed] with no body
[debug] &amp#27;[35m[WD Proxy]&amp#27;[39m Got response with status 200: {"sessionId":"ee4aae58-cafd-4ffa-a90c-f17753e39c2a","value":"true"}
[debug] &amp#27;[35m[W3C (92996c2d)]&amp#27;[39m Responding to client with driver.elementDisplayed() result: true
&amp#27;[35m[HTTP]&amp#27;[39m &amp#27;[37m<-- GET /wd/hub/session/92996c2d-2629-4b7e-af93-652a4dec29eb/element/248766d6-c02c-48ef-b09c-6c7372696ed0/displayed &amp#27;[39m&amp#27;[32m200&amp#27;[39m &amp#27;[90m21 ms - 14&amp#27;[39m
&amp#27;[35m[HTTP]&amp#27;[39m &amp#27;[90m&amp#27;[39m
&amp#27;[35m[HTTP]&amp#27;[39m &amp#27;[37m-->&amp#27;[39m &amp#27;[37mGET&amp#27;[39m &amp#27;[37m/wd/hub/session/92996c2d-2629-4b7e-af93-652a4dec29eb/context&amp#27;[39m
&amp#27;[35m[HTTP]&amp#27;[39m &amp#27;[90m{}&amp#27;[39m
[debug] &amp#27;[35m[W3C (92996c2d)]&amp#27;[39m Calling AppiumDriver.getCurrentContext() with args: ["92996c2d-2629-4b7e-af93-652a4dec29eb"]
[debug] &amp#27;[35m[W3C (92996c2d)]&amp#27;[39m Responding to client with driver.getCurrentContext() result: "NATIVE_APP"
&amp#27;[35m[HTTP]&amp#27;[39m &amp#27;[37m<-- GET /wd/hub/session/92996c2d-2629-4b7e-af93-652a4dec29eb/context &amp#27;[39m&amp#27;[32m200&amp#27;[39m &amp#27;[90m3 ms - 22&amp#27;[39m
&amp#27;[35m[HTTP]&amp#27;[39m &amp#27;[90m&amp#27;[39m
&amp#27;[35m[HTTP]&amp#27;[39m &amp#27;[37m-->&amp#27;[39m &amp#27;[37mPOST&amp#27;[39m &amp#27;[37m/wd/hub/session/92996c2d-2629-4b7e-af93-652a4dec29eb/element&amp#27;[39m
&amp#27;[35m[HTTP]&amp#27;[39m &amp#27;[90m{"using":"id","value":"com.eezy.ai.dev:id/moreLoginOptions"}&amp#27;[39m
[debug] &amp#27;[35m[W3C (92996c2d)]&amp#27;[39m Calling AppiumDriver.findElement() with args: ["id","com.eezy.ai.dev:id/moreLoginOptions","92996c2d-2629-4b7e-af93-652a4dec29eb"]
[debug] &amp#27;[35m[BaseDriver]&amp#27;[39m Valid locator strategies for this request: xpath, id, class name, accessibility id, css selector, -android uiautomator
[debug] &amp#27;[35m[BaseDriver]&amp#27;[39m Waiting up to 15000 ms for condition
[debug] &amp#27;[35m[WD Proxy]&amp#27;[39m Matched '/element' to command name 'findElement'
[debug] &amp#27;[35m[WD Proxy]&amp#27;[39m Proxying [POST /element] to [POST http://127.0.0.1:8200/wd/hub/session/ee4aae58-cafd-4ffa-a90c-f17753e39c2a/element] with body: {"strategy":"id","selector":"com.eezy.ai.dev:id/moreLoginOptions","context":"","multiple":false}
[debug] &amp#27;[35m[WD Proxy]&amp#27;[39m Got response with status 200: {"sessionId":"ee4aae58-cafd-4ffa-a90c-f17753e39c2a","value":{"ELEMENT":"b6ead3e6-8613-4eed-b13a-36490fc3f704","element-6066-11e4-a52e-4f735466cecf":"b6ead3e6-8613-4eed-b13a-36490fc3f704"}}
[debug] &amp#27;[35m[W3C (92996c2d)]&amp#27;[39m Responding to client with driver.findElement() result: {"element-6066-11e4-a52e-4f735466cecf":"b6ead3e6-8613-4eed-b13a-36490fc3f704","ELEMENT":"b6ead3e6-8613-4eed-b13a-36490fc3f704"}
&amp#27;[35m[HTTP]&amp#27;[39m &amp#27;[37m<-- POST /wd/hub/session/92996c2d-2629-4b7e-af93-652a4dec29eb/element &amp#27;[39m&amp#27;[32m200&amp#27;[39m &amp#27;[90m60 ms - 137&amp#27;[39m
&amp#27;[35m[HTTP]&amp#27;[39m &amp#27;[90m&amp#27;[39m
&amp#27;[35m[HTTP]&amp#27;[39m &amp#27;[37m-->&amp#27;[39m &amp#27;[37mGET&amp#27;[39m &amp#27;[37m/wd/hub/session/92996c2d-2629-4b7e-af93-652a4dec29eb/element/b6ead3e6-8613-4eed-b13a-36490fc3f704/enabled&amp#27;[39m
&amp#27;[35m[HTTP]&amp#27;[39m &amp#27;[90m{}&amp#27;[39m
[debug] &amp#27;[35m[W3C (92996c2d)]&amp#27;[39m Calling AppiumDriver.elementEnabled() with args: ["b6ead3e6-8613-4eed-b13a-36490fc3f704","92996c2d-2629-4b7e-af93-652a4dec29eb"]
[debug] &amp#27;[35m[WD Proxy]&amp#27;[39m Matched '/element/b6ead3e6-8613-4eed-b13a-36490fc3f704/attribute/enabled' to command name 'getAttribute'
[debug] &amp#27;[35m[WD Proxy]&amp#27;[39m Proxying [GET /element/b6ead3e6-8613-4eed-b13a-36490fc3f704/attribute/enabled] to [GET http://127.0.0.1:8200/wd/hub/session/ee4aae58-cafd-4ffa-a90c-f17753e39c2a/element/b6ead3e6-8613-4eed-b13a-36490fc3f704/attribute/enabled] with no body
[debug] &amp#27;[35m[WD Proxy]&amp#27;[39m Got response with status 200: {"sessionId":"ee4aae58-cafd-4ffa-a90c-f17753e39c2a","value":"true"}
[debug] &amp#27;[35m[W3C (92996c2d)]&amp#27;[39m Responding to client with driver.elementEnabled() result: true
&amp#27;[35m[HTTP]&amp#27;[39m &amp#27;[37m<-- GET /wd/hub/session/92996c2d-2629-4b7e-af93-652a4dec29eb/element/b6ead3e6-8613-4eed-b13a-36490fc3f704/enabled &amp#27;[39m&amp#27;[32m200&amp#27;[39m &amp#27;[90m29 ms - 14&amp#27;[39m
&amp#27;[35m[HTTP]&amp#27;[39m &amp#27;[90m&amp#27;[39m
&amp#27;[35m[HTTP]&amp#27;[39m &amp#27;[37m-->&amp#27;[39m &amp#27;[37mGET&amp#27;[39m &amp#27;[37m/wd/hub/session/92996c2d-2629-4b7e-af93-652a4dec29eb/context&amp#27;[39m
&amp#27;[35m[HTTP]&amp#27;[39m &amp#27;[90m{}&amp#27;[39m
[debug] &amp#27;[35m[W3C (92996c2d)]&amp#27;[39m Calling AppiumDriver.getCurrentContext() with args: ["92996c2d-2629-4b7e-af93-652a4dec29eb"]
[debug] &amp#27;[35m[W3C (92996c2d)]&amp#27;[39m Responding to client with driver.getCurrentContext() result: "NATIVE_APP"
&amp#27;[35m[HTTP]&amp#27;[39m &amp#27;[37m<-- GET /wd/hub/session/92996c2d-2629-4b7e-af93-652a4dec29eb/context &amp#27;[39m&amp#27;[32m200&amp#27;[39m &amp#27;[90m3 ms - 22&amp#27;[39m
&amp#27;[35m[HTTP]&amp#27;[39m &amp#27;[90m&amp#27;[39m
&amp#27;[35m[HTTP]&amp#27;[39m &amp#27;[37m-->&amp#27;[39m &amp#27;[37mPOST&amp#27;[39m &amp#27;[37m/wd/hub/session/92996c2d-2629-4b7e-af93-652a4dec29eb/element&amp#27;[39m
&amp#27;[35m[HTTP]&amp#27;[39m &amp#27;[90m{"using":"id","value":"com.eezy.ai.dev:id/moreLoginOptions"}&amp#27;[39m
[debug] &amp#27;[35m[W3C (92996c2d)]&amp#27;[39m Calling AppiumDriver.findElement() with args: ["id","com.eezy.ai.dev:id/moreLoginOptions","92996c2d-2629-4b7e-af93-652a4dec29eb"]
[debug] &amp#27;[35m[BaseDriver]&amp#27;[39m Valid locator strategies for this request: xpath, id, class name, accessibility id, css selector, -android uiautomator
[debug] &amp#27;[35m[BaseDriver]&amp#27;[39m Waiting up to 15000 ms for condition
[debug] &amp#27;[35m[WD Proxy]&amp#27;[39m Matched '/element' to command name 'findElement'
[debug] &amp#27;[35m[WD Proxy]&amp#27;[39m Proxying [POST /element] to [POST http://127.0.0.1:8200/wd/hub/session/ee4aae58-cafd-4ffa-a90c-f17753e39c2a/element] with body: {"strategy":"id","selector":"com.eezy.ai.dev:id/moreLoginOptions","context":"","multiple":false}
[debug] &amp#27;[35m[WD Proxy]&amp#27;[39m Got response with status 200: {"sessionId":"ee4aae58-cafd-4ffa-a90c-f17753e39c2a","value":{"ELEMENT":"6a2f3de6-98c0-43f3-82ed-8d8a00caffbf","element-6066-11e4-a52e-4f735466cecf":"6a2f3de6-98c0-43f3-82ed-8d8a00caffbf"}}
[debug] &amp#27;[35m[W3C (92996c2d)]&amp#27;[39m Responding to client with driver.findElement() result: {"element-6066-11e4-a52e-4f735466cecf":"6a2f3de6-98c0-43f3-82ed-8d8a00caffbf","ELEMENT":"6a2f3de6-98c0-43f3-82ed-8d8a00caffbf"}
&amp#27;[35m[HTTP]&amp#27;[39m &amp#27;[37m<-- POST /wd/hub/session/92996c2d-2629-4b7e-af93-652a4dec29eb/element &amp#27;[39m&amp#27;[32m200&amp#27;[39m &amp#27;[90m44 ms - 137&amp#27;[39m
&amp#27;[35m[HTTP]&amp#27;[39m &amp#27;[90m&amp#27;[39m
&amp#27;[35m[HTTP]&amp#27;[39m &amp#27;[37m-->&amp#27;[39m &amp#27;[37mPOST&amp#27;[39m &amp#27;[37m/wd/hub/session/92996c2d-2629-4b7e-af93-652a4dec29eb/element/6a2f3de6-98c0-43f3-82ed-8d8a00caffbf/click&amp#27;[39m
&amp#27;[35m[HTTP]&amp#27;[39m &amp#27;[90m{"id":"6a2f3de6-98c0-43f3-82ed-8d8a00caffbf"}&amp#27;[39m
[debug] &amp#27;[35m[W3C (92996c2d)]&amp#27;[39m Calling AppiumDriver.click() with args: ["6a2f3de6-98c0-43f3-82ed-8d8a00caffbf","92996c2d-2629-4b7e-af93-652a4dec29eb"]
[debug] &amp#27;[35m[WD Proxy]&amp#27;[39m Matched '/element/6a2f3de6-98c0-43f3-82ed-8d8a00caffbf/click' to command name 'click'
[debug] &amp#27;[35m[WD Proxy]&amp#27;[39m Proxying [POST /element/6a2f3de6-98c0-43f3-82ed-8d8a00caffbf/click] to [POST http://127.0.0.1:8200/wd/hub/session/ee4aae58-cafd-4ffa-a90c-f17753e39c2a/element/6a2f3de6-98c0-43f3-82ed-8d8a00caffbf/click] with body: {"element":"6a2f3de6-98c0-43f3-82ed-8d8a00caffbf"}
[debug] &amp#27;[35m[WD Proxy]&amp#27;[39m Got response with status 200: {"sessionId":"ee4aae58-cafd-4ffa-a90c-f17753e39c2a","value":null}
[debug] &amp#27;[35m[W3C (92996c2d)]&amp#27;[39m Responding to client with driver.click() result: null
&amp#27;[35m[HTTP]&amp#27;[39m &amp#27;[37m<-- POST /wd/hub/session/92996c2d-2629-4b7e-af93-652a4dec29eb/element/6a2f3de6-98c0-43f3-82ed-8d8a00caffbf/click &amp#27;[39m&amp#27;[32m200&amp#27;[39m &amp#27;[90m31 ms - 14&amp#27;[39m
&amp#27;[35m[HTTP]&amp#27;[39m &amp#27;[90m&amp#27;[39m
&amp#27;[35m[HTTP]&amp#27;[39m &amp#27;[37m-->&amp#27;[39m &amp#27;[37mGET&amp#27;[39m &amp#27;[37m/wd/hub/session/92996c2d-2629-4b7e-af93-652a4dec29eb/context&amp#27;[39m
&amp#27;[35m[HTTP]&amp#27;[39m &amp#27;[90m{}&amp#27;[39m
[debug] &amp#27;[35m[W3C (92996c2d)]&amp#27;[39m Calling AppiumDriver.getCurrentContext() with args: ["92996c2d-2629-4b7e-af93-652a4dec29eb"]
[debug] &amp#27;[35m[W3C (92996c2d)]&amp#27;[39m Responding to client with driver.getCurrentContext() result: "NATIVE_APP"
&amp#27;[35m[HTTP]&amp#27;[39m &amp#27;[37m<-- GET /wd/hub/session/92996c2d-2629-4b7e-af93-652a4dec29eb/context &amp#27;[39m&amp#27;[32m200&amp#27;[39m &amp#27;[90m2 ms - 22&amp#27;[39m
&amp#27;[35m[HTTP]&amp#27;[39m &amp#27;[90m&amp#27;[39m
&amp#27;[35m[HTTP]&amp#27;[39m &amp#27;[37m-->&amp#27;[39m &amp#27;[37mPOST&amp#27;[39m &amp#27;[37m/wd/hub/session/92996c2d-2629-4b7e-af93-652a4dec29eb/element&amp#27;[39m
&amp#27;[35m[HTTP]&amp#27;[39m &amp#27;[90m{"using":"id","value":"com.eezy.ai.dev:id/emailSignUp"}&amp#27;[39m
[debug] &amp#27;[35m[W3C (92996c2d)]&amp#27;[39m Calling AppiumDriver.findElement() with args: ["id","com.eezy.ai.dev:id/emailSignUp","92996c2d-2629-4b7e-af93-652a4dec29eb"]
[debug] &amp#27;[35m[BaseDriver]&amp#27;[39m Valid locator strategies for this request: xpath, id, class name, accessibility id, css selector, -android uiautomator
[debug] &amp#27;[35m[BaseDriver]&amp#27;[39m Waiting up to 15000 ms for condition
[debug] &amp#27;[35m[WD Proxy]&amp#27;[39m Matched '/element' to command name 'findElement'
[debug] &amp#27;[35m[WD Proxy]&amp#27;[39m Proxying [POST /element] to [POST http://127.0.0.1:8200/wd/hub/session/ee4aae58-cafd-4ffa-a90c-f17753e39c2a/element] with body: {"strategy":"id","selector":"com.eezy.ai.dev:id/emailSignUp","context":"","multiple":false}
&amp#27;[35m[WD Proxy]&amp#27;[39m Got response with status 404: {"sessionId":"ee4aae58-cafd-4ffa-a90c-f17753e39c2a","value":{"error":"no such element","message":"An element could not be located on the page using the given search parameters","stacktrace":"io.appium.uiautomator2.common.exceptions.ElementNotFoundException: An element could not be located on the page using the given search parameters\n\tat io.appium.uiautomator2.handler.FindElement.safeHandle(FindElement.java:70)\n\tat io.appium.uiautomator2.handler.request.SafeRequestHandler.handle(SafeRequestHandler.java:41)\n\tat io.appium.uiautomator2.server.AppiumServlet.handleRequest(AppiumServlet.java:261)\n\tat io.appium.uiautomator2.server.AppiumServlet.handleHttpRequest(AppiumServlet.java:255)\n\tat io.appium.uiautomator2.http.ServerHandler.channelRead(ServerHandler.java:68)\n\tat io.netty.channel.AbstractChannelHandlerContext.invokeChannelRead(AbstractChannelHandlerContext.java:366)\n\tat io.netty.channel.AbstractChannelHandlerContext.invokeChannelRead(AbstractChannelHandlerContext.java:352)\n\tat io.netty.chann...
[debug] &amp#27;[35m[W3C]&amp#27;[39m Matched W3C error code 'no such element' to NoSuchElementError
[debug] &amp#27;[35m[BaseDriver]&amp#27;[39m Waited for 54 ms so far
[debug] &amp#27;[35m[WD Proxy]&amp#27;[39m Matched '/element' to command name 'findElement'
[debug] &amp#27;[35m[WD Proxy]&amp#27;[39m Proxying [POST /element] to [POST http://127.0.0.1:8200/wd/hub/session/ee4aae58-cafd-4ffa-a90c-f17753e39c2a/element] with body: {"strategy":"id","selector":"com.eezy.ai.dev:id/emailSignUp","context":"","multiple":false}
[debug] &amp#27;[35m[WD Proxy]&amp#27;[39m Got response with status 200: {"sessionId":"ee4aae58-cafd-4ffa-a90c-f17753e39c2a","value":{"ELEMENT":"352e7beb-76cf-4501-958f-cdbdd3a52ac8","element-6066-11e4-a52e-4f735466cecf":"352e7beb-76cf-4501-958f-cdbdd3a52ac8"}}
[debug] &amp#27;[35m[W3C (92996c2d)]&amp#27;[39m Responding to client with driver.findElement() result: {"element-6066-11e4-a52e-4f735466cecf":"352e7beb-76cf-4501-958f-cdbdd3a52ac8","ELEMENT":"352e7beb-76cf-4501-958f-cdbdd3a52ac8"}
&amp#27;[35m[HTTP]&amp#27;[39m &amp#27;[37m<-- POST /wd/hub/session/92996c2d-2629-4b7e-af93-652a4dec29eb/element &amp#27;[39m&amp#27;[32m200&amp#27;[39m &amp#27;[90m743 ms - 137&amp#27;[39m
&amp#27;[35m[HTTP]&amp#27;[39m &amp#27;[90m&amp#27;[39m
&amp#27;[35m[HTTP]&amp#27;[39m &amp#27;[37m-->&amp#27;[39m &amp#27;[37mGET&amp#27;[39m &amp#27;[37m/wd/hub/session/92996c2d-2629-4b7e-af93-652a4dec29eb/element/352e7beb-76cf-4501-958f-cdbdd3a52ac8/displayed&amp#27;[39m
&amp#27;[35m[HTTP]&amp#27;[39m &amp#27;[90m{}&amp#27;[39m
[debug] &amp#27;[35m[W3C (92996c2d)]&amp#27;[39m Calling AppiumDriver.elementDisplayed() with args: ["352e7beb-76cf-4501-958f-cdbdd3a52ac8","92996c2d-2629-4b7e-af93-652a4dec29eb"]
[debug] &amp#27;[35m[WD Proxy]&amp#27;[39m Matched '/element/352e7beb-76cf-4501-958f-cdbdd3a52ac8/attribute/displayed' to command name 'getAttribute'
[debug] &amp#27;[35m[WD Proxy]&amp#27;[39m Proxying [GET /element/352e7beb-76cf-4501-958f-cdbdd3a52ac8/attribute/displayed] to [GET http://127.0.0.1:8200/wd/hub/session/ee4aae58-cafd-4ffa-a90c-f17753e39c2a/element/352e7beb-76cf-4501-958f-cdbdd3a52ac8/attribute/displayed] with no body
[debug] &amp#27;[35m[WD Proxy]&amp#27;[39m Got response with status 200: {"sessionId":"ee4aae58-cafd-4ffa-a90c-f17753e39c2a","value":"true"}
[debug] &amp#27;[35m[W3C (92996c2d)]&amp#27;[39m Responding to client with driver.elementDisplayed() result: true
&amp#27;[35m[HTTP]&amp#27;[39m &amp#27;[37m<-- GET /wd/hub/session/92996c2d-2629-4b7e-af93-652a4dec29eb/element/352e7beb-76cf-4501-958f-cdbdd3a52ac8/displayed &amp#27;[39m&amp#27;[32m200&amp#27;[39m &amp#27;[90m25 ms - 14&amp#27;[39m
&amp#27;[35m[HTTP]&amp#27;[39m &amp#27;[90m&amp#27;[39m
&amp#27;[35m[HTTP]&amp#27;[39m &amp#27;[37m-->&amp#27;[39m &amp#27;[37mGET&amp#27;[39m &amp#27;[37m/wd/hub/session/92996c2d-2629-4b7e-af93-652a4dec29eb/context&amp#27;[39m
&amp#27;[35m[HTTP]&amp#27;[39m &amp#27;[90m{}&amp#27;[39m
[debug] &amp#27;[35m[W3C (92996c2d)]&amp#27;[39m Calling AppiumDriver.getCurrentContext() with args: ["92996c2d-2629-4b7e-af93-652a4dec29eb"]
[debug] &amp#27;[35m[W3C (92996c2d)]&amp#27;[39m Responding to client with driver.getCurrentContext() result: "NATIVE_APP"
&amp#27;[35m[HTTP]&amp#27;[39m &amp#27;[37m<-- GET /wd/hub/session/92996c2d-2629-4b7e-af93-652a4dec29eb/context &amp#27;[39m&amp#27;[32m200&amp#27;[39m &amp#27;[90m2 ms - 22&amp#27;[39m
&amp#27;[35m[HTTP]&amp#27;[39m &amp#27;[90m&amp#27;[39m
&amp#27;[35m[HTTP]&amp#27;[39m &amp#27;[37m-->&amp#27;[39m &amp#27;[37mPOST&amp#27;[39m &amp#27;[37m/wd/hub/session/92996c2d-2629-4b7e-af93-652a4dec29eb/element&amp#27;[39m
&amp#27;[35m[HTTP]&amp#27;[39m &amp#27;[90m{"using":"id","value":"com.eezy.ai.dev:id/emailSignUp"}&amp#27;[39m
[debug] &amp#27;[35m[W3C (92996c2d)]&amp#27;[39m Calling AppiumDriver.findElement() with args: ["id","com.eezy.ai.dev:id/emailSignUp","92996c2d-2629-4b7e-af93-652a4dec29eb"]
[debug] &amp#27;[35m[BaseDriver]&amp#27;[39m Valid locator strategies for this request: xpath, id, class name, accessibility id, css selector, -android uiautomator
[debug] &amp#27;[35m[BaseDriver]&amp#27;[39m Waiting up to 15000 ms for condition
[debug] &amp#27;[35m[WD Proxy]&amp#27;[39m Matched '/element' to command name 'findElement'
[debug] &amp#27;[35m[WD Proxy]&amp#27;[39m Proxying [POST /element] to [POST http://127.0.0.1:8200/wd/hub/session/ee4aae58-cafd-4ffa-a90c-f17753e39c2a/element] with body: {"strategy":"id","selector":"com.eezy.ai.dev:id/emailSignUp","context":"","multiple":false}
[debug] &amp#27;[35m[WD Proxy]&amp#27;[39m Got response with status 200: {"sessionId":"ee4aae58-cafd-4ffa-a90c-f17753e39c2a","value":{"ELEMENT":"e34c89c1-ec7d-43a7-ab97-8b0d29775c56","element-6066-11e4-a52e-4f735466cecf":"e34c89c1-ec7d-43a7-ab97-8b0d29775c56"}}
[debug] &amp#27;[35m[W3C (92996c2d)]&amp#27;[39m Responding to client with driver.findElement() result: {"element-6066-11e4-a52e-4f735466cecf":"e34c89c1-ec7d-43a7-ab97-8b0d29775c56","ELEMENT":"e34c89c1-ec7d-43a7-ab97-8b0d29775c56"}
&amp#27;[35m[HTTP]&amp#27;[39m &amp#27;[37m<-- POST /wd/hub/session/92996c2d-2629-4b7e-af93-652a4dec29eb/element &amp#27;[39m&amp#27;[32m200&amp#27;[39m &amp#27;[90m45 ms - 137&amp#27;[39m
&amp#27;[35m[HTTP]&amp#27;[39m &amp#27;[90m&amp#27;[39m
&amp#27;[35m[HTTP]&amp#27;[39m &amp#27;[37m-->&amp#27;[39m &amp#27;[37mGET&amp#27;[39m &amp#27;[37m/wd/hub/session/92996c2d-2629-4b7e-af93-652a4dec29eb/element/e34c89c1-ec7d-43a7-ab97-8b0d29775c56/enabled&amp#27;[39m
&amp#27;[35m[HTTP]&amp#27;[39m &amp#27;[90m{}&amp#27;[39m
[debug] &amp#27;[35m[W3C (92996c2d)]&amp#27;[39m Calling AppiumDriver.elementEnabled() with args: ["e34c89c1-ec7d-43a7-ab97-8b0d29775c56","92996c2d-2629-4b7e-af93-652a4dec29eb"]
[debug] &amp#27;[35m[WD Proxy]&amp#27;[39m Matched '/element/e34c89c1-ec7d-43a7-ab97-8b0d29775c56/attribute/enabled' to command name 'getAttribute'
[debug] &amp#27;[35m[WD Proxy]&amp#27;[39m Proxying [GET /element/e34c89c1-ec7d-43a7-ab97-8b0d29775c56/attribute/enabled] to [GET http://127.0.0.1:8200/wd/hub/session/ee4aae58-cafd-4ffa-a90c-f17753e39c2a/element/e34c89c1-ec7d-43a7-ab97-8b0d29775c56/attribute/enabled] with no body
[debug] &amp#27;[35m[WD Proxy]&amp#27;[39m Got response with status 200: {"sessionId":"ee4aae58-cafd-4ffa-a90c-f17753e39c2a","value":"true"}
[debug] &amp#27;[35m[W3C (92996c2d)]&amp#27;[39m Responding to client with driver.elementEnabled() result: true
&amp#27;[35m[HTTP]&amp#27;[39m &amp#27;[37m<-- GET /wd/hub/session/92996c2d-2629-4b7e-af93-652a4dec29eb/element/e34c89c1-ec7d-43a7-ab97-8b0d29775c56/enabled &amp#27;[39m&amp#27;[32m200&amp#27;[39m &amp#27;[90m31 ms - 14&amp#27;[39m
&amp#27;[35m[HTTP]&amp#27;[39m &amp#27;[90m&amp#27;[39m
&amp#27;[35m[HTTP]&amp#27;[39m &amp#27;[37m-->&amp#27;[39m &amp#27;[37mGET&amp#27;[39m &amp#27;[37m/wd/hub/session/92996c2d-2629-4b7e-af93-652a4dec29eb/context&amp#27;[39m
&amp#27;[35m[HTTP]&amp#27;[39m &amp#27;[90m{}&amp#27;[39m
[debug] &amp#27;[35m[W3C (92996c2d)]&amp#27;[39m Calling AppiumDriver.getCurrentContext() with args: ["92996c2d-2629-4b7e-af93-652a4dec29eb"]
[debug] &amp#27;[35m[W3C (92996c2d)]&amp#27;[39m Responding to client with driver.getCurrentContext() result: "NATIVE_APP"
&amp#27;[35m[HTTP]&amp#27;[39m &amp#27;[37m<-- GET /wd/hub/session/92996c2d-2629-4b7e-af93-652a4dec29eb/context &amp#27;[39m&amp#27;[32m200&amp#27;[39m &amp#27;[90m2 ms - 22&amp#27;[39m
&amp#27;[35m[HTTP]&amp#27;[39m &amp#27;[90m&amp#27;[39m
&amp#27;[35m[HTTP]&amp#27;[39m &amp#27;[37m-->&amp#27;[39m &amp#27;[37mPOST&amp#27;[39m &amp#27;[37m/wd/hub/session/92996c2d-2629-4b7e-af93-652a4dec29eb/element&amp#27;[39m
&amp#27;[35m[HTTP]&amp#27;[39m &amp#27;[90m{"using":"id","value":"com.eezy.ai.dev:id/emailSignUp"}&amp#27;[39m
[debug] &amp#27;[35m[W3C (92996c2d)]&amp#27;[39m Calling AppiumDriver.findElement() with args: ["id","com.eezy.ai.dev:id/emailSignUp","92996c2d-2629-4b7e-af93-652a4dec29eb"]
[debug] &amp#27;[35m[BaseDriver]&amp#27;[39m Valid locator strategies for this request: xpath, id, class name, accessibility id, css selector, -android uiautomator
[debug] &amp#27;[35m[BaseDriver]&amp#27;[39m Waiting up to 15000 ms for condition
[debug] &amp#27;[35m[WD Proxy]&amp#27;[39m Matched '/element' to command name 'findElement'
[debug] &amp#27;[35m[WD Proxy]&amp#27;[39m Proxying [POST /element] to [POST http://127.0.0.1:8200/wd/hub/session/ee4aae58-cafd-4ffa-a90c-f17753e39c2a/element] with body: {"strategy":"id","selector":"com.eezy.ai.dev:id/emailSignUp","context":"","multiple":false}
[debug] &amp#27;[35m[WD Proxy]&amp#27;[39m Got response with status 200: {"sessionId":"ee4aae58-cafd-4ffa-a90c-f17753e39c2a","value":{"ELEMENT":"c90217a9-21a1-465a-a4fd-26621c183f63","element-6066-11e4-a52e-4f735466cecf":"c90217a9-21a1-465a-a4fd-26621c183f63"}}
[debug] &amp#27;[35m[W3C (92996c2d)]&amp#27;[39m Responding to client with driver.findElement() result: {"element-6066-11e4-a52e-4f735466cecf":"c90217a9-21a1-465a-a4fd-26621c183f63","ELEMENT":"c90217a9-21a1-465a-a4fd-26621c183f63"}
&amp#27;[35m[HTTP]&amp#27;[39m &amp#27;[37m<-- POST /wd/hub/session/92996c2d-2629-4b7e-af93-652a4dec29eb/element &amp#27;[39m&amp#27;[32m200&amp#27;[39m &amp#27;[90m47 ms - 137&amp#27;[39m
&amp#27;[35m[HTTP]&amp#27;[39m &amp#27;[90m&amp#27;[39m
&amp#27;[35m[HTTP]&amp#27;[39m &amp#27;[37m-->&amp#27;[39m &amp#27;[37mPOST&amp#27;[39m &amp#27;[37m/wd/hub/session/92996c2d-2629-4b7e-af93-652a4dec29eb/element/c90217a9-21a1-465a-a4fd-26621c183f63/click&amp#27;[39m
&amp#27;[35m[HTTP]&amp#27;[39m &amp#27;[90m{"id":"c90217a9-21a1-465a-a4fd-26621c183f63"}&amp#27;[39m
[debug] &amp#27;[35m[W3C (92996c2d)]&amp#27;[39m Calling AppiumDriver.click() with args: ["c90217a9-21a1-465a-a4fd-26621c183f63","92996c2d-2629-4b7e-af93-652a4dec29eb"]
[debug] &amp#27;[35m[WD Proxy]&amp#27;[39m Matched '/element/c90217a9-21a1-465a-a4fd-26621c183f63/click' to command name 'click'
[debug] &amp#27;[35m[WD Proxy]&amp#27;[39m Proxying [POST /element/c90217a9-21a1-465a-a4fd-26621c183f63/click] to [POST http://127.0.0.1:8200/wd/hub/session/ee4aae58-cafd-4ffa-a90c-f17753e39c2a/element/c90217a9-21a1-465a-a4fd-26621c183f63/click] with body: {"element":"c90217a9-21a1-465a-a4fd-26621c183f63"}
[debug] &amp#27;[35m[WD Proxy]&amp#27;[39m Got response with status 200: {"sessionId":"ee4aae58-cafd-4ffa-a90c-f17753e39c2a","value":null}
[debug] &amp#27;[35m[W3C (92996c2d)]&amp#27;[39m Responding to client with driver.click() result: null
&amp#27;[35m[HTTP]&amp#27;[39m &amp#27;[37m<-- POST /wd/hub/session/92996c2d-2629-4b7e-af93-652a4dec29eb/element/c90217a9-21a1-465a-a4fd-26621c183f63/click &amp#27;[39m&amp#27;[32m200&amp#27;[39m &amp#27;[90m48 ms - 14&amp#27;[39m
&amp#27;[35m[HTTP]&amp#27;[39m &amp#27;[90m&amp#27;[39m
&amp#27;[35m[HTTP]&amp#27;[39m &amp#27;[37m-->&amp#27;[39m &amp#27;[37mGET&amp#27;[39m &amp#27;[37m/wd/hub/session/92996c2d-2629-4b7e-af93-652a4dec29eb/context&amp#27;[39m
&amp#27;[35m[HTTP]&amp#27;[39m &amp#27;[90m{}&amp#27;[39m
[debug] &amp#27;[35m[W3C (92996c2d)]&amp#27;[39m Calling AppiumDriver.getCurrentContext() with args: ["92996c2d-2629-4b7e-af93-652a4dec29eb"]
[debug] &amp#27;[35m[W3C (92996c2d)]&amp#27;[39m Responding to client with driver.getCurrentContext() result: "NATIVE_APP"
&amp#27;[35m[HTTP]&amp#27;[39m &amp#27;[37m<-- GET /wd/hub/session/92996c2d-2629-4b7e-af93-652a4dec29eb/context &amp#27;[39m&amp#27;[32m200&amp#27;[39m &amp#27;[90m3 ms - 22&amp#27;[39m
&amp#27;[35m[HTTP]&amp#27;[39m &amp#27;[90m&amp#27;[39m
&amp#27;[35m[HTTP]&amp#27;[39m &amp#27;[37m-->&amp#27;[39m &amp#27;[37mPOST&amp#27;[39m &amp#27;[37m/wd/hub/session/92996c2d-2629-4b7e-af93-652a4dec29eb/element&amp#27;[39m
&amp#27;[35m[HTTP]&amp#27;[39m &amp#27;[90m{"using":"id","value":"com.eezy.ai.dev:id/loginEmailEditText"}&amp#27;[39m
[debug] &amp#27;[35m[W3C (92996c2d)]&amp#27;[39m Calling AppiumDriver.findElement() with args: ["id","com.eezy.ai.dev:id/loginEmailEditText","92996c2d-2629-4b7e-af93-652a4dec29eb"]
[debug] &amp#27;[35m[BaseDriver]&amp#27;[39m Valid locator strategies for this request: xpath, id, class name, accessibility id, css selector, -android uiautomator
[debug] &amp#27;[35m[BaseDriver]&amp#27;[39m Waiting up to 15000 ms for condition
[debug] &amp#27;[35m[WD Proxy]&amp#27;[39m Matched '/element' to command name 'findElement'
[debug] &amp#27;[35m[WD Proxy]&amp#27;[39m Proxying [POST /element] to [POST http://127.0.0.1:8200/wd/hub/session/ee4aae58-cafd-4ffa-a90c-f17753e39c2a/element] with body: {"strategy":"id","selector":"com.eezy.ai.dev:id/loginEmailEditText","context":"","multiple":false}
[debug] &amp#27;[35m[WD Proxy]&amp#27;[39m Got response with status 200: {"sessionId":"ee4aae58-cafd-4ffa-a90c-f17753e39c2a","value":{"ELEMENT":"dc320b57-728a-47a7-b8c0-6111e018f495","element-6066-11e4-a52e-4f735466cecf":"dc320b57-728a-47a7-b8c0-6111e018f495"}}
[debug] &amp#27;[35m[W3C (92996c2d)]&amp#27;[39m Responding to client with driver.findElement() result: {"element-6066-11e4-a52e-4f735466cecf":"dc320b57-728a-47a7-b8c0-6111e018f495","ELEMENT":"dc320b57-728a-47a7-b8c0-6111e018f495"}
&amp#27;[35m[HTTP]&amp#27;[39m &amp#27;[37m<-- POST /wd/hub/session/92996c2d-2629-4b7e-af93-652a4dec29eb/element &amp#27;[39m&amp#27;[32m200&amp#27;[39m &amp#27;[90m89 ms - 137&amp#27;[39m
&amp#27;[35m[HTTP]&amp#27;[39m &amp#27;[90m&amp#27;[39m
&amp#27;[35m[HTTP]&amp#27;[39m &amp#27;[37m-->&amp#27;[39m &amp#27;[37mPOST&amp#27;[39m &amp#27;[37m/wd/hub/session/92996c2d-2629-4b7e-af93-652a4dec29eb/element/dc320b57-728a-47a7-b8c0-6111e018f495/value&amp#27;[39m
&amp#27;[35m[HTTP]&amp#27;[39m &amp#27;[90m{"id":"dc320b57-728a-47a7-b8c0-6111e018f495","text":"abc76@gmail.com","value":["a","b","c","7","6","@","g","m","a","i","l",".","c","o","m"]}&amp#27;[39m
[debug] &amp#27;[35m[W3C (92996c2d)]&amp#27;[39m Calling AppiumDriver.setValue() with args: [["a","b","c","7","6","@","g","m","a","i","l",".","c","o","m"],"dc320b57-728a-47a7-b8c0-6111e018f495","92996c2d-2629-4b7e-af93-652a4dec29eb"]
[debug] &amp#27;[35m[WD Proxy]&amp#27;[39m Matched '/element/dc320b57-728a-47a7-b8c0-6111e018f495/value' to command name 'setValue'
[debug] &amp#27;[35m[Protocol Converter]&amp#27;[39m Added 'value' property ["a","b","c","7","6","@","g","m","a","i","l",".","c","o","m"] to 'setValue' request body
[debug] &amp#27;[35m[WD Proxy]&amp#27;[39m Proxying [POST /element/dc320b57-728a-47a7-b8c0-6111e018f495/value] to [POST http://127.0.0.1:8200/wd/hub/session/ee4aae58-cafd-4ffa-a90c-f17753e39c2a/element/dc320b57-728a-47a7-b8c0-6111e018f495/value] with body: {"elementId":"dc320b57-728a-47a7-b8c0-6111e018f495","text":"abc76@gmail.com","replace":false,"value":["a","b","c","7","6","@","g","m","a","i","l",".","c","o","m"]}
[debug] &amp#27;[35m[WD Proxy]&amp#27;[39m Got response with status 200: {"sessionId":"ee4aae58-cafd-4ffa-a90c-f17753e39c2a","value":null}
[debug] &amp#27;[35m[W3C (92996c2d)]&amp#27;[39m Responding to client with driver.setValue() result: null
&amp#27;[35m[HTTP]&amp#27;[39m &amp#27;[37m<-- POST /wd/hub/session/92996c2d-2629-4b7e-af93-652a4dec29eb/element/dc320b57-728a-47a7-b8c0-6111e018f495/value &amp#27;[39m&amp#27;[32m200&amp#27;[39m &amp#27;[90m1256 ms - 14&amp#27;[39m
&amp#27;[35m[HTTP]&amp#27;[39m &amp#27;[90m&amp#27;[39m
&amp#27;[35m[HTTP]&amp#27;[39m &amp#27;[37m-->&amp#27;[39m &amp#27;[37mGET&amp#27;[39m &amp#27;[37m/wd/hub/session/92996c2d-2629-4b7e-af93-652a4dec29eb/context&amp#27;[39m
&amp#27;[35m[HTTP]&amp#27;[39m &amp#27;[90m{}&amp#27;[39m
[debug] &amp#27;[35m[W3C (92996c2d)]&amp#27;[39m Calling AppiumDriver.getCurrentContext() with args: ["92996c2d-2629-4b7e-af93-652a4dec29eb"]
[debug] &amp#27;[35m[W3C (92996c2d)]&amp#27;[39m Responding to client with driver.getCurrentContext() result: "NATIVE_APP"
&amp#27;[35m[HTTP]&amp#27;[39m &amp#27;[37m<-- GET /wd/hub/session/92996c2d-2629-4b7e-af93-652a4dec29eb/context &amp#27;[39m&amp#27;[32m200&amp#27;[39m &amp#27;[90m2 ms - 22&amp#27;[39m
&amp#27;[35m[HTTP]&amp#27;[39m &amp#27;[90m&amp#27;[39m
&amp#27;[35m[HTTP]&amp#27;[39m &amp#27;[37m-->&amp#27;[39m &amp#27;[37mPOST&amp#27;[39m &amp#27;[37m/wd/hub/session/92996c2d-2629-4b7e-af93-652a4dec29eb/element&amp#27;[39m
&amp#27;[35m[HTTP]&amp#27;[39m &amp#27;[90m{"using":"id","value":"com.eezy.ai.dev:id/loginPasswordEditText"}&amp#27;[39m
[debug] &amp#27;[35m[W3C (92996c2d)]&amp#27;[39m Calling AppiumDriver.findElement() with args: ["id","com.eezy.ai.dev:id/loginPasswordEditText","92996c2d-2629-4b7e-af93-652a4dec29eb"]
[debug] &amp#27;[35m[BaseDriver]&amp#27;[39m Valid locator strategies for this request: xpath, id, class name, accessibility id, css selector, -android uiautomator
[debug] &amp#27;[35m[BaseDriver]&amp#27;[39m Waiting up to 15000 ms for condition
[debug] &amp#27;[35m[WD Proxy]&amp#27;[39m Matched '/element' to command name 'findElement'
[debug] &amp#27;[35m[WD Proxy]&amp#27;[39m Proxying [POST /element] to [POST http://127.0.0.1:8200/wd/hub/session/ee4aae58-cafd-4ffa-a90c-f17753e39c2a/element] with body: {"strategy":"id","selector":"com.eezy.ai.dev:id/loginPasswordEditText","context":"","multiple":false}
[debug] &amp#27;[35m[WD Proxy]&amp#27;[39m Got response with status 200: {"sessionId":"ee4aae58-cafd-4ffa-a90c-f17753e39c2a","value":{"ELEMENT":"da2a051e-7d1f-44a5-8f2a-83fecd2d1747","element-6066-11e4-a52e-4f735466cecf":"da2a051e-7d1f-44a5-8f2a-83fecd2d1747"}}
[debug] &amp#27;[35m[W3C (92996c2d)]&amp#27;[39m Responding to client with driver.findElement() result: {"element-6066-11e4-a52e-4f735466cecf":"da2a051e-7d1f-44a5-8f2a-83fecd2d1747","ELEMENT":"da2a051e-7d1f-44a5-8f2a-83fecd2d1747"}
&amp#27;[35m[HTTP]&amp#27;[39m &amp#27;[37m<-- POST /wd/hub/session/92996c2d-2629-4b7e-af93-652a4dec29eb/element &amp#27;[39m&amp#27;[32m200&amp#27;[39m &amp#27;[90m493 ms - 137&amp#27;[39m
&amp#27;[35m[HTTP]&amp#27;[39m &amp#27;[90m&amp#27;[39m
&amp#27;[35m[HTTP]&amp#27;[39m &amp#27;[37m-->&amp#27;[39m &amp#27;[37mPOST&amp#27;[39m &amp#27;[37m/wd/hub/session/92996c2d-2629-4b7e-af93-652a4dec29eb/element/da2a051e-7d1f-44a5-8f2a-83fecd2d1747/value&amp#27;[39m
&amp#27;[35m[HTTP]&amp#27;[39m &amp#27;[90m{"id":"da2a051e-7d1f-44a5-8f2a-83fecd2d1747","text":"Kikki54554","value":["K","i","k","k","i","5","4","5","5","4"]}&amp#27;[39m
[debug] &amp#27;[35m[W3C (92996c2d)]&amp#27;[39m Calling AppiumDriver.setValue() with args: [["K","i","k","k","i","5","4","5","5","4"],"da2a051e-7d1f-44a5-8f2a-83fecd2d1747","92996c2d-2629-4b7e-af93-652a4dec29eb"]
[debug] &amp#27;[35m[WD Proxy]&amp#27;[39m Matched '/element/da2a051e-7d1f-44a5-8f2a-83fecd2d1747/value' to command name 'setValue'
[debug] &amp#27;[35m[Protocol Converter]&amp#27;[39m Added 'value' property ["K","i","k","k","i","5","4","5","5","4"] to 'setValue' request body
[debug] &amp#27;[35m[WD Proxy]&amp#27;[39m Proxying [POST /element/da2a051e-7d1f-44a5-8f2a-83fecd2d1747/value] to [POST http://127.0.0.1:8200/wd/hub/session/ee4aae58-cafd-4ffa-a90c-f17753e39c2a/element/da2a051e-7d1f-44a5-8f2a-83fecd2d1747/value] with body: {"elementId":"da2a051e-7d1f-44a5-8f2a-83fecd2d1747","text":"Kikki54554","replace":false,"value":["K","i","k","k","i","5","4","5","5","4"]}
[debug] &amp#27;[35m[WD Proxy]&amp#27;[39m Got response with status 200: {"sessionId":"ee4aae58-cafd-4ffa-a90c-f17753e39c2a","value":null}
[debug] &amp#27;[35m[W3C (92996c2d)]&amp#27;[39m Responding to client with driver.setValue() result: null
&amp#27;[35m[HTTP]&amp#27;[39m &amp#27;[37m<-- POST /wd/hub/session/92996c2d-2629-4b7e-af93-652a4dec29eb/element/da2a051e-7d1f-44a5-8f2a-83fecd2d1747/value &amp#27;[39m&amp#27;[32m200&amp#27;[39m &amp#27;[90m638 ms - 14&amp#27;[39m
&amp#27;[35m[HTTP]&amp#27;[39m &amp#27;[90m&amp#27;[39m
&amp#27;[35m[HTTP]&amp#27;[39m &amp#27;[37m-->&amp#27;[39m &amp#27;[37mGET&amp#27;[39m &amp#27;[37m/wd/hub/session/92996c2d-2629-4b7e-af93-652a4dec29eb/context&amp#27;[39m
&amp#27;[35m[HTTP]&amp#27;[39m &amp#27;[90m{}&amp#27;[39m
[debug] &amp#27;[35m[W3C (92996c2d)]&amp#27;[39m Calling AppiumDriver.getCurrentContext() with args: ["92996c2d-2629-4b7e-af93-652a4dec29eb"]
[debug] &amp#27;[35m[W3C (92996c2d)]&amp#27;[39m Responding to client with driver.getCurrentContext() result: "NATIVE_APP"
&amp#27;[35m[HTTP]&amp#27;[39m &amp#27;[37m<-- GET /wd/hub/session/92996c2d-2629-4b7e-af93-652a4dec29eb/context &amp#27;[39m&amp#27;[32m200&amp#27;[39m &amp#27;[90m2 ms - 22&amp#27;[39m
&amp#27;[35m[HTTP]&amp#27;[39m &amp#27;[90m&amp#27;[39m
&amp#27;[35m[HTTP]&amp#27;[39m &amp#27;[37m-->&amp#27;[39m &amp#27;[37mPOST&amp#27;[39m &amp#27;[37m/wd/hub/session/92996c2d-2629-4b7e-af93-652a4dec29eb/element&amp#27;[39m
&amp#27;[35m[HTTP]&amp#27;[39m &amp#27;[90m{"using":"id","value":"com.eezy.ai.dev:id/loginNowButton"}&amp#27;[39m
[debug] &amp#27;[35m[W3C (92996c2d)]&amp#27;[39m Calling AppiumDriver.findElement() with args: ["id","com.eezy.ai.dev:id/loginNowButton","92996c2d-2629-4b7e-af93-652a4dec29eb"]
[debug] &amp#27;[35m[BaseDriver]&amp#27;[39m Valid locator strategies for this request: xpath, id, class name, accessibility id, css selector, -android uiautomator
[debug] &amp#27;[35m[BaseDriver]&amp#27;[39m Waiting up to 15000 ms for condition
[debug] &amp#27;[35m[WD Proxy]&amp#27;[39m Matched '/element' to command name 'findElement'
[debug] &amp#27;[35m[WD Proxy]&amp#27;[39m Proxying [POST /element] to [POST http://127.0.0.1:8200/wd/hub/session/ee4aae58-cafd-4ffa-a90c-f17753e39c2a/element] with body: {"strategy":"id","selector":"com.eezy.ai.dev:id/loginNowButton","context":"","multiple":false}
[debug] &amp#27;[35m[WD Proxy]&amp#27;[39m Got response with status 200: {"sessionId":"ee4aae58-cafd-4ffa-a90c-f17753e39c2a","value":{"ELEMENT":"2aeedac9-e8c0-4967-93fa-7e8b96b568de","element-6066-11e4-a52e-4f735466cecf":"2aeedac9-e8c0-4967-93fa-7e8b96b568de"}}
[debug] &amp#27;[35m[W3C (92996c2d)]&amp#27;[39m Responding to client with driver.findElement() result: {"element-6066-11e4-a52e-4f735466cecf":"2aeedac9-e8c0-4967-93fa-7e8b96b568de","ELEMENT":"2aeedac9-e8c0-4967-93fa-7e8b96b568de"}
&amp#27;[35m[HTTP]&amp#27;[39m &amp#27;[37m<-- POST /wd/hub/session/92996c2d-2629-4b7e-af93-652a4dec29eb/element &amp#27;[39m&amp#27;[32m200&amp#27;[39m &amp#27;[90m489 ms - 137&amp#27;[39m
&amp#27;[35m[HTTP]&amp#27;[39m &amp#27;[90m&amp#27;[39m
&amp#27;[35m[HTTP]&amp#27;[39m &amp#27;[37m-->&amp#27;[39m &amp#27;[37mPOST&amp#27;[39m &amp#27;[37m/wd/hub/session/92996c2d-2629-4b7e-af93-652a4dec29eb/element/2aeedac9-e8c0-4967-93fa-7e8b96b568de/click&amp#27;[39m
&amp#27;[35m[HTTP]&amp#27;[39m &amp#27;[90m{"id":"2aeedac9-e8c0-4967-93fa-7e8b96b568de"}&amp#27;[39m
[debug] &amp#27;[35m[W3C (92996c2d)]&amp#27;[39m Calling AppiumDriver.click() with args: ["2aeedac9-e8c0-4967-93fa-7e8b96b568de","92996c2d-2629-4b7e-af93-652a4dec29eb"]
[debug] &amp#27;[35m[WD Proxy]&amp#27;[39m Matched '/element/2aeedac9-e8c0-4967-93fa-7e8b96b568de/click' to command name 'click'
[debug] &amp#27;[35m[WD Proxy]&amp#27;[39m Proxying [POST /element/2aeedac9-e8c0-4967-93fa-7e8b96b568de/click] to [POST http://127.0.0.1:8200/wd/hub/session/ee4aae58-cafd-4ffa-a90c-f17753e39c2a/element/2aeedac9-e8c0-4967-93fa-7e8b96b568de/click] with body: {"element":"2aeedac9-e8c0-4967-93fa-7e8b96b568de"}
[debug] &amp#27;[35m[WD Proxy]&amp#27;[39m Got response with status 200: {"sessionId":"ee4aae58-cafd-4ffa-a90c-f17753e39c2a","value":null}
[debug] &amp#27;[35m[W3C (92996c2d)]&amp#27;[39m Responding to client with driver.click() result: null
&amp#27;[35m[HTTP]&amp#27;[39m &amp#27;[37m<-- POST /wd/hub/session/92996c2d-2629-4b7e-af93-652a4dec29eb/element/2aeedac9-e8c0-4967-93fa-7e8b96b568de/click &amp#27;[39m&amp#27;[32m200&amp#27;[39m &amp#27;[90m32 ms - 14&amp#27;[39m
&amp#27;[35m[HTTP]&amp#27;[39m &amp#27;[90m&amp#27;[39m
&amp#27;[35m[HTTP]&amp#27;[39m &amp#27;[37m-->&amp#27;[39m &amp#27;[37mGET&amp#27;[39m &amp#27;[37m/wd/hub/session/92996c2d-2629-4b7e-af93-652a4dec29eb/context&amp#27;[39m
&amp#27;[35m[HTTP]&amp#27;[39m &amp#27;[90m{}&amp#27;[39m
[debug] &amp#27;[35m[W3C (92996c2d)]&amp#27;[39m Calling AppiumDriver.getCurrentContext() with args: ["92996c2d-2629-4b7e-af93-652a4dec29eb"]
[debug] &amp#27;[35m[W3C (92996c2d)]&amp#27;[39m Responding to client with driver.getCurrentContext() result: "NATIVE_APP"
&amp#27;[35m[HTTP]&amp#27;[39m &amp#27;[37m<-- GET /wd/hub/session/92996c2d-2629-4b7e-af93-652a4dec29eb/context &amp#27;[39m&amp#27;[32m200&amp#27;[39m &amp#27;[90m3 ms - 22&amp#27;[39m
&amp#27;[35m[HTTP]&amp#27;[39m &amp#27;[90m&amp#27;[39m
&amp#27;[35m[HTTP]&amp#27;[39m &amp#27;[37m-->&amp#27;[39m &amp#27;[37mPOST&amp#27;[39m &amp#27;[37m/wd/hub/session/92996c2d-2629-4b7e-af93-652a4dec29eb/element&amp#27;[39m
&amp#27;[35m[HTTP]&amp#27;[39m &amp#27;[90m{"using":"id","value":"com.eezy.ai.dev:id/later"}&amp#27;[39m
[debug] &amp#27;[35m[W3C (92996c2d)]&amp#27;[39m Calling AppiumDriver.findElement() with args: ["id","com.eezy.ai.dev:id/later","92996c2d-2629-4b7e-af93-652a4dec29eb"]
[debug] &amp#27;[35m[BaseDriver]&amp#27;[39m Valid locator strategies for this request: xpath, id, class name, accessibility id, css selector, -android uiautomator
[debug] &amp#27;[35m[BaseDriver]&amp#27;[39m Waiting up to 15000 ms for condition
[debug] &amp#27;[35m[WD Proxy]&amp#27;[39m Matched '/element' to command name 'findElement'
[debug] &amp#27;[35m[WD Proxy]&amp#27;[39m Proxying [POST /element] to [POST http://127.0.0.1:8200/wd/hub/session/ee4aae58-cafd-4ffa-a90c-f17753e39c2a/element] with body: {"strategy":"id","selector":"com.eezy.ai.dev:id/later","context":"","multiple":false}
&amp#27;[35m[WD Proxy]&amp#27;[39m Got response with status 404: {"sessionId":"ee4aae58-cafd-4ffa-a90c-f17753e39c2a","value":{"error":"no such element","message":"An element could not be located on the page using the given search parameters","stacktrace":"io.appium.uiautomator2.common.exceptions.ElementNotFoundException: An element could not be located on the page using the given search parameters\n\tat io.appium.uiautomator2.handler.FindElement.safeHandle(FindElement.java:70)\n\tat io.appium.uiautomator2.handler.request.SafeRequestHandler.handle(SafeRequestHandler.java:41)\n\tat io.appium.uiautomator2.server.AppiumServlet.handleRequest(AppiumServlet.java:261)\n\tat io.appium.uiautomator2.server.AppiumServlet.handleHttpRequest(AppiumServlet.java:255)\n\tat io.appium.uiautomator2.http.ServerHandler.channelRead(ServerHandler.java:68)\n\tat io.netty.channel.AbstractChannelHandlerContext.invokeChannelRead(AbstractChannelHandlerContext.java:366)\n\tat io.netty.channel.AbstractChannelHandlerContext.invokeChannelRead(AbstractChannelHandlerContext.java:352)\n\tat io.netty.chann...
[debug] &amp#27;[35m[W3C]&amp#27;[39m Matched W3C error code 'no such element' to NoSuchElementError
[debug] &amp#27;[35m[BaseDriver]&amp#27;[39m Waited for 55 ms so far
[debug] &amp#27;[35m[WD Proxy]&amp#27;[39m Matched '/element' to command name 'findElement'
[debug] &amp#27;[35m[WD Proxy]&amp#27;[39m Proxying [POST /element] to [POST http://127.0.0.1:8200/wd/hub/session/ee4aae58-cafd-4ffa-a90c-f17753e39c2a/element] with body: {"strategy":"id","selector":"com.eezy.ai.dev:id/later","context":"","multiple":false}
&amp#27;[35m[WD Proxy]&amp#27;[39m Got response with status 404: {"sessionId":"ee4aae58-cafd-4ffa-a90c-f17753e39c2a","value":{"error":"no such element","message":"An element could not be located on the page using the given search parameters","stacktrace":"io.appium.uiautomator2.common.exceptions.ElementNotFoundException: An element could not be located on the page using the given search parameters\n\tat io.appium.uiautomator2.handler.FindElement.safeHandle(FindElement.java:70)\n\tat io.appium.uiautomator2.handler.request.SafeRequestHandler.handle(SafeRequestHandler.java:41)\n\tat io.appium.uiautomator2.server.AppiumServlet.handleRequest(AppiumServlet.java:261)\n\tat io.appium.uiautomator2.server.AppiumServlet.handleHttpRequest(AppiumServlet.java:255)\n\tat io.appium.uiautomator2.http.ServerHandler.channelRead(ServerHandler.java:68)\n\tat io.netty.channel.AbstractChannelHandlerContext.invokeChannelRead(AbstractChannelHandlerContext.java:366)\n\tat io.netty.channel.AbstractChannelHandlerContext.invokeChannelRead(AbstractChannelHandlerContext.java:352)\n\tat io.netty.chann...
[debug] &amp#27;[35m[W3C]&amp#27;[39m Matched W3C error code 'no such element' to NoSuchElementError
[debug] &amp#27;[35m[BaseDriver]&amp#27;[39m Waited for 1316 ms so far
[debug] &amp#27;[35m[WD Proxy]&amp#27;[39m Matched '/element' to command name 'findElement'
[debug] &amp#27;[35m[WD Proxy]&amp#27;[39m Proxying [POST /element] to [POST http://127.0.0.1:8200/wd/hub/session/ee4aae58-cafd-4ffa-a90c-f17753e39c2a/element] with body: {"strategy":"id","selector":"com.eezy.ai.dev:id/later","context":"","multiple":false}
&amp#27;[35m[WD Proxy]&amp#27;[39m Got response with status 404: {"sessionId":"ee4aae58-cafd-4ffa-a90c-f17753e39c2a","value":{"error":"no such element","message":"An element could not be located on the page using the given search parameters","stacktrace":"io.appium.uiautomator2.common.exceptions.ElementNotFoundException: An element could not be located on the page using the given search parameters\n\tat io.appium.uiautomator2.handler.FindElement.safeHandle(FindElement.java:70)\n\tat io.appium.uiautomator2.handler.request.SafeRequestHandler.handle(SafeRequestHandler.java:41)\n\tat io.appium.uiautomator2.server.AppiumServlet.handleRequest(AppiumServlet.java:261)\n\tat io.appium.uiautomator2.server.AppiumServlet.handleHttpRequest(AppiumServlet.java:255)\n\tat io.appium.uiautomator2.http.ServerHandler.channelRead(ServerHandler.java:68)\n\tat io.netty.channel.AbstractChannelHandlerContext.invokeChannelRead(AbstractChannelHandlerContext.java:366)\n\tat io.netty.channel.AbstractChannelHandlerContext.invokeChannelRead(AbstractChannelHandlerContext.java:352)\n\tat io.netty.chann...
[debug] &amp#27;[35m[W3C]&amp#27;[39m Matched W3C error code 'no such element' to NoSuchElementError
[debug] &amp#27;[35m[BaseDriver]&amp#27;[39m Waited for 11899 ms so far
[debug] &amp#27;[35m[WD Proxy]&amp#27;[39m Matched '/element' to command name 'findElement'
[debug] &amp#27;[35m[WD Proxy]&amp#27;[39m Proxying [POST /element] to [POST http://127.0.0.1:8200/wd/hub/session/ee4aae58-cafd-4ffa-a90c-f17753e39c2a/element] with body: {"strategy":"id","selector":"com.eezy.ai.dev:id/later","context":"","multiple":false}
&amp#27;[35m[WD Proxy]&amp#27;[39m Got response with status 404: {"sessionId":"ee4aae58-cafd-4ffa-a90c-f17753e39c2a","value":{"error":"no such element","message":"An element could not be located on the page using the given search parameters","stacktrace":"io.appium.uiautomator2.common.exceptions.ElementNotFoundException: An element could not be located on the page using the given search parameters\n\tat io.appium.uiautomator2.handler.FindElement.safeHandle(FindElement.java:70)\n\tat io.appium.uiautomator2.handler.request.SafeRequestHandler.handle(SafeRequestHandler.java:41)\n\tat io.appium.uiautomator2.server.AppiumServlet.handleRequest(AppiumServlet.java:261)\n\tat io.appium.uiautomator2.server.AppiumServlet.handleHttpRequest(AppiumServlet.java:255)\n\tat io.appium.uiautomator2.http.ServerHandler.channelRead(ServerHandler.java:68)\n\tat io.netty.channel.AbstractChannelHandlerContext.invokeChannelRead(AbstractChannelHandlerContext.java:366)\n\tat io.netty.channel.AbstractChannelHandlerContext.invokeChannelRead(AbstractChannelHandlerContext.java:352)\n\tat io.netty.chann...
[debug] &amp#27;[35m[W3C]&amp#27;[39m Matched W3C error code 'no such element' to NoSuchElementError
[debug] &amp#27;[35m[W3C (92996c2d)]&amp#27;[39m Encountered internal error running command: NoSuchElementError: An element could not be located on the page using the given search parameters.
[debug] &amp#27;[35m[W3C (92996c2d)]&amp#27;[39m     at AndroidUiautomator2Driver.findElOrEls (C:\Users\Rajiv\AppData\Roaming\npm\node_modules\appium\node_modules\appium-android-driver\lib\commands\find.js:75:11)
[debug] &amp#27;[35m[W3C (92996c2d)]&amp#27;[39m     at runMicrotasks (<anonymous>)
[debug] &amp#27;[35m[W3C (92996c2d)]&amp#27;[39m     at processTicksAndRejections (internal/process/task_queues.js:93:5)
[debug] &amp#27;[35m[W3C (92996c2d)]&amp#27;[39m     at AndroidUiautomator2Driver.findElOrElsWithProcessing (C:\Users\Rajiv\AppData\Roaming\npm\node_modules\appium\node_modules\appium-base-driver\lib\basedriver\commands\find.js:33:12)
[debug] &amp#27;[35m[W3C (92996c2d)]&amp#27;[39m     at AndroidUiautomator2Driver.findElement (C:\Users\Rajiv\AppData\Roaming\npm\node_modules\appium\node_modules\appium-base-driver\lib\basedriver\commands\find.js:53:10)
&amp#27;[35m[HTTP]&amp#27;[39m &amp#27;[37m<-- POST /wd/hub/session/92996c2d-2629-4b7e-af93-652a4dec29eb/element &amp#27;[39m&amp#27;[33m404&amp#27;[39m &amp#27;[90m22627 ms - 914&amp#27;[39m
&amp#27;[35m[HTTP]&amp#27;[39m &amp#27;[90m&amp#27;[39m
&amp#27;[35m[HTTP]&amp#27;[39m &amp#27;[37m-->&amp#27;[39m &amp#27;[37mGET&amp#27;[39m &amp#27;[37m/wd/hub/session/92996c2d-2629-4b7e-af93-652a4dec29eb/window/rect&amp#27;[39m
&amp#27;[35m[HTTP]&amp#27;[39m &amp#27;[90m{}&amp#27;[39m
[debug] &amp#27;[35m[W3C (92996c2d)]&amp#27;[39m Calling AppiumDriver.getWindowRect() with args: ["92996c2d-2629-4b7e-af93-652a4dec29eb"]
[debug] &amp#27;[35m[WD Proxy]&amp#27;[39m Matched '/window/current/size' to command name 'getWindowSize'
[debug] &amp#27;[35m[WD Proxy]&amp#27;[39m Proxying [GET /window/current/size] to [GET http://127.0.0.1:8200/wd/hub/session/ee4aae58-cafd-4ffa-a90c-f17753e39c2a/window/current/size] with no body
[debug] &amp#27;[35m[WD Proxy]&amp#27;[39m Got response with status 200: {"sessionId":"ee4aae58-cafd-4ffa-a90c-f17753e39c2a","value":{"height":1920,"width":1080}}
[debug] &amp#27;[35m[W3C (92996c2d)]&amp#27;[39m Responding to client with driver.getWindowRect() result: {"width":1080,"height":1920,"x":0,"y":0}
&amp#27;[35m[HTTP]&amp#27;[39m &amp#27;[37m<-- GET /wd/hub/session/92996c2d-2629-4b7e-af93-652a4dec29eb/window/rect &amp#27;[39m&amp#27;[32m200&amp#27;[39m &amp#27;[90m31 ms - 50&amp#27;[39m
&amp#27;[35m[HTTP]&amp#27;[39m &amp#27;[90m&amp#27;[39m
&amp#27;[35m[HTTP]&amp#27;[39m &amp#27;[37m-->&amp#27;[39m &amp#27;[37mPOST&amp#27;[39m &amp#27;[37m/wd/hub/session/92996c2d-2629-4b7e-af93-652a4dec29eb/touch/perform&amp#27;[39m
&amp#27;[35m[HTTP]&amp#27;[39m &amp#27;[90m{"actions":[{"action":"press","options":{"x":540,"y":576}},{"action":"wait","options":{"ms":300}},{"action":"moveTo","options":{"x":540,"y":1536}},{"action":"release","options":{}}]}&amp#27;[39m
[debug] &amp#27;[35m[W3C (92996c2d)]&amp#27;[39m Calling AppiumDriver.performTouch() with args: [[{"action":"press","options":{"x":540,"y":576}},{"action":"wait","options":{"ms":300}},{"action":"moveTo","options":{"x":540,"y":1536}},{"action":"release","options":{}}],"92996c2d-2629-4b7e-af93-652a4dec29eb"]
[debug] &amp#27;[35m[WD Proxy]&amp#27;[39m Matched '/touch/perform' to command name 'performTouch'
[debug] &amp#27;[35m[WD Proxy]&amp#27;[39m Proxying [POST /touch/perform] to [POST http://127.0.0.1:8200/wd/hub/session/ee4aae58-cafd-4ffa-a90c-f17753e39c2a/touch/perform] with body: {"startX":540,"startY":576,"endX":540,"endY":1536,"steps":8}
[debug] &amp#27;[35m[WD Proxy]&amp#27;[39m Got response with status 200: {"sessionId":"ee4aae58-cafd-4ffa-a90c-f17753e39c2a","value":null}
[debug] &amp#27;[35m[W3C (92996c2d)]&amp#27;[39m Responding to client with driver.performTouch() result: null
&amp#27;[35m[HTTP]&amp#27;[39m &amp#27;[37m<-- POST /wd/hub/session/92996c2d-2629-4b7e-af93-652a4dec29eb/touch/perform &amp#27;[39m&amp#27;[32m200&amp#27;[39m &amp#27;[90m994 ms - 14&amp#27;[39m
&amp#27;[35m[HTTP]&amp#27;[39m &amp#27;[90m&amp#27;[39m
&amp#27;[35m[HTTP]&amp#27;[39m &amp#27;[37m-->&amp#27;[39m &amp#27;[37mGET&amp#27;[39m &amp#27;[37m/wd/hub/session/92996c2d-2629-4b7e-af93-652a4dec29eb/context&amp#27;[39m
&amp#27;[35m[HTTP]&amp#27;[39m &amp#27;[90m{}&amp#27;[39m
[debug] &amp#27;[35m[W3C (92996c2d)]&amp#27;[39m Calling AppiumDriver.getCurrentContext() with args: ["92996c2d-2629-4b7e-af93-652a4dec29eb"]
[debug] &amp#27;[35m[W3C (92996c2d)]&amp#27;[39m Responding to client with driver.getCurrentContext() result: "NATIVE_APP"
&amp#27;[35m[HTTP]&amp#27;[39m &amp#27;[37m<-- GET /wd/hub/session/92996c2d-2629-4b7e-af93-652a4dec29eb/context &amp#27;[39m&amp#27;[32m200&amp#27;[39m &amp#27;[90m4 ms - 22&amp#27;[39m
&amp#27;[35m[HTTP]&amp#27;[39m &amp#27;[90m&amp#27;[39m
&amp#27;[35m[HTTP]&amp#27;[39m &amp#27;[37m-->&amp#27;[39m &amp#27;[37mPOST&amp#27;[39m &amp#27;[37m/wd/hub/session/92996c2d-2629-4b7e-af93-652a4dec29eb/element&amp#27;[39m
&amp#27;[35m[HTTP]&amp#27;[39m &amp#27;[90m{"using":"id","value":"com.eezy.ai.dev:id/temperatureTextView"}&amp#27;[39m
[debug] &amp#27;[35m[W3C (92996c2d)]&amp#27;[39m Calling AppiumDriver.findElement() with args: ["id","com.eezy.ai.dev:id/temperatureTextView","92996c2d-2629-4b7e-af93-652a4dec29eb"]
[debug] &amp#27;[35m[BaseDriver]&amp#27;[39m Valid locator strategies for this request: xpath, id, class name, accessibility id, css selector, -android uiautomator
[debug] &amp#27;[35m[BaseDriver]&amp#27;[39m Waiting up to 15000 ms for condition
[debug] &amp#27;[35m[WD Proxy]&amp#27;[39m Matched '/element' to command name 'findElement'
[debug] &amp#27;[35m[WD Proxy]&amp#27;[39m Proxying [POST /element] to [POST http://127.0.0.1:8200/wd/hub/session/ee4aae58-cafd-4ffa-a90c-f17753e39c2a/element] with body: {"strategy":"id","selector":"com.eezy.ai.dev:id/temperatureTextView","context":"","multiple":false}
[debug] &amp#27;[35m[WD Proxy]&amp#27;[39m Got response with status 200: {"sessionId":"ee4aae58-cafd-4ffa-a90c-f17753e39c2a","value":{"ELEMENT":"907bff33-e322-476e-a3ac-d754c5129ab4","element-6066-11e4-a52e-4f735466cecf":"907bff33-e322-476e-a3ac-d754c5129ab4"}}
[debug] &amp#27;[35m[W3C (92996c2d)]&amp#27;[39m Responding to client with driver.findElement() result: {"element-6066-11e4-a52e-4f735466cecf":"907bff33-e322-476e-a3ac-d754c5129ab4","ELEMENT":"907bff33-e322-476e-a3ac-d754c5129ab4"}
&amp#27;[35m[HTTP]&amp#27;[39m &amp#27;[37m<-- POST /wd/hub/session/92996c2d-2629-4b7e-af93-652a4dec29eb/element &amp#27;[39m&amp#27;[32m200&amp#27;[39m &amp#27;[90m10099 ms - 137&amp#27;[39m
&amp#27;[35m[HTTP]&amp#27;[39m &amp#27;[90m&amp#27;[39m
&amp#27;[35m[HTTP]&amp#27;[39m &amp#27;[37m-->&amp#27;[39m &amp#27;[37mGET&amp#27;[39m &amp#27;[37m/wd/hub/session/92996c2d-2629-4b7e-af93-652a4dec29eb/element/907bff33-e322-476e-a3ac-d754c5129ab4/displayed&amp#27;[39m
&amp#27;[35m[HTTP]&amp#27;[39m &amp#27;[90m{}&amp#27;[39m
[debug] &amp#27;[35m[W3C (92996c2d)]&amp#27;[39m Calling AppiumDriver.elementDisplayed() with args: ["907bff33-e322-476e-a3ac-d754c5129ab4","92996c2d-2629-4b7e-af93-652a4dec29eb"]
[debug] &amp#27;[35m[WD Proxy]&amp#27;[39m Matched '/element/907bff33-e322-476e-a3ac-d754c5129ab4/attribute/displayed' to command name 'getAttribute'
[debug] &amp#27;[35m[WD Proxy]&amp#27;[39m Proxying [GET /element/907bff33-e322-476e-a3ac-d754c5129ab4/attribute/displayed] to [GET http://127.0.0.1:8200/wd/hub/session/ee4aae58-cafd-4ffa-a90c-f17753e39c2a/element/907bff33-e322-476e-a3ac-d754c5129ab4/attribute/displayed] with no body
[debug] &amp#27;[35m[WD Proxy]&amp#27;[39m Got response with status 200: {"sessionId":"ee4aae58-cafd-4ffa-a90c-f17753e39c2a","value":"true"}
[debug] &amp#27;[35m[W3C (92996c2d)]&amp#27;[39m Responding to client with driver.elementDisplayed() result: true
&amp#27;[35m[HTTP]&amp#27;[39m &amp#27;[37m<-- GET /wd/hub/session/92996c2d-2629-4b7e-af93-652a4dec29eb/element/907bff33-e322-476e-a3ac-d754c5129ab4/displayed &amp#27;[39m&amp#27;[32m200&amp#27;[39m &amp#27;[90m20116 ms - 14&amp#27;[39m
&amp#27;[35m[HTTP]&amp#27;[39m &amp#27;[90m&amp#27;[39m
&amp#27;[35m[HTTP]&amp#27;[39m &amp#27;[37m-->&amp#27;[39m &amp#27;[37mGET&amp#27;[39m &amp#27;[37m/wd/hub/session/92996c2d-2629-4b7e-af93-652a4dec29eb/context&amp#27;[39m
&amp#27;[35m[HTTP]&amp#27;[39m &amp#27;[90m{}&amp#27;[39m
[debug] &amp#27;[35m[W3C (92996c2d)]&amp#27;[39m Calling AppiumDriver.getCurrentContext() with args: ["92996c2d-2629-4b7e-af93-652a4dec29eb"]
[debug] &amp#27;[35m[W3C (92996c2d)]&amp#27;[39m Responding to client with driver.getCurrentContext() result: "NATIVE_APP"
&amp#27;[35m[HTTP]&amp#27;[39m &amp#27;[37m<-- GET /wd/hub/session/92996c2d-2629-4b7e-af93-652a4dec29eb/context &amp#27;[39m&amp#27;[32m200&amp#27;[39m &amp#27;[90m2 ms - 22&amp#27;[39m
&amp#27;[35m[HTTP]&amp#27;[39m &amp#27;[90m&amp#27;[39m
&amp#27;[35m[HTTP]&amp#27;[39m &amp#27;[37m-->&amp#27;[39m &amp#27;[37mPOST&amp#27;[39m &amp#27;[37m/wd/hub/session/92996c2d-2629-4b7e-af93-652a4dec29eb/element&amp#27;[39m
&amp#27;[35m[HTTP]&amp#27;[39m &amp#27;[90m{"using":"id","value":"com.eezy.ai.dev:id/temperatureTextView"}&amp#27;[39m
[debug] &amp#27;[35m[W3C (92996c2d)]&amp#27;[39m Calling AppiumDriver.findElement() with args: ["id","com.eezy.ai.dev:id/temperatureTextView","92996c2d-2629-4b7e-af93-652a4dec29eb"]
[debug] &amp#27;[35m[BaseDriver]&amp#27;[39m Valid locator strategies for this request: xpath, id, class name, accessibility id, css selector, -android uiautomator
[debug] &amp#27;[35m[BaseDriver]&amp#27;[39m Waiting up to 15000 ms for condition
[debug] &amp#27;[35m[WD Proxy]&amp#27;[39m Matched '/element' to command name 'findElement'
[debug] &amp#27;[35m[WD Proxy]&amp#27;[39m Proxying [POST /element] to [POST http://127.0.0.1:8200/wd/hub/session/ee4aae58-cafd-4ffa-a90c-f17753e39c2a/element] with body: {"strategy":"id","selector":"com.eezy.ai.dev:id/temperatureTextView","context":"","multiple":false}
[debug] &amp#27;[35m[WD Proxy]&amp#27;[39m Got response with status 200: {"sessionId":"ee4aae58-cafd-4ffa-a90c-f17753e39c2a","value":{"ELEMENT":"ed967049-fc25-41ac-8450-3c2dd947abe9","element-6066-11e4-a52e-4f735466cecf":"ed967049-fc25-41ac-8450-3c2dd947abe9"}}
[debug] &amp#27;[35m[W3C (92996c2d)]&amp#27;[39m Responding to client with driver.findElement() result: {"element-6066-11e4-a52e-4f735466cecf":"ed967049-fc25-41ac-8450-3c2dd947abe9","ELEMENT":"ed967049-fc25-41ac-8450-3c2dd947abe9"}
&amp#27;[35m[HTTP]&amp#27;[39m &amp#27;[37m<-- POST /wd/hub/session/92996c2d-2629-4b7e-af93-652a4dec29eb/element &amp#27;[39m&amp#27;[32m200&amp#27;[39m &amp#27;[90m10136 ms - 137&amp#27;[39m
&amp#27;[35m[HTTP]&amp#27;[39m &amp#27;[90m&amp#27;[39m
&amp#27;[35m[HTTP]&amp#27;[39m &amp#27;[37m-->&amp#27;[39m &amp#27;[37mGET&amp#27;[39m &amp#27;[37m/wd/hub/session/92996c2d-2629-4b7e-af93-652a4dec29eb/element/ed967049-fc25-41ac-8450-3c2dd947abe9/displayed&amp#27;[39m
&amp#27;[35m[HTTP]&amp#27;[39m &amp#27;[90m{}&amp#27;[39m
[debug] &amp#27;[35m[W3C (92996c2d)]&amp#27;[39m Calling AppiumDriver.elementDisplayed() with args: ["ed967049-fc25-41ac-8450-3c2dd947abe9","92996c2d-2629-4b7e-af93-652a4dec29eb"]
[debug] &amp#27;[35m[WD Proxy]&amp#27;[39m Matched '/element/ed967049-fc25-41ac-8450-3c2dd947abe9/attribute/displayed' to command name 'getAttribute'
[debug] &amp#27;[35m[WD Proxy]&amp#27;[39m Proxying [GET /element/ed967049-fc25-41ac-8450-3c2dd947abe9/attribute/displayed] to [GET http://127.0.0.1:8200/wd/hub/session/ee4aae58-cafd-4ffa-a90c-f17753e39c2a/element/ed967049-fc25-41ac-8450-3c2dd947abe9/attribute/displayed] with no body
[debug] &amp#27;[35m[WD Proxy]&amp#27;[39m Got response with status 200: {"sessionId":"ee4aae58-cafd-4ffa-a90c-f17753e39c2a","value":"true"}
[debug] &amp#27;[35m[W3C (92996c2d)]&amp#27;[39m Responding to client with driver.elementDisplayed() result: true
]]></system-out>
    <system-err><![CDATA[Apr 28, 2021 1:44:19 PM io.appium.java_client.remote.AppiumCommandExecutor$1 lambda$0
INFO: Detected dialect: W3C
]]></system-err>
  </testcase>
  <testcase name="loginToSingIn" classname="com.eezy.logintest.LoginRedirectingToSignInTest" time="6.514">
    <system-out><![CDATA[&amp#27;[35m[HTTP]&amp#27;[39m &amp#27;[37m<-- GET /wd/hub/session/92996c2d-2629-4b7e-af93-652a4dec29eb/element/ed967049-fc25-41ac-8450-3c2dd947abe9/displayed &amp#27;[39m&amp#27;[32m200&amp#27;[39m &amp#27;[90m20115 ms - 14&amp#27;[39m
&amp#27;[35m[HTTP]&amp#27;[39m &amp#27;[90m&amp#27;[39m
&amp#27;[35m[HTTP]&amp#27;[39m &amp#27;[37m-->&amp#27;[39m &amp#27;[37mPOST&amp#27;[39m &amp#27;[37m/wd/hub/session/92996c2d-2629-4b7e-af93-652a4dec29eb/appium/stop_recording_screen&amp#27;[39m
&amp#27;[35m[HTTP]&amp#27;[39m &amp#27;[90m{}&amp#27;[39m
[debug] &amp#27;[35m[W3C (92996c2d)]&amp#27;[39m Calling AppiumDriver.stopRecordingScreen() with args: [null,"92996c2d-2629-4b7e-af93-652a4dec29eb"]
[debug] &amp#27;[35m[ADB]&amp#27;[39m Getting IDs of all 'screenrecord' processes
[debug] &amp#27;[35m[ADB]&amp#27;[39m Running 'C:\Users\Rajiv\AppData\Local\Android\Sdk\platform-tools\adb.exe -P 5037 -s bfe7d6690803 shell 'pgrep ^screenrecord$ || pgrep ^screenrecord$''
[debug] &amp#27;[35m[ADB]&amp#27;[39m Running 'C:\Users\Rajiv\AppData\Local\Android\Sdk\platform-tools\adb.exe -P 5037 -s bfe7d6690803 shell kill -2 31821'
[debug] &amp#27;[35m[ADB]&amp#27;[39m Getting IDs of all 'screenrecord' processes
[debug] &amp#27;[35m[ADB]&amp#27;[39m Running 'C:\Users\Rajiv\AppData\Local\Android\Sdk\platform-tools\adb.exe -P 5037 -s bfe7d6690803 shell 'pgrep ^screenrecord$ || pgrep ^screenrecord$''
[debug] &amp#27;[35m[ADB]&amp#27;[39m Getting IDs of all 'screenrecord' processes
[debug] &amp#27;[35m[ADB]&amp#27;[39m Running 'C:\Users\Rajiv\AppData\Local\Android\Sdk\platform-tools\adb.exe -P 5037 -s bfe7d6690803 shell 'pgrep ^screenrecord$ || pgrep ^screenrecord$''
[debug] &amp#27;[35m[ADB]&amp#27;[39m Getting IDs of all 'screenrecord' processes
[debug] &amp#27;[35m[ADB]&amp#27;[39m Running 'C:\Users\Rajiv\AppData\Local\Android\Sdk\platform-tools\adb.exe -P 5037 -s bfe7d6690803 shell 'pgrep ^screenrecord$ || pgrep ^screenrecord$''
[debug] &amp#27;[35m[ADB]&amp#27;[39m Running 'C:\Users\Rajiv\AppData\Local\Android\Sdk\platform-tools\adb.exe -P 5037 -s bfe7d6690803 pull /sdcard/f723838f.mp4 C:\Users\Rajiv\AppData\Local\Temp\2021328-13352-1d191g3.nvpe\f723838f.mp4'
[debug] &amp#27;[35m[ADB]&amp#27;[39m Running 'C:\Users\Rajiv\AppData\Local\Android\Sdk\platform-tools\adb.exe -P 5037 -s bfe7d6690803 shell rm -rf /sdcard/f723838f.mp4'
[debug] &amp#27;[35m[AndroidDriver]&amp#27;[39m The size of the resulting screen recording is 15.09 MB
[debug] &amp#27;[35m[W3C (92996c2d)]&amp#27;[39m Responding to client with driver.stopRecordingScreen() result: "AAAAGGZ0eXBtcDQyAAAAAGlzb21tcDQyAAAMeWZyZWUAAAAAAAAAAAAAAAAAAAAAAAAAAAAAAAAAAAAAAAAAAAAAAAAAAAAAAAAAAAAAAAAAAAAAAAAAAAAAAAAAAAAAAAAAAAAAAAAAAAAAAAAAAAAAAAAAAAAAAAAAAAAAAAAAAAAAAAAAAAAAAAAAAAAAAAAAAAAAAAAAAAAAAAAAAAAAAAAAAAAAAAAAAAAAAAAAAAAAAAAAAAAAAAAAAAAAAAAAAAAAAAAAAAAAAAAAAAAAAAAAAAAAAAAAAAAAAAAAAAAAAAAAAAAAAAAAAAAAAAAAAAAAAAAAAAAAAAAAAAAAAAAAAAAAAAAAAAAAAAAAAAAAAAAAAAAAAAAAAAAAAAAAAAAAAAAAAAAAAAAAAAAAAAAAAAAAAAAAAAAAAAAAAAAAAAAAAAAAAAAAAAAAAAAAAAAAAAAAAAAAAAAAAAAAAAAAAAAAAAAAAAAAAAAAAAAAAAAAAAAAAAAAAAAAAAAAAAAAAAAAAAAAAAAAAAAAAAAAAAAAAAAAAAAAAAAAAAAAAAAAAAAAAAAAAAAAAAAAAAAAAAAAAAAAAAAAAAAAAAAAAAAAAAAAAAAAAAAAAAAAAAAAAAAAAAAAAAAAAAAAAAAAAAAAAAAAAAAAAAAAAAAAAAAAAAAAAAAAAAAAAAAAAAAAAAAAAAAAAAAAAAAAAAAAAAAAAAAAAAAAAAAAAAAAAAAAAAAAAAAAAAAAAAAAAAAAAAAAAAAAAAAAAAAAAAAAAAAAAAAAAAAAAAAAAAAAAAAAAAAAAAAAAAAAAAAAAAAAAAAAAAAAAAAAAAAAAAAAAAAAAAAAAAAAAAAAAAAAAAAAAAAAAAAAAAAAAAAAAAAAAAAAAAAAAAAAAAAAAAAAAAAAAAAAAAAAAAAAAAAAAAAAAAAAAAAAAAAAAAAAAAAAAAAAAAAAAAAAAAAAAAAAAAAAAAAAAAAAAAAAAAAAAAAAAAAAAAAAAAAAAAAAAAAAAAAAAAAA...
&amp#27;[35m[HTTP]&amp#27;[39m &amp#27;[37m<-- POST /wd/hub/session/92996c2d-2629-4b7e-af93-652a4dec29eb/appium/stop_recording_screen &amp#27;[39m&amp#27;[32m200&amp#27;[39m &amp#27;[90m3759 ms - 21097212&amp#27;[39m
&amp#27;[35m[HTTP]&amp#27;[39m &amp#27;[90m&amp#27;[39m
&amp#27;[35m[HTTP]&amp#27;[39m &amp#27;[37m-->&amp#27;[39m &amp#27;[37mDELETE&amp#27;[39m &amp#27;[37m/wd/hub/session/92996c2d-2629-4b7e-af93-652a4dec29eb&amp#27;[39m
&amp#27;[35m[HTTP]&amp#27;[39m &amp#27;[90m{}&amp#27;[39m
[debug] &amp#27;[35m[W3C (92996c2d)]&amp#27;[39m Calling AppiumDriver.deleteSession() with args: ["92996c2d-2629-4b7e-af93-652a4dec29eb"]
[debug] &amp#27;[35m[BaseDriver]&amp#27;[39m Event 'quitSessionRequested' logged at 1619597760169 (13:46:00 GMT+0530 (India Standard Time))
&amp#27;[35m[Appium]&amp#27;[39m Removing session 92996c2d-2629-4b7e-af93-652a4dec29eb from our master session list
[debug] &amp#27;[35m[UiAutomator2]&amp#27;[39m Deleting UiAutomator2 session
[debug] &amp#27;[35m[UiAutomator2]&amp#27;[39m Deleting UiAutomator2 server session
[debug] &amp#27;[35m[WD Proxy]&amp#27;[39m Matched '/' to command name 'deleteSession'
[debug] &amp#27;[35m[WD Proxy]&amp#27;[39m Proxying [DELETE /] to [DELETE http://127.0.0.1:8200/wd/hub/session/ee4aae58-cafd-4ffa-a90c-f17753e39c2a] with no body
[debug] &amp#27;[35m[WD Proxy]&amp#27;[39m Got response with status 200: {"sessionId":"ee4aae58-cafd-4ffa-a90c-f17753e39c2a","value":null}
[debug] &amp#27;[35m[ADB]&amp#27;[39m Running 'C:\Users\Rajiv\AppData\Local\Android\Sdk\platform-tools\adb.exe -P 5037 -s bfe7d6690803 shell am force-stop com.eezy.ai.dev'
[debug] &amp#27;[35m[Instrumentation]&amp#27;[39m .
[debug] &amp#27;[35m[Logcat]&amp#27;[39m Stopping logcat capture
[debug] &amp#27;[35m[ADB]&amp#27;[39m Removing forwarded port socket connection: 8200 
[debug] &amp#27;[35m[ADB]&amp#27;[39m Running 'C:\Users\Rajiv\AppData\Local\Android\Sdk\platform-tools\adb.exe -P 5037 -s bfe7d6690803 forward --remove tcp:8200'
[debug] &amp#27;[35m[Instrumentation]&amp#27;[39m Time: 106.097
[debug] &amp#27;[35m[Instrumentation]&amp#27;[39m 
[debug] &amp#27;[35m[Instrumentation]&amp#27;[39m OK (1 test)
[debug] &amp#27;[35m[Instrumentation]&amp#27;[39m The process has exited with code 0
[debug] &amp#27;[35m[BaseDriver]&amp#27;[39m Event 'quitSessionFinished' logged at 1619597761215 (13:46:01 GMT+0530 (India Standard Time))
[debug] &amp#27;[35m[W3C (92996c2d)]&amp#27;[39m Received response: null
[debug] &amp#27;[35m[W3C (92996c2d)]&amp#27;[39m But deleting session, so not returning
[debug] &amp#27;[35m[W3C (92996c2d)]&amp#27;[39m Responding to client with driver.deleteSession() result: null
&amp#27;[35m[HTTP]&amp#27;[39m &amp#27;[37m<-- DELETE /wd/hub/session/92996c2d-2629-4b7e-af93-652a4dec29eb &amp#27;[39m&amp#27;[32m200&amp#27;[39m &amp#27;[90m1051 ms - 14&amp#27;[39m
&amp#27;[35m[HTTP]&amp#27;[39m &amp#27;[90m&amp#27;[39m
&amp#27;[35m[HTTP]&amp#27;[39m &amp#27;[37m-->&amp#27;[39m &amp#27;[37mPOST&amp#27;[39m &amp#27;[37m/wd/hub/session&amp#27;[39m
&amp#27;[35m[HTTP]&amp#27;[39m &amp#27;[90m{"desiredCapabilities":{"appActivity":"com.natife.eezy.MainActivity","appPackage":"com.eezy.ai.dev","platformVersion":"7.0","automationName":"Appium","autoGrantPermissions":true,"platformName":"Android","UDID":"bfe7d6690803","deviceName":"MyLittleMonster"},"capabilities":{"firstMatch":[{"UDID":"bfe7d6690803","appium:appActivity":"com.natife.eezy.MainActivity","appium:appPackage":"com.eezy.ai.dev","appium:autoGrantPermissions":true,"appium:automationName":"Appium","appium:deviceName":"MyLittleMonster","platformName":"android","appium:platformVersion":"7.0"}]}}&amp#27;[39m
[debug] &amp#27;[35m[W3C]&amp#27;[39m Calling AppiumDriver.createSession() with args: [{"appActivity":"com.natife.eezy.MainActivity","appPackage":"com.eezy.ai.dev","platformVersion":"7.0","automationName":"Appium","autoGrantPermissions":true,"platformName":"Android","UDID":"bfe7d6690803","deviceName":"MyLittleMonster"},null,{"firstMatch":[{"UDID":"bfe7d6690803","appium:appActivity":"com.natife.eezy.MainActivity","appium:appPackage":"com.eezy.ai.dev","appium:autoGrantPermissions":true,"appium:automationName":"Appium","appium:deviceName":"MyLittleMonster","platformName":"android","appium:platformVersion":"7.0"}]}]
[debug] &amp#27;[35m[BaseDriver]&amp#27;[39m Event 'newSessionRequested' logged at 1619597761248 (13:46:01 GMT+0530 (India Standard Time))
&amp#27;[35m[BaseDriver]&amp#27;[39m The following capabilities are not standard capabilities and should have an extension prefix:
&amp#27;[35m[BaseDriver]&amp#27;[39m   UDID
&amp#27;[35m[Appium]&amp#27;[39m 
&amp#27;[35m[Appium]&amp#27;[39m ======================================================================
&amp#27;[35m[Appium]&amp#27;[39m   DEPRECATION WARNING:
&amp#27;[35m[Appium]&amp#27;[39m 
&amp#27;[35m[Appium]&amp#27;[39m   The 'automationName' capability was not provided in the desired 
&amp#27;[35m[Appium]&amp#27;[39m   capabilities for this Android session
&amp#27;[35m[Appium]&amp#27;[39m 
&amp#27;[35m[Appium]&amp#27;[39m   Setting 'automationName=UiAutomator2' by default and using the 
&amp#27;[35m[Appium]&amp#27;[39m   UiAutomator2 Driver
&amp#27;[35m[Appium]&amp#27;[39m 
&amp#27;[35m[Appium]&amp#27;[39m   The next major version of Appium (2.x) will **require** the 
&amp#27;[35m[Appium]&amp#27;[39m   'automationName' capability to be set for all sessions on all 
&amp#27;[35m[Appium]&amp#27;[39m   platforms
&amp#27;[35m[Appium]&amp#27;[39m 
&amp#27;[35m[Appium]&amp#27;[39m   In previous versions (Appium <= 1.13.x), the default was 
&amp#27;[35m[Appium]&amp#27;[39m   'automationName=UiAutomator1'
&amp#27;[35m[Appium]&amp#27;[39m 
&amp#27;[35m[Appium]&amp#27;[39m   If you wish to use that automation instead of UiAutomator2, please 
&amp#27;[35m[Appium]&amp#27;[39m   add 'automationName=UiAutomator1' to your desired capabilities
&amp#27;[35m[Appium]&amp#27;[39m 
&amp#27;[35m[Appium]&amp#27;[39m   For more information about drivers, please visit 
&amp#27;[35m[Appium]&amp#27;[39m   http://appium.io/docs/en/about-appium/intro/ and explore the 
&amp#27;[35m[Appium]&amp#27;[39m   'Drivers' menu
&amp#27;[35m[Appium]&amp#27;[39m 
&amp#27;[35m[Appium]&amp#27;[39m ======================================================================
&amp#27;[35m[Appium]&amp#27;[39m 
&amp#27;[35m[Appium]&amp#27;[39m Appium v1.20.2 creating new AndroidUiautomator2Driver (v1.61.2) session
[debug] &amp#27;[35m[BaseDriver]&amp#27;[39m W3C capabilities and MJSONWP desired capabilities were provided
[debug] &amp#27;[35m[BaseDriver]&amp#27;[39m Creating session with W3C capabilities: {
[debug] &amp#27;[35m[BaseDriver]&amp#27;[39m   "alwaysMatch": {
[debug] &amp#27;[35m[BaseDriver]&amp#27;[39m     "appium:UDID": "bfe7d6690803",
[debug] &amp#27;[35m[BaseDriver]&amp#27;[39m     "platformName": "android",
[debug] &amp#27;[35m[BaseDriver]&amp#27;[39m     "appium:appActivity": "com.natife.eezy.MainActivity",
[debug] &amp#27;[35m[BaseDriver]&amp#27;[39m     "appium:appPackage": "com.eezy.ai.dev",
[debug] &amp#27;[35m[BaseDriver]&amp#27;[39m     "appium:autoGrantPermissions": true,
[debug] &amp#27;[35m[BaseDriver]&amp#27;[39m     "appium:automationName": "Appium",
[debug] &amp#27;[35m[BaseDriver]&amp#27;[39m     "appium:deviceName": "MyLittleMonster",
[debug] &amp#27;[35m[BaseDriver]&amp#27;[39m     "appium:platformVersion": "7.0"
[debug] &amp#27;[35m[BaseDriver]&amp#27;[39m   },
[debug] &amp#27;[35m[BaseDriver]&amp#27;[39m   "firstMatch": [
[debug] &amp#27;[35m[BaseDriver]&amp#27;[39m     {}
[debug] &amp#27;[35m[BaseDriver]&amp#27;[39m   ]
[debug] &amp#27;[35m[BaseDriver]&amp#27;[39m }
&amp#27;[35m[BaseDriver]&amp#27;[39m The following capabilities were provided, but are not recognized by Appium:
&amp#27;[35m[BaseDriver]&amp#27;[39m   UDID
&amp#27;[35m[BaseDriver]&amp#27;[39m Session created with session id: 4a0778f1-9a36-41aa-b80f-86445122401b
&amp#27;[35m[UiAutomator2]&amp#27;[39m Starting 'com.eezy.ai.dev' directly on the device
&amp#27;[35m[ADB]&amp#27;[39m Using 'adb.exe' from 'C:\Users\Rajiv\AppData\Local\Android\Sdk\platform-tools\adb.exe'
[debug] &amp#27;[35m[ADB]&amp#27;[39m Running 'C:\Users\Rajiv\AppData\Local\Android\Sdk\platform-tools\adb.exe -P 5037 start-server'
&amp#27;[35m[AndroidDriver]&amp#27;[39m Retrieving device list
[debug] &amp#27;[35m[ADB]&amp#27;[39m Trying to find a connected android device
[debug] &amp#27;[35m[ADB]&amp#27;[39m Getting connected devices
[debug] &amp#27;[35m[ADB]&amp#27;[39m Connected devices: [{"udid":"bfe7d6690803","state":"device"}]
&amp#27;[35m[AndroidDriver]&amp#27;[39m Looking for a device with Android '7.0.0'
[debug] &amp#27;[35m[ADB]&amp#27;[39m Setting device id to bfe7d6690803
&amp#27;[35m[ADB]&amp#27;[39m Getting device platform version
[debug] &amp#27;[35m[ADB]&amp#27;[39m Running 'C:\Users\Rajiv\AppData\Local\Android\Sdk\platform-tools\adb.exe -P 5037 -s bfe7d6690803 shell getprop ro.build.version.release'
[debug] &amp#27;[35m[ADB]&amp#27;[39m Current device property 'ro.build.version.release': 7.0
&amp#27;[35m[AndroidDriver]&amp#27;[39m Using device: bfe7d6690803
&amp#27;[35m[ADB]&amp#27;[39m Using 'adb.exe' from 'C:\Users\Rajiv\AppData\Local\Android\Sdk\platform-tools\adb.exe'
[debug] &amp#27;[35m[ADB]&amp#27;[39m Running 'C:\Users\Rajiv\AppData\Local\Android\Sdk\platform-tools\adb.exe -P 5037 start-server'
[debug] &amp#27;[35m[ADB]&amp#27;[39m Setting device id to bfe7d6690803
[debug] &amp#27;[35m[ADB]&amp#27;[39m Running 'C:\Users\Rajiv\AppData\Local\Android\Sdk\platform-tools\adb.exe -P 5037 -s bfe7d6690803 shell getprop ro.build.version.sdk'
[debug] &amp#27;[35m[ADB]&amp#27;[39m Current device property 'ro.build.version.sdk': 24
[debug] &amp#27;[35m[ADB]&amp#27;[39m Device API level: 24
&amp#27;[35m[AndroidDriver]&amp#27;[39m No app sent in, not parsing package/activity
[debug] &amp#27;[35m[ADB]&amp#27;[39m Running 'C:\Users\Rajiv\AppData\Local\Android\Sdk\platform-tools\adb.exe -P 5037 -s bfe7d6690803 wait-for-device'
[debug] &amp#27;[35m[ADB]&amp#27;[39m Running 'C:\Users\Rajiv\AppData\Local\Android\Sdk\platform-tools\adb.exe -P 5037 -s bfe7d6690803 shell echo ping'
[debug] &amp#27;[35m[AndroidDriver]&amp#27;[39m Pushing settings apk to device...
[debug] &amp#27;[35m[ADB]&amp#27;[39m Getting install status for io.appium.settings
[debug] &amp#27;[35m[ADB]&amp#27;[39m Running 'C:\Users\Rajiv\AppData\Local\Android\Sdk\platform-tools\adb.exe -P 5037 -s bfe7d6690803 shell dumpsys package io.appium.settings'
[debug] &amp#27;[35m[ADB]&amp#27;[39m 'io.appium.settings' is installed
[debug] &amp#27;[35m[ADB]&amp#27;[39m Getting package info for 'io.appium.settings'
[debug] &amp#27;[35m[ADB]&amp#27;[39m Running 'C:\Users\Rajiv\AppData\Local\Android\Sdk\platform-tools\adb.exe -P 5037 -s bfe7d6690803 shell dumpsys package io.appium.settings'
[debug] &amp#27;[35m[ADB]&amp#27;[39m The version name of the installed 'io.appium.settings' is greater or equal to the application version name ('3.2.1' >= '3.2.1')
[debug] &amp#27;[35m[ADB]&amp#27;[39m There is no need to install/upgrade 'C:\Users\Rajiv\AppData\Roaming\npm\node_modules\appium\node_modules\io.appium.settings\apks\settings_apk-debug.apk'
[debug] &amp#27;[35m[ADB]&amp#27;[39m Getting IDs of all 'io.appium.settings' processes
[debug] &amp#27;[35m[ADB]&amp#27;[39m Running 'C:\Users\Rajiv\AppData\Local\Android\Sdk\platform-tools\adb.exe -P 5037 -s bfe7d6690803 shell 'pgrep --help; echo $?''
[debug] &amp#27;[35m[ADB]&amp#27;[39m Running 'C:\Users\Rajiv\AppData\Local\Android\Sdk\platform-tools\adb.exe -P 5037 -s bfe7d6690803 shell 'pgrep ^appium\\.settings$ || pgrep ^io\\.appium\\.setti$''
[debug] &amp#27;[35m[AndroidDriver]&amp#27;[39m io.appium.settings is already running. There is no need to reset its permissions.
[debug] &amp#27;[35m[ADB]&amp#27;[39m Running 'C:\Users\Rajiv\AppData\Local\Android\Sdk\platform-tools\adb.exe -P 5037 -s bfe7d6690803 shell appops set io.appium.settings android:mock_location allow'
[debug] &amp#27;[35m[Logcat]&amp#27;[39m Starting logs capture with command: C:\\Users\\Rajiv\\AppData\\Local\\Android\\Sdk\\platform-tools\\adb.exe -P 5037 -s bfe7d6690803 logcat -v threadtime
[debug] &amp#27;[35m[UiAutomator2]&amp#27;[39m Forwarding UiAutomator2 Server port 6790 to local port 8200
[debug] &amp#27;[35m[ADB]&amp#27;[39m Forwarding system: 8200 to device: 6790
[debug] &amp#27;[35m[ADB]&amp#27;[39m Running 'C:\Users\Rajiv\AppData\Local\Android\Sdk\platform-tools\adb.exe -P 5037 -s bfe7d6690803 forward tcp:8200 tcp:6790'
[debug] &amp#27;[35m[ADB]&amp#27;[39m Getting install status for io.appium.uiautomator2.server
[debug] &amp#27;[35m[ADB]&amp#27;[39m Running 'C:\Users\Rajiv\AppData\Local\Android\Sdk\platform-tools\adb.exe -P 5037 -s bfe7d6690803 shell dumpsys package io.appium.uiautomator2.server'
[debug] &amp#27;[35m[ADB]&amp#27;[39m 'io.appium.uiautomator2.server' is installed
[debug] &amp#27;[35m[ADB]&amp#27;[39m Getting package info for 'io.appium.uiautomator2.server'
[debug] &amp#27;[35m[ADB]&amp#27;[39m Running 'C:\Users\Rajiv\AppData\Local\Android\Sdk\platform-tools\adb.exe -P 5037 -s bfe7d6690803 shell dumpsys package io.appium.uiautomator2.server'
[debug] &amp#27;[35m[ADB]&amp#27;[39m The version name of the installed 'io.appium.uiautomator2.server' is greater or equal to the application version name ('4.17.4' >= '4.17.4')
[debug] &amp#27;[35m[UiAutomator2]&amp#27;[39m io.appium.uiautomator2.server installation state: sameVersionInstalled
[debug] &amp#27;[35m[ADB]&amp#27;[39m Checking app cert for C:\Users\Rajiv\AppData\Roaming\npm\node_modules\appium\node_modules\appium-uiautomator2-server\apks\appium-uiautomator2-server-v4.17.4.apk
&amp#27;[35m[ADB]&amp#27;[39m Using 'apksigner.jar' from 'C:\Users\Rajiv\AppData\Local\Android\Sdk\build-tools\30.0.3\lib\apksigner.jar'
[debug] &amp#27;[35m[ADB]&amp#27;[39m Starting apksigner: 'C:\\Program Files\\Java\\jdk1.8.0_192\\bin\\java.exe' -Xmx1024M -Xss1m -jar C:\\Users\\Rajiv\\AppData\\Local\\Android\\Sdk\\build-tools\\30.0.3\\lib\\apksigner.jar verify --print-certs C:\\Users\\Rajiv\\AppData\\Roaming\\npm\\node_modules\\appium\\node_modules\\appium-uiautomator2-server\\apks\\appium-uiautomator2-server-v4.17.4.apk
[debug] &amp#27;[35m[ADB]&amp#27;[39m apksigner stdout: Signer #1 certificate DN: EMAILADDRESS=android@android.com, CN=Android, OU=Android, O=Android, L=Mountain View, ST=California, C=US
[debug] &amp#27;[35m[ADB]&amp#27;[39m Signer #1 certificate SHA-256 digest: a40da80a59d170caa950cf15c18c454d47a39b26989d8b640ecd745ba71bf5dc
[debug] &amp#27;[35m[ADB]&amp#27;[39m Signer #1 certificate SHA-1 digest: 61ed377e85d386a8dfee6b864bd85b0bfaa5af81
[debug] &amp#27;[35m[ADB]&amp#27;[39m Signer #1 certificate MD5 digest: e89b158e4bcf988ebd09eb83f5378e87
[debug] &amp#27;[35m[ADB]&amp#27;[39m 
[debug] &amp#27;[35m[ADB]&amp#27;[39m sha256 hash did match for 'appium-uiautomator2-server-v4.17.4.apk'
&amp#27;[35m[ADB]&amp#27;[39m 'C:\Users\Rajiv\AppData\Roaming\npm\node_modules\appium\node_modules\appium-uiautomator2-server\apks\appium-uiautomator2-server-v4.17.4.apk' is signed with the default certificate
[debug] &amp#27;[35m[ADB]&amp#27;[39m Getting install status for io.appium.uiautomator2.server.test
[debug] &amp#27;[35m[ADB]&amp#27;[39m Running 'C:\Users\Rajiv\AppData\Local\Android\Sdk\platform-tools\adb.exe -P 5037 -s bfe7d6690803 shell dumpsys package io.appium.uiautomator2.server.test'
[debug] &amp#27;[35m[ADB]&amp#27;[39m 'io.appium.uiautomator2.server.test' is installed
[debug] &amp#27;[35m[ADB]&amp#27;[39m Checking app cert for C:\Users\Rajiv\AppData\Roaming\npm\node_modules\appium\node_modules\appium-uiautomator2-server\apks\appium-uiautomator2-server-debug-androidTest.apk
[debug] &amp#27;[35m[ADB]&amp#27;[39m Starting apksigner: 'C:\\Program Files\\Java\\jdk1.8.0_192\\bin\\java.exe' -Xmx1024M -Xss1m -jar C:\\Users\\Rajiv\\AppData\\Local\\Android\\Sdk\\build-tools\\30.0.3\\lib\\apksigner.jar verify --print-certs C:\\Users\\Rajiv\\AppData\\Roaming\\npm\\node_modules\\appium\\node_modules\\appium-uiautomator2-server\\apks\\appium-uiautomator2-server-debug-androidTest.apk
[debug] &amp#27;[35m[ADB]&amp#27;[39m apksigner stdout: Signer #1 certificate DN: EMAILADDRESS=android@android.com, CN=Android, OU=Android, O=Android, L=Mountain View, ST=California, C=US
[debug] &amp#27;[35m[ADB]&amp#27;[39m Signer #1 certificate SHA-256 digest: a40da80a59d170caa950cf15c18c454d47a39b26989d8b640ecd745ba71bf5dc
[debug] &amp#27;[35m[ADB]&amp#27;[39m Signer #1 certificate SHA-1 digest: 61ed377e85d386a8dfee6b864bd85b0bfaa5af81
[debug] &amp#27;[35m[ADB]&amp#27;[39m Signer #1 certificate MD5 digest: e89b158e4bcf988ebd09eb83f5378e87
[debug] &amp#27;[35m[ADB]&amp#27;[39m 
[debug] &amp#27;[35m[ADB]&amp#27;[39m sha256 hash did match for 'appium-uiautomator2-server-debug-androidTest.apk'
&amp#27;[35m[ADB]&amp#27;[39m 'C:\Users\Rajiv\AppData\Roaming\npm\node_modules\appium\node_modules\appium-uiautomator2-server\apks\appium-uiautomator2-server-debug-androidTest.apk' is signed with the default certificate
&amp#27;[35m[UiAutomator2]&amp#27;[39m Server packages are not going to be (re)installed
[debug] &amp#27;[35m[UiAutomator2]&amp#27;[39m Waiting up to 30000ms for services to be available
[debug] &amp#27;[35m[ADB]&amp#27;[39m Running 'C:\Users\Rajiv\AppData\Local\Android\Sdk\platform-tools\adb.exe -P 5037 -s bfe7d6690803 shell pm list instrumentation'
[debug] &amp#27;[35m[UiAutomator2]&amp#27;[39m Instrumentation target 'io.appium.uiautomator2.server.test/androidx.test.runner.AndroidJUnitRunner' is available
&amp#27;[35m[ADB]&amp#27;[39m Adding packages ["io.appium.settings","io.appium.uiautomator2.server","io.appium.uiautomator2.server.test"] to Doze whitelist
[debug] &amp#27;[35m[ADB]&amp#27;[39m Got the following command chunks to execute: [["dumpsys","deviceidle","whitelist","+io.appium.settings",";","dumpsys","deviceidle","whitelist","+io.appium.uiautomator2.server",";","dumpsys","deviceidle","whitelist","+io.appium.uiautomator2.server.test",";"]]
[debug] &amp#27;[35m[ADB]&amp#27;[39m Running 'C:\Users\Rajiv\AppData\Local\Android\Sdk\platform-tools\adb.exe -P 5037 -s bfe7d6690803 shell dumpsys deviceidle whitelist +io.appium.settings ; dumpsys deviceidle whitelist +io.appium.uiautomator2.server ; dumpsys deviceidle whitelist +io.appium.uiautomator2.server.test ;'
[debug] &amp#27;[35m[UiAutomator2]&amp#27;[39m No app capability. Assuming it is already on the device
[debug] &amp#27;[35m[ADB]&amp#27;[39m Getting install status for com.eezy.ai.dev
[debug] &amp#27;[35m[ADB]&amp#27;[39m Running 'C:\Users\Rajiv\AppData\Local\Android\Sdk\platform-tools\adb.exe -P 5037 -s bfe7d6690803 shell dumpsys package com.eezy.ai.dev'
[debug] &amp#27;[35m[ADB]&amp#27;[39m 'com.eezy.ai.dev' is installed
[debug] &amp#27;[35m[ADB]&amp#27;[39m Running 'C:\Users\Rajiv\AppData\Local\Android\Sdk\platform-tools\adb.exe -P 5037 -s bfe7d6690803 shell am force-stop com.eezy.ai.dev'
[debug] &amp#27;[35m[ADB]&amp#27;[39m Running 'C:\Users\Rajiv\AppData\Local\Android\Sdk\platform-tools\adb.exe -P 5037 -s bfe7d6690803 shell pm clear com.eezy.ai.dev'
[debug] &amp#27;[35m[ADB]&amp#27;[39m Running 'C:\Users\Rajiv\AppData\Local\Android\Sdk\platform-tools\adb.exe -P 5037 -s bfe7d6690803 shell dumpsys package com.eezy.ai.dev'
[debug] &amp#27;[35m[ADB]&amp#27;[39m Retrieving requested permissions
[debug] &amp#27;[35m[ADB]&amp#27;[39m Retrieved 24 permissions from requested group
[debug] &amp#27;[35m[ADB]&amp#27;[39m Retrieving granted permissions
[debug] &amp#27;[35m[ADB]&amp#27;[39m Retrieved 8 permissions from install,runtime groups
[debug] &amp#27;[35m[ADB]&amp#27;[39m Granting permissions ["android.permission.ACCESS_FINE_LOCATION","android.permission.ACCESS_COARSE_LOCATION","android.permission.READ_EXTERNAL_STORAGE","android.permission.WRITE_EXTERNAL_STORAGE","android.permission.READ_CONTACTS","android.permission.FOREGROUND_SERVICE","android.permission.WRITE_CONTACTS","android.permission.READ_PHONE_STATE"] to 'com.eezy.ai.dev'
[debug] &amp#27;[35m[ADB]&amp#27;[39m Got the following command chunks to execute: [["pm","grant","com.eezy.ai.dev","android.permission.ACCESS_FINE_LOCATION",";","pm","grant","com.eezy.ai.dev","android.permission.ACCESS_COARSE_LOCATION",";","pm","grant","com.eezy.ai.dev","android.permission.READ_EXTERNAL_STORAGE",";","pm","grant","com.eezy.ai.dev","android.permission.WRITE_EXTERNAL_STORAGE",";","pm","grant","com.eezy.ai.dev","android.permission.READ_CONTACTS",";","pm","grant","com.eezy.ai.dev","android.permission.FOREGROUND_SERVICE",";","pm","grant","com.eezy.ai.dev","android.permission.WRITE_CONTACTS",";","pm","grant","com.eezy.ai.dev","android.permission.READ_PHONE_STATE",";"]]
[debug] &amp#27;[35m[ADB]&amp#27;[39m Running 'C:\Users\Rajiv\AppData\Local\Android\Sdk\platform-tools\adb.exe -P 5037 -s bfe7d6690803 shell pm grant com.eezy.ai.dev android.permission.ACCESS_FINE_LOCATION ; pm grant com.eezy.ai.dev android.permission.ACCESS_COARSE_LOCATION ; pm grant com.eezy.ai.dev android.permission.READ_EXTERNAL_STORAGE ; pm grant com.eezy.ai.dev android.permission.WRITE_EXTERNAL_STORAGE ; pm grant com.eezy.ai.dev android.permission.READ_CONTACTS ; pm grant com.eezy.ai.dev android.permission.FOREGROUND_SERVICE ; pm grant com.eezy.ai.dev android.permission.WRITE_CONTACTS ; pm grant com.eezy.ai.dev android.permission.READ_PHONE_STATE ;'
[debug] &amp#27;[35m[AndroidDriver]&amp#27;[39m Performed fast reset on the installed 'com.eezy.ai.dev' application (stop and clear)
[debug] &amp#27;[35m[UiAutomator2]&amp#27;[39m Performing shallow cleanup of automation leftovers
[debug] &amp#27;[35m[UiAutomator2]&amp#27;[39m No obsolete sessions have been detected (socket hang up)
[debug] &amp#27;[35m[ADB]&amp#27;[39m Running 'C:\Users\Rajiv\AppData\Local\Android\Sdk\platform-tools\adb.exe -P 5037 -s bfe7d6690803 shell am force-stop io.appium.uiautomator2.server.test'
&amp#27;[35m[UiAutomator2]&amp#27;[39m Starting UIAutomator2 server 4.17.4
&amp#27;[35m[UiAutomator2]&amp#27;[39m Using UIAutomator2 server from 'C:\Users\Rajiv\AppData\Roaming\npm\node_modules\appium\node_modules\appium-uiautomator2-server\apks\appium-uiautomator2-server-v4.17.4.apk' and test from 'C:\Users\Rajiv\AppData\Roaming\npm\node_modules\appium\node_modules\appium-uiautomator2-server\apks\appium-uiautomator2-server-debug-androidTest.apk'
&amp#27;[35m[UiAutomator2]&amp#27;[39m Waiting up to 30000ms for UiAutomator2 to be online...
[debug] &amp#27;[35m[ADB]&amp#27;[39m Creating ADB subprocess with args: ["-P",5037,"-s","bfe7d6690803","shell","am","instrument","-w","io.appium.uiautomator2.server.test/androidx.test.runner.AndroidJUnitRunner"]
[debug] &amp#27;[35m[WD Proxy]&amp#27;[39m Matched '/status' to command name 'getStatus'
[debug] &amp#27;[35m[WD Proxy]&amp#27;[39m Proxying [GET /status] to [GET http://127.0.0.1:8200/wd/hub/status] with no body
&amp#27;[35m[WD Proxy]&amp#27;[39m socket hang up
[debug] &amp#27;[35m[WD Proxy]&amp#27;[39m Matched '/status' to command name 'getStatus'
[debug] &amp#27;[35m[WD Proxy]&amp#27;[39m Proxying [GET /status] to [GET http://127.0.0.1:8200/wd/hub/status] with no body
&amp#27;[35m[WD Proxy]&amp#27;[39m socket hang up
[debug] &amp#27;[35m[Instrumentation]&amp#27;[39m io.appium.uiautomator2.server.test.AppiumUiAutomator2Server:
[debug] &amp#27;[35m[WD Proxy]&amp#27;[39m Matched '/status' to command name 'getStatus'
[debug] &amp#27;[35m[WD Proxy]&amp#27;[39m Proxying [GET /status] to [GET http://127.0.0.1:8200/wd/hub/status] with no body
&amp#27;[35m[WD Proxy]&amp#27;[39m socket hang up
[debug] &amp#27;[35m[WD Proxy]&amp#27;[39m Matched '/status' to command name 'getStatus'
[debug] &amp#27;[35m[WD Proxy]&amp#27;[39m Proxying [GET /status] to [GET http://127.0.0.1:8200/wd/hub/status] with no body
[debug] &amp#27;[35m[WD Proxy]&amp#27;[39m Got response with status 200: {"sessionId":"None","value":{"message":"UiAutomator2 Server is ready to accept commands","ready":true}}
[debug] &amp#27;[35m[UiAutomator2]&amp#27;[39m The initialization of the instrumentation process took 3124ms
[debug] &amp#27;[35m[WD Proxy]&amp#27;[39m Matched '/session' to command name 'createSession'
[debug] &amp#27;[35m[WD Proxy]&amp#27;[39m Proxying [POST /session] to [POST http://127.0.0.1:8200/wd/hub/session] with body: {"capabilities":{"firstMatch":[{"platform":"LINUX","webStorageEnabled":false,"takesScreenshot":true,"javascriptEnabled":true,"databaseEnabled":false,"networkConnectionEnabled":true,"locationContextEnabled":false,"warnings":{},"desired":{"platformName":"android","UDID":"bfe7d6690803","appActivity":"com.natife.eezy.MainActivity","appPackage":"com.eezy.ai.dev","autoGrantPermissions":true,"automationName":"Appium","deviceName":"MyLittleMonster","platformVersion":"7.0"},"platformName":"android","UDID":"bfe7d6690803","appActivity":"com.natife.eezy.MainActivity","appPackage":"com.eezy.ai.dev","autoGrantPermissions":true,"automationName":"Appium","deviceName":"bfe7d6690803","platformVersion":"7.0","deviceUDID":"bfe7d6690803"}],"alwaysMatch":{}}}
[debug] &amp#27;[35m[WD Proxy]&amp#27;[39m Got response with status 200: {"sessionId":"b9a887ee-a70d-4acc-beba-12bd4d053da7","value":{"capabilities":{"firstMatch":[{"platform":"LINUX","webStorageEnabled":false,"takesScreenshot":true,"javascriptEnabled":true,"databaseEnabled":false,"networkConnectionEnabled":true,"locationContextEnabled":false,"warnings":{},"desired":{"platformName":"android","UDID":"bfe7d6690803","appActivity":"com.natife.eezy.MainActivity","appPackage":"com.eezy.ai.dev","autoGrantPermissions":true,"automationName":"Appium","deviceName":"MyLittleMonster","platformVersion":"7.0"},"platformName":"android","UDID":"bfe7d6690803","appActivity":"com.natife.eezy.MainActivity","appPackage":"com.eezy.ai.dev","autoGrantPermissions":true,"automationName":"Appium","deviceName":"bfe7d6690803","platformVersion":"7.0","deviceUDID":"bfe7d6690803"}],"alwaysMatch":{}},"sessionId":"b9a887ee-a70d-4acc-beba-12bd4d053da7"}}
&amp#27;[35m[WD Proxy]&amp#27;[39m Determined the downstream protocol as 'W3C'
[debug] &amp#27;[35m[WD Proxy]&amp#27;[39m Proxying [GET /appium/device/info] to [GET http://127.0.0.1:8200/wd/hub/session/b9a887ee-a70d-4acc-beba-12bd4d053da7/appium/device/info] with no body
[debug] &amp#27;[35m[WD Proxy]&amp#27;[39m Got response with status 200: {"sessionId":"b9a887ee-a70d-4acc-beba-12bd4d053da7","value":{"androidId":"493cf81125032c7f","apiVersion":"24","bluetooth":{"state":"ON"},"brand":"xiaomi","carrierName":"Vodafone IN","displayDensity":480,"locale":"en_IN","manufacturer":"Xiaomi","model":"Redmi Note 4","networks":[{"capabilities":{"SSID":null,"linkDownBandwidthKbps":1048576,"linkUpstreamBandwidthKbps":1048576,"networkCapabilities":"NET_CAPABILITY_NOT_METERED,NET_CAPABILITY_NOT_RESTRICTED,NET_CAPABILITY_NOT_VPN,NET_CAPABILITY_INTERNET,NET_CAPABILITY_TRUSTED,NET_CAPABILITY_VALIDATED","signalStrength":-78,"transportTypes":"TRANSPORT_WIFI"},"detailedState":"CONNECTED","extraInfo":"\"Rajiv 5G\"","isAvailable":true,"isConnected":true,"isFailover":false,"isRoaming":false,"state":"CONNECTED","subtype":0,"subtypeName":"","type":1,"typeName":"WIFI"}],"platformVersion":"7.0","realDisplaySize":"1080x1920","timeZone":"Asia/Calcutta"}}
[debug] &amp#27;[35m[ADB]&amp#27;[39m Running 'C:\Users\Rajiv\AppData\Local\Android\Sdk\platform-tools\adb.exe -P 5037 -s bfe7d6690803 shell dumpsys window'
&amp#27;[35m[AndroidDriver]&amp#27;[39m Screen already unlocked, doing nothing
&amp#27;[35m[UiAutomator2]&amp#27;[39m Starting 'com.eezy.ai.dev/com.natife.eezy.MainActivity and waiting for 'com.eezy.ai.dev/com.natife.eezy.MainActivity'
[debug] &amp#27;[35m[ADB]&amp#27;[39m Running 'C:\Users\Rajiv\AppData\Local\Android\Sdk\platform-tools\adb.exe -P 5037 -s bfe7d6690803 shell am start -W -n com.eezy.ai.dev/com.natife.eezy.MainActivity -S -a android.intent.action.MAIN -c android.intent.category.LAUNCHER -f 0x10200000'
[debug] &amp#27;[35m[WD Proxy]&amp#27;[39m Proxying [GET /appium/device/pixel_ratio] to [GET http://127.0.0.1:8200/wd/hub/session/b9a887ee-a70d-4acc-beba-12bd4d053da7/appium/device/pixel_ratio] with no body
[debug] &amp#27;[35m[WD Proxy]&amp#27;[39m Got response with status 200: {"sessionId":"b9a887ee-a70d-4acc-beba-12bd4d053da7","value":3}
[debug] &amp#27;[35m[WD Proxy]&amp#27;[39m Matched '/appium/device/system_bars' to command name 'getSystemBars'
[debug] &amp#27;[35m[WD Proxy]&amp#27;[39m Proxying [GET /appium/device/system_bars] to [GET http://127.0.0.1:8200/wd/hub/session/b9a887ee-a70d-4acc-beba-12bd4d053da7/appium/device/system_bars] with no body
[debug] &amp#27;[35m[WD Proxy]&amp#27;[39m Got response with status 200: {"sessionId":"b9a887ee-a70d-4acc-beba-12bd4d053da7","value":{"statusBar":72}}
[debug] &amp#27;[35m[WD Proxy]&amp#27;[39m Matched '/window/current/size' to command name 'getWindowSize'
[debug] &amp#27;[35m[WD Proxy]&amp#27;[39m Proxying [GET /window/current/size] to [GET http://127.0.0.1:8200/wd/hub/session/b9a887ee-a70d-4acc-beba-12bd4d053da7/window/current/size] with no body
[debug] &amp#27;[35m[WD Proxy]&amp#27;[39m Got response with status 200: {"sessionId":"b9a887ee-a70d-4acc-beba-12bd4d053da7","value":{"height":1920,"width":1080}}
&amp#27;[35m[Appium]&amp#27;[39m New AndroidUiautomator2Driver session created successfully, session 4a0778f1-9a36-41aa-b80f-86445122401b added to master session list
[debug] &amp#27;[35m[BaseDriver]&amp#27;[39m Event 'newSessionStarted' logged at 1619597781479 (13:46:21 GMT+0530 (India Standard Time))
[debug] &amp#27;[35m[W3C (4a0778f1)]&amp#27;[39m Cached the protocol value 'W3C' for the new session 4a0778f1-9a36-41aa-b80f-86445122401b
[debug] &amp#27;[35m[W3C (4a0778f1)]&amp#27;[39m Responding to client with driver.createSession() result: {"capabilities":{"platform":"LINUX","webStorageEnabled":false,"takesScreenshot":true,"javascriptEnabled":true,"databaseEnabled":false,"networkConnectionEnabled":true,"locationContextEnabled":false,"warnings":{},"desired":{"platformName":"android","UDID":"bfe7d6690803","appActivity":"com.natife.eezy.MainActivity","appPackage":"com.eezy.ai.dev","autoGrantPermissions":true,"automationName":"Appium","deviceName":"MyLittleMonster","platformVersion":"7.0"},"platformName":"android","UDID":"bfe7d6690803","appActivity":"com.natife.eezy.MainActivity","appPackage":"com.eezy.ai.dev","autoGrantPermissions":true,"automationName":"Appium","deviceName":"bfe7d6690803","platformVersion":"7.0","deviceUDID":"bfe7d6690803","deviceApiLevel":24,"deviceScreenSize":"1080x1920","deviceScreenDensity":480,"deviceModel":"Redmi Note 4","deviceManufacturer":"Xiaomi","pixelRatio":3,"statBarHeight":72,"viewportRect":{"left":0,"top":72,"width":1080,"height":1848}}}
&amp#27;[35m[HTTP]&amp#27;[39m &amp#27;[37m<-- POST /wd/hub/session &amp#27;[39m&amp#27;[32m200&amp#27;[39m &amp#27;[90m20239 ms - 1006&amp#27;[39m
&amp#27;[35m[HTTP]&amp#27;[39m &amp#27;[90m&amp#27;[39m
&amp#27;[35m[HTTP]&amp#27;[39m &amp#27;[37m-->&amp#27;[39m &amp#27;[37mPOST&amp#27;[39m &amp#27;[37m/wd/hub/session/4a0778f1-9a36-41aa-b80f-86445122401b/timeouts&amp#27;[39m
&amp#27;[35m[HTTP]&amp#27;[39m &amp#27;[90m{"implicit":15000}&amp#27;[39m
[debug] &amp#27;[35m[W3C (4a0778f1)]&amp#27;[39m Calling AppiumDriver.timeouts() with args: [null,null,null,null,15000,"4a0778f1-9a36-41aa-b80f-86445122401b"]
[debug] &amp#27;[35m[BaseDriver]&amp#27;[39m W3C timeout argument: {"implicit":15000}}
[debug] &amp#27;[35m[BaseDriver]&amp#27;[39m Set implicit wait to 15000ms
[debug] &amp#27;[35m[W3C (4a0778f1)]&amp#27;[39m Responding to client with driver.timeouts() result: null
&amp#27;[35m[HTTP]&amp#27;[39m &amp#27;[37m<-- POST /wd/hub/session/4a0778f1-9a36-41aa-b80f-86445122401b/timeouts &amp#27;[39m&amp#27;[32m200&amp#27;[39m &amp#27;[90m6 ms - 14&amp#27;[39m
&amp#27;[35m[HTTP]&amp#27;[39m &amp#27;[90m&amp#27;[39m
&amp#27;[35m[HTTP]&amp#27;[39m &amp#27;[37m-->&amp#27;[39m &amp#27;[37mPOST&amp#27;[39m &amp#27;[37m/wd/hub/session/4a0778f1-9a36-41aa-b80f-86445122401b/appium/start_recording_screen&amp#27;[39m
&amp#27;[35m[HTTP]&amp#27;[39m &amp#27;[90m{}&amp#27;[39m
[debug] &amp#27;[35m[W3C (4a0778f1)]&amp#27;[39m Calling AppiumDriver.startRecordingScreen() with args: [null,"4a0778f1-9a36-41aa-b80f-86445122401b"]
[debug] &amp#27;[35m[ADB]&amp#27;[39m Getting IDs of all 'screenrecord' processes
[debug] &amp#27;[35m[ADB]&amp#27;[39m Running 'C:\Users\Rajiv\AppData\Local\Android\Sdk\platform-tools\adb.exe -P 5037 -s bfe7d6690803 shell 'pgrep ^screenrecord$ || pgrep ^screenrecord$''
&amp#27;[35m[AndroidDriver]&amp#27;[39m Screen recording has not been previously started by Appium. There is nothing to stop
[debug] &amp#27;[35m[ADB]&amp#27;[39m Getting IDs of all 'screenrecord' processes
[debug] &amp#27;[35m[ADB]&amp#27;[39m Running 'C:\Users\Rajiv\AppData\Local\Android\Sdk\platform-tools\adb.exe -P 5037 -s bfe7d6690803 shell 'pgrep ^screenrecord$ || pgrep ^screenrecord$''
[debug] &amp#27;[35m[ADB]&amp#27;[39m Building screenrecord process with the command line: adb -P 5037 -s bfe7d6690803 shell screenrecord --time-limit 180 /sdcard/292f4eed.mp4
[debug] &amp#27;[35m[ADB]&amp#27;[39m Running 'C:\Users\Rajiv\AppData\Local\Android\Sdk\platform-tools\adb.exe -P 5037 -s bfe7d6690803 shell "[ -e '/sdcard/292f4eed.mp4' ] && echo __PASS__"'
[debug] &amp#27;[35m[ADB]&amp#27;[39m Running 'C:\Users\Rajiv\AppData\Local\Android\Sdk\platform-tools\adb.exe -P 5037 -s bfe7d6690803 shell "[ -e '/sdcard/292f4eed.mp4' ] && echo __PASS__"'
[debug] &amp#27;[35m[W3C (4a0778f1)]&amp#27;[39m Responding to client with driver.startRecordingScreen() result: ""
&amp#27;[35m[HTTP]&amp#27;[39m &amp#27;[37m<-- POST /wd/hub/session/4a0778f1-9a36-41aa-b80f-86445122401b/appium/start_recording_screen &amp#27;[39m&amp#27;[32m200&amp#27;[39m &amp#27;[90m734 ms - 12&amp#27;[39m
&amp#27;[35m[HTTP]&amp#27;[39m &amp#27;[90m&amp#27;[39m
&amp#27;[35m[HTTP]&amp#27;[39m &amp#27;[37m-->&amp#27;[39m &amp#27;[37mGET&amp#27;[39m &amp#27;[37m/wd/hub/session/4a0778f1-9a36-41aa-b80f-86445122401b/context&amp#27;[39m
&amp#27;[35m[HTTP]&amp#27;[39m &amp#27;[90m{}&amp#27;[39m
[debug] &amp#27;[35m[W3C (4a0778f1)]&amp#27;[39m Calling AppiumDriver.getCurrentContext() with args: ["4a0778f1-9a36-41aa-b80f-86445122401b"]
[debug] &amp#27;[35m[W3C (4a0778f1)]&amp#27;[39m Responding to client with driver.getCurrentContext() result: "NATIVE_APP"
&amp#27;[35m[HTTP]&amp#27;[39m &amp#27;[37m<-- GET /wd/hub/session/4a0778f1-9a36-41aa-b80f-86445122401b/context &amp#27;[39m&amp#27;[32m200&amp#27;[39m &amp#27;[90m3 ms - 22&amp#27;[39m
&amp#27;[35m[HTTP]&amp#27;[39m &amp#27;[90m&amp#27;[39m
&amp#27;[35m[HTTP]&amp#27;[39m &amp#27;[37m-->&amp#27;[39m &amp#27;[37mPOST&amp#27;[39m &amp#27;[37m/wd/hub/session/4a0778f1-9a36-41aa-b80f-86445122401b/element&amp#27;[39m
&amp#27;[35m[HTTP]&amp#27;[39m &amp#27;[90m{"using":"id","value":"com.eezy.ai.dev:id/wizardLoginTextView"}&amp#27;[39m
[debug] &amp#27;[35m[W3C (4a0778f1)]&amp#27;[39m Calling AppiumDriver.findElement() with args: ["id","com.eezy.ai.dev:id/wizardLoginTextView","4a0778f1-9a36-41aa-b80f-86445122401b"]
[debug] &amp#27;[35m[BaseDriver]&amp#27;[39m Valid locator strategies for this request: xpath, id, class name, accessibility id, css selector, -android uiautomator
[debug] &amp#27;[35m[BaseDriver]&amp#27;[39m Waiting up to 15000 ms for condition
[debug] &amp#27;[35m[WD Proxy]&amp#27;[39m Matched '/element' to command name 'findElement'
[debug] &amp#27;[35m[WD Proxy]&amp#27;[39m Proxying [POST /element] to [POST http://127.0.0.1:8200/wd/hub/session/b9a887ee-a70d-4acc-beba-12bd4d053da7/element] with body: {"strategy":"id","selector":"com.eezy.ai.dev:id/wizardLoginTextView","context":"","multiple":false}
&amp#27;[35m[WD Proxy]&amp#27;[39m Got response with status 404: {"sessionId":"b9a887ee-a70d-4acc-beba-12bd4d053da7","value":{"error":"no such element","message":"An element could not be located on the page using the given search parameters","stacktrace":"io.appium.uiautomator2.common.exceptions.ElementNotFoundException: An element could not be located on the page using the given search parameters\n\tat io.appium.uiautomator2.handler.FindElement.safeHandle(FindElement.java:70)\n\tat io.appium.uiautomator2.handler.request.SafeRequestHandler.handle(SafeRequestHandler.java:41)\n\tat io.appium.uiautomator2.server.AppiumServlet.handleRequest(AppiumServlet.java:261)\n\tat io.appium.uiautomator2.server.AppiumServlet.handleHttpRequest(AppiumServlet.java:255)\n\tat io.appium.uiautomator2.http.ServerHandler.channelRead(ServerHandler.java:68)\n\tat io.netty.channel.AbstractChannelHandlerContext.invokeChannelRead(AbstractChannelHandlerContext.java:366)\n\tat io.netty.channel.AbstractChannelHandlerContext.invokeChannelRead(AbstractChannelHandlerContext.java:352)\n\tat io.netty.chann...
[debug] &amp#27;[35m[W3C]&amp#27;[39m Matched W3C error code 'no such element' to NoSuchElementError
[debug] &amp#27;[35m[BaseDriver]&amp#27;[39m Waited for 475 ms so far
[debug] &amp#27;[35m[WD Proxy]&amp#27;[39m Matched '/element' to command name 'findElement'
[debug] &amp#27;[35m[WD Proxy]&amp#27;[39m Proxying [POST /element] to [POST http://127.0.0.1:8200/wd/hub/session/b9a887ee-a70d-4acc-beba-12bd4d053da7/element] with body: {"strategy":"id","selector":"com.eezy.ai.dev:id/wizardLoginTextView","context":"","multiple":false}
&amp#27;[35m[WD Proxy]&amp#27;[39m Got response with status 404: {"sessionId":"b9a887ee-a70d-4acc-beba-12bd4d053da7","value":{"error":"no such element","message":"An element could not be located on the page using the given search parameters","stacktrace":"io.appium.uiautomator2.common.exceptions.ElementNotFoundException: An element could not be located on the page using the given search parameters\n\tat io.appium.uiautomator2.handler.FindElement.safeHandle(FindElement.java:70)\n\tat io.appium.uiautomator2.handler.request.SafeRequestHandler.handle(SafeRequestHandler.java:41)\n\tat io.appium.uiautomator2.server.AppiumServlet.handleRequest(AppiumServlet.java:261)\n\tat io.appium.uiautomator2.server.AppiumServlet.handleHttpRequest(AppiumServlet.java:255)\n\tat io.appium.uiautomator2.http.ServerHandler.channelRead(ServerHandler.java:68)\n\tat io.netty.channel.AbstractChannelHandlerContext.invokeChannelRead(AbstractChannelHandlerContext.java:366)\n\tat io.netty.channel.AbstractChannelHandlerContext.invokeChannelRead(AbstractChannelHandlerContext.java:352)\n\tat io.netty.chann...
[debug] &amp#27;[35m[W3C]&amp#27;[39m Matched W3C error code 'no such element' to NoSuchElementError
[debug] &amp#27;[35m[BaseDriver]&amp#27;[39m Waited for 1072 ms so far
[debug] &amp#27;[35m[WD Proxy]&amp#27;[39m Matched '/element' to command name 'findElement'
[debug] &amp#27;[35m[WD Proxy]&amp#27;[39m Proxying [POST /element] to [POST http://127.0.0.1:8200/wd/hub/session/b9a887ee-a70d-4acc-beba-12bd4d053da7/element] with body: {"strategy":"id","selector":"com.eezy.ai.dev:id/wizardLoginTextView","context":"","multiple":false}
[debug] &amp#27;[35m[WD Proxy]&amp#27;[39m Got response with status 200: {"sessionId":"b9a887ee-a70d-4acc-beba-12bd4d053da7","value":{"ELEMENT":"a3641594-d462-44a3-a4bb-4a1e230231e4","element-6066-11e4-a52e-4f735466cecf":"a3641594-d462-44a3-a4bb-4a1e230231e4"}}
[debug] &amp#27;[35m[W3C (4a0778f1)]&amp#27;[39m Responding to client with driver.findElement() result: {"element-6066-11e4-a52e-4f735466cecf":"a3641594-d462-44a3-a4bb-4a1e230231e4","ELEMENT":"a3641594-d462-44a3-a4bb-4a1e230231e4"}
&amp#27;[35m[HTTP]&amp#27;[39m &amp#27;[37m<-- POST /wd/hub/session/4a0778f1-9a36-41aa-b80f-86445122401b/element &amp#27;[39m&amp#27;[32m200&amp#27;[39m &amp#27;[90m2183 ms - 137&amp#27;[39m
&amp#27;[35m[HTTP]&amp#27;[39m &amp#27;[90m&amp#27;[39m
&amp#27;[35m[HTTP]&amp#27;[39m &amp#27;[37m-->&amp#27;[39m &amp#27;[37mGET&amp#27;[39m &amp#27;[37m/wd/hub/session/4a0778f1-9a36-41aa-b80f-86445122401b/element/a3641594-d462-44a3-a4bb-4a1e230231e4/displayed&amp#27;[39m
&amp#27;[35m[HTTP]&amp#27;[39m &amp#27;[90m{}&amp#27;[39m
[debug] &amp#27;[35m[W3C (4a0778f1)]&amp#27;[39m Calling AppiumDriver.elementDisplayed() with args: ["a3641594-d462-44a3-a4bb-4a1e230231e4","4a0778f1-9a36-41aa-b80f-86445122401b"]
[debug] &amp#27;[35m[WD Proxy]&amp#27;[39m Matched '/element/a3641594-d462-44a3-a4bb-4a1e230231e4/attribute/displayed' to command name 'getAttribute'
[debug] &amp#27;[35m[WD Proxy]&amp#27;[39m Proxying [GET /element/a3641594-d462-44a3-a4bb-4a1e230231e4/attribute/displayed] to [GET http://127.0.0.1:8200/wd/hub/session/b9a887ee-a70d-4acc-beba-12bd4d053da7/element/a3641594-d462-44a3-a4bb-4a1e230231e4/attribute/displayed] with no body
[debug] &amp#27;[35m[WD Proxy]&amp#27;[39m Got response with status 200: {"sessionId":"b9a887ee-a70d-4acc-beba-12bd4d053da7","value":"true"}
[debug] &amp#27;[35m[W3C (4a0778f1)]&amp#27;[39m Responding to client with driver.elementDisplayed() result: true
&amp#27;[35m[HTTP]&amp#27;[39m &amp#27;[37m<-- GET /wd/hub/session/4a0778f1-9a36-41aa-b80f-86445122401b/element/a3641594-d462-44a3-a4bb-4a1e230231e4/displayed &amp#27;[39m&amp#27;[32m200&amp#27;[39m &amp#27;[90m28 ms - 14&amp#27;[39m
&amp#27;[35m[HTTP]&amp#27;[39m &amp#27;[90m&amp#27;[39m
&amp#27;[35m[HTTP]&amp#27;[39m &amp#27;[37m-->&amp#27;[39m &amp#27;[37mGET&amp#27;[39m &amp#27;[37m/wd/hub/session/4a0778f1-9a36-41aa-b80f-86445122401b/context&amp#27;[39m
&amp#27;[35m[HTTP]&amp#27;[39m &amp#27;[90m{}&amp#27;[39m
[debug] &amp#27;[35m[W3C (4a0778f1)]&amp#27;[39m Calling AppiumDriver.getCurrentContext() with args: ["4a0778f1-9a36-41aa-b80f-86445122401b"]
[debug] &amp#27;[35m[W3C (4a0778f1)]&amp#27;[39m Responding to client with driver.getCurrentContext() result: "NATIVE_APP"
&amp#27;[35m[HTTP]&amp#27;[39m &amp#27;[37m<-- GET /wd/hub/session/4a0778f1-9a36-41aa-b80f-86445122401b/context &amp#27;[39m&amp#27;[32m200&amp#27;[39m &amp#27;[90m3 ms - 22&amp#27;[39m
&amp#27;[35m[HTTP]&amp#27;[39m &amp#27;[90m&amp#27;[39m
&amp#27;[35m[HTTP]&amp#27;[39m &amp#27;[37m-->&amp#27;[39m &amp#27;[37mPOST&amp#27;[39m &amp#27;[37m/wd/hub/session/4a0778f1-9a36-41aa-b80f-86445122401b/element&amp#27;[39m
&amp#27;[35m[HTTP]&amp#27;[39m &amp#27;[90m{"using":"id","value":"com.eezy.ai.dev:id/wizardLoginTextView"}&amp#27;[39m
[debug] &amp#27;[35m[W3C (4a0778f1)]&amp#27;[39m Calling AppiumDriver.findElement() with args: ["id","com.eezy.ai.dev:id/wizardLoginTextView","4a0778f1-9a36-41aa-b80f-86445122401b"]
[debug] &amp#27;[35m[BaseDriver]&amp#27;[39m Valid locator strategies for this request: xpath, id, class name, accessibility id, css selector, -android uiautomator
[debug] &amp#27;[35m[BaseDriver]&amp#27;[39m Waiting up to 15000 ms for condition
[debug] &amp#27;[35m[WD Proxy]&amp#27;[39m Matched '/element' to command name 'findElement'
[debug] &amp#27;[35m[WD Proxy]&amp#27;[39m Proxying [POST /element] to [POST http://127.0.0.1:8200/wd/hub/session/b9a887ee-a70d-4acc-beba-12bd4d053da7/element] with body: {"strategy":"id","selector":"com.eezy.ai.dev:id/wizardLoginTextView","context":"","multiple":false}
[debug] &amp#27;[35m[WD Proxy]&amp#27;[39m Got response with status 200: {"sessionId":"b9a887ee-a70d-4acc-beba-12bd4d053da7","value":{"ELEMENT":"526c63a4-bac1-478e-b01e-ec34d4f6ff9b","element-6066-11e4-a52e-4f735466cecf":"526c63a4-bac1-478e-b01e-ec34d4f6ff9b"}}
[debug] &amp#27;[35m[W3C (4a0778f1)]&amp#27;[39m Responding to client with driver.findElement() result: {"element-6066-11e4-a52e-4f735466cecf":"526c63a4-bac1-478e-b01e-ec34d4f6ff9b","ELEMENT":"526c63a4-bac1-478e-b01e-ec34d4f6ff9b"}
&amp#27;[35m[HTTP]&amp#27;[39m &amp#27;[37m<-- POST /wd/hub/session/4a0778f1-9a36-41aa-b80f-86445122401b/element &amp#27;[39m&amp#27;[32m200&amp#27;[39m &amp#27;[90m40 ms - 137&amp#27;[39m
&amp#27;[35m[HTTP]&amp#27;[39m &amp#27;[90m&amp#27;[39m
&amp#27;[35m[HTTP]&amp#27;[39m &amp#27;[37m-->&amp#27;[39m &amp#27;[37mGET&amp#27;[39m &amp#27;[37m/wd/hub/session/4a0778f1-9a36-41aa-b80f-86445122401b/element/526c63a4-bac1-478e-b01e-ec34d4f6ff9b/enabled&amp#27;[39m
&amp#27;[35m[HTTP]&amp#27;[39m &amp#27;[90m{}&amp#27;[39m
[debug] &amp#27;[35m[W3C (4a0778f1)]&amp#27;[39m Calling AppiumDriver.elementEnabled() with args: ["526c63a4-bac1-478e-b01e-ec34d4f6ff9b","4a0778f1-9a36-41aa-b80f-86445122401b"]
[debug] &amp#27;[35m[WD Proxy]&amp#27;[39m Matched '/element/526c63a4-bac1-478e-b01e-ec34d4f6ff9b/attribute/enabled' to command name 'getAttribute'
[debug] &amp#27;[35m[WD Proxy]&amp#27;[39m Proxying [GET /element/526c63a4-bac1-478e-b01e-ec34d4f6ff9b/attribute/enabled] to [GET http://127.0.0.1:8200/wd/hub/session/b9a887ee-a70d-4acc-beba-12bd4d053da7/element/526c63a4-bac1-478e-b01e-ec34d4f6ff9b/attribute/enabled] with no body
[debug] &amp#27;[35m[WD Proxy]&amp#27;[39m Got response with status 200: {"sessionId":"b9a887ee-a70d-4acc-beba-12bd4d053da7","value":"true"}
[debug] &amp#27;[35m[W3C (4a0778f1)]&amp#27;[39m Responding to client with driver.elementEnabled() result: true
&amp#27;[35m[HTTP]&amp#27;[39m &amp#27;[37m<-- GET /wd/hub/session/4a0778f1-9a36-41aa-b80f-86445122401b/element/526c63a4-bac1-478e-b01e-ec34d4f6ff9b/enabled &amp#27;[39m&amp#27;[32m200&amp#27;[39m &amp#27;[90m22 ms - 14&amp#27;[39m
&amp#27;[35m[HTTP]&amp#27;[39m &amp#27;[90m&amp#27;[39m
&amp#27;[35m[HTTP]&amp#27;[39m &amp#27;[37m-->&amp#27;[39m &amp#27;[37mGET&amp#27;[39m &amp#27;[37m/wd/hub/session/4a0778f1-9a36-41aa-b80f-86445122401b/context&amp#27;[39m
&amp#27;[35m[HTTP]&amp#27;[39m &amp#27;[90m{}&amp#27;[39m
[debug] &amp#27;[35m[W3C (4a0778f1)]&amp#27;[39m Calling AppiumDriver.getCurrentContext() with args: ["4a0778f1-9a36-41aa-b80f-86445122401b"]
[debug] &amp#27;[35m[W3C (4a0778f1)]&amp#27;[39m Responding to client with driver.getCurrentContext() result: "NATIVE_APP"
&amp#27;[35m[HTTP]&amp#27;[39m &amp#27;[37m<-- GET /wd/hub/session/4a0778f1-9a36-41aa-b80f-86445122401b/context &amp#27;[39m&amp#27;[32m200&amp#27;[39m &amp#27;[90m3 ms - 22&amp#27;[39m
&amp#27;[35m[HTTP]&amp#27;[39m &amp#27;[90m&amp#27;[39m
&amp#27;[35m[HTTP]&amp#27;[39m &amp#27;[37m-->&amp#27;[39m &amp#27;[37mPOST&amp#27;[39m &amp#27;[37m/wd/hub/session/4a0778f1-9a36-41aa-b80f-86445122401b/element&amp#27;[39m
&amp#27;[35m[HTTP]&amp#27;[39m &amp#27;[90m{"using":"id","value":"com.eezy.ai.dev:id/wizardLoginTextView"}&amp#27;[39m
[debug] &amp#27;[35m[W3C (4a0778f1)]&amp#27;[39m Calling AppiumDriver.findElement() with args: ["id","com.eezy.ai.dev:id/wizardLoginTextView","4a0778f1-9a36-41aa-b80f-86445122401b"]
[debug] &amp#27;[35m[BaseDriver]&amp#27;[39m Valid locator strategies for this request: xpath, id, class name, accessibility id, css selector, -android uiautomator
[debug] &amp#27;[35m[BaseDriver]&amp#27;[39m Waiting up to 15000 ms for condition
[debug] &amp#27;[35m[WD Proxy]&amp#27;[39m Matched '/element' to command name 'findElement'
[debug] &amp#27;[35m[WD Proxy]&amp#27;[39m Proxying [POST /element] to [POST http://127.0.0.1:8200/wd/hub/session/b9a887ee-a70d-4acc-beba-12bd4d053da7/element] with body: {"strategy":"id","selector":"com.eezy.ai.dev:id/wizardLoginTextView","context":"","multiple":false}
[debug] &amp#27;[35m[WD Proxy]&amp#27;[39m Got response with status 200: {"sessionId":"b9a887ee-a70d-4acc-beba-12bd4d053da7","value":{"ELEMENT":"f2727555-1f79-4840-a45b-47b81f807edc","element-6066-11e4-a52e-4f735466cecf":"f2727555-1f79-4840-a45b-47b81f807edc"}}
[debug] &amp#27;[35m[W3C (4a0778f1)]&amp#27;[39m Responding to client with driver.findElement() result: {"element-6066-11e4-a52e-4f735466cecf":"f2727555-1f79-4840-a45b-47b81f807edc","ELEMENT":"f2727555-1f79-4840-a45b-47b81f807edc"}
&amp#27;[35m[HTTP]&amp#27;[39m &amp#27;[37m<-- POST /wd/hub/session/4a0778f1-9a36-41aa-b80f-86445122401b/element &amp#27;[39m&amp#27;[32m200&amp#27;[39m &amp#27;[90m50 ms - 137&amp#27;[39m
&amp#27;[35m[HTTP]&amp#27;[39m &amp#27;[90m&amp#27;[39m
&amp#27;[35m[HTTP]&amp#27;[39m &amp#27;[37m-->&amp#27;[39m &amp#27;[37mPOST&amp#27;[39m &amp#27;[37m/wd/hub/session/4a0778f1-9a36-41aa-b80f-86445122401b/element/f2727555-1f79-4840-a45b-47b81f807edc/click&amp#27;[39m
&amp#27;[35m[HTTP]&amp#27;[39m &amp#27;[90m{"id":"f2727555-1f79-4840-a45b-47b81f807edc"}&amp#27;[39m
[debug] &amp#27;[35m[W3C (4a0778f1)]&amp#27;[39m Calling AppiumDriver.click() with args: ["f2727555-1f79-4840-a45b-47b81f807edc","4a0778f1-9a36-41aa-b80f-86445122401b"]
[debug] &amp#27;[35m[WD Proxy]&amp#27;[39m Matched '/element/f2727555-1f79-4840-a45b-47b81f807edc/click' to command name 'click'
[debug] &amp#27;[35m[WD Proxy]&amp#27;[39m Proxying [POST /element/f2727555-1f79-4840-a45b-47b81f807edc/click] to [POST http://127.0.0.1:8200/wd/hub/session/b9a887ee-a70d-4acc-beba-12bd4d053da7/element/f2727555-1f79-4840-a45b-47b81f807edc/click] with body: {"element":"f2727555-1f79-4840-a45b-47b81f807edc"}
[debug] &amp#27;[35m[WD Proxy]&amp#27;[39m Got response with status 200: {"sessionId":"b9a887ee-a70d-4acc-beba-12bd4d053da7","value":null}
[debug] &amp#27;[35m[W3C (4a0778f1)]&amp#27;[39m Responding to client with driver.click() result: null
&amp#27;[35m[HTTP]&amp#27;[39m &amp#27;[37m<-- POST /wd/hub/session/4a0778f1-9a36-41aa-b80f-86445122401b/element/f2727555-1f79-4840-a45b-47b81f807edc/click &amp#27;[39m&amp#27;[32m200&amp#27;[39m &amp#27;[90m47 ms - 14&amp#27;[39m
&amp#27;[35m[HTTP]&amp#27;[39m &amp#27;[90m&amp#27;[39m
&amp#27;[35m[HTTP]&amp#27;[39m &amp#27;[37m-->&amp#27;[39m &amp#27;[37mGET&amp#27;[39m &amp#27;[37m/wd/hub/session/4a0778f1-9a36-41aa-b80f-86445122401b/context&amp#27;[39m
&amp#27;[35m[HTTP]&amp#27;[39m &amp#27;[90m{}&amp#27;[39m
[debug] &amp#27;[35m[W3C (4a0778f1)]&amp#27;[39m Calling AppiumDriver.getCurrentContext() with args: ["4a0778f1-9a36-41aa-b80f-86445122401b"]
[debug] &amp#27;[35m[W3C (4a0778f1)]&amp#27;[39m Responding to client with driver.getCurrentContext() result: "NATIVE_APP"
&amp#27;[35m[HTTP]&amp#27;[39m &amp#27;[37m<-- GET /wd/hub/session/4a0778f1-9a36-41aa-b80f-86445122401b/context &amp#27;[39m&amp#27;[32m200&amp#27;[39m &amp#27;[90m3 ms - 22&amp#27;[39m
&amp#27;[35m[HTTP]&amp#27;[39m &amp#27;[90m&amp#27;[39m
&amp#27;[35m[HTTP]&amp#27;[39m &amp#27;[37m-->&amp#27;[39m &amp#27;[37mPOST&amp#27;[39m &amp#27;[37m/wd/hub/session/4a0778f1-9a36-41aa-b80f-86445122401b/element&amp#27;[39m
&amp#27;[35m[HTTP]&amp#27;[39m &amp#27;[90m{"using":"id","value":"com.eezy.ai.dev:id/signUpMessage"}&amp#27;[39m
[debug] &amp#27;[35m[W3C (4a0778f1)]&amp#27;[39m Calling AppiumDriver.findElement() with args: ["id","com.eezy.ai.dev:id/signUpMessage","4a0778f1-9a36-41aa-b80f-86445122401b"]
[debug] &amp#27;[35m[BaseDriver]&amp#27;[39m Valid locator strategies for this request: xpath, id, class name, accessibility id, css selector, -android uiautomator
[debug] &amp#27;[35m[BaseDriver]&amp#27;[39m Waiting up to 15000 ms for condition
[debug] &amp#27;[35m[WD Proxy]&amp#27;[39m Matched '/element' to command name 'findElement'
[debug] &amp#27;[35m[WD Proxy]&amp#27;[39m Proxying [POST /element] to [POST http://127.0.0.1:8200/wd/hub/session/b9a887ee-a70d-4acc-beba-12bd4d053da7/element] with body: {"strategy":"id","selector":"com.eezy.ai.dev:id/signUpMessage","context":"","multiple":false}
[debug] &amp#27;[35m[WD Proxy]&amp#27;[39m Got response with status 200: {"sessionId":"b9a887ee-a70d-4acc-beba-12bd4d053da7","value":{"ELEMENT":"a2d4c984-c44d-4563-9cab-a53907d263d6","element-6066-11e4-a52e-4f735466cecf":"a2d4c984-c44d-4563-9cab-a53907d263d6"}}
[debug] &amp#27;[35m[W3C (4a0778f1)]&amp#27;[39m Responding to client with driver.findElement() result: {"element-6066-11e4-a52e-4f735466cecf":"a2d4c984-c44d-4563-9cab-a53907d263d6","ELEMENT":"a2d4c984-c44d-4563-9cab-a53907d263d6"}
&amp#27;[35m[HTTP]&amp#27;[39m &amp#27;[37m<-- POST /wd/hub/session/4a0778f1-9a36-41aa-b80f-86445122401b/element &amp#27;[39m&amp#27;[32m200&amp#27;[39m &amp#27;[90m426 ms - 137&amp#27;[39m
&amp#27;[35m[HTTP]&amp#27;[39m &amp#27;[90m&amp#27;[39m
&amp#27;[35m[HTTP]&amp#27;[39m &amp#27;[37m-->&amp#27;[39m &amp#27;[37mGET&amp#27;[39m &amp#27;[37m/wd/hub/session/4a0778f1-9a36-41aa-b80f-86445122401b/element/a2d4c984-c44d-4563-9cab-a53907d263d6/displayed&amp#27;[39m
&amp#27;[35m[HTTP]&amp#27;[39m &amp#27;[90m{}&amp#27;[39m
[debug] &amp#27;[35m[W3C (4a0778f1)]&amp#27;[39m Calling AppiumDriver.elementDisplayed() with args: ["a2d4c984-c44d-4563-9cab-a53907d263d6","4a0778f1-9a36-41aa-b80f-86445122401b"]
[debug] &amp#27;[35m[WD Proxy]&amp#27;[39m Matched '/element/a2d4c984-c44d-4563-9cab-a53907d263d6/attribute/displayed' to command name 'getAttribute'
[debug] &amp#27;[35m[WD Proxy]&amp#27;[39m Proxying [GET /element/a2d4c984-c44d-4563-9cab-a53907d263d6/attribute/displayed] to [GET http://127.0.0.1:8200/wd/hub/session/b9a887ee-a70d-4acc-beba-12bd4d053da7/element/a2d4c984-c44d-4563-9cab-a53907d263d6/attribute/displayed] with no body
[debug] &amp#27;[35m[WD Proxy]&amp#27;[39m Got response with status 200: {"sessionId":"b9a887ee-a70d-4acc-beba-12bd4d053da7","value":"true"}
[debug] &amp#27;[35m[W3C (4a0778f1)]&amp#27;[39m Responding to client with driver.elementDisplayed() result: true
&amp#27;[35m[HTTP]&amp#27;[39m &amp#27;[37m<-- GET /wd/hub/session/4a0778f1-9a36-41aa-b80f-86445122401b/element/a2d4c984-c44d-4563-9cab-a53907d263d6/displayed &amp#27;[39m&amp#27;[32m200&amp#27;[39m &amp#27;[90m484 ms - 14&amp#27;[39m
&amp#27;[35m[HTTP]&amp#27;[39m &amp#27;[90m&amp#27;[39m
&amp#27;[35m[HTTP]&amp#27;[39m &amp#27;[37m-->&amp#27;[39m &amp#27;[37mGET&amp#27;[39m &amp#27;[37m/wd/hub/session/4a0778f1-9a36-41aa-b80f-86445122401b/context&amp#27;[39m
&amp#27;[35m[HTTP]&amp#27;[39m &amp#27;[90m{}&amp#27;[39m
[debug] &amp#27;[35m[W3C (4a0778f1)]&amp#27;[39m Calling AppiumDriver.getCurrentContext() with args: ["4a0778f1-9a36-41aa-b80f-86445122401b"]
[debug] &amp#27;[35m[W3C (4a0778f1)]&amp#27;[39m Responding to client with driver.getCurrentContext() result: "NATIVE_APP"
&amp#27;[35m[HTTP]&amp#27;[39m &amp#27;[37m<-- GET /wd/hub/session/4a0778f1-9a36-41aa-b80f-86445122401b/context &amp#27;[39m&amp#27;[32m200&amp#27;[39m &amp#27;[90m2 ms - 22&amp#27;[39m
&amp#27;[35m[HTTP]&amp#27;[39m &amp#27;[90m&amp#27;[39m
&amp#27;[35m[HTTP]&amp#27;[39m &amp#27;[37m-->&amp#27;[39m &amp#27;[37mPOST&amp#27;[39m &amp#27;[37m/wd/hub/session/4a0778f1-9a36-41aa-b80f-86445122401b/element&amp#27;[39m
&amp#27;[35m[HTTP]&amp#27;[39m &amp#27;[90m{"using":"id","value":"com.eezy.ai.dev:id/signUpMessage"}&amp#27;[39m
[debug] &amp#27;[35m[W3C (4a0778f1)]&amp#27;[39m Calling AppiumDriver.findElement() with args: ["id","com.eezy.ai.dev:id/signUpMessage","4a0778f1-9a36-41aa-b80f-86445122401b"]
[debug] &amp#27;[35m[BaseDriver]&amp#27;[39m Valid locator strategies for this request: xpath, id, class name, accessibility id, css selector, -android uiautomator
[debug] &amp#27;[35m[BaseDriver]&amp#27;[39m Waiting up to 15000 ms for condition
[debug] &amp#27;[35m[WD Proxy]&amp#27;[39m Matched '/element' to command name 'findElement'
[debug] &amp#27;[35m[WD Proxy]&amp#27;[39m Proxying [POST /element] to [POST http://127.0.0.1:8200/wd/hub/session/b9a887ee-a70d-4acc-beba-12bd4d053da7/element] with body: {"strategy":"id","selector":"com.eezy.ai.dev:id/signUpMessage","context":"","multiple":false}
[debug] &amp#27;[35m[WD Proxy]&amp#27;[39m Got response with status 200: {"sessionId":"b9a887ee-a70d-4acc-beba-12bd4d053da7","value":{"ELEMENT":"23ad60b7-cd1b-49b8-9f91-5618476d36d5","element-6066-11e4-a52e-4f735466cecf":"23ad60b7-cd1b-49b8-9f91-5618476d36d5"}}
[debug] &amp#27;[35m[W3C (4a0778f1)]&amp#27;[39m Responding to client with driver.findElement() result: {"element-6066-11e4-a52e-4f735466cecf":"23ad60b7-cd1b-49b8-9f91-5618476d36d5","ELEMENT":"23ad60b7-cd1b-49b8-9f91-5618476d36d5"}
&amp#27;[35m[HTTP]&amp#27;[39m &amp#27;[37m<-- POST /wd/hub/session/4a0778f1-9a36-41aa-b80f-86445122401b/element &amp#27;[39m&amp#27;[32m200&amp#27;[39m &amp#27;[90m68 ms - 137&amp#27;[39m
&amp#27;[35m[HTTP]&amp#27;[39m &amp#27;[90m&amp#27;[39m
&amp#27;[35m[HTTP]&amp#27;[39m &amp#27;[37m-->&amp#27;[39m &amp#27;[37mGET&amp#27;[39m &amp#27;[37m/wd/hub/session/4a0778f1-9a36-41aa-b80f-86445122401b/element/23ad60b7-cd1b-49b8-9f91-5618476d36d5/enabled&amp#27;[39m
&amp#27;[35m[HTTP]&amp#27;[39m &amp#27;[90m{}&amp#27;[39m
[debug] &amp#27;[35m[W3C (4a0778f1)]&amp#27;[39m Calling AppiumDriver.elementEnabled() with args: ["23ad60b7-cd1b-49b8-9f91-5618476d36d5","4a0778f1-9a36-41aa-b80f-86445122401b"]
[debug] &amp#27;[35m[WD Proxy]&amp#27;[39m Matched '/element/23ad60b7-cd1b-49b8-9f91-5618476d36d5/attribute/enabled' to command name 'getAttribute'
[debug] &amp#27;[35m[WD Proxy]&amp#27;[39m Proxying [GET /element/23ad60b7-cd1b-49b8-9f91-5618476d36d5/attribute/enabled] to [GET http://127.0.0.1:8200/wd/hub/session/b9a887ee-a70d-4acc-beba-12bd4d053da7/element/23ad60b7-cd1b-49b8-9f91-5618476d36d5/attribute/enabled] with no body
[debug] &amp#27;[35m[WD Proxy]&amp#27;[39m Got response with status 200: {"sessionId":"b9a887ee-a70d-4acc-beba-12bd4d053da7","value":"true"}
[debug] &amp#27;[35m[W3C (4a0778f1)]&amp#27;[39m Responding to client with driver.elementEnabled() result: true
&amp#27;[35m[HTTP]&amp#27;[39m &amp#27;[37m<-- GET /wd/hub/session/4a0778f1-9a36-41aa-b80f-86445122401b/element/23ad60b7-cd1b-49b8-9f91-5618476d36d5/enabled &amp#27;[39m&amp#27;[32m200&amp#27;[39m &amp#27;[90m32 ms - 14&amp#27;[39m
&amp#27;[35m[HTTP]&amp#27;[39m &amp#27;[90m&amp#27;[39m
&amp#27;[35m[HTTP]&amp#27;[39m &amp#27;[37m-->&amp#27;[39m &amp#27;[37mGET&amp#27;[39m &amp#27;[37m/wd/hub/session/4a0778f1-9a36-41aa-b80f-86445122401b/context&amp#27;[39m
&amp#27;[35m[HTTP]&amp#27;[39m &amp#27;[90m{}&amp#27;[39m
[debug] &amp#27;[35m[W3C (4a0778f1)]&amp#27;[39m Calling AppiumDriver.getCurrentContext() with args: ["4a0778f1-9a36-41aa-b80f-86445122401b"]
[debug] &amp#27;[35m[W3C (4a0778f1)]&amp#27;[39m Responding to client with driver.getCurrentContext() result: "NATIVE_APP"
&amp#27;[35m[HTTP]&amp#27;[39m &amp#27;[37m<-- GET /wd/hub/session/4a0778f1-9a36-41aa-b80f-86445122401b/context &amp#27;[39m&amp#27;[32m200&amp#27;[39m &amp#27;[90m3 ms - 22&amp#27;[39m
&amp#27;[35m[HTTP]&amp#27;[39m &amp#27;[90m&amp#27;[39m
&amp#27;[35m[HTTP]&amp#27;[39m &amp#27;[37m-->&amp#27;[39m &amp#27;[37mPOST&amp#27;[39m &amp#27;[37m/wd/hub/session/4a0778f1-9a36-41aa-b80f-86445122401b/element&amp#27;[39m
&amp#27;[35m[HTTP]&amp#27;[39m &amp#27;[90m{"using":"id","value":"com.eezy.ai.dev:id/signUpMessage"}&amp#27;[39m
[debug] &amp#27;[35m[W3C (4a0778f1)]&amp#27;[39m Calling AppiumDriver.findElement() with args: ["id","com.eezy.ai.dev:id/signUpMessage","4a0778f1-9a36-41aa-b80f-86445122401b"]
[debug] &amp#27;[35m[BaseDriver]&amp#27;[39m Valid locator strategies for this request: xpath, id, class name, accessibility id, css selector, -android uiautomator
[debug] &amp#27;[35m[BaseDriver]&amp#27;[39m Waiting up to 15000 ms for condition
[debug] &amp#27;[35m[WD Proxy]&amp#27;[39m Matched '/element' to command name 'findElement'
[debug] &amp#27;[35m[WD Proxy]&amp#27;[39m Proxying [POST /element] to [POST http://127.0.0.1:8200/wd/hub/session/b9a887ee-a70d-4acc-beba-12bd4d053da7/element] with body: {"strategy":"id","selector":"com.eezy.ai.dev:id/signUpMessage","context":"","multiple":false}
[debug] &amp#27;[35m[WD Proxy]&amp#27;[39m Got response with status 200: {"sessionId":"b9a887ee-a70d-4acc-beba-12bd4d053da7","value":{"ELEMENT":"a771cf47-cea7-42db-b84e-938384217243","element-6066-11e4-a52e-4f735466cecf":"a771cf47-cea7-42db-b84e-938384217243"}}
[debug] &amp#27;[35m[W3C (4a0778f1)]&amp#27;[39m Responding to client with driver.findElement() result: {"element-6066-11e4-a52e-4f735466cecf":"a771cf47-cea7-42db-b84e-938384217243","ELEMENT":"a771cf47-cea7-42db-b84e-938384217243"}
&amp#27;[35m[HTTP]&amp#27;[39m &amp#27;[37m<-- POST /wd/hub/session/4a0778f1-9a36-41aa-b80f-86445122401b/element &amp#27;[39m&amp#27;[32m200&amp#27;[39m &amp#27;[90m74 ms - 137&amp#27;[39m
&amp#27;[35m[HTTP]&amp#27;[39m &amp#27;[90m&amp#27;[39m
&amp#27;[35m[HTTP]&amp#27;[39m &amp#27;[37m-->&amp#27;[39m &amp#27;[37mGET&amp#27;[39m &amp#27;[37m/wd/hub/session/4a0778f1-9a36-41aa-b80f-86445122401b/element/a771cf47-cea7-42db-b84e-938384217243/text&amp#27;[39m
&amp#27;[35m[HTTP]&amp#27;[39m &amp#27;[90m{}&amp#27;[39m
&amp#27;[35m[W3C (4a0778f1)]&amp#27;[39m Driver proxy active, passing request on via HTTP proxy
[debug] &amp#27;[35m[WD Proxy]&amp#27;[39m Matched '/wd/hub/session/4a0778f1-9a36-41aa-b80f-86445122401b/element/a771cf47-cea7-42db-b84e-938384217243/text' to command name 'getText'
[debug] &amp#27;[35m[WD Proxy]&amp#27;[39m Proxying [GET /wd/hub/session/4a0778f1-9a36-41aa-b80f-86445122401b/element/a771cf47-cea7-42db-b84e-938384217243/text] to [GET http://127.0.0.1:8200/wd/hub/session/b9a887ee-a70d-4acc-beba-12bd4d053da7/element/a771cf47-cea7-42db-b84e-938384217243/text] with no body
[debug] &amp#27;[35m[WD Proxy]&amp#27;[39m Got response with status 200: {"sessionId":"b9a887ee-a70d-4acc-beba-12bd4d053da7","value":"Sign-in for eezy"}
&amp#27;[35m[WD Proxy]&amp#27;[39m Replacing sessionId b9a887ee-a70d-4acc-beba-12bd4d053da7 with 4a0778f1-9a36-41aa-b80f-86445122401b
&amp#27;[35m[HTTP]&amp#27;[39m &amp#27;[37m<-- GET /wd/hub/session/4a0778f1-9a36-41aa-b80f-86445122401b/element/a771cf47-cea7-42db-b84e-938384217243/text &amp#27;[39m&amp#27;[32m200&amp#27;[39m &amp#27;[90m1129 ms - 79&amp#27;[39m
&amp#27;[35m[HTTP]&amp#27;[39m &amp#27;[90m&amp#27;[39m
]]></system-out>
    <system-err><![CDATA[Apr 28, 2021 1:46:21 PM io.appium.java_client.remote.AppiumCommandExecutor$1 lambda$0
INFO: Detected dialect: W3C
]]></system-err>
  </testcase>
  <testcase name="logout" classname="com.eezy.logintest.LogOutTest" time="119.805">
    <system-out><![CDATA[&amp#27;[35m[HTTP]&amp#27;[39m &amp#27;[37m-->&amp#27;[39m &amp#27;[37mPOST&amp#27;[39m &amp#27;[37m/wd/hub/session/4a0778f1-9a36-41aa-b80f-86445122401b/appium/stop_recording_screen&amp#27;[39m
&amp#27;[35m[HTTP]&amp#27;[39m &amp#27;[90m{}&amp#27;[39m
[debug] &amp#27;[35m[W3C (4a0778f1)]&amp#27;[39m Calling AppiumDriver.stopRecordingScreen() with args: [null,"4a0778f1-9a36-41aa-b80f-86445122401b"]
[debug] &amp#27;[35m[ADB]&amp#27;[39m Getting IDs of all 'screenrecord' processes
[debug] &amp#27;[35m[ADB]&amp#27;[39m Running 'C:\Users\Rajiv\AppData\Local\Android\Sdk\platform-tools\adb.exe -P 5037 -s bfe7d6690803 shell 'pgrep ^screenrecord$ || pgrep ^screenrecord$''
[debug] &amp#27;[35m[ADB]&amp#27;[39m Running 'C:\Users\Rajiv\AppData\Local\Android\Sdk\platform-tools\adb.exe -P 5037 -s bfe7d6690803 shell kill -2 32644'
[debug] &amp#27;[35m[ADB]&amp#27;[39m Getting IDs of all 'screenrecord' processes
[debug] &amp#27;[35m[ADB]&amp#27;[39m Running 'C:\Users\Rajiv\AppData\Local\Android\Sdk\platform-tools\adb.exe -P 5037 -s bfe7d6690803 shell 'pgrep ^screenrecord$ || pgrep ^screenrecord$''
[debug] &amp#27;[35m[ADB]&amp#27;[39m Getting IDs of all 'screenrecord' processes
[debug] &amp#27;[35m[ADB]&amp#27;[39m Running 'C:\Users\Rajiv\AppData\Local\Android\Sdk\platform-tools\adb.exe -P 5037 -s bfe7d6690803 shell 'pgrep ^screenrecord$ || pgrep ^screenrecord$''
[debug] &amp#27;[35m[ADB]&amp#27;[39m Getting IDs of all 'screenrecord' processes
[debug] &amp#27;[35m[ADB]&amp#27;[39m Running 'C:\Users\Rajiv\AppData\Local\Android\Sdk\platform-tools\adb.exe -P 5037 -s bfe7d6690803 shell 'pgrep ^screenrecord$ || pgrep ^screenrecord$''
[debug] &amp#27;[35m[ADB]&amp#27;[39m Running 'C:\Users\Rajiv\AppData\Local\Android\Sdk\platform-tools\adb.exe -P 5037 -s bfe7d6690803 pull /sdcard/292f4eed.mp4 C:\Users\Rajiv\AppData\Local\Temp\2021328-13352-19kn7k3.p29w\292f4eed.mp4'
[debug] &amp#27;[35m[ADB]&amp#27;[39m Running 'C:\Users\Rajiv\AppData\Local\Android\Sdk\platform-tools\adb.exe -P 5037 -s bfe7d6690803 shell rm -rf /sdcard/292f4eed.mp4'
[debug] &amp#27;[35m[AndroidDriver]&amp#27;[39m The size of the resulting screen recording is 790.31 KB
[debug] &amp#27;[35m[W3C (4a0778f1)]&amp#27;[39m Responding to client with driver.stopRecordingScreen() result: "AAAAGGZ0eXBtcDQyAAAAAGlzb21tcDQyAAAIPW1vb3YAAABsbXZoZAAAAADcrspF3K7KRQAAA+gAABqsAAEAAAEAAAAAAAAAAAAAAAABAAAAAAAAAAAAAAAAAAAAAQAAAAAAAAAAAAAAAAAAQAAAAAAAAAAAAAAAAAAAAAAAAAAAAAAAAAAAAAAAAAIAAAB3bWV0YQAAACFoZGxyAAAAAAAAAABtZHRhAAAAAAAAAAAAAAAAAAAAACtrZXlzAAAAAAAAAAEAAAAbbWR0YWNvbS5hbmRyb2lkLnZlcnNpb24AAAAjaWxzdAAAABsAAAABAAAAE2RhdGEAAAABAAAAADcuMAAAB1J0cmFrAAAAXHRraGQAAAAH3K7KRdyuykUAAAABAAAAAAAAGqwAAAAAAAAAAAAAAAAAAAAAAAEAAAAAAAAAAAAAAAAAAAABAAAAAAAAAAAAAAAAAABAAAAABDgAAAeAAAAAAAbubWRpYQAAACBtZGhkAAAAANyuykXcrspFAAFfkAAJYJkAAAAAAAAALGhkbHIAAAAAAAAAAHZpZGUAAAAAAAAAAAAAAABWaWRlb0hhbmRsZQAAAAaabWluZgAAABR2bWhkAAAAAQAAAAAAAAAAAAAAJGRpbmYAAAAcZHJlZgAAAAAAAAABAAAADHVybCAAAAABAAAGWnN0YmwAAACyc3RzZAAAAAAAAAABAAAAomF2YzEAAAAAAAAAAQAAAAAAAAAAAAAAAAAAAAAEOAeAAEgAAABIAAAAAAAAAAEAICAgICAgICAgICAgICAgICAgICAgICAgICAgICAgIAAY//8AAAApYXZjQwFCgCr/4QASZ0KAKtoBEA8eXlIKDAwNoUJqAQAEaM4G4gAAABBwYXNwAAEAAAABAAAAAAATY29scm5jbHgAAQABAAEAAAADiHN0dHMAAAAAAAAAbwAAAAEAAALYAAAAAQAAA0oAAAABAAAK1AAAAAEAAAZ3AAAAAQAACusAAAABAAALzgAAAAEAAAYd...
&amp#27;[35m[HTTP]&amp#27;[39m &amp#27;[37m<-- POST /wd/hub/session/4a0778f1-9a36-41aa-b80f-86445122401b/appium/stop_recording_screen &amp#27;[39m&amp#27;[32m200&amp#27;[39m &amp#27;[90m1849 ms - 1079056&amp#27;[39m
&amp#27;[35m[HTTP]&amp#27;[39m &amp#27;[90m&amp#27;[39m
&amp#27;[35m[HTTP]&amp#27;[39m &amp#27;[37m-->&amp#27;[39m &amp#27;[37mDELETE&amp#27;[39m &amp#27;[37m/wd/hub/session/4a0778f1-9a36-41aa-b80f-86445122401b&amp#27;[39m
&amp#27;[35m[HTTP]&amp#27;[39m &amp#27;[90m{}&amp#27;[39m
[debug] &amp#27;[35m[W3C (4a0778f1)]&amp#27;[39m Calling AppiumDriver.deleteSession() with args: ["4a0778f1-9a36-41aa-b80f-86445122401b"]
[debug] &amp#27;[35m[BaseDriver]&amp#27;[39m Event 'quitSessionRequested' logged at 1619597790133 (13:46:30 GMT+0530 (India Standard Time))
&amp#27;[35m[Appium]&amp#27;[39m Removing session 4a0778f1-9a36-41aa-b80f-86445122401b from our master session list
[debug] &amp#27;[35m[UiAutomator2]&amp#27;[39m Deleting UiAutomator2 session
[debug] &amp#27;[35m[UiAutomator2]&amp#27;[39m Deleting UiAutomator2 server session
[debug] &amp#27;[35m[WD Proxy]&amp#27;[39m Matched '/' to command name 'deleteSession'
[debug] &amp#27;[35m[WD Proxy]&amp#27;[39m Proxying [DELETE /] to [DELETE http://127.0.0.1:8200/wd/hub/session/b9a887ee-a70d-4acc-beba-12bd4d053da7] with no body
[debug] &amp#27;[35m[WD Proxy]&amp#27;[39m Got response with status 200: {"sessionId":"b9a887ee-a70d-4acc-beba-12bd4d053da7","value":null}
[debug] &amp#27;[35m[ADB]&amp#27;[39m Running 'C:\Users\Rajiv\AppData\Local\Android\Sdk\platform-tools\adb.exe -P 5037 -s bfe7d6690803 shell am force-stop com.eezy.ai.dev'
[debug] &amp#27;[35m[Instrumentation]&amp#27;[39m .
[debug] &amp#27;[35m[Instrumentation]&amp#27;[39m Time: 14.065
[debug] &amp#27;[35m[Instrumentation]&amp#27;[39m 
[debug] &amp#27;[35m[Instrumentation]&amp#27;[39m OK (1 test)
[debug] &amp#27;[35m[Instrumentation]&amp#27;[39m The process has exited with code 0
[debug] &amp#27;[35m[Logcat]&amp#27;[39m Stopping logcat capture
[debug] &amp#27;[35m[ADB]&amp#27;[39m Removing forwarded port socket connection: 8200 
[debug] &amp#27;[35m[ADB]&amp#27;[39m Running 'C:\Users\Rajiv\AppData\Local\Android\Sdk\platform-tools\adb.exe -P 5037 -s bfe7d6690803 forward --remove tcp:8200'
[debug] &amp#27;[35m[BaseDriver]&amp#27;[39m Event 'quitSessionFinished' logged at 1619597791169 (13:46:31 GMT+0530 (India Standard Time))
[debug] &amp#27;[35m[W3C (4a0778f1)]&amp#27;[39m Received response: null
[debug] &amp#27;[35m[W3C (4a0778f1)]&amp#27;[39m But deleting session, so not returning
[debug] &amp#27;[35m[W3C (4a0778f1)]&amp#27;[39m Responding to client with driver.deleteSession() result: null
&amp#27;[35m[HTTP]&amp#27;[39m &amp#27;[37m<-- DELETE /wd/hub/session/4a0778f1-9a36-41aa-b80f-86445122401b &amp#27;[39m&amp#27;[32m200&amp#27;[39m &amp#27;[90m1039 ms - 14&amp#27;[39m
&amp#27;[35m[HTTP]&amp#27;[39m &amp#27;[90m&amp#27;[39m
&amp#27;[35m[HTTP]&amp#27;[39m &amp#27;[37m-->&amp#27;[39m &amp#27;[37mPOST&amp#27;[39m &amp#27;[37m/wd/hub/session&amp#27;[39m
&amp#27;[35m[HTTP]&amp#27;[39m &amp#27;[90m{"desiredCapabilities":{"appActivity":"com.natife.eezy.MainActivity","appPackage":"com.eezy.ai.dev","platformVersion":"7.0","automationName":"Appium","autoGrantPermissions":true,"platformName":"Android","UDID":"bfe7d6690803","deviceName":"MyLittleMonster"},"capabilities":{"firstMatch":[{"UDID":"bfe7d6690803","appium:appActivity":"com.natife.eezy.MainActivity","appium:appPackage":"com.eezy.ai.dev","appium:autoGrantPermissions":true,"appium:automationName":"Appium","appium:deviceName":"MyLittleMonster","platformName":"android","appium:platformVersion":"7.0"}]}}&amp#27;[39m
[debug] &amp#27;[35m[W3C]&amp#27;[39m Calling AppiumDriver.createSession() with args: [{"appActivity":"com.natife.eezy.MainActivity","appPackage":"com.eezy.ai.dev","platformVersion":"7.0","automationName":"Appium","autoGrantPermissions":true,"platformName":"Android","UDID":"bfe7d6690803","deviceName":"MyLittleMonster"},null,{"firstMatch":[{"UDID":"bfe7d6690803","appium:appActivity":"com.natife.eezy.MainActivity","appium:appPackage":"com.eezy.ai.dev","appium:autoGrantPermissions":true,"appium:automationName":"Appium","appium:deviceName":"MyLittleMonster","platformName":"android","appium:platformVersion":"7.0"}]}]
[debug] &amp#27;[35m[BaseDriver]&amp#27;[39m Event 'newSessionRequested' logged at 1619597791196 (13:46:31 GMT+0530 (India Standard Time))
&amp#27;[35m[BaseDriver]&amp#27;[39m The following capabilities are not standard capabilities and should have an extension prefix:
&amp#27;[35m[BaseDriver]&amp#27;[39m   UDID
&amp#27;[35m[Appium]&amp#27;[39m 
&amp#27;[35m[Appium]&amp#27;[39m ======================================================================
&amp#27;[35m[Appium]&amp#27;[39m   DEPRECATION WARNING:
&amp#27;[35m[Appium]&amp#27;[39m 
&amp#27;[35m[Appium]&amp#27;[39m   The 'automationName' capability was not provided in the desired 
&amp#27;[35m[Appium]&amp#27;[39m   capabilities for this Android session
&amp#27;[35m[Appium]&amp#27;[39m 
&amp#27;[35m[Appium]&amp#27;[39m   Setting 'automationName=UiAutomator2' by default and using the 
&amp#27;[35m[Appium]&amp#27;[39m   UiAutomator2 Driver
&amp#27;[35m[Appium]&amp#27;[39m 
&amp#27;[35m[Appium]&amp#27;[39m   The next major version of Appium (2.x) will **require** the 
&amp#27;[35m[Appium]&amp#27;[39m   'automationName' capability to be set for all sessions on all 
&amp#27;[35m[Appium]&amp#27;[39m   platforms
&amp#27;[35m[Appium]&amp#27;[39m 
&amp#27;[35m[Appium]&amp#27;[39m   In previous versions (Appium <= 1.13.x), the default was 
&amp#27;[35m[Appium]&amp#27;[39m   'automationName=UiAutomator1'
&amp#27;[35m[Appium]&amp#27;[39m 
&amp#27;[35m[Appium]&amp#27;[39m   If you wish to use that automation instead of UiAutomator2, please 
&amp#27;[35m[Appium]&amp#27;[39m   add 'automationName=UiAutomator1' to your desired capabilities
&amp#27;[35m[Appium]&amp#27;[39m 
&amp#27;[35m[Appium]&amp#27;[39m   For more information about drivers, please visit 
&amp#27;[35m[Appium]&amp#27;[39m   http://appium.io/docs/en/about-appium/intro/ and explore the 
&amp#27;[35m[Appium]&amp#27;[39m   'Drivers' menu
&amp#27;[35m[Appium]&amp#27;[39m 
&amp#27;[35m[Appium]&amp#27;[39m ======================================================================
&amp#27;[35m[Appium]&amp#27;[39m 
&amp#27;[35m[Appium]&amp#27;[39m Appium v1.20.2 creating new AndroidUiautomator2Driver (v1.61.2) session
[debug] &amp#27;[35m[BaseDriver]&amp#27;[39m W3C capabilities and MJSONWP desired capabilities were provided
[debug] &amp#27;[35m[BaseDriver]&amp#27;[39m Creating session with W3C capabilities: {
[debug] &amp#27;[35m[BaseDriver]&amp#27;[39m   "alwaysMatch": {
[debug] &amp#27;[35m[BaseDriver]&amp#27;[39m     "appium:UDID": "bfe7d6690803",
[debug] &amp#27;[35m[BaseDriver]&amp#27;[39m     "platformName": "android",
[debug] &amp#27;[35m[BaseDriver]&amp#27;[39m     "appium:appActivity": "com.natife.eezy.MainActivity",
[debug] &amp#27;[35m[BaseDriver]&amp#27;[39m     "appium:appPackage": "com.eezy.ai.dev",
[debug] &amp#27;[35m[BaseDriver]&amp#27;[39m     "appium:autoGrantPermissions": true,
[debug] &amp#27;[35m[BaseDriver]&amp#27;[39m     "appium:automationName": "Appium",
[debug] &amp#27;[35m[BaseDriver]&amp#27;[39m     "appium:deviceName": "MyLittleMonster",
[debug] &amp#27;[35m[BaseDriver]&amp#27;[39m     "appium:platformVersion": "7.0"
[debug] &amp#27;[35m[BaseDriver]&amp#27;[39m   },
[debug] &amp#27;[35m[BaseDriver]&amp#27;[39m   "firstMatch": [
[debug] &amp#27;[35m[BaseDriver]&amp#27;[39m     {}
[debug] &amp#27;[35m[BaseDriver]&amp#27;[39m   ]
[debug] &amp#27;[35m[BaseDriver]&amp#27;[39m }
&amp#27;[35m[BaseDriver]&amp#27;[39m The following capabilities were provided, but are not recognized by Appium:
&amp#27;[35m[BaseDriver]&amp#27;[39m   UDID
&amp#27;[35m[BaseDriver]&amp#27;[39m Session created with session id: a38a037c-00d7-4e70-bad5-b7b74aefc8b7
&amp#27;[35m[UiAutomator2]&amp#27;[39m Starting 'com.eezy.ai.dev' directly on the device
&amp#27;[35m[ADB]&amp#27;[39m Using 'adb.exe' from 'C:\Users\Rajiv\AppData\Local\Android\Sdk\platform-tools\adb.exe'
[debug] &amp#27;[35m[ADB]&amp#27;[39m Running 'C:\Users\Rajiv\AppData\Local\Android\Sdk\platform-tools\adb.exe -P 5037 start-server'
&amp#27;[35m[AndroidDriver]&amp#27;[39m Retrieving device list
[debug] &amp#27;[35m[ADB]&amp#27;[39m Trying to find a connected android device
[debug] &amp#27;[35m[ADB]&amp#27;[39m Getting connected devices
[debug] &amp#27;[35m[ADB]&amp#27;[39m Connected devices: [{"udid":"bfe7d6690803","state":"device"}]
&amp#27;[35m[AndroidDriver]&amp#27;[39m Looking for a device with Android '7.0.0'
[debug] &amp#27;[35m[ADB]&amp#27;[39m Setting device id to bfe7d6690803
&amp#27;[35m[ADB]&amp#27;[39m Getting device platform version
[debug] &amp#27;[35m[ADB]&amp#27;[39m Running 'C:\Users\Rajiv\AppData\Local\Android\Sdk\platform-tools\adb.exe -P 5037 -s bfe7d6690803 shell getprop ro.build.version.release'
[debug] &amp#27;[35m[ADB]&amp#27;[39m Current device property 'ro.build.version.release': 7.0
&amp#27;[35m[AndroidDriver]&amp#27;[39m Using device: bfe7d6690803
&amp#27;[35m[ADB]&amp#27;[39m Using 'adb.exe' from 'C:\Users\Rajiv\AppData\Local\Android\Sdk\platform-tools\adb.exe'
[debug] &amp#27;[35m[ADB]&amp#27;[39m Running 'C:\Users\Rajiv\AppData\Local\Android\Sdk\platform-tools\adb.exe -P 5037 start-server'
[debug] &amp#27;[35m[ADB]&amp#27;[39m Setting device id to bfe7d6690803
[debug] &amp#27;[35m[ADB]&amp#27;[39m Running 'C:\Users\Rajiv\AppData\Local\Android\Sdk\platform-tools\adb.exe -P 5037 -s bfe7d6690803 shell getprop ro.build.version.sdk'
[debug] &amp#27;[35m[ADB]&amp#27;[39m Current device property 'ro.build.version.sdk': 24
[debug] &amp#27;[35m[ADB]&amp#27;[39m Device API level: 24
&amp#27;[35m[AndroidDriver]&amp#27;[39m No app sent in, not parsing package/activity
[debug] &amp#27;[35m[ADB]&amp#27;[39m Running 'C:\Users\Rajiv\AppData\Local\Android\Sdk\platform-tools\adb.exe -P 5037 -s bfe7d6690803 wait-for-device'
[debug] &amp#27;[35m[ADB]&amp#27;[39m Running 'C:\Users\Rajiv\AppData\Local\Android\Sdk\platform-tools\adb.exe -P 5037 -s bfe7d6690803 shell echo ping'
[debug] &amp#27;[35m[AndroidDriver]&amp#27;[39m Pushing settings apk to device...
[debug] &amp#27;[35m[ADB]&amp#27;[39m Getting install status for io.appium.settings
[debug] &amp#27;[35m[ADB]&amp#27;[39m Running 'C:\Users\Rajiv\AppData\Local\Android\Sdk\platform-tools\adb.exe -P 5037 -s bfe7d6690803 shell dumpsys package io.appium.settings'
[debug] &amp#27;[35m[ADB]&amp#27;[39m 'io.appium.settings' is installed
[debug] &amp#27;[35m[ADB]&amp#27;[39m Getting package info for 'io.appium.settings'
[debug] &amp#27;[35m[ADB]&amp#27;[39m Running 'C:\Users\Rajiv\AppData\Local\Android\Sdk\platform-tools\adb.exe -P 5037 -s bfe7d6690803 shell dumpsys package io.appium.settings'
[debug] &amp#27;[35m[ADB]&amp#27;[39m The version name of the installed 'io.appium.settings' is greater or equal to the application version name ('3.2.1' >= '3.2.1')
[debug] &amp#27;[35m[ADB]&amp#27;[39m There is no need to install/upgrade 'C:\Users\Rajiv\AppData\Roaming\npm\node_modules\appium\node_modules\io.appium.settings\apks\settings_apk-debug.apk'
[debug] &amp#27;[35m[ADB]&amp#27;[39m Getting IDs of all 'io.appium.settings' processes
[debug] &amp#27;[35m[ADB]&amp#27;[39m Running 'C:\Users\Rajiv\AppData\Local\Android\Sdk\platform-tools\adb.exe -P 5037 -s bfe7d6690803 shell 'pgrep --help; echo $?''
[debug] &amp#27;[35m[ADB]&amp#27;[39m Running 'C:\Users\Rajiv\AppData\Local\Android\Sdk\platform-tools\adb.exe -P 5037 -s bfe7d6690803 shell 'pgrep ^appium\\.settings$ || pgrep ^io\\.appium\\.setti$''
[debug] &amp#27;[35m[AndroidDriver]&amp#27;[39m io.appium.settings is already running. There is no need to reset its permissions.
[debug] &amp#27;[35m[ADB]&amp#27;[39m Running 'C:\Users\Rajiv\AppData\Local\Android\Sdk\platform-tools\adb.exe -P 5037 -s bfe7d6690803 shell appops set io.appium.settings android:mock_location allow'
[debug] &amp#27;[35m[Logcat]&amp#27;[39m Starting logs capture with command: C:\\Users\\Rajiv\\AppData\\Local\\Android\\Sdk\\platform-tools\\adb.exe -P 5037 -s bfe7d6690803 logcat -v threadtime
[debug] &amp#27;[35m[UiAutomator2]&amp#27;[39m Forwarding UiAutomator2 Server port 6790 to local port 8200
[debug] &amp#27;[35m[ADB]&amp#27;[39m Forwarding system: 8200 to device: 6790
[debug] &amp#27;[35m[ADB]&amp#27;[39m Running 'C:\Users\Rajiv\AppData\Local\Android\Sdk\platform-tools\adb.exe -P 5037 -s bfe7d6690803 forward tcp:8200 tcp:6790'
[debug] &amp#27;[35m[ADB]&amp#27;[39m Getting install status for io.appium.uiautomator2.server
[debug] &amp#27;[35m[ADB]&amp#27;[39m Running 'C:\Users\Rajiv\AppData\Local\Android\Sdk\platform-tools\adb.exe -P 5037 -s bfe7d6690803 shell dumpsys package io.appium.uiautomator2.server'
[debug] &amp#27;[35m[ADB]&amp#27;[39m 'io.appium.uiautomator2.server' is installed
[debug] &amp#27;[35m[ADB]&amp#27;[39m Getting package info for 'io.appium.uiautomator2.server'
[debug] &amp#27;[35m[ADB]&amp#27;[39m Running 'C:\Users\Rajiv\AppData\Local\Android\Sdk\platform-tools\adb.exe -P 5037 -s bfe7d6690803 shell dumpsys package io.appium.uiautomator2.server'
[debug] &amp#27;[35m[ADB]&amp#27;[39m The version name of the installed 'io.appium.uiautomator2.server' is greater or equal to the application version name ('4.17.4' >= '4.17.4')
[debug] &amp#27;[35m[UiAutomator2]&amp#27;[39m io.appium.uiautomator2.server installation state: sameVersionInstalled
[debug] &amp#27;[35m[ADB]&amp#27;[39m Checking app cert for C:\Users\Rajiv\AppData\Roaming\npm\node_modules\appium\node_modules\appium-uiautomator2-server\apks\appium-uiautomator2-server-v4.17.4.apk
&amp#27;[35m[ADB]&amp#27;[39m Using 'apksigner.jar' from 'C:\Users\Rajiv\AppData\Local\Android\Sdk\build-tools\30.0.3\lib\apksigner.jar'
[debug] &amp#27;[35m[ADB]&amp#27;[39m Starting apksigner: 'C:\\Program Files\\Java\\jdk1.8.0_192\\bin\\java.exe' -Xmx1024M -Xss1m -jar C:\\Users\\Rajiv\\AppData\\Local\\Android\\Sdk\\build-tools\\30.0.3\\lib\\apksigner.jar verify --print-certs C:\\Users\\Rajiv\\AppData\\Roaming\\npm\\node_modules\\appium\\node_modules\\appium-uiautomator2-server\\apks\\appium-uiautomator2-server-v4.17.4.apk
[debug] &amp#27;[35m[ADB]&amp#27;[39m apksigner stdout: Signer #1 certificate DN: EMAILADDRESS=android@android.com, CN=Android, OU=Android, O=Android, L=Mountain View, ST=California, C=US
[debug] &amp#27;[35m[ADB]&amp#27;[39m Signer #1 certificate SHA-256 digest: a40da80a59d170caa950cf15c18c454d47a39b26989d8b640ecd745ba71bf5dc
[debug] &amp#27;[35m[ADB]&amp#27;[39m Signer #1 certificate SHA-1 digest: 61ed377e85d386a8dfee6b864bd85b0bfaa5af81
[debug] &amp#27;[35m[ADB]&amp#27;[39m Signer #1 certificate MD5 digest: e89b158e4bcf988ebd09eb83f5378e87
[debug] &amp#27;[35m[ADB]&amp#27;[39m 
[debug] &amp#27;[35m[ADB]&amp#27;[39m sha256 hash did match for 'appium-uiautomator2-server-v4.17.4.apk'
&amp#27;[35m[ADB]&amp#27;[39m 'C:\Users\Rajiv\AppData\Roaming\npm\node_modules\appium\node_modules\appium-uiautomator2-server\apks\appium-uiautomator2-server-v4.17.4.apk' is signed with the default certificate
[debug] &amp#27;[35m[ADB]&amp#27;[39m Getting install status for io.appium.uiautomator2.server.test
[debug] &amp#27;[35m[ADB]&amp#27;[39m Running 'C:\Users\Rajiv\AppData\Local\Android\Sdk\platform-tools\adb.exe -P 5037 -s bfe7d6690803 shell dumpsys package io.appium.uiautomator2.server.test'
[debug] &amp#27;[35m[ADB]&amp#27;[39m 'io.appium.uiautomator2.server.test' is installed
[debug] &amp#27;[35m[ADB]&amp#27;[39m Checking app cert for C:\Users\Rajiv\AppData\Roaming\npm\node_modules\appium\node_modules\appium-uiautomator2-server\apks\appium-uiautomator2-server-debug-androidTest.apk
[debug] &amp#27;[35m[ADB]&amp#27;[39m Starting apksigner: 'C:\\Program Files\\Java\\jdk1.8.0_192\\bin\\java.exe' -Xmx1024M -Xss1m -jar C:\\Users\\Rajiv\\AppData\\Local\\Android\\Sdk\\build-tools\\30.0.3\\lib\\apksigner.jar verify --print-certs C:\\Users\\Rajiv\\AppData\\Roaming\\npm\\node_modules\\appium\\node_modules\\appium-uiautomator2-server\\apks\\appium-uiautomator2-server-debug-androidTest.apk
[debug] &amp#27;[35m[ADB]&amp#27;[39m apksigner stdout: Signer #1 certificate DN: EMAILADDRESS=android@android.com, CN=Android, OU=Android, O=Android, L=Mountain View, ST=California, C=US
[debug] &amp#27;[35m[ADB]&amp#27;[39m Signer #1 certificate SHA-256 digest: a40da80a59d170caa950cf15c18c454d47a39b26989d8b640ecd745ba71bf5dc
[debug] &amp#27;[35m[ADB]&amp#27;[39m Signer #1 certificate SHA-1 digest: 61ed377e85d386a8dfee6b864bd85b0bfaa5af81
[debug] &amp#27;[35m[ADB]&amp#27;[39m Signer #1 certificate MD5 digest: e89b158e4bcf988ebd09eb83f5378e87
[debug] &amp#27;[35m[ADB]&amp#27;[39m 
[debug] &amp#27;[35m[ADB]&amp#27;[39m sha256 hash did match for 'appium-uiautomator2-server-debug-androidTest.apk'
&amp#27;[35m[ADB]&amp#27;[39m 'C:\Users\Rajiv\AppData\Roaming\npm\node_modules\appium\node_modules\appium-uiautomator2-server\apks\appium-uiautomator2-server-debug-androidTest.apk' is signed with the default certificate
&amp#27;[35m[UiAutomator2]&amp#27;[39m Server packages are not going to be (re)installed
[debug] &amp#27;[35m[UiAutomator2]&amp#27;[39m Waiting up to 30000ms for services to be available
[debug] &amp#27;[35m[ADB]&amp#27;[39m Running 'C:\Users\Rajiv\AppData\Local\Android\Sdk\platform-tools\adb.exe -P 5037 -s bfe7d6690803 shell pm list instrumentation'
[debug] &amp#27;[35m[UiAutomator2]&amp#27;[39m Instrumentation target 'io.appium.uiautomator2.server.test/androidx.test.runner.AndroidJUnitRunner' is available
&amp#27;[35m[ADB]&amp#27;[39m Adding packages ["io.appium.settings","io.appium.uiautomator2.server","io.appium.uiautomator2.server.test"] to Doze whitelist
[debug] &amp#27;[35m[ADB]&amp#27;[39m Got the following command chunks to execute: [["dumpsys","deviceidle","whitelist","+io.appium.settings",";","dumpsys","deviceidle","whitelist","+io.appium.uiautomator2.server",";","dumpsys","deviceidle","whitelist","+io.appium.uiautomator2.server.test",";"]]
[debug] &amp#27;[35m[ADB]&amp#27;[39m Running 'C:\Users\Rajiv\AppData\Local\Android\Sdk\platform-tools\adb.exe -P 5037 -s bfe7d6690803 shell dumpsys deviceidle whitelist +io.appium.settings ; dumpsys deviceidle whitelist +io.appium.uiautomator2.server ; dumpsys deviceidle whitelist +io.appium.uiautomator2.server.test ;'
[debug] &amp#27;[35m[UiAutomator2]&amp#27;[39m No app capability. Assuming it is already on the device
[debug] &amp#27;[35m[ADB]&amp#27;[39m Getting install status for com.eezy.ai.dev
[debug] &amp#27;[35m[ADB]&amp#27;[39m Running 'C:\Users\Rajiv\AppData\Local\Android\Sdk\platform-tools\adb.exe -P 5037 -s bfe7d6690803 shell dumpsys package com.eezy.ai.dev'
[debug] &amp#27;[35m[ADB]&amp#27;[39m 'com.eezy.ai.dev' is installed
[debug] &amp#27;[35m[ADB]&amp#27;[39m Running 'C:\Users\Rajiv\AppData\Local\Android\Sdk\platform-tools\adb.exe -P 5037 -s bfe7d6690803 shell am force-stop com.eezy.ai.dev'
[debug] &amp#27;[35m[ADB]&amp#27;[39m Running 'C:\Users\Rajiv\AppData\Local\Android\Sdk\platform-tools\adb.exe -P 5037 -s bfe7d6690803 shell pm clear com.eezy.ai.dev'
[debug] &amp#27;[35m[ADB]&amp#27;[39m Running 'C:\Users\Rajiv\AppData\Local\Android\Sdk\platform-tools\adb.exe -P 5037 -s bfe7d6690803 shell dumpsys package com.eezy.ai.dev'
[debug] &amp#27;[35m[ADB]&amp#27;[39m Retrieving requested permissions
[debug] &amp#27;[35m[ADB]&amp#27;[39m Retrieved 24 permissions from requested group
[debug] &amp#27;[35m[ADB]&amp#27;[39m Retrieving granted permissions
[debug] &amp#27;[35m[ADB]&amp#27;[39m Retrieved 8 permissions from install,runtime groups
[debug] &amp#27;[35m[ADB]&amp#27;[39m Granting permissions ["android.permission.ACCESS_FINE_LOCATION","android.permission.ACCESS_COARSE_LOCATION","android.permission.READ_EXTERNAL_STORAGE","android.permission.WRITE_EXTERNAL_STORAGE","android.permission.READ_CONTACTS","android.permission.FOREGROUND_SERVICE","android.permission.WRITE_CONTACTS","android.permission.READ_PHONE_STATE"] to 'com.eezy.ai.dev'
[debug] &amp#27;[35m[ADB]&amp#27;[39m Got the following command chunks to execute: [["pm","grant","com.eezy.ai.dev","android.permission.ACCESS_FINE_LOCATION",";","pm","grant","com.eezy.ai.dev","android.permission.ACCESS_COARSE_LOCATION",";","pm","grant","com.eezy.ai.dev","android.permission.READ_EXTERNAL_STORAGE",";","pm","grant","com.eezy.ai.dev","android.permission.WRITE_EXTERNAL_STORAGE",";","pm","grant","com.eezy.ai.dev","android.permission.READ_CONTACTS",";","pm","grant","com.eezy.ai.dev","android.permission.FOREGROUND_SERVICE",";","pm","grant","com.eezy.ai.dev","android.permission.WRITE_CONTACTS",";","pm","grant","com.eezy.ai.dev","android.permission.READ_PHONE_STATE",";"]]
[debug] &amp#27;[35m[ADB]&amp#27;[39m Running 'C:\Users\Rajiv\AppData\Local\Android\Sdk\platform-tools\adb.exe -P 5037 -s bfe7d6690803 shell pm grant com.eezy.ai.dev android.permission.ACCESS_FINE_LOCATION ; pm grant com.eezy.ai.dev android.permission.ACCESS_COARSE_LOCATION ; pm grant com.eezy.ai.dev android.permission.READ_EXTERNAL_STORAGE ; pm grant com.eezy.ai.dev android.permission.WRITE_EXTERNAL_STORAGE ; pm grant com.eezy.ai.dev android.permission.READ_CONTACTS ; pm grant com.eezy.ai.dev android.permission.FOREGROUND_SERVICE ; pm grant com.eezy.ai.dev android.permission.WRITE_CONTACTS ; pm grant com.eezy.ai.dev android.permission.READ_PHONE_STATE ;'
[debug] &amp#27;[35m[AndroidDriver]&amp#27;[39m Performed fast reset on the installed 'com.eezy.ai.dev' application (stop and clear)
[debug] &amp#27;[35m[UiAutomator2]&amp#27;[39m Performing shallow cleanup of automation leftovers
[debug] &amp#27;[35m[UiAutomator2]&amp#27;[39m No obsolete sessions have been detected (socket hang up)
[debug] &amp#27;[35m[ADB]&amp#27;[39m Running 'C:\Users\Rajiv\AppData\Local\Android\Sdk\platform-tools\adb.exe -P 5037 -s bfe7d6690803 shell am force-stop io.appium.uiautomator2.server.test'
&amp#27;[35m[UiAutomator2]&amp#27;[39m Starting UIAutomator2 server 4.17.4
&amp#27;[35m[UiAutomator2]&amp#27;[39m Using UIAutomator2 server from 'C:\Users\Rajiv\AppData\Roaming\npm\node_modules\appium\node_modules\appium-uiautomator2-server\apks\appium-uiautomator2-server-v4.17.4.apk' and test from 'C:\Users\Rajiv\AppData\Roaming\npm\node_modules\appium\node_modules\appium-uiautomator2-server\apks\appium-uiautomator2-server-debug-androidTest.apk'
&amp#27;[35m[UiAutomator2]&amp#27;[39m Waiting up to 30000ms for UiAutomator2 to be online...
[debug] &amp#27;[35m[ADB]&amp#27;[39m Creating ADB subprocess with args: ["-P",5037,"-s","bfe7d6690803","shell","am","instrument","-w","io.appium.uiautomator2.server.test/androidx.test.runner.AndroidJUnitRunner"]
[debug] &amp#27;[35m[WD Proxy]&amp#27;[39m Matched '/status' to command name 'getStatus'
[debug] &amp#27;[35m[WD Proxy]&amp#27;[39m Proxying [GET /status] to [GET http://127.0.0.1:8200/wd/hub/status] with no body
&amp#27;[35m[WD Proxy]&amp#27;[39m socket hang up
[debug] &amp#27;[35m[WD Proxy]&amp#27;[39m Matched '/status' to command name 'getStatus'
[debug] &amp#27;[35m[WD Proxy]&amp#27;[39m Proxying [GET /status] to [GET http://127.0.0.1:8200/wd/hub/status] with no body
&amp#27;[35m[WD Proxy]&amp#27;[39m socket hang up
[debug] &amp#27;[35m[Instrumentation]&amp#27;[39m io.appium.uiautomator2.server.test.AppiumUiAutomator2Server:
[debug] &amp#27;[35m[WD Proxy]&amp#27;[39m Matched '/status' to command name 'getStatus'
[debug] &amp#27;[35m[WD Proxy]&amp#27;[39m Proxying [GET /status] to [GET http://127.0.0.1:8200/wd/hub/status] with no body
&amp#27;[35m[WD Proxy]&amp#27;[39m socket hang up
[debug] &amp#27;[35m[WD Proxy]&amp#27;[39m Matched '/status' to command name 'getStatus'
[debug] &amp#27;[35m[WD Proxy]&amp#27;[39m Proxying [GET /status] to [GET http://127.0.0.1:8200/wd/hub/status] with no body
[debug] &amp#27;[35m[WD Proxy]&amp#27;[39m Got response with status 200: {"sessionId":"None","value":{"message":"UiAutomator2 Server is ready to accept commands","ready":true}}
[debug] &amp#27;[35m[UiAutomator2]&amp#27;[39m The initialization of the instrumentation process took 3103ms
[debug] &amp#27;[35m[WD Proxy]&amp#27;[39m Matched '/session' to command name 'createSession'
[debug] &amp#27;[35m[WD Proxy]&amp#27;[39m Proxying [POST /session] to [POST http://127.0.0.1:8200/wd/hub/session] with body: {"capabilities":{"firstMatch":[{"platform":"LINUX","webStorageEnabled":false,"takesScreenshot":true,"javascriptEnabled":true,"databaseEnabled":false,"networkConnectionEnabled":true,"locationContextEnabled":false,"warnings":{},"desired":{"platformName":"android","UDID":"bfe7d6690803","appActivity":"com.natife.eezy.MainActivity","appPackage":"com.eezy.ai.dev","autoGrantPermissions":true,"automationName":"Appium","deviceName":"MyLittleMonster","platformVersion":"7.0"},"platformName":"android","UDID":"bfe7d6690803","appActivity":"com.natife.eezy.MainActivity","appPackage":"com.eezy.ai.dev","autoGrantPermissions":true,"automationName":"Appium","deviceName":"bfe7d6690803","platformVersion":"7.0","deviceUDID":"bfe7d6690803"}],"alwaysMatch":{}}}
[debug] &amp#27;[35m[WD Proxy]&amp#27;[39m Got response with status 200: {"sessionId":"8b50dff7-c18d-4f18-99bc-d63e0ade10a5","value":{"capabilities":{"firstMatch":[{"platform":"LINUX","webStorageEnabled":false,"takesScreenshot":true,"javascriptEnabled":true,"databaseEnabled":false,"networkConnectionEnabled":true,"locationContextEnabled":false,"warnings":{},"desired":{"platformName":"android","UDID":"bfe7d6690803","appActivity":"com.natife.eezy.MainActivity","appPackage":"com.eezy.ai.dev","autoGrantPermissions":true,"automationName":"Appium","deviceName":"MyLittleMonster","platformVersion":"7.0"},"platformName":"android","UDID":"bfe7d6690803","appActivity":"com.natife.eezy.MainActivity","appPackage":"com.eezy.ai.dev","autoGrantPermissions":true,"automationName":"Appium","deviceName":"bfe7d6690803","platformVersion":"7.0","deviceUDID":"bfe7d6690803"}],"alwaysMatch":{}},"sessionId":"8b50dff7-c18d-4f18-99bc-d63e0ade10a5"}}
&amp#27;[35m[WD Proxy]&amp#27;[39m Determined the downstream protocol as 'W3C'
[debug] &amp#27;[35m[WD Proxy]&amp#27;[39m Proxying [GET /appium/device/info] to [GET http://127.0.0.1:8200/wd/hub/session/8b50dff7-c18d-4f18-99bc-d63e0ade10a5/appium/device/info] with no body
[debug] &amp#27;[35m[WD Proxy]&amp#27;[39m Got response with status 200: {"sessionId":"8b50dff7-c18d-4f18-99bc-d63e0ade10a5","value":{"androidId":"493cf81125032c7f","apiVersion":"24","bluetooth":{"state":"ON"},"brand":"xiaomi","carrierName":"Vodafone IN","displayDensity":480,"locale":"en_IN","manufacturer":"Xiaomi","model":"Redmi Note 4","networks":[{"capabilities":{"SSID":null,"linkDownBandwidthKbps":1048576,"linkUpstreamBandwidthKbps":1048576,"networkCapabilities":"NET_CAPABILITY_NOT_METERED,NET_CAPABILITY_NOT_RESTRICTED,NET_CAPABILITY_NOT_VPN,NET_CAPABILITY_INTERNET,NET_CAPABILITY_TRUSTED,NET_CAPABILITY_VALIDATED","signalStrength":-78,"transportTypes":"TRANSPORT_WIFI"},"detailedState":"CONNECTED","extraInfo":"\"Rajiv 5G\"","isAvailable":true,"isConnected":true,"isFailover":false,"isRoaming":false,"state":"CONNECTED","subtype":0,"subtypeName":"","type":1,"typeName":"WIFI"}],"platformVersion":"7.0","realDisplaySize":"1080x1920","timeZone":"Asia/Calcutta"}}
[debug] &amp#27;[35m[ADB]&amp#27;[39m Running 'C:\Users\Rajiv\AppData\Local\Android\Sdk\platform-tools\adb.exe -P 5037 -s bfe7d6690803 shell dumpsys window'
&amp#27;[35m[AndroidDriver]&amp#27;[39m Screen already unlocked, doing nothing
&amp#27;[35m[UiAutomator2]&amp#27;[39m Starting 'com.eezy.ai.dev/com.natife.eezy.MainActivity and waiting for 'com.eezy.ai.dev/com.natife.eezy.MainActivity'
[debug] &amp#27;[35m[ADB]&amp#27;[39m Running 'C:\Users\Rajiv\AppData\Local\Android\Sdk\platform-tools\adb.exe -P 5037 -s bfe7d6690803 shell am start -W -n com.eezy.ai.dev/com.natife.eezy.MainActivity -S -a android.intent.action.MAIN -c android.intent.category.LAUNCHER -f 0x10200000'
[debug] &amp#27;[35m[WD Proxy]&amp#27;[39m Proxying [GET /appium/device/pixel_ratio] to [GET http://127.0.0.1:8200/wd/hub/session/8b50dff7-c18d-4f18-99bc-d63e0ade10a5/appium/device/pixel_ratio] with no body
[debug] &amp#27;[35m[WD Proxy]&amp#27;[39m Got response with status 200: {"sessionId":"8b50dff7-c18d-4f18-99bc-d63e0ade10a5","value":3}
[debug] &amp#27;[35m[WD Proxy]&amp#27;[39m Matched '/appium/device/system_bars' to command name 'getSystemBars'
[debug] &amp#27;[35m[WD Proxy]&amp#27;[39m Proxying [GET /appium/device/system_bars] to [GET http://127.0.0.1:8200/wd/hub/session/8b50dff7-c18d-4f18-99bc-d63e0ade10a5/appium/device/system_bars] with no body
[debug] &amp#27;[35m[WD Proxy]&amp#27;[39m Got response with status 200: {"sessionId":"8b50dff7-c18d-4f18-99bc-d63e0ade10a5","value":{"statusBar":72}}
[debug] &amp#27;[35m[WD Proxy]&amp#27;[39m Matched '/window/current/size' to command name 'getWindowSize'
[debug] &amp#27;[35m[WD Proxy]&amp#27;[39m Proxying [GET /window/current/size] to [GET http://127.0.0.1:8200/wd/hub/session/8b50dff7-c18d-4f18-99bc-d63e0ade10a5/window/current/size] with no body
[debug] &amp#27;[35m[WD Proxy]&amp#27;[39m Got response with status 200: {"sessionId":"8b50dff7-c18d-4f18-99bc-d63e0ade10a5","value":{"height":1920,"width":1080}}
&amp#27;[35m[Appium]&amp#27;[39m New AndroidUiautomator2Driver session created successfully, session a38a037c-00d7-4e70-bad5-b7b74aefc8b7 added to master session list
[debug] &amp#27;[35m[BaseDriver]&amp#27;[39m Event 'newSessionStarted' logged at 1619597811208 (13:46:51 GMT+0530 (India Standard Time))
[debug] &amp#27;[35m[W3C (a38a037c)]&amp#27;[39m Cached the protocol value 'W3C' for the new session a38a037c-00d7-4e70-bad5-b7b74aefc8b7
[debug] &amp#27;[35m[W3C (a38a037c)]&amp#27;[39m Responding to client with driver.createSession() result: {"capabilities":{"platform":"LINUX","webStorageEnabled":false,"takesScreenshot":true,"javascriptEnabled":true,"databaseEnabled":false,"networkConnectionEnabled":true,"locationContextEnabled":false,"warnings":{},"desired":{"platformName":"android","UDID":"bfe7d6690803","appActivity":"com.natife.eezy.MainActivity","appPackage":"com.eezy.ai.dev","autoGrantPermissions":true,"automationName":"Appium","deviceName":"MyLittleMonster","platformVersion":"7.0"},"platformName":"android","UDID":"bfe7d6690803","appActivity":"com.natife.eezy.MainActivity","appPackage":"com.eezy.ai.dev","autoGrantPermissions":true,"automationName":"Appium","deviceName":"bfe7d6690803","platformVersion":"7.0","deviceUDID":"bfe7d6690803","deviceApiLevel":24,"deviceScreenSize":"1080x1920","deviceScreenDensity":480,"deviceModel":"Redmi Note 4","deviceManufacturer":"Xiaomi","pixelRatio":3,"statBarHeight":72,"viewportRect":{"left":0,"top":72,"width":1080,"height":1848}}}
&amp#27;[35m[HTTP]&amp#27;[39m &amp#27;[37m<-- POST /wd/hub/session &amp#27;[39m&amp#27;[32m200&amp#27;[39m &amp#27;[90m20017 ms - 1006&amp#27;[39m
&amp#27;[35m[HTTP]&amp#27;[39m &amp#27;[90m&amp#27;[39m
&amp#27;[35m[HTTP]&amp#27;[39m &amp#27;[37m-->&amp#27;[39m &amp#27;[37mPOST&amp#27;[39m &amp#27;[37m/wd/hub/session/a38a037c-00d7-4e70-bad5-b7b74aefc8b7/timeouts&amp#27;[39m
&amp#27;[35m[HTTP]&amp#27;[39m &amp#27;[90m{"implicit":15000}&amp#27;[39m
[debug] &amp#27;[35m[W3C (a38a037c)]&amp#27;[39m Calling AppiumDriver.timeouts() with args: [null,null,null,null,15000,"a38a037c-00d7-4e70-bad5-b7b74aefc8b7"]
[debug] &amp#27;[35m[BaseDriver]&amp#27;[39m W3C timeout argument: {"implicit":15000}}
[debug] &amp#27;[35m[BaseDriver]&amp#27;[39m Set implicit wait to 15000ms
[debug] &amp#27;[35m[W3C (a38a037c)]&amp#27;[39m Responding to client with driver.timeouts() result: null
&amp#27;[35m[HTTP]&amp#27;[39m &amp#27;[37m<-- POST /wd/hub/session/a38a037c-00d7-4e70-bad5-b7b74aefc8b7/timeouts &amp#27;[39m&amp#27;[32m200&amp#27;[39m &amp#27;[90m3 ms - 14&amp#27;[39m
&amp#27;[35m[HTTP]&amp#27;[39m &amp#27;[90m&amp#27;[39m
&amp#27;[35m[HTTP]&amp#27;[39m &amp#27;[37m-->&amp#27;[39m &amp#27;[37mPOST&amp#27;[39m &amp#27;[37m/wd/hub/session/a38a037c-00d7-4e70-bad5-b7b74aefc8b7/appium/start_recording_screen&amp#27;[39m
&amp#27;[35m[HTTP]&amp#27;[39m &amp#27;[90m{}&amp#27;[39m
[debug] &amp#27;[35m[W3C (a38a037c)]&amp#27;[39m Calling AppiumDriver.startRecordingScreen() with args: [null,"a38a037c-00d7-4e70-bad5-b7b74aefc8b7"]
[debug] &amp#27;[35m[ADB]&amp#27;[39m Getting IDs of all 'screenrecord' processes
[debug] &amp#27;[35m[ADB]&amp#27;[39m Running 'C:\Users\Rajiv\AppData\Local\Android\Sdk\platform-tools\adb.exe -P 5037 -s bfe7d6690803 shell 'pgrep ^screenrecord$ || pgrep ^screenrecord$''
&amp#27;[35m[AndroidDriver]&amp#27;[39m Screen recording has not been previously started by Appium. There is nothing to stop
[debug] &amp#27;[35m[ADB]&amp#27;[39m Getting IDs of all 'screenrecord' processes
[debug] &amp#27;[35m[ADB]&amp#27;[39m Running 'C:\Users\Rajiv\AppData\Local\Android\Sdk\platform-tools\adb.exe -P 5037 -s bfe7d6690803 shell 'pgrep ^screenrecord$ || pgrep ^screenrecord$''
[debug] &amp#27;[35m[ADB]&amp#27;[39m Building screenrecord process with the command line: adb -P 5037 -s bfe7d6690803 shell screenrecord --time-limit 180 /sdcard/89e3903a.mp4
[debug] &amp#27;[35m[ADB]&amp#27;[39m Running 'C:\Users\Rajiv\AppData\Local\Android\Sdk\platform-tools\adb.exe -P 5037 -s bfe7d6690803 shell "[ -e '/sdcard/89e3903a.mp4' ] && echo __PASS__"'
[debug] &amp#27;[35m[ADB]&amp#27;[39m Running 'C:\Users\Rajiv\AppData\Local\Android\Sdk\platform-tools\adb.exe -P 5037 -s bfe7d6690803 shell "[ -e '/sdcard/89e3903a.mp4' ] && echo __PASS__"'
[debug] &amp#27;[35m[W3C (a38a037c)]&amp#27;[39m Responding to client with driver.startRecordingScreen() result: ""
&amp#27;[35m[HTTP]&amp#27;[39m &amp#27;[37m<-- POST /wd/hub/session/a38a037c-00d7-4e70-bad5-b7b74aefc8b7/appium/start_recording_screen &amp#27;[39m&amp#27;[32m200&amp#27;[39m &amp#27;[90m775 ms - 12&amp#27;[39m
&amp#27;[35m[HTTP]&amp#27;[39m &amp#27;[90m&amp#27;[39m
&amp#27;[35m[HTTP]&amp#27;[39m &amp#27;[37m-->&amp#27;[39m &amp#27;[37mGET&amp#27;[39m &amp#27;[37m/wd/hub/session/a38a037c-00d7-4e70-bad5-b7b74aefc8b7/context&amp#27;[39m
&amp#27;[35m[HTTP]&amp#27;[39m &amp#27;[90m{}&amp#27;[39m
[debug] &amp#27;[35m[W3C (a38a037c)]&amp#27;[39m Calling AppiumDriver.getCurrentContext() with args: ["a38a037c-00d7-4e70-bad5-b7b74aefc8b7"]
[debug] &amp#27;[35m[W3C (a38a037c)]&amp#27;[39m Responding to client with driver.getCurrentContext() result: "NATIVE_APP"
&amp#27;[35m[HTTP]&amp#27;[39m &amp#27;[37m<-- GET /wd/hub/session/a38a037c-00d7-4e70-bad5-b7b74aefc8b7/context &amp#27;[39m&amp#27;[32m200&amp#27;[39m &amp#27;[90m2 ms - 22&amp#27;[39m
&amp#27;[35m[HTTP]&amp#27;[39m &amp#27;[90m&amp#27;[39m
&amp#27;[35m[HTTP]&amp#27;[39m &amp#27;[37m-->&amp#27;[39m &amp#27;[37mPOST&amp#27;[39m &amp#27;[37m/wd/hub/session/a38a037c-00d7-4e70-bad5-b7b74aefc8b7/element&amp#27;[39m
&amp#27;[35m[HTTP]&amp#27;[39m &amp#27;[90m{"using":"id","value":"com.eezy.ai.dev:id/wizardLoginTextView"}&amp#27;[39m
[debug] &amp#27;[35m[W3C (a38a037c)]&amp#27;[39m Calling AppiumDriver.findElement() with args: ["id","com.eezy.ai.dev:id/wizardLoginTextView","a38a037c-00d7-4e70-bad5-b7b74aefc8b7"]
[debug] &amp#27;[35m[BaseDriver]&amp#27;[39m Valid locator strategies for this request: xpath, id, class name, accessibility id, css selector, -android uiautomator
[debug] &amp#27;[35m[BaseDriver]&amp#27;[39m Waiting up to 15000 ms for condition
[debug] &amp#27;[35m[WD Proxy]&amp#27;[39m Matched '/element' to command name 'findElement'
[debug] &amp#27;[35m[WD Proxy]&amp#27;[39m Proxying [POST /element] to [POST http://127.0.0.1:8200/wd/hub/session/8b50dff7-c18d-4f18-99bc-d63e0ade10a5/element] with body: {"strategy":"id","selector":"com.eezy.ai.dev:id/wizardLoginTextView","context":"","multiple":false}
&amp#27;[35m[WD Proxy]&amp#27;[39m Got response with status 404: {"sessionId":"8b50dff7-c18d-4f18-99bc-d63e0ade10a5","value":{"error":"no such element","message":"An element could not be located on the page using the given search parameters","stacktrace":"io.appium.uiautomator2.common.exceptions.ElementNotFoundException: An element could not be located on the page using the given search parameters\n\tat io.appium.uiautomator2.handler.FindElement.safeHandle(FindElement.java:70)\n\tat io.appium.uiautomator2.handler.request.SafeRequestHandler.handle(SafeRequestHandler.java:41)\n\tat io.appium.uiautomator2.server.AppiumServlet.handleRequest(AppiumServlet.java:261)\n\tat io.appium.uiautomator2.server.AppiumServlet.handleHttpRequest(AppiumServlet.java:255)\n\tat io.appium.uiautomator2.http.ServerHandler.channelRead(ServerHandler.java:68)\n\tat io.netty.channel.AbstractChannelHandlerContext.invokeChannelRead(AbstractChannelHandlerContext.java:366)\n\tat io.netty.channel.AbstractChannelHandlerContext.invokeChannelRead(AbstractChannelHandlerContext.java:352)\n\tat io.netty.chann...
[debug] &amp#27;[35m[W3C]&amp#27;[39m Matched W3C error code 'no such element' to NoSuchElementError
[debug] &amp#27;[35m[BaseDriver]&amp#27;[39m Waited for 75 ms so far
[debug] &amp#27;[35m[WD Proxy]&amp#27;[39m Matched '/element' to command name 'findElement'
[debug] &amp#27;[35m[WD Proxy]&amp#27;[39m Proxying [POST /element] to [POST http://127.0.0.1:8200/wd/hub/session/8b50dff7-c18d-4f18-99bc-d63e0ade10a5/element] with body: {"strategy":"id","selector":"com.eezy.ai.dev:id/wizardLoginTextView","context":"","multiple":false}
&amp#27;[35m[WD Proxy]&amp#27;[39m Got response with status 404: {"sessionId":"8b50dff7-c18d-4f18-99bc-d63e0ade10a5","value":{"error":"no such element","message":"An element could not be located on the page using the given search parameters","stacktrace":"io.appium.uiautomator2.common.exceptions.ElementNotFoundException: An element could not be located on the page using the given search parameters\n\tat io.appium.uiautomator2.handler.FindElement.safeHandle(FindElement.java:70)\n\tat io.appium.uiautomator2.handler.request.SafeRequestHandler.handle(SafeRequestHandler.java:41)\n\tat io.appium.uiautomator2.server.AppiumServlet.handleRequest(AppiumServlet.java:261)\n\tat io.appium.uiautomator2.server.AppiumServlet.handleHttpRequest(AppiumServlet.java:255)\n\tat io.appium.uiautomator2.http.ServerHandler.channelRead(ServerHandler.java:68)\n\tat io.netty.channel.AbstractChannelHandlerContext.invokeChannelRead(AbstractChannelHandlerContext.java:366)\n\tat io.netty.channel.AbstractChannelHandlerContext.invokeChannelRead(AbstractChannelHandlerContext.java:352)\n\tat io.netty.chann...
[debug] &amp#27;[35m[W3C]&amp#27;[39m Matched W3C error code 'no such element' to NoSuchElementError
[debug] &amp#27;[35m[BaseDriver]&amp#27;[39m Waited for 653 ms so far
[debug] &amp#27;[35m[WD Proxy]&amp#27;[39m Matched '/element' to command name 'findElement'
[debug] &amp#27;[35m[WD Proxy]&amp#27;[39m Proxying [POST /element] to [POST http://127.0.0.1:8200/wd/hub/session/8b50dff7-c18d-4f18-99bc-d63e0ade10a5/element] with body: {"strategy":"id","selector":"com.eezy.ai.dev:id/wizardLoginTextView","context":"","multiple":false}
&amp#27;[35m[WD Proxy]&amp#27;[39m Got response with status 404: {"sessionId":"8b50dff7-c18d-4f18-99bc-d63e0ade10a5","value":{"error":"no such element","message":"An element could not be located on the page using the given search parameters","stacktrace":"io.appium.uiautomator2.common.exceptions.ElementNotFoundException: An element could not be located on the page using the given search parameters\n\tat io.appium.uiautomator2.handler.FindElement.safeHandle(FindElement.java:70)\n\tat io.appium.uiautomator2.handler.request.SafeRequestHandler.handle(SafeRequestHandler.java:41)\n\tat io.appium.uiautomator2.server.AppiumServlet.handleRequest(AppiumServlet.java:261)\n\tat io.appium.uiautomator2.server.AppiumServlet.handleHttpRequest(AppiumServlet.java:255)\n\tat io.appium.uiautomator2.http.ServerHandler.channelRead(ServerHandler.java:68)\n\tat io.netty.channel.AbstractChannelHandlerContext.invokeChannelRead(AbstractChannelHandlerContext.java:366)\n\tat io.netty.channel.AbstractChannelHandlerContext.invokeChannelRead(AbstractChannelHandlerContext.java:352)\n\tat io.netty.chann...
[debug] &amp#27;[35m[W3C]&amp#27;[39m Matched W3C error code 'no such element' to NoSuchElementError
[debug] &amp#27;[35m[BaseDriver]&amp#27;[39m Waited for 1231 ms so far
[debug] &amp#27;[35m[WD Proxy]&amp#27;[39m Matched '/element' to command name 'findElement'
[debug] &amp#27;[35m[WD Proxy]&amp#27;[39m Proxying [POST /element] to [POST http://127.0.0.1:8200/wd/hub/session/8b50dff7-c18d-4f18-99bc-d63e0ade10a5/element] with body: {"strategy":"id","selector":"com.eezy.ai.dev:id/wizardLoginTextView","context":"","multiple":false}
&amp#27;[35m[WD Proxy]&amp#27;[39m Got response with status 404: {"sessionId":"8b50dff7-c18d-4f18-99bc-d63e0ade10a5","value":{"error":"no such element","message":"An element could not be located on the page using the given search parameters","stacktrace":"io.appium.uiautomator2.common.exceptions.ElementNotFoundException: An element could not be located on the page using the given search parameters\n\tat io.appium.uiautomator2.handler.FindElement.safeHandle(FindElement.java:70)\n\tat io.appium.uiautomator2.handler.request.SafeRequestHandler.handle(SafeRequestHandler.java:41)\n\tat io.appium.uiautomator2.server.AppiumServlet.handleRequest(AppiumServlet.java:261)\n\tat io.appium.uiautomator2.server.AppiumServlet.handleHttpRequest(AppiumServlet.java:255)\n\tat io.appium.uiautomator2.http.ServerHandler.channelRead(ServerHandler.java:68)\n\tat io.netty.channel.AbstractChannelHandlerContext.invokeChannelRead(AbstractChannelHandlerContext.java:366)\n\tat io.netty.channel.AbstractChannelHandlerContext.invokeChannelRead(AbstractChannelHandlerContext.java:352)\n\tat io.netty.chann...
[debug] &amp#27;[35m[W3C]&amp#27;[39m Matched W3C error code 'no such element' to NoSuchElementError
[debug] &amp#27;[35m[BaseDriver]&amp#27;[39m Waited for 1817 ms so far
[debug] &amp#27;[35m[WD Proxy]&amp#27;[39m Matched '/element' to command name 'findElement'
[debug] &amp#27;[35m[WD Proxy]&amp#27;[39m Proxying [POST /element] to [POST http://127.0.0.1:8200/wd/hub/session/8b50dff7-c18d-4f18-99bc-d63e0ade10a5/element] with body: {"strategy":"id","selector":"com.eezy.ai.dev:id/wizardLoginTextView","context":"","multiple":false}
&amp#27;[35m[WD Proxy]&amp#27;[39m Got response with status 404: {"sessionId":"8b50dff7-c18d-4f18-99bc-d63e0ade10a5","value":{"error":"no such element","message":"An element could not be located on the page using the given search parameters","stacktrace":"io.appium.uiautomator2.common.exceptions.ElementNotFoundException: An element could not be located on the page using the given search parameters\n\tat io.appium.uiautomator2.handler.FindElement.safeHandle(FindElement.java:70)\n\tat io.appium.uiautomator2.handler.request.SafeRequestHandler.handle(SafeRequestHandler.java:41)\n\tat io.appium.uiautomator2.server.AppiumServlet.handleRequest(AppiumServlet.java:261)\n\tat io.appium.uiautomator2.server.AppiumServlet.handleHttpRequest(AppiumServlet.java:255)\n\tat io.appium.uiautomator2.http.ServerHandler.channelRead(ServerHandler.java:68)\n\tat io.netty.channel.AbstractChannelHandlerContext.invokeChannelRead(AbstractChannelHandlerContext.java:366)\n\tat io.netty.channel.AbstractChannelHandlerContext.invokeChannelRead(AbstractChannelHandlerContext.java:352)\n\tat io.netty.chann...
[debug] &amp#27;[35m[W3C]&amp#27;[39m Matched W3C error code 'no such element' to NoSuchElementError
[debug] &amp#27;[35m[BaseDriver]&amp#27;[39m Waited for 2392 ms so far
[debug] &amp#27;[35m[WD Proxy]&amp#27;[39m Matched '/element' to command name 'findElement'
[debug] &amp#27;[35m[WD Proxy]&amp#27;[39m Proxying [POST /element] to [POST http://127.0.0.1:8200/wd/hub/session/8b50dff7-c18d-4f18-99bc-d63e0ade10a5/element] with body: {"strategy":"id","selector":"com.eezy.ai.dev:id/wizardLoginTextView","context":"","multiple":false}
[debug] &amp#27;[35m[WD Proxy]&amp#27;[39m Got response with status 200: {"sessionId":"8b50dff7-c18d-4f18-99bc-d63e0ade10a5","value":{"ELEMENT":"f7faef32-4199-4946-9254-7de652149365","element-6066-11e4-a52e-4f735466cecf":"f7faef32-4199-4946-9254-7de652149365"}}
[debug] &amp#27;[35m[W3C (a38a037c)]&amp#27;[39m Responding to client with driver.findElement() result: {"element-6066-11e4-a52e-4f735466cecf":"f7faef32-4199-4946-9254-7de652149365","ELEMENT":"f7faef32-4199-4946-9254-7de652149365"}
&amp#27;[35m[HTTP]&amp#27;[39m &amp#27;[37m<-- POST /wd/hub/session/a38a037c-00d7-4e70-bad5-b7b74aefc8b7/element &amp#27;[39m&amp#27;[32m200&amp#27;[39m &amp#27;[90m3671 ms - 137&amp#27;[39m
&amp#27;[35m[HTTP]&amp#27;[39m &amp#27;[90m&amp#27;[39m
&amp#27;[35m[HTTP]&amp#27;[39m &amp#27;[37m-->&amp#27;[39m &amp#27;[37mGET&amp#27;[39m &amp#27;[37m/wd/hub/session/a38a037c-00d7-4e70-bad5-b7b74aefc8b7/element/f7faef32-4199-4946-9254-7de652149365/displayed&amp#27;[39m
&amp#27;[35m[HTTP]&amp#27;[39m &amp#27;[90m{}&amp#27;[39m
[debug] &amp#27;[35m[W3C (a38a037c)]&amp#27;[39m Calling AppiumDriver.elementDisplayed() with args: ["f7faef32-4199-4946-9254-7de652149365","a38a037c-00d7-4e70-bad5-b7b74aefc8b7"]
[debug] &amp#27;[35m[WD Proxy]&amp#27;[39m Matched '/element/f7faef32-4199-4946-9254-7de652149365/attribute/displayed' to command name 'getAttribute'
[debug] &amp#27;[35m[WD Proxy]&amp#27;[39m Proxying [GET /element/f7faef32-4199-4946-9254-7de652149365/attribute/displayed] to [GET http://127.0.0.1:8200/wd/hub/session/8b50dff7-c18d-4f18-99bc-d63e0ade10a5/element/f7faef32-4199-4946-9254-7de652149365/attribute/displayed] with no body
[debug] &amp#27;[35m[WD Proxy]&amp#27;[39m Got response with status 200: {"sessionId":"8b50dff7-c18d-4f18-99bc-d63e0ade10a5","value":"true"}
[debug] &amp#27;[35m[W3C (a38a037c)]&amp#27;[39m Responding to client with driver.elementDisplayed() result: true
&amp#27;[35m[HTTP]&amp#27;[39m &amp#27;[37m<-- GET /wd/hub/session/a38a037c-00d7-4e70-bad5-b7b74aefc8b7/element/f7faef32-4199-4946-9254-7de652149365/displayed &amp#27;[39m&amp#27;[32m200&amp#27;[39m &amp#27;[90m25 ms - 14&amp#27;[39m
&amp#27;[35m[HTTP]&amp#27;[39m &amp#27;[90m&amp#27;[39m
&amp#27;[35m[HTTP]&amp#27;[39m &amp#27;[37m-->&amp#27;[39m &amp#27;[37mGET&amp#27;[39m &amp#27;[37m/wd/hub/session/a38a037c-00d7-4e70-bad5-b7b74aefc8b7/context&amp#27;[39m
&amp#27;[35m[HTTP]&amp#27;[39m &amp#27;[90m{}&amp#27;[39m
[debug] &amp#27;[35m[W3C (a38a037c)]&amp#27;[39m Calling AppiumDriver.getCurrentContext() with args: ["a38a037c-00d7-4e70-bad5-b7b74aefc8b7"]
[debug] &amp#27;[35m[W3C (a38a037c)]&amp#27;[39m Responding to client with driver.getCurrentContext() result: "NATIVE_APP"
&amp#27;[35m[HTTP]&amp#27;[39m &amp#27;[37m<-- GET /wd/hub/session/a38a037c-00d7-4e70-bad5-b7b74aefc8b7/context &amp#27;[39m&amp#27;[32m200&amp#27;[39m &amp#27;[90m3 ms - 22&amp#27;[39m
&amp#27;[35m[HTTP]&amp#27;[39m &amp#27;[90m&amp#27;[39m
&amp#27;[35m[HTTP]&amp#27;[39m &amp#27;[37m-->&amp#27;[39m &amp#27;[37mPOST&amp#27;[39m &amp#27;[37m/wd/hub/session/a38a037c-00d7-4e70-bad5-b7b74aefc8b7/element&amp#27;[39m
&amp#27;[35m[HTTP]&amp#27;[39m &amp#27;[90m{"using":"id","value":"com.eezy.ai.dev:id/wizardLoginTextView"}&amp#27;[39m
[debug] &amp#27;[35m[W3C (a38a037c)]&amp#27;[39m Calling AppiumDriver.findElement() with args: ["id","com.eezy.ai.dev:id/wizardLoginTextView","a38a037c-00d7-4e70-bad5-b7b74aefc8b7"]
[debug] &amp#27;[35m[BaseDriver]&amp#27;[39m Valid locator strategies for this request: xpath, id, class name, accessibility id, css selector, -android uiautomator
[debug] &amp#27;[35m[BaseDriver]&amp#27;[39m Waiting up to 15000 ms for condition
[debug] &amp#27;[35m[WD Proxy]&amp#27;[39m Matched '/element' to command name 'findElement'
[debug] &amp#27;[35m[WD Proxy]&amp#27;[39m Proxying [POST /element] to [POST http://127.0.0.1:8200/wd/hub/session/8b50dff7-c18d-4f18-99bc-d63e0ade10a5/element] with body: {"strategy":"id","selector":"com.eezy.ai.dev:id/wizardLoginTextView","context":"","multiple":false}
[debug] &amp#27;[35m[WD Proxy]&amp#27;[39m Got response with status 200: {"sessionId":"8b50dff7-c18d-4f18-99bc-d63e0ade10a5","value":{"ELEMENT":"bed25d53-1dce-443a-8e6f-23121a0240a2","element-6066-11e4-a52e-4f735466cecf":"bed25d53-1dce-443a-8e6f-23121a0240a2"}}
[debug] &amp#27;[35m[W3C (a38a037c)]&amp#27;[39m Responding to client with driver.findElement() result: {"element-6066-11e4-a52e-4f735466cecf":"bed25d53-1dce-443a-8e6f-23121a0240a2","ELEMENT":"bed25d53-1dce-443a-8e6f-23121a0240a2"}
&amp#27;[35m[HTTP]&amp#27;[39m &amp#27;[37m<-- POST /wd/hub/session/a38a037c-00d7-4e70-bad5-b7b74aefc8b7/element &amp#27;[39m&amp#27;[32m200&amp#27;[39m &amp#27;[90m49 ms - 137&amp#27;[39m
&amp#27;[35m[HTTP]&amp#27;[39m &amp#27;[90m&amp#27;[39m
&amp#27;[35m[HTTP]&amp#27;[39m &amp#27;[37m-->&amp#27;[39m &amp#27;[37mGET&amp#27;[39m &amp#27;[37m/wd/hub/session/a38a037c-00d7-4e70-bad5-b7b74aefc8b7/element/bed25d53-1dce-443a-8e6f-23121a0240a2/enabled&amp#27;[39m
&amp#27;[35m[HTTP]&amp#27;[39m &amp#27;[90m{}&amp#27;[39m
[debug] &amp#27;[35m[W3C (a38a037c)]&amp#27;[39m Calling AppiumDriver.elementEnabled() with args: ["bed25d53-1dce-443a-8e6f-23121a0240a2","a38a037c-00d7-4e70-bad5-b7b74aefc8b7"]
[debug] &amp#27;[35m[WD Proxy]&amp#27;[39m Matched '/element/bed25d53-1dce-443a-8e6f-23121a0240a2/attribute/enabled' to command name 'getAttribute'
[debug] &amp#27;[35m[WD Proxy]&amp#27;[39m Proxying [GET /element/bed25d53-1dce-443a-8e6f-23121a0240a2/attribute/enabled] to [GET http://127.0.0.1:8200/wd/hub/session/8b50dff7-c18d-4f18-99bc-d63e0ade10a5/element/bed25d53-1dce-443a-8e6f-23121a0240a2/attribute/enabled] with no body
[debug] &amp#27;[35m[WD Proxy]&amp#27;[39m Got response with status 200: {"sessionId":"8b50dff7-c18d-4f18-99bc-d63e0ade10a5","value":"true"}
[debug] &amp#27;[35m[W3C (a38a037c)]&amp#27;[39m Responding to client with driver.elementEnabled() result: true
&amp#27;[35m[HTTP]&amp#27;[39m &amp#27;[37m<-- GET /wd/hub/session/a38a037c-00d7-4e70-bad5-b7b74aefc8b7/element/bed25d53-1dce-443a-8e6f-23121a0240a2/enabled &amp#27;[39m&amp#27;[32m200&amp#27;[39m &amp#27;[90m26 ms - 14&amp#27;[39m
&amp#27;[35m[HTTP]&amp#27;[39m &amp#27;[90m&amp#27;[39m
&amp#27;[35m[HTTP]&amp#27;[39m &amp#27;[37m-->&amp#27;[39m &amp#27;[37mGET&amp#27;[39m &amp#27;[37m/wd/hub/session/a38a037c-00d7-4e70-bad5-b7b74aefc8b7/context&amp#27;[39m
&amp#27;[35m[HTTP]&amp#27;[39m &amp#27;[90m{}&amp#27;[39m
[debug] &amp#27;[35m[W3C (a38a037c)]&amp#27;[39m Calling AppiumDriver.getCurrentContext() with args: ["a38a037c-00d7-4e70-bad5-b7b74aefc8b7"]
[debug] &amp#27;[35m[W3C (a38a037c)]&amp#27;[39m Responding to client with driver.getCurrentContext() result: "NATIVE_APP"
&amp#27;[35m[HTTP]&amp#27;[39m &amp#27;[37m<-- GET /wd/hub/session/a38a037c-00d7-4e70-bad5-b7b74aefc8b7/context &amp#27;[39m&amp#27;[32m200&amp#27;[39m &amp#27;[90m3 ms - 22&amp#27;[39m
&amp#27;[35m[HTTP]&amp#27;[39m &amp#27;[90m&amp#27;[39m
&amp#27;[35m[HTTP]&amp#27;[39m &amp#27;[37m-->&amp#27;[39m &amp#27;[37mPOST&amp#27;[39m &amp#27;[37m/wd/hub/session/a38a037c-00d7-4e70-bad5-b7b74aefc8b7/element&amp#27;[39m
&amp#27;[35m[HTTP]&amp#27;[39m &amp#27;[90m{"using":"id","value":"com.eezy.ai.dev:id/wizardLoginTextView"}&amp#27;[39m
[debug] &amp#27;[35m[W3C (a38a037c)]&amp#27;[39m Calling AppiumDriver.findElement() with args: ["id","com.eezy.ai.dev:id/wizardLoginTextView","a38a037c-00d7-4e70-bad5-b7b74aefc8b7"]
[debug] &amp#27;[35m[BaseDriver]&amp#27;[39m Valid locator strategies for this request: xpath, id, class name, accessibility id, css selector, -android uiautomator
[debug] &amp#27;[35m[BaseDriver]&amp#27;[39m Waiting up to 15000 ms for condition
[debug] &amp#27;[35m[WD Proxy]&amp#27;[39m Matched '/element' to command name 'findElement'
[debug] &amp#27;[35m[WD Proxy]&amp#27;[39m Proxying [POST /element] to [POST http://127.0.0.1:8200/wd/hub/session/8b50dff7-c18d-4f18-99bc-d63e0ade10a5/element] with body: {"strategy":"id","selector":"com.eezy.ai.dev:id/wizardLoginTextView","context":"","multiple":false}
[debug] &amp#27;[35m[WD Proxy]&amp#27;[39m Got response with status 200: {"sessionId":"8b50dff7-c18d-4f18-99bc-d63e0ade10a5","value":{"ELEMENT":"9c2d1297-b9d3-4a80-a875-6e62198268c6","element-6066-11e4-a52e-4f735466cecf":"9c2d1297-b9d3-4a80-a875-6e62198268c6"}}
[debug] &amp#27;[35m[W3C (a38a037c)]&amp#27;[39m Responding to client with driver.findElement() result: {"element-6066-11e4-a52e-4f735466cecf":"9c2d1297-b9d3-4a80-a875-6e62198268c6","ELEMENT":"9c2d1297-b9d3-4a80-a875-6e62198268c6"}
&amp#27;[35m[HTTP]&amp#27;[39m &amp#27;[37m<-- POST /wd/hub/session/a38a037c-00d7-4e70-bad5-b7b74aefc8b7/element &amp#27;[39m&amp#27;[32m200&amp#27;[39m &amp#27;[90m43 ms - 137&amp#27;[39m
&amp#27;[35m[HTTP]&amp#27;[39m &amp#27;[90m&amp#27;[39m
&amp#27;[35m[HTTP]&amp#27;[39m &amp#27;[37m-->&amp#27;[39m &amp#27;[37mPOST&amp#27;[39m &amp#27;[37m/wd/hub/session/a38a037c-00d7-4e70-bad5-b7b74aefc8b7/element/9c2d1297-b9d3-4a80-a875-6e62198268c6/click&amp#27;[39m
&amp#27;[35m[HTTP]&amp#27;[39m &amp#27;[90m{"id":"9c2d1297-b9d3-4a80-a875-6e62198268c6"}&amp#27;[39m
[debug] &amp#27;[35m[W3C (a38a037c)]&amp#27;[39m Calling AppiumDriver.click() with args: ["9c2d1297-b9d3-4a80-a875-6e62198268c6","a38a037c-00d7-4e70-bad5-b7b74aefc8b7"]
[debug] &amp#27;[35m[WD Proxy]&amp#27;[39m Matched '/element/9c2d1297-b9d3-4a80-a875-6e62198268c6/click' to command name 'click'
[debug] &amp#27;[35m[WD Proxy]&amp#27;[39m Proxying [POST /element/9c2d1297-b9d3-4a80-a875-6e62198268c6/click] to [POST http://127.0.0.1:8200/wd/hub/session/8b50dff7-c18d-4f18-99bc-d63e0ade10a5/element/9c2d1297-b9d3-4a80-a875-6e62198268c6/click] with body: {"element":"9c2d1297-b9d3-4a80-a875-6e62198268c6"}
[debug] &amp#27;[35m[WD Proxy]&amp#27;[39m Got response with status 200: {"sessionId":"8b50dff7-c18d-4f18-99bc-d63e0ade10a5","value":null}
[debug] &amp#27;[35m[W3C (a38a037c)]&amp#27;[39m Responding to client with driver.click() result: null
&amp#27;[35m[HTTP]&amp#27;[39m &amp#27;[37m<-- POST /wd/hub/session/a38a037c-00d7-4e70-bad5-b7b74aefc8b7/element/9c2d1297-b9d3-4a80-a875-6e62198268c6/click &amp#27;[39m&amp#27;[32m200&amp#27;[39m &amp#27;[90m43 ms - 14&amp#27;[39m
&amp#27;[35m[HTTP]&amp#27;[39m &amp#27;[90m&amp#27;[39m
&amp#27;[35m[HTTP]&amp#27;[39m &amp#27;[37m-->&amp#27;[39m &amp#27;[37mGET&amp#27;[39m &amp#27;[37m/wd/hub/session/a38a037c-00d7-4e70-bad5-b7b74aefc8b7/context&amp#27;[39m
&amp#27;[35m[HTTP]&amp#27;[39m &amp#27;[90m{}&amp#27;[39m
[debug] &amp#27;[35m[W3C (a38a037c)]&amp#27;[39m Calling AppiumDriver.getCurrentContext() with args: ["a38a037c-00d7-4e70-bad5-b7b74aefc8b7"]
[debug] &amp#27;[35m[W3C (a38a037c)]&amp#27;[39m Responding to client with driver.getCurrentContext() result: "NATIVE_APP"
&amp#27;[35m[HTTP]&amp#27;[39m &amp#27;[37m<-- GET /wd/hub/session/a38a037c-00d7-4e70-bad5-b7b74aefc8b7/context &amp#27;[39m&amp#27;[32m200&amp#27;[39m &amp#27;[90m3 ms - 22&amp#27;[39m
&amp#27;[35m[HTTP]&amp#27;[39m &amp#27;[90m&amp#27;[39m
&amp#27;[35m[HTTP]&amp#27;[39m &amp#27;[37m-->&amp#27;[39m &amp#27;[37mPOST&amp#27;[39m &amp#27;[37m/wd/hub/session/a38a037c-00d7-4e70-bad5-b7b74aefc8b7/element&amp#27;[39m
&amp#27;[35m[HTTP]&amp#27;[39m &amp#27;[90m{"using":"id","value":"com.eezy.ai.dev:id/moreLoginOptions"}&amp#27;[39m
[debug] &amp#27;[35m[W3C (a38a037c)]&amp#27;[39m Calling AppiumDriver.findElement() with args: ["id","com.eezy.ai.dev:id/moreLoginOptions","a38a037c-00d7-4e70-bad5-b7b74aefc8b7"]
[debug] &amp#27;[35m[BaseDriver]&amp#27;[39m Valid locator strategies for this request: xpath, id, class name, accessibility id, css selector, -android uiautomator
[debug] &amp#27;[35m[BaseDriver]&amp#27;[39m Waiting up to 15000 ms for condition
[debug] &amp#27;[35m[WD Proxy]&amp#27;[39m Matched '/element' to command name 'findElement'
[debug] &amp#27;[35m[WD Proxy]&amp#27;[39m Proxying [POST /element] to [POST http://127.0.0.1:8200/wd/hub/session/8b50dff7-c18d-4f18-99bc-d63e0ade10a5/element] with body: {"strategy":"id","selector":"com.eezy.ai.dev:id/moreLoginOptions","context":"","multiple":false}
&amp#27;[35m[WD Proxy]&amp#27;[39m Got response with status 404: {"sessionId":"8b50dff7-c18d-4f18-99bc-d63e0ade10a5","value":{"error":"no such element","message":"An element could not be located on the page using the given search parameters","stacktrace":"io.appium.uiautomator2.common.exceptions.ElementNotFoundException: An element could not be located on the page using the given search parameters\n\tat io.appium.uiautomator2.handler.FindElement.safeHandle(FindElement.java:70)\n\tat io.appium.uiautomator2.handler.request.SafeRequestHandler.handle(SafeRequestHandler.java:41)\n\tat io.appium.uiautomator2.server.AppiumServlet.handleRequest(AppiumServlet.java:261)\n\tat io.appium.uiautomator2.server.AppiumServlet.handleHttpRequest(AppiumServlet.java:255)\n\tat io.appium.uiautomator2.http.ServerHandler.channelRead(ServerHandler.java:68)\n\tat io.netty.channel.AbstractChannelHandlerContext.invokeChannelRead(AbstractChannelHandlerContext.java:366)\n\tat io.netty.channel.AbstractChannelHandlerContext.invokeChannelRead(AbstractChannelHandlerContext.java:352)\n\tat io.netty.chann...
[debug] &amp#27;[35m[W3C]&amp#27;[39m Matched W3C error code 'no such element' to NoSuchElementError
[debug] &amp#27;[35m[BaseDriver]&amp#27;[39m Waited for 211 ms so far
[debug] &amp#27;[35m[WD Proxy]&amp#27;[39m Matched '/element' to command name 'findElement'
[debug] &amp#27;[35m[WD Proxy]&amp#27;[39m Proxying [POST /element] to [POST http://127.0.0.1:8200/wd/hub/session/8b50dff7-c18d-4f18-99bc-d63e0ade10a5/element] with body: {"strategy":"id","selector":"com.eezy.ai.dev:id/moreLoginOptions","context":"","multiple":false}
[debug] &amp#27;[35m[WD Proxy]&amp#27;[39m Got response with status 200: {"sessionId":"8b50dff7-c18d-4f18-99bc-d63e0ade10a5","value":{"ELEMENT":"54e22260-4608-449e-9bea-4e4a1c77e988","element-6066-11e4-a52e-4f735466cecf":"54e22260-4608-449e-9bea-4e4a1c77e988"}}
[debug] &amp#27;[35m[W3C (a38a037c)]&amp#27;[39m Responding to client with driver.findElement() result: {"element-6066-11e4-a52e-4f735466cecf":"54e22260-4608-449e-9bea-4e4a1c77e988","ELEMENT":"54e22260-4608-449e-9bea-4e4a1c77e988"}
&amp#27;[35m[HTTP]&amp#27;[39m &amp#27;[37m<-- POST /wd/hub/session/a38a037c-00d7-4e70-bad5-b7b74aefc8b7/element &amp#27;[39m&amp#27;[32m200&amp#27;[39m &amp#27;[90m934 ms - 137&amp#27;[39m
&amp#27;[35m[HTTP]&amp#27;[39m &amp#27;[90m&amp#27;[39m
&amp#27;[35m[HTTP]&amp#27;[39m &amp#27;[37m-->&amp#27;[39m &amp#27;[37mGET&amp#27;[39m &amp#27;[37m/wd/hub/session/a38a037c-00d7-4e70-bad5-b7b74aefc8b7/element/54e22260-4608-449e-9bea-4e4a1c77e988/displayed&amp#27;[39m
&amp#27;[35m[HTTP]&amp#27;[39m &amp#27;[90m{}&amp#27;[39m
[debug] &amp#27;[35m[W3C (a38a037c)]&amp#27;[39m Calling AppiumDriver.elementDisplayed() with args: ["54e22260-4608-449e-9bea-4e4a1c77e988","a38a037c-00d7-4e70-bad5-b7b74aefc8b7"]
[debug] &amp#27;[35m[WD Proxy]&amp#27;[39m Matched '/element/54e22260-4608-449e-9bea-4e4a1c77e988/attribute/displayed' to command name 'getAttribute'
[debug] &amp#27;[35m[WD Proxy]&amp#27;[39m Proxying [GET /element/54e22260-4608-449e-9bea-4e4a1c77e988/attribute/displayed] to [GET http://127.0.0.1:8200/wd/hub/session/8b50dff7-c18d-4f18-99bc-d63e0ade10a5/element/54e22260-4608-449e-9bea-4e4a1c77e988/attribute/displayed] with no body
[debug] &amp#27;[35m[WD Proxy]&amp#27;[39m Got response with status 200: {"sessionId":"8b50dff7-c18d-4f18-99bc-d63e0ade10a5","value":"true"}
[debug] &amp#27;[35m[W3C (a38a037c)]&amp#27;[39m Responding to client with driver.elementDisplayed() result: true
&amp#27;[35m[HTTP]&amp#27;[39m &amp#27;[37m<-- GET /wd/hub/session/a38a037c-00d7-4e70-bad5-b7b74aefc8b7/element/54e22260-4608-449e-9bea-4e4a1c77e988/displayed &amp#27;[39m&amp#27;[32m200&amp#27;[39m &amp#27;[90m28 ms - 14&amp#27;[39m
&amp#27;[35m[HTTP]&amp#27;[39m &amp#27;[90m&amp#27;[39m
&amp#27;[35m[HTTP]&amp#27;[39m &amp#27;[37m-->&amp#27;[39m &amp#27;[37mGET&amp#27;[39m &amp#27;[37m/wd/hub/session/a38a037c-00d7-4e70-bad5-b7b74aefc8b7/context&amp#27;[39m
&amp#27;[35m[HTTP]&amp#27;[39m &amp#27;[90m{}&amp#27;[39m
[debug] &amp#27;[35m[W3C (a38a037c)]&amp#27;[39m Calling AppiumDriver.getCurrentContext() with args: ["a38a037c-00d7-4e70-bad5-b7b74aefc8b7"]
[debug] &amp#27;[35m[W3C (a38a037c)]&amp#27;[39m Responding to client with driver.getCurrentContext() result: "NATIVE_APP"
&amp#27;[35m[HTTP]&amp#27;[39m &amp#27;[37m<-- GET /wd/hub/session/a38a037c-00d7-4e70-bad5-b7b74aefc8b7/context &amp#27;[39m&amp#27;[32m200&amp#27;[39m &amp#27;[90m2 ms - 22&amp#27;[39m
&amp#27;[35m[HTTP]&amp#27;[39m &amp#27;[90m&amp#27;[39m
&amp#27;[35m[HTTP]&amp#27;[39m &amp#27;[37m-->&amp#27;[39m &amp#27;[37mPOST&amp#27;[39m &amp#27;[37m/wd/hub/session/a38a037c-00d7-4e70-bad5-b7b74aefc8b7/element&amp#27;[39m
&amp#27;[35m[HTTP]&amp#27;[39m &amp#27;[90m{"using":"id","value":"com.eezy.ai.dev:id/moreLoginOptions"}&amp#27;[39m
[debug] &amp#27;[35m[W3C (a38a037c)]&amp#27;[39m Calling AppiumDriver.findElement() with args: ["id","com.eezy.ai.dev:id/moreLoginOptions","a38a037c-00d7-4e70-bad5-b7b74aefc8b7"]
[debug] &amp#27;[35m[BaseDriver]&amp#27;[39m Valid locator strategies for this request: xpath, id, class name, accessibility id, css selector, -android uiautomator
[debug] &amp#27;[35m[BaseDriver]&amp#27;[39m Waiting up to 15000 ms for condition
[debug] &amp#27;[35m[WD Proxy]&amp#27;[39m Matched '/element' to command name 'findElement'
[debug] &amp#27;[35m[WD Proxy]&amp#27;[39m Proxying [POST /element] to [POST http://127.0.0.1:8200/wd/hub/session/8b50dff7-c18d-4f18-99bc-d63e0ade10a5/element] with body: {"strategy":"id","selector":"com.eezy.ai.dev:id/moreLoginOptions","context":"","multiple":false}
[debug] &amp#27;[35m[WD Proxy]&amp#27;[39m Got response with status 200: {"sessionId":"8b50dff7-c18d-4f18-99bc-d63e0ade10a5","value":{"ELEMENT":"58034992-e148-4596-a388-2b373f3e2f4e","element-6066-11e4-a52e-4f735466cecf":"58034992-e148-4596-a388-2b373f3e2f4e"}}
[debug] &amp#27;[35m[W3C (a38a037c)]&amp#27;[39m Responding to client with driver.findElement() result: {"element-6066-11e4-a52e-4f735466cecf":"58034992-e148-4596-a388-2b373f3e2f4e","ELEMENT":"58034992-e148-4596-a388-2b373f3e2f4e"}
&amp#27;[35m[HTTP]&amp#27;[39m &amp#27;[37m<-- POST /wd/hub/session/a38a037c-00d7-4e70-bad5-b7b74aefc8b7/element &amp#27;[39m&amp#27;[32m200&amp#27;[39m &amp#27;[90m63 ms - 137&amp#27;[39m
&amp#27;[35m[HTTP]&amp#27;[39m &amp#27;[90m&amp#27;[39m
&amp#27;[35m[HTTP]&amp#27;[39m &amp#27;[37m-->&amp#27;[39m &amp#27;[37mGET&amp#27;[39m &amp#27;[37m/wd/hub/session/a38a037c-00d7-4e70-bad5-b7b74aefc8b7/element/58034992-e148-4596-a388-2b373f3e2f4e/enabled&amp#27;[39m
&amp#27;[35m[HTTP]&amp#27;[39m &amp#27;[90m{}&amp#27;[39m
[debug] &amp#27;[35m[W3C (a38a037c)]&amp#27;[39m Calling AppiumDriver.elementEnabled() with args: ["58034992-e148-4596-a388-2b373f3e2f4e","a38a037c-00d7-4e70-bad5-b7b74aefc8b7"]
[debug] &amp#27;[35m[WD Proxy]&amp#27;[39m Matched '/element/58034992-e148-4596-a388-2b373f3e2f4e/attribute/enabled' to command name 'getAttribute'
[debug] &amp#27;[35m[WD Proxy]&amp#27;[39m Proxying [GET /element/58034992-e148-4596-a388-2b373f3e2f4e/attribute/enabled] to [GET http://127.0.0.1:8200/wd/hub/session/8b50dff7-c18d-4f18-99bc-d63e0ade10a5/element/58034992-e148-4596-a388-2b373f3e2f4e/attribute/enabled] with no body
[debug] &amp#27;[35m[WD Proxy]&amp#27;[39m Got response with status 200: {"sessionId":"8b50dff7-c18d-4f18-99bc-d63e0ade10a5","value":"true"}
[debug] &amp#27;[35m[W3C (a38a037c)]&amp#27;[39m Responding to client with driver.elementEnabled() result: true
&amp#27;[35m[HTTP]&amp#27;[39m &amp#27;[37m<-- GET /wd/hub/session/a38a037c-00d7-4e70-bad5-b7b74aefc8b7/element/58034992-e148-4596-a388-2b373f3e2f4e/enabled &amp#27;[39m&amp#27;[32m200&amp#27;[39m &amp#27;[90m30 ms - 14&amp#27;[39m
&amp#27;[35m[HTTP]&amp#27;[39m &amp#27;[90m&amp#27;[39m
&amp#27;[35m[HTTP]&amp#27;[39m &amp#27;[37m-->&amp#27;[39m &amp#27;[37mGET&amp#27;[39m &amp#27;[37m/wd/hub/session/a38a037c-00d7-4e70-bad5-b7b74aefc8b7/context&amp#27;[39m
&amp#27;[35m[HTTP]&amp#27;[39m &amp#27;[90m{}&amp#27;[39m
[debug] &amp#27;[35m[W3C (a38a037c)]&amp#27;[39m Calling AppiumDriver.getCurrentContext() with args: ["a38a037c-00d7-4e70-bad5-b7b74aefc8b7"]
[debug] &amp#27;[35m[W3C (a38a037c)]&amp#27;[39m Responding to client with driver.getCurrentContext() result: "NATIVE_APP"
&amp#27;[35m[HTTP]&amp#27;[39m &amp#27;[37m<-- GET /wd/hub/session/a38a037c-00d7-4e70-bad5-b7b74aefc8b7/context &amp#27;[39m&amp#27;[32m200&amp#27;[39m &amp#27;[90m3 ms - 22&amp#27;[39m
&amp#27;[35m[HTTP]&amp#27;[39m &amp#27;[90m&amp#27;[39m
&amp#27;[35m[HTTP]&amp#27;[39m &amp#27;[37m-->&amp#27;[39m &amp#27;[37mPOST&amp#27;[39m &amp#27;[37m/wd/hub/session/a38a037c-00d7-4e70-bad5-b7b74aefc8b7/element&amp#27;[39m
&amp#27;[35m[HTTP]&amp#27;[39m &amp#27;[90m{"using":"id","value":"com.eezy.ai.dev:id/moreLoginOptions"}&amp#27;[39m
[debug] &amp#27;[35m[W3C (a38a037c)]&amp#27;[39m Calling AppiumDriver.findElement() with args: ["id","com.eezy.ai.dev:id/moreLoginOptions","a38a037c-00d7-4e70-bad5-b7b74aefc8b7"]
[debug] &amp#27;[35m[BaseDriver]&amp#27;[39m Valid locator strategies for this request: xpath, id, class name, accessibility id, css selector, -android uiautomator
[debug] &amp#27;[35m[BaseDriver]&amp#27;[39m Waiting up to 15000 ms for condition
[debug] &amp#27;[35m[WD Proxy]&amp#27;[39m Matched '/element' to command name 'findElement'
[debug] &amp#27;[35m[WD Proxy]&amp#27;[39m Proxying [POST /element] to [POST http://127.0.0.1:8200/wd/hub/session/8b50dff7-c18d-4f18-99bc-d63e0ade10a5/element] with body: {"strategy":"id","selector":"com.eezy.ai.dev:id/moreLoginOptions","context":"","multiple":false}
[debug] &amp#27;[35m[WD Proxy]&amp#27;[39m Got response with status 200: {"sessionId":"8b50dff7-c18d-4f18-99bc-d63e0ade10a5","value":{"ELEMENT":"320d2651-fc08-4576-b5cb-c7cdba59373c","element-6066-11e4-a52e-4f735466cecf":"320d2651-fc08-4576-b5cb-c7cdba59373c"}}
[debug] &amp#27;[35m[W3C (a38a037c)]&amp#27;[39m Responding to client with driver.findElement() result: {"element-6066-11e4-a52e-4f735466cecf":"320d2651-fc08-4576-b5cb-c7cdba59373c","ELEMENT":"320d2651-fc08-4576-b5cb-c7cdba59373c"}
&amp#27;[35m[HTTP]&amp#27;[39m &amp#27;[37m<-- POST /wd/hub/session/a38a037c-00d7-4e70-bad5-b7b74aefc8b7/element &amp#27;[39m&amp#27;[32m200&amp#27;[39m &amp#27;[90m42 ms - 137&amp#27;[39m
&amp#27;[35m[HTTP]&amp#27;[39m &amp#27;[90m&amp#27;[39m
&amp#27;[35m[HTTP]&amp#27;[39m &amp#27;[37m-->&amp#27;[39m &amp#27;[37mPOST&amp#27;[39m &amp#27;[37m/wd/hub/session/a38a037c-00d7-4e70-bad5-b7b74aefc8b7/element/320d2651-fc08-4576-b5cb-c7cdba59373c/click&amp#27;[39m
&amp#27;[35m[HTTP]&amp#27;[39m &amp#27;[90m{"id":"320d2651-fc08-4576-b5cb-c7cdba59373c"}&amp#27;[39m
[debug] &amp#27;[35m[W3C (a38a037c)]&amp#27;[39m Calling AppiumDriver.click() with args: ["320d2651-fc08-4576-b5cb-c7cdba59373c","a38a037c-00d7-4e70-bad5-b7b74aefc8b7"]
[debug] &amp#27;[35m[WD Proxy]&amp#27;[39m Matched '/element/320d2651-fc08-4576-b5cb-c7cdba59373c/click' to command name 'click'
[debug] &amp#27;[35m[WD Proxy]&amp#27;[39m Proxying [POST /element/320d2651-fc08-4576-b5cb-c7cdba59373c/click] to [POST http://127.0.0.1:8200/wd/hub/session/8b50dff7-c18d-4f18-99bc-d63e0ade10a5/element/320d2651-fc08-4576-b5cb-c7cdba59373c/click] with body: {"element":"320d2651-fc08-4576-b5cb-c7cdba59373c"}
[debug] &amp#27;[35m[WD Proxy]&amp#27;[39m Got response with status 200: {"sessionId":"8b50dff7-c18d-4f18-99bc-d63e0ade10a5","value":null}
[debug] &amp#27;[35m[W3C (a38a037c)]&amp#27;[39m Responding to client with driver.click() result: null
&amp#27;[35m[HTTP]&amp#27;[39m &amp#27;[37m<-- POST /wd/hub/session/a38a037c-00d7-4e70-bad5-b7b74aefc8b7/element/320d2651-fc08-4576-b5cb-c7cdba59373c/click &amp#27;[39m&amp#27;[32m200&amp#27;[39m &amp#27;[90m35 ms - 14&amp#27;[39m
&amp#27;[35m[HTTP]&amp#27;[39m &amp#27;[90m&amp#27;[39m
&amp#27;[35m[HTTP]&amp#27;[39m &amp#27;[37m-->&amp#27;[39m &amp#27;[37mGET&amp#27;[39m &amp#27;[37m/wd/hub/session/a38a037c-00d7-4e70-bad5-b7b74aefc8b7/context&amp#27;[39m
&amp#27;[35m[HTTP]&amp#27;[39m &amp#27;[90m{}&amp#27;[39m
[debug] &amp#27;[35m[W3C (a38a037c)]&amp#27;[39m Calling AppiumDriver.getCurrentContext() with args: ["a38a037c-00d7-4e70-bad5-b7b74aefc8b7"]
[debug] &amp#27;[35m[W3C (a38a037c)]&amp#27;[39m Responding to client with driver.getCurrentContext() result: "NATIVE_APP"
&amp#27;[35m[HTTP]&amp#27;[39m &amp#27;[37m<-- GET /wd/hub/session/a38a037c-00d7-4e70-bad5-b7b74aefc8b7/context &amp#27;[39m&amp#27;[32m200&amp#27;[39m &amp#27;[90m3 ms - 22&amp#27;[39m
&amp#27;[35m[HTTP]&amp#27;[39m &amp#27;[90m&amp#27;[39m
&amp#27;[35m[HTTP]&amp#27;[39m &amp#27;[37m-->&amp#27;[39m &amp#27;[37mPOST&amp#27;[39m &amp#27;[37m/wd/hub/session/a38a037c-00d7-4e70-bad5-b7b74aefc8b7/element&amp#27;[39m
&amp#27;[35m[HTTP]&amp#27;[39m &amp#27;[90m{"using":"id","value":"com.eezy.ai.dev:id/emailSignUp"}&amp#27;[39m
[debug] &amp#27;[35m[W3C (a38a037c)]&amp#27;[39m Calling AppiumDriver.findElement() with args: ["id","com.eezy.ai.dev:id/emailSignUp","a38a037c-00d7-4e70-bad5-b7b74aefc8b7"]
[debug] &amp#27;[35m[BaseDriver]&amp#27;[39m Valid locator strategies for this request: xpath, id, class name, accessibility id, css selector, -android uiautomator
[debug] &amp#27;[35m[BaseDriver]&amp#27;[39m Waiting up to 15000 ms for condition
[debug] &amp#27;[35m[WD Proxy]&amp#27;[39m Matched '/element' to command name 'findElement'
[debug] &amp#27;[35m[WD Proxy]&amp#27;[39m Proxying [POST /element] to [POST http://127.0.0.1:8200/wd/hub/session/8b50dff7-c18d-4f18-99bc-d63e0ade10a5/element] with body: {"strategy":"id","selector":"com.eezy.ai.dev:id/emailSignUp","context":"","multiple":false}
&amp#27;[35m[WD Proxy]&amp#27;[39m Got response with status 404: {"sessionId":"8b50dff7-c18d-4f18-99bc-d63e0ade10a5","value":{"error":"no such element","message":"An element could not be located on the page using the given search parameters","stacktrace":"io.appium.uiautomator2.common.exceptions.ElementNotFoundException: An element could not be located on the page using the given search parameters\n\tat io.appium.uiautomator2.handler.FindElement.safeHandle(FindElement.java:70)\n\tat io.appium.uiautomator2.handler.request.SafeRequestHandler.handle(SafeRequestHandler.java:41)\n\tat io.appium.uiautomator2.server.AppiumServlet.handleRequest(AppiumServlet.java:261)\n\tat io.appium.uiautomator2.server.AppiumServlet.handleHttpRequest(AppiumServlet.java:255)\n\tat io.appium.uiautomator2.http.ServerHandler.channelRead(ServerHandler.java:68)\n\tat io.netty.channel.AbstractChannelHandlerContext.invokeChannelRead(AbstractChannelHandlerContext.java:366)\n\tat io.netty.channel.AbstractChannelHandlerContext.invokeChannelRead(AbstractChannelHandlerContext.java:352)\n\tat io.netty.chann...
[debug] &amp#27;[35m[W3C]&amp#27;[39m Matched W3C error code 'no such element' to NoSuchElementError
[debug] &amp#27;[35m[BaseDriver]&amp#27;[39m Waited for 50 ms so far
[debug] &amp#27;[35m[WD Proxy]&amp#27;[39m Matched '/element' to command name 'findElement'
[debug] &amp#27;[35m[WD Proxy]&amp#27;[39m Proxying [POST /element] to [POST http://127.0.0.1:8200/wd/hub/session/8b50dff7-c18d-4f18-99bc-d63e0ade10a5/element] with body: {"strategy":"id","selector":"com.eezy.ai.dev:id/emailSignUp","context":"","multiple":false}
[debug] &amp#27;[35m[WD Proxy]&amp#27;[39m Got response with status 200: {"sessionId":"8b50dff7-c18d-4f18-99bc-d63e0ade10a5","value":{"ELEMENT":"f55e8f0f-514a-483f-95ef-7d0e92b1dab5","element-6066-11e4-a52e-4f735466cecf":"f55e8f0f-514a-483f-95ef-7d0e92b1dab5"}}
[debug] &amp#27;[35m[W3C (a38a037c)]&amp#27;[39m Responding to client with driver.findElement() result: {"element-6066-11e4-a52e-4f735466cecf":"f55e8f0f-514a-483f-95ef-7d0e92b1dab5","ELEMENT":"f55e8f0f-514a-483f-95ef-7d0e92b1dab5"}
&amp#27;[35m[HTTP]&amp#27;[39m &amp#27;[37m<-- POST /wd/hub/session/a38a037c-00d7-4e70-bad5-b7b74aefc8b7/element &amp#27;[39m&amp#27;[32m200&amp#27;[39m &amp#27;[90m696 ms - 137&amp#27;[39m
&amp#27;[35m[HTTP]&amp#27;[39m &amp#27;[90m&amp#27;[39m
&amp#27;[35m[HTTP]&amp#27;[39m &amp#27;[37m-->&amp#27;[39m &amp#27;[37mGET&amp#27;[39m &amp#27;[37m/wd/hub/session/a38a037c-00d7-4e70-bad5-b7b74aefc8b7/element/f55e8f0f-514a-483f-95ef-7d0e92b1dab5/displayed&amp#27;[39m
&amp#27;[35m[HTTP]&amp#27;[39m &amp#27;[90m{}&amp#27;[39m
[debug] &amp#27;[35m[W3C (a38a037c)]&amp#27;[39m Calling AppiumDriver.elementDisplayed() with args: ["f55e8f0f-514a-483f-95ef-7d0e92b1dab5","a38a037c-00d7-4e70-bad5-b7b74aefc8b7"]
[debug] &amp#27;[35m[WD Proxy]&amp#27;[39m Matched '/element/f55e8f0f-514a-483f-95ef-7d0e92b1dab5/attribute/displayed' to command name 'getAttribute'
[debug] &amp#27;[35m[WD Proxy]&amp#27;[39m Proxying [GET /element/f55e8f0f-514a-483f-95ef-7d0e92b1dab5/attribute/displayed] to [GET http://127.0.0.1:8200/wd/hub/session/8b50dff7-c18d-4f18-99bc-d63e0ade10a5/element/f55e8f0f-514a-483f-95ef-7d0e92b1dab5/attribute/displayed] with no body
[debug] &amp#27;[35m[WD Proxy]&amp#27;[39m Got response with status 200: {"sessionId":"8b50dff7-c18d-4f18-99bc-d63e0ade10a5","value":"true"}
[debug] &amp#27;[35m[W3C (a38a037c)]&amp#27;[39m Responding to client with driver.elementDisplayed() result: true
&amp#27;[35m[HTTP]&amp#27;[39m &amp#27;[37m<-- GET /wd/hub/session/a38a037c-00d7-4e70-bad5-b7b74aefc8b7/element/f55e8f0f-514a-483f-95ef-7d0e92b1dab5/displayed &amp#27;[39m&amp#27;[32m200&amp#27;[39m &amp#27;[90m22 ms - 14&amp#27;[39m
&amp#27;[35m[HTTP]&amp#27;[39m &amp#27;[90m&amp#27;[39m
&amp#27;[35m[HTTP]&amp#27;[39m &amp#27;[37m-->&amp#27;[39m &amp#27;[37mGET&amp#27;[39m &amp#27;[37m/wd/hub/session/a38a037c-00d7-4e70-bad5-b7b74aefc8b7/context&amp#27;[39m
&amp#27;[35m[HTTP]&amp#27;[39m &amp#27;[90m{}&amp#27;[39m
[debug] &amp#27;[35m[W3C (a38a037c)]&amp#27;[39m Calling AppiumDriver.getCurrentContext() with args: ["a38a037c-00d7-4e70-bad5-b7b74aefc8b7"]
[debug] &amp#27;[35m[W3C (a38a037c)]&amp#27;[39m Responding to client with driver.getCurrentContext() result: "NATIVE_APP"
&amp#27;[35m[HTTP]&amp#27;[39m &amp#27;[37m<-- GET /wd/hub/session/a38a037c-00d7-4e70-bad5-b7b74aefc8b7/context &amp#27;[39m&amp#27;[32m200&amp#27;[39m &amp#27;[90m2 ms - 22&amp#27;[39m
&amp#27;[35m[HTTP]&amp#27;[39m &amp#27;[90m&amp#27;[39m
&amp#27;[35m[HTTP]&amp#27;[39m &amp#27;[37m-->&amp#27;[39m &amp#27;[37mPOST&amp#27;[39m &amp#27;[37m/wd/hub/session/a38a037c-00d7-4e70-bad5-b7b74aefc8b7/element&amp#27;[39m
&amp#27;[35m[HTTP]&amp#27;[39m &amp#27;[90m{"using":"id","value":"com.eezy.ai.dev:id/emailSignUp"}&amp#27;[39m
[debug] &amp#27;[35m[W3C (a38a037c)]&amp#27;[39m Calling AppiumDriver.findElement() with args: ["id","com.eezy.ai.dev:id/emailSignUp","a38a037c-00d7-4e70-bad5-b7b74aefc8b7"]
[debug] &amp#27;[35m[BaseDriver]&amp#27;[39m Valid locator strategies for this request: xpath, id, class name, accessibility id, css selector, -android uiautomator
[debug] &amp#27;[35m[BaseDriver]&amp#27;[39m Waiting up to 15000 ms for condition
[debug] &amp#27;[35m[WD Proxy]&amp#27;[39m Matched '/element' to command name 'findElement'
[debug] &amp#27;[35m[WD Proxy]&amp#27;[39m Proxying [POST /element] to [POST http://127.0.0.1:8200/wd/hub/session/8b50dff7-c18d-4f18-99bc-d63e0ade10a5/element] with body: {"strategy":"id","selector":"com.eezy.ai.dev:id/emailSignUp","context":"","multiple":false}
[debug] &amp#27;[35m[WD Proxy]&amp#27;[39m Got response with status 200: {"sessionId":"8b50dff7-c18d-4f18-99bc-d63e0ade10a5","value":{"ELEMENT":"5d0df822-a9a5-4b94-962b-a0c4b8a6c62a","element-6066-11e4-a52e-4f735466cecf":"5d0df822-a9a5-4b94-962b-a0c4b8a6c62a"}}
[debug] &amp#27;[35m[W3C (a38a037c)]&amp#27;[39m Responding to client with driver.findElement() result: {"element-6066-11e4-a52e-4f735466cecf":"5d0df822-a9a5-4b94-962b-a0c4b8a6c62a","ELEMENT":"5d0df822-a9a5-4b94-962b-a0c4b8a6c62a"}
&amp#27;[35m[HTTP]&amp#27;[39m &amp#27;[37m<-- POST /wd/hub/session/a38a037c-00d7-4e70-bad5-b7b74aefc8b7/element &amp#27;[39m&amp#27;[32m200&amp#27;[39m &amp#27;[90m37 ms - 137&amp#27;[39m
&amp#27;[35m[HTTP]&amp#27;[39m &amp#27;[90m&amp#27;[39m
&amp#27;[35m[HTTP]&amp#27;[39m &amp#27;[37m-->&amp#27;[39m &amp#27;[37mGET&amp#27;[39m &amp#27;[37m/wd/hub/session/a38a037c-00d7-4e70-bad5-b7b74aefc8b7/element/5d0df822-a9a5-4b94-962b-a0c4b8a6c62a/enabled&amp#27;[39m
&amp#27;[35m[HTTP]&amp#27;[39m &amp#27;[90m{}&amp#27;[39m
[debug] &amp#27;[35m[W3C (a38a037c)]&amp#27;[39m Calling AppiumDriver.elementEnabled() with args: ["5d0df822-a9a5-4b94-962b-a0c4b8a6c62a","a38a037c-00d7-4e70-bad5-b7b74aefc8b7"]
[debug] &amp#27;[35m[WD Proxy]&amp#27;[39m Matched '/element/5d0df822-a9a5-4b94-962b-a0c4b8a6c62a/attribute/enabled' to command name 'getAttribute'
[debug] &amp#27;[35m[WD Proxy]&amp#27;[39m Proxying [GET /element/5d0df822-a9a5-4b94-962b-a0c4b8a6c62a/attribute/enabled] to [GET http://127.0.0.1:8200/wd/hub/session/8b50dff7-c18d-4f18-99bc-d63e0ade10a5/element/5d0df822-a9a5-4b94-962b-a0c4b8a6c62a/attribute/enabled] with no body
[debug] &amp#27;[35m[WD Proxy]&amp#27;[39m Got response with status 200: {"sessionId":"8b50dff7-c18d-4f18-99bc-d63e0ade10a5","value":"true"}
[debug] &amp#27;[35m[W3C (a38a037c)]&amp#27;[39m Responding to client with driver.elementEnabled() result: true
&amp#27;[35m[HTTP]&amp#27;[39m &amp#27;[37m<-- GET /wd/hub/session/a38a037c-00d7-4e70-bad5-b7b74aefc8b7/element/5d0df822-a9a5-4b94-962b-a0c4b8a6c62a/enabled &amp#27;[39m&amp#27;[32m200&amp#27;[39m &amp#27;[90m26 ms - 14&amp#27;[39m
&amp#27;[35m[HTTP]&amp#27;[39m &amp#27;[90m&amp#27;[39m
&amp#27;[35m[HTTP]&amp#27;[39m &amp#27;[37m-->&amp#27;[39m &amp#27;[37mGET&amp#27;[39m &amp#27;[37m/wd/hub/session/a38a037c-00d7-4e70-bad5-b7b74aefc8b7/context&amp#27;[39m
&amp#27;[35m[HTTP]&amp#27;[39m &amp#27;[90m{}&amp#27;[39m
[debug] &amp#27;[35m[W3C (a38a037c)]&amp#27;[39m Calling AppiumDriver.getCurrentContext() with args: ["a38a037c-00d7-4e70-bad5-b7b74aefc8b7"]
[debug] &amp#27;[35m[W3C (a38a037c)]&amp#27;[39m Responding to client with driver.getCurrentContext() result: "NATIVE_APP"
&amp#27;[35m[HTTP]&amp#27;[39m &amp#27;[37m<-- GET /wd/hub/session/a38a037c-00d7-4e70-bad5-b7b74aefc8b7/context &amp#27;[39m&amp#27;[32m200&amp#27;[39m &amp#27;[90m2 ms - 22&amp#27;[39m
&amp#27;[35m[HTTP]&amp#27;[39m &amp#27;[90m&amp#27;[39m
&amp#27;[35m[HTTP]&amp#27;[39m &amp#27;[37m-->&amp#27;[39m &amp#27;[37mPOST&amp#27;[39m &amp#27;[37m/wd/hub/session/a38a037c-00d7-4e70-bad5-b7b74aefc8b7/element&amp#27;[39m
&amp#27;[35m[HTTP]&amp#27;[39m &amp#27;[90m{"using":"id","value":"com.eezy.ai.dev:id/emailSignUp"}&amp#27;[39m
[debug] &amp#27;[35m[W3C (a38a037c)]&amp#27;[39m Calling AppiumDriver.findElement() with args: ["id","com.eezy.ai.dev:id/emailSignUp","a38a037c-00d7-4e70-bad5-b7b74aefc8b7"]
[debug] &amp#27;[35m[BaseDriver]&amp#27;[39m Valid locator strategies for this request: xpath, id, class name, accessibility id, css selector, -android uiautomator
[debug] &amp#27;[35m[BaseDriver]&amp#27;[39m Waiting up to 15000 ms for condition
[debug] &amp#27;[35m[WD Proxy]&amp#27;[39m Matched '/element' to command name 'findElement'
[debug] &amp#27;[35m[WD Proxy]&amp#27;[39m Proxying [POST /element] to [POST http://127.0.0.1:8200/wd/hub/session/8b50dff7-c18d-4f18-99bc-d63e0ade10a5/element] with body: {"strategy":"id","selector":"com.eezy.ai.dev:id/emailSignUp","context":"","multiple":false}
[debug] &amp#27;[35m[WD Proxy]&amp#27;[39m Got response with status 200: {"sessionId":"8b50dff7-c18d-4f18-99bc-d63e0ade10a5","value":{"ELEMENT":"4a58470a-bb8d-41b0-ad14-950d57165ef1","element-6066-11e4-a52e-4f735466cecf":"4a58470a-bb8d-41b0-ad14-950d57165ef1"}}
[debug] &amp#27;[35m[W3C (a38a037c)]&amp#27;[39m Responding to client with driver.findElement() result: {"element-6066-11e4-a52e-4f735466cecf":"4a58470a-bb8d-41b0-ad14-950d57165ef1","ELEMENT":"4a58470a-bb8d-41b0-ad14-950d57165ef1"}
&amp#27;[35m[HTTP]&amp#27;[39m &amp#27;[37m<-- POST /wd/hub/session/a38a037c-00d7-4e70-bad5-b7b74aefc8b7/element &amp#27;[39m&amp#27;[32m200&amp#27;[39m &amp#27;[90m50 ms - 137&amp#27;[39m
&amp#27;[35m[HTTP]&amp#27;[39m &amp#27;[90m&amp#27;[39m
&amp#27;[35m[HTTP]&amp#27;[39m &amp#27;[37m-->&amp#27;[39m &amp#27;[37mPOST&amp#27;[39m &amp#27;[37m/wd/hub/session/a38a037c-00d7-4e70-bad5-b7b74aefc8b7/element/4a58470a-bb8d-41b0-ad14-950d57165ef1/click&amp#27;[39m
&amp#27;[35m[HTTP]&amp#27;[39m &amp#27;[90m{"id":"4a58470a-bb8d-41b0-ad14-950d57165ef1"}&amp#27;[39m
[debug] &amp#27;[35m[W3C (a38a037c)]&amp#27;[39m Calling AppiumDriver.click() with args: ["4a58470a-bb8d-41b0-ad14-950d57165ef1","a38a037c-00d7-4e70-bad5-b7b74aefc8b7"]
[debug] &amp#27;[35m[WD Proxy]&amp#27;[39m Matched '/element/4a58470a-bb8d-41b0-ad14-950d57165ef1/click' to command name 'click'
[debug] &amp#27;[35m[WD Proxy]&amp#27;[39m Proxying [POST /element/4a58470a-bb8d-41b0-ad14-950d57165ef1/click] to [POST http://127.0.0.1:8200/wd/hub/session/8b50dff7-c18d-4f18-99bc-d63e0ade10a5/element/4a58470a-bb8d-41b0-ad14-950d57165ef1/click] with body: {"element":"4a58470a-bb8d-41b0-ad14-950d57165ef1"}
[debug] &amp#27;[35m[WD Proxy]&amp#27;[39m Got response with status 200: {"sessionId":"8b50dff7-c18d-4f18-99bc-d63e0ade10a5","value":null}
[debug] &amp#27;[35m[W3C (a38a037c)]&amp#27;[39m Responding to client with driver.click() result: null
&amp#27;[35m[HTTP]&amp#27;[39m &amp#27;[37m<-- POST /wd/hub/session/a38a037c-00d7-4e70-bad5-b7b74aefc8b7/element/4a58470a-bb8d-41b0-ad14-950d57165ef1/click &amp#27;[39m&amp#27;[32m200&amp#27;[39m &amp#27;[90m36 ms - 14&amp#27;[39m
&amp#27;[35m[HTTP]&amp#27;[39m &amp#27;[90m&amp#27;[39m
&amp#27;[35m[HTTP]&amp#27;[39m &amp#27;[37m-->&amp#27;[39m &amp#27;[37mGET&amp#27;[39m &amp#27;[37m/wd/hub/session/a38a037c-00d7-4e70-bad5-b7b74aefc8b7/context&amp#27;[39m
&amp#27;[35m[HTTP]&amp#27;[39m &amp#27;[90m{}&amp#27;[39m
[debug] &amp#27;[35m[W3C (a38a037c)]&amp#27;[39m Calling AppiumDriver.getCurrentContext() with args: ["a38a037c-00d7-4e70-bad5-b7b74aefc8b7"]
[debug] &amp#27;[35m[W3C (a38a037c)]&amp#27;[39m Responding to client with driver.getCurrentContext() result: "NATIVE_APP"
&amp#27;[35m[HTTP]&amp#27;[39m &amp#27;[37m<-- GET /wd/hub/session/a38a037c-00d7-4e70-bad5-b7b74aefc8b7/context &amp#27;[39m&amp#27;[32m200&amp#27;[39m &amp#27;[90m2 ms - 22&amp#27;[39m
&amp#27;[35m[HTTP]&amp#27;[39m &amp#27;[90m&amp#27;[39m
&amp#27;[35m[HTTP]&amp#27;[39m &amp#27;[37m-->&amp#27;[39m &amp#27;[37mPOST&amp#27;[39m &amp#27;[37m/wd/hub/session/a38a037c-00d7-4e70-bad5-b7b74aefc8b7/element&amp#27;[39m
&amp#27;[35m[HTTP]&amp#27;[39m &amp#27;[90m{"using":"id","value":"com.eezy.ai.dev:id/loginEmailEditText"}&amp#27;[39m
[debug] &amp#27;[35m[W3C (a38a037c)]&amp#27;[39m Calling AppiumDriver.findElement() with args: ["id","com.eezy.ai.dev:id/loginEmailEditText","a38a037c-00d7-4e70-bad5-b7b74aefc8b7"]
[debug] &amp#27;[35m[BaseDriver]&amp#27;[39m Valid locator strategies for this request: xpath, id, class name, accessibility id, css selector, -android uiautomator
[debug] &amp#27;[35m[BaseDriver]&amp#27;[39m Waiting up to 15000 ms for condition
[debug] &amp#27;[35m[WD Proxy]&amp#27;[39m Matched '/element' to command name 'findElement'
[debug] &amp#27;[35m[WD Proxy]&amp#27;[39m Proxying [POST /element] to [POST http://127.0.0.1:8200/wd/hub/session/8b50dff7-c18d-4f18-99bc-d63e0ade10a5/element] with body: {"strategy":"id","selector":"com.eezy.ai.dev:id/loginEmailEditText","context":"","multiple":false}
[debug] &amp#27;[35m[WD Proxy]&amp#27;[39m Got response with status 200: {"sessionId":"8b50dff7-c18d-4f18-99bc-d63e0ade10a5","value":{"ELEMENT":"9de889de-fc57-4980-8400-ad9f5b0bfa77","element-6066-11e4-a52e-4f735466cecf":"9de889de-fc57-4980-8400-ad9f5b0bfa77"}}
[debug] &amp#27;[35m[W3C (a38a037c)]&amp#27;[39m Responding to client with driver.findElement() result: {"element-6066-11e4-a52e-4f735466cecf":"9de889de-fc57-4980-8400-ad9f5b0bfa77","ELEMENT":"9de889de-fc57-4980-8400-ad9f5b0bfa77"}
&amp#27;[35m[HTTP]&amp#27;[39m &amp#27;[37m<-- POST /wd/hub/session/a38a037c-00d7-4e70-bad5-b7b74aefc8b7/element &amp#27;[39m&amp#27;[32m200&amp#27;[39m &amp#27;[90m89 ms - 137&amp#27;[39m
&amp#27;[35m[HTTP]&amp#27;[39m &amp#27;[90m&amp#27;[39m
&amp#27;[35m[HTTP]&amp#27;[39m &amp#27;[37m-->&amp#27;[39m &amp#27;[37mPOST&amp#27;[39m &amp#27;[37m/wd/hub/session/a38a037c-00d7-4e70-bad5-b7b74aefc8b7/element/9de889de-fc57-4980-8400-ad9f5b0bfa77/value&amp#27;[39m
&amp#27;[35m[HTTP]&amp#27;[39m &amp#27;[90m{"id":"9de889de-fc57-4980-8400-ad9f5b0bfa77","text":"abc76@gmail.com","value":["a","b","c","7","6","@","g","m","a","i","l",".","c","o","m"]}&amp#27;[39m
[debug] &amp#27;[35m[W3C (a38a037c)]&amp#27;[39m Calling AppiumDriver.setValue() with args: [["a","b","c","7","6","@","g","m","a","i","l",".","c","o","m"],"9de889de-fc57-4980-8400-ad9f5b0bfa77","a38a037c-00d7-4e70-bad5-b7b74aefc8b7"]
[debug] &amp#27;[35m[WD Proxy]&amp#27;[39m Matched '/element/9de889de-fc57-4980-8400-ad9f5b0bfa77/value' to command name 'setValue'
[debug] &amp#27;[35m[Protocol Converter]&amp#27;[39m Added 'value' property ["a","b","c","7","6","@","g","m","a","i","l",".","c","o","m"] to 'setValue' request body
[debug] &amp#27;[35m[WD Proxy]&amp#27;[39m Proxying [POST /element/9de889de-fc57-4980-8400-ad9f5b0bfa77/value] to [POST http://127.0.0.1:8200/wd/hub/session/8b50dff7-c18d-4f18-99bc-d63e0ade10a5/element/9de889de-fc57-4980-8400-ad9f5b0bfa77/value] with body: {"elementId":"9de889de-fc57-4980-8400-ad9f5b0bfa77","text":"abc76@gmail.com","replace":false,"value":["a","b","c","7","6","@","g","m","a","i","l",".","c","o","m"]}
[debug] &amp#27;[35m[WD Proxy]&amp#27;[39m Got response with status 200: {"sessionId":"8b50dff7-c18d-4f18-99bc-d63e0ade10a5","value":null}
[debug] &amp#27;[35m[W3C (a38a037c)]&amp#27;[39m Responding to client with driver.setValue() result: null
&amp#27;[35m[HTTP]&amp#27;[39m &amp#27;[37m<-- POST /wd/hub/session/a38a037c-00d7-4e70-bad5-b7b74aefc8b7/element/9de889de-fc57-4980-8400-ad9f5b0bfa77/value &amp#27;[39m&amp#27;[32m200&amp#27;[39m &amp#27;[90m1941 ms - 14&amp#27;[39m
&amp#27;[35m[HTTP]&amp#27;[39m &amp#27;[90m&amp#27;[39m
&amp#27;[35m[HTTP]&amp#27;[39m &amp#27;[37m-->&amp#27;[39m &amp#27;[37mGET&amp#27;[39m &amp#27;[37m/wd/hub/session/a38a037c-00d7-4e70-bad5-b7b74aefc8b7/context&amp#27;[39m
&amp#27;[35m[HTTP]&amp#27;[39m &amp#27;[90m{}&amp#27;[39m
[debug] &amp#27;[35m[W3C (a38a037c)]&amp#27;[39m Calling AppiumDriver.getCurrentContext() with args: ["a38a037c-00d7-4e70-bad5-b7b74aefc8b7"]
[debug] &amp#27;[35m[W3C (a38a037c)]&amp#27;[39m Responding to client with driver.getCurrentContext() result: "NATIVE_APP"
&amp#27;[35m[HTTP]&amp#27;[39m &amp#27;[37m<-- GET /wd/hub/session/a38a037c-00d7-4e70-bad5-b7b74aefc8b7/context &amp#27;[39m&amp#27;[32m200&amp#27;[39m &amp#27;[90m2 ms - 22&amp#27;[39m
&amp#27;[35m[HTTP]&amp#27;[39m &amp#27;[90m&amp#27;[39m
&amp#27;[35m[HTTP]&amp#27;[39m &amp#27;[37m-->&amp#27;[39m &amp#27;[37mPOST&amp#27;[39m &amp#27;[37m/wd/hub/session/a38a037c-00d7-4e70-bad5-b7b74aefc8b7/element&amp#27;[39m
&amp#27;[35m[HTTP]&amp#27;[39m &amp#27;[90m{"using":"id","value":"com.eezy.ai.dev:id/loginPasswordEditText"}&amp#27;[39m
[debug] &amp#27;[35m[W3C (a38a037c)]&amp#27;[39m Calling AppiumDriver.findElement() with args: ["id","com.eezy.ai.dev:id/loginPasswordEditText","a38a037c-00d7-4e70-bad5-b7b74aefc8b7"]
[debug] &amp#27;[35m[BaseDriver]&amp#27;[39m Valid locator strategies for this request: xpath, id, class name, accessibility id, css selector, -android uiautomator
[debug] &amp#27;[35m[BaseDriver]&amp#27;[39m Waiting up to 15000 ms for condition
[debug] &amp#27;[35m[WD Proxy]&amp#27;[39m Matched '/element' to command name 'findElement'
[debug] &amp#27;[35m[WD Proxy]&amp#27;[39m Proxying [POST /element] to [POST http://127.0.0.1:8200/wd/hub/session/8b50dff7-c18d-4f18-99bc-d63e0ade10a5/element] with body: {"strategy":"id","selector":"com.eezy.ai.dev:id/loginPasswordEditText","context":"","multiple":false}
[debug] &amp#27;[35m[WD Proxy]&amp#27;[39m Got response with status 200: {"sessionId":"8b50dff7-c18d-4f18-99bc-d63e0ade10a5","value":{"ELEMENT":"5db9ec9f-d4b8-4616-b2dc-c0dc8e0c3ad9","element-6066-11e4-a52e-4f735466cecf":"5db9ec9f-d4b8-4616-b2dc-c0dc8e0c3ad9"}}
[debug] &amp#27;[35m[W3C (a38a037c)]&amp#27;[39m Responding to client with driver.findElement() result: {"element-6066-11e4-a52e-4f735466cecf":"5db9ec9f-d4b8-4616-b2dc-c0dc8e0c3ad9","ELEMENT":"5db9ec9f-d4b8-4616-b2dc-c0dc8e0c3ad9"}
&amp#27;[35m[HTTP]&amp#27;[39m &amp#27;[37m<-- POST /wd/hub/session/a38a037c-00d7-4e70-bad5-b7b74aefc8b7/element &amp#27;[39m&amp#27;[32m200&amp#27;[39m &amp#27;[90m500 ms - 137&amp#27;[39m
&amp#27;[35m[HTTP]&amp#27;[39m &amp#27;[90m&amp#27;[39m
&amp#27;[35m[HTTP]&amp#27;[39m &amp#27;[37m-->&amp#27;[39m &amp#27;[37mPOST&amp#27;[39m &amp#27;[37m/wd/hub/session/a38a037c-00d7-4e70-bad5-b7b74aefc8b7/element/5db9ec9f-d4b8-4616-b2dc-c0dc8e0c3ad9/value&amp#27;[39m
&amp#27;[35m[HTTP]&amp#27;[39m &amp#27;[90m{"id":"5db9ec9f-d4b8-4616-b2dc-c0dc8e0c3ad9","text":"Kikki54554","value":["K","i","k","k","i","5","4","5","5","4"]}&amp#27;[39m
[debug] &amp#27;[35m[W3C (a38a037c)]&amp#27;[39m Calling AppiumDriver.setValue() with args: [["K","i","k","k","i","5","4","5","5","4"],"5db9ec9f-d4b8-4616-b2dc-c0dc8e0c3ad9","a38a037c-00d7-4e70-bad5-b7b74aefc8b7"]
[debug] &amp#27;[35m[WD Proxy]&amp#27;[39m Matched '/element/5db9ec9f-d4b8-4616-b2dc-c0dc8e0c3ad9/value' to command name 'setValue'
[debug] &amp#27;[35m[Protocol Converter]&amp#27;[39m Added 'value' property ["K","i","k","k","i","5","4","5","5","4"] to 'setValue' request body
[debug] &amp#27;[35m[WD Proxy]&amp#27;[39m Proxying [POST /element/5db9ec9f-d4b8-4616-b2dc-c0dc8e0c3ad9/value] to [POST http://127.0.0.1:8200/wd/hub/session/8b50dff7-c18d-4f18-99bc-d63e0ade10a5/element/5db9ec9f-d4b8-4616-b2dc-c0dc8e0c3ad9/value] with body: {"elementId":"5db9ec9f-d4b8-4616-b2dc-c0dc8e0c3ad9","text":"Kikki54554","replace":false,"value":["K","i","k","k","i","5","4","5","5","4"]}
[debug] &amp#27;[35m[WD Proxy]&amp#27;[39m Got response with status 200: {"sessionId":"8b50dff7-c18d-4f18-99bc-d63e0ade10a5","value":null}
[debug] &amp#27;[35m[W3C (a38a037c)]&amp#27;[39m Responding to client with driver.setValue() result: null
&amp#27;[35m[HTTP]&amp#27;[39m &amp#27;[37m<-- POST /wd/hub/session/a38a037c-00d7-4e70-bad5-b7b74aefc8b7/element/5db9ec9f-d4b8-4616-b2dc-c0dc8e0c3ad9/value &amp#27;[39m&amp#27;[32m200&amp#27;[39m &amp#27;[90m63 ms - 14&amp#27;[39m
&amp#27;[35m[HTTP]&amp#27;[39m &amp#27;[90m&amp#27;[39m
&amp#27;[35m[HTTP]&amp#27;[39m &amp#27;[37m-->&amp#27;[39m &amp#27;[37mGET&amp#27;[39m &amp#27;[37m/wd/hub/session/a38a037c-00d7-4e70-bad5-b7b74aefc8b7/context&amp#27;[39m
&amp#27;[35m[HTTP]&amp#27;[39m &amp#27;[90m{}&amp#27;[39m
[debug] &amp#27;[35m[W3C (a38a037c)]&amp#27;[39m Calling AppiumDriver.getCurrentContext() with args: ["a38a037c-00d7-4e70-bad5-b7b74aefc8b7"]
[debug] &amp#27;[35m[W3C (a38a037c)]&amp#27;[39m Responding to client with driver.getCurrentContext() result: "NATIVE_APP"
&amp#27;[35m[HTTP]&amp#27;[39m &amp#27;[37m<-- GET /wd/hub/session/a38a037c-00d7-4e70-bad5-b7b74aefc8b7/context &amp#27;[39m&amp#27;[32m200&amp#27;[39m &amp#27;[90m2 ms - 22&amp#27;[39m
&amp#27;[35m[HTTP]&amp#27;[39m &amp#27;[90m&amp#27;[39m
&amp#27;[35m[HTTP]&amp#27;[39m &amp#27;[37m-->&amp#27;[39m &amp#27;[37mPOST&amp#27;[39m &amp#27;[37m/wd/hub/session/a38a037c-00d7-4e70-bad5-b7b74aefc8b7/element&amp#27;[39m
&amp#27;[35m[HTTP]&amp#27;[39m &amp#27;[90m{"using":"id","value":"com.eezy.ai.dev:id/loginNowButton"}&amp#27;[39m
[debug] &amp#27;[35m[W3C (a38a037c)]&amp#27;[39m Calling AppiumDriver.findElement() with args: ["id","com.eezy.ai.dev:id/loginNowButton","a38a037c-00d7-4e70-bad5-b7b74aefc8b7"]
[debug] &amp#27;[35m[BaseDriver]&amp#27;[39m Valid locator strategies for this request: xpath, id, class name, accessibility id, css selector, -android uiautomator
[debug] &amp#27;[35m[BaseDriver]&amp#27;[39m Waiting up to 15000 ms for condition
[debug] &amp#27;[35m[WD Proxy]&amp#27;[39m Matched '/element' to command name 'findElement'
[debug] &amp#27;[35m[WD Proxy]&amp#27;[39m Proxying [POST /element] to [POST http://127.0.0.1:8200/wd/hub/session/8b50dff7-c18d-4f18-99bc-d63e0ade10a5/element] with body: {"strategy":"id","selector":"com.eezy.ai.dev:id/loginNowButton","context":"","multiple":false}
[debug] &amp#27;[35m[WD Proxy]&amp#27;[39m Got response with status 200: {"sessionId":"8b50dff7-c18d-4f18-99bc-d63e0ade10a5","value":{"ELEMENT":"52f18c8c-fd3d-49ba-adfc-36ae567c9037","element-6066-11e4-a52e-4f735466cecf":"52f18c8c-fd3d-49ba-adfc-36ae567c9037"}}
[debug] &amp#27;[35m[W3C (a38a037c)]&amp#27;[39m Responding to client with driver.findElement() result: {"element-6066-11e4-a52e-4f735466cecf":"52f18c8c-fd3d-49ba-adfc-36ae567c9037","ELEMENT":"52f18c8c-fd3d-49ba-adfc-36ae567c9037"}
&amp#27;[35m[HTTP]&amp#27;[39m &amp#27;[37m<-- POST /wd/hub/session/a38a037c-00d7-4e70-bad5-b7b74aefc8b7/element &amp#27;[39m&amp#27;[32m200&amp#27;[39m &amp#27;[90m30 ms - 137&amp#27;[39m
&amp#27;[35m[HTTP]&amp#27;[39m &amp#27;[90m&amp#27;[39m
&amp#27;[35m[HTTP]&amp#27;[39m &amp#27;[37m-->&amp#27;[39m &amp#27;[37mPOST&amp#27;[39m &amp#27;[37m/wd/hub/session/a38a037c-00d7-4e70-bad5-b7b74aefc8b7/element/52f18c8c-fd3d-49ba-adfc-36ae567c9037/click&amp#27;[39m
&amp#27;[35m[HTTP]&amp#27;[39m &amp#27;[90m{"id":"52f18c8c-fd3d-49ba-adfc-36ae567c9037"}&amp#27;[39m
[debug] &amp#27;[35m[W3C (a38a037c)]&amp#27;[39m Calling AppiumDriver.click() with args: ["52f18c8c-fd3d-49ba-adfc-36ae567c9037","a38a037c-00d7-4e70-bad5-b7b74aefc8b7"]
[debug] &amp#27;[35m[WD Proxy]&amp#27;[39m Matched '/element/52f18c8c-fd3d-49ba-adfc-36ae567c9037/click' to command name 'click'
[debug] &amp#27;[35m[WD Proxy]&amp#27;[39m Proxying [POST /element/52f18c8c-fd3d-49ba-adfc-36ae567c9037/click] to [POST http://127.0.0.1:8200/wd/hub/session/8b50dff7-c18d-4f18-99bc-d63e0ade10a5/element/52f18c8c-fd3d-49ba-adfc-36ae567c9037/click] with body: {"element":"52f18c8c-fd3d-49ba-adfc-36ae567c9037"}
[debug] &amp#27;[35m[WD Proxy]&amp#27;[39m Got response with status 200: {"sessionId":"8b50dff7-c18d-4f18-99bc-d63e0ade10a5","value":null}
[debug] &amp#27;[35m[W3C (a38a037c)]&amp#27;[39m Responding to client with driver.click() result: null
&amp#27;[35m[HTTP]&amp#27;[39m &amp#27;[37m<-- POST /wd/hub/session/a38a037c-00d7-4e70-bad5-b7b74aefc8b7/element/52f18c8c-fd3d-49ba-adfc-36ae567c9037/click &amp#27;[39m&amp#27;[32m200&amp#27;[39m &amp#27;[90m28 ms - 14&amp#27;[39m
&amp#27;[35m[HTTP]&amp#27;[39m &amp#27;[90m&amp#27;[39m
&amp#27;[35m[HTTP]&amp#27;[39m &amp#27;[37m-->&amp#27;[39m &amp#27;[37mGET&amp#27;[39m &amp#27;[37m/wd/hub/session/a38a037c-00d7-4e70-bad5-b7b74aefc8b7/context&amp#27;[39m
&amp#27;[35m[HTTP]&amp#27;[39m &amp#27;[90m{}&amp#27;[39m
[debug] &amp#27;[35m[W3C (a38a037c)]&amp#27;[39m Calling AppiumDriver.getCurrentContext() with args: ["a38a037c-00d7-4e70-bad5-b7b74aefc8b7"]
[debug] &amp#27;[35m[W3C (a38a037c)]&amp#27;[39m Responding to client with driver.getCurrentContext() result: "NATIVE_APP"
&amp#27;[35m[HTTP]&amp#27;[39m &amp#27;[37m<-- GET /wd/hub/session/a38a037c-00d7-4e70-bad5-b7b74aefc8b7/context &amp#27;[39m&amp#27;[32m200&amp#27;[39m &amp#27;[90m2 ms - 22&amp#27;[39m
&amp#27;[35m[HTTP]&amp#27;[39m &amp#27;[90m&amp#27;[39m
&amp#27;[35m[HTTP]&amp#27;[39m &amp#27;[37m-->&amp#27;[39m &amp#27;[37mPOST&amp#27;[39m &amp#27;[37m/wd/hub/session/a38a037c-00d7-4e70-bad5-b7b74aefc8b7/element&amp#27;[39m
&amp#27;[35m[HTTP]&amp#27;[39m &amp#27;[90m{"using":"id","value":"com.eezy.ai.dev:id/skipDemo"}&amp#27;[39m
[debug] &amp#27;[35m[W3C (a38a037c)]&amp#27;[39m Calling AppiumDriver.findElement() with args: ["id","com.eezy.ai.dev:id/skipDemo","a38a037c-00d7-4e70-bad5-b7b74aefc8b7"]
[debug] &amp#27;[35m[BaseDriver]&amp#27;[39m Valid locator strategies for this request: xpath, id, class name, accessibility id, css selector, -android uiautomator
[debug] &amp#27;[35m[BaseDriver]&amp#27;[39m Waiting up to 15000 ms for condition
[debug] &amp#27;[35m[WD Proxy]&amp#27;[39m Matched '/element' to command name 'findElement'
[debug] &amp#27;[35m[WD Proxy]&amp#27;[39m Proxying [POST /element] to [POST http://127.0.0.1:8200/wd/hub/session/8b50dff7-c18d-4f18-99bc-d63e0ade10a5/element] with body: {"strategy":"id","selector":"com.eezy.ai.dev:id/skipDemo","context":"","multiple":false}
&amp#27;[35m[WD Proxy]&amp#27;[39m Got response with status 404: {"sessionId":"8b50dff7-c18d-4f18-99bc-d63e0ade10a5","value":{"error":"no such element","message":"An element could not be located on the page using the given search parameters","stacktrace":"io.appium.uiautomator2.common.exceptions.ElementNotFoundException: An element could not be located on the page using the given search parameters\n\tat io.appium.uiautomator2.handler.FindElement.safeHandle(FindElement.java:70)\n\tat io.appium.uiautomator2.handler.request.SafeRequestHandler.handle(SafeRequestHandler.java:41)\n\tat io.appium.uiautomator2.server.AppiumServlet.handleRequest(AppiumServlet.java:261)\n\tat io.appium.uiautomator2.server.AppiumServlet.handleHttpRequest(AppiumServlet.java:255)\n\tat io.appium.uiautomator2.http.ServerHandler.channelRead(ServerHandler.java:68)\n\tat io.netty.channel.AbstractChannelHandlerContext.invokeChannelRead(AbstractChannelHandlerContext.java:366)\n\tat io.netty.channel.AbstractChannelHandlerContext.invokeChannelRead(AbstractChannelHandlerContext.java:352)\n\tat io.netty.chann...
[debug] &amp#27;[35m[W3C]&amp#27;[39m Matched W3C error code 'no such element' to NoSuchElementError
[debug] &amp#27;[35m[BaseDriver]&amp#27;[39m Waited for 47 ms so far
[debug] &amp#27;[35m[WD Proxy]&amp#27;[39m Matched '/element' to command name 'findElement'
[debug] &amp#27;[35m[WD Proxy]&amp#27;[39m Proxying [POST /element] to [POST http://127.0.0.1:8200/wd/hub/session/8b50dff7-c18d-4f18-99bc-d63e0ade10a5/element] with body: {"strategy":"id","selector":"com.eezy.ai.dev:id/skipDemo","context":"","multiple":false}
&amp#27;[35m[WD Proxy]&amp#27;[39m Got response with status 404: {"sessionId":"8b50dff7-c18d-4f18-99bc-d63e0ade10a5","value":{"error":"no such element","message":"An element could not be located on the page using the given search parameters","stacktrace":"io.appium.uiautomator2.common.exceptions.ElementNotFoundException: An element could not be located on the page using the given search parameters\n\tat io.appium.uiautomator2.handler.FindElement.safeHandle(FindElement.java:70)\n\tat io.appium.uiautomator2.handler.request.SafeRequestHandler.handle(SafeRequestHandler.java:41)\n\tat io.appium.uiautomator2.server.AppiumServlet.handleRequest(AppiumServlet.java:261)\n\tat io.appium.uiautomator2.server.AppiumServlet.handleHttpRequest(AppiumServlet.java:255)\n\tat io.appium.uiautomator2.http.ServerHandler.channelRead(ServerHandler.java:68)\n\tat io.netty.channel.AbstractChannelHandlerContext.invokeChannelRead(AbstractChannelHandlerContext.java:366)\n\tat io.netty.channel.AbstractChannelHandlerContext.invokeChannelRead(AbstractChannelHandlerContext.java:352)\n\tat io.netty.chann...
[debug] &amp#27;[35m[W3C]&amp#27;[39m Matched W3C error code 'no such element' to NoSuchElementError
[debug] &amp#27;[35m[BaseDriver]&amp#27;[39m Waited for 1286 ms so far
[debug] &amp#27;[35m[WD Proxy]&amp#27;[39m Matched '/element' to command name 'findElement'
[debug] &amp#27;[35m[WD Proxy]&amp#27;[39m Proxying [POST /element] to [POST http://127.0.0.1:8200/wd/hub/session/8b50dff7-c18d-4f18-99bc-d63e0ade10a5/element] with body: {"strategy":"id","selector":"com.eezy.ai.dev:id/skipDemo","context":"","multiple":false}
[debug] &amp#27;[35m[WD Proxy]&amp#27;[39m Got response with status 200: {"sessionId":"8b50dff7-c18d-4f18-99bc-d63e0ade10a5","value":{"ELEMENT":"40ecc6fe-e77c-4547-ba5f-c2c4cd5cb140","element-6066-11e4-a52e-4f735466cecf":"40ecc6fe-e77c-4547-ba5f-c2c4cd5cb140"}}
[debug] &amp#27;[35m[W3C (a38a037c)]&amp#27;[39m Responding to client with driver.findElement() result: {"element-6066-11e4-a52e-4f735466cecf":"40ecc6fe-e77c-4547-ba5f-c2c4cd5cb140","ELEMENT":"40ecc6fe-e77c-4547-ba5f-c2c4cd5cb140"}
&amp#27;[35m[HTTP]&amp#27;[39m &amp#27;[37m<-- POST /wd/hub/session/a38a037c-00d7-4e70-bad5-b7b74aefc8b7/element &amp#27;[39m&amp#27;[32m200&amp#27;[39m &amp#27;[90m12267 ms - 137&amp#27;[39m
&amp#27;[35m[HTTP]&amp#27;[39m &amp#27;[90m&amp#27;[39m
&amp#27;[35m[HTTP]&amp#27;[39m &amp#27;[37m-->&amp#27;[39m &amp#27;[37mGET&amp#27;[39m &amp#27;[37m/wd/hub/session/a38a037c-00d7-4e70-bad5-b7b74aefc8b7/element/40ecc6fe-e77c-4547-ba5f-c2c4cd5cb140/displayed&amp#27;[39m
&amp#27;[35m[HTTP]&amp#27;[39m &amp#27;[90m{}&amp#27;[39m
[debug] &amp#27;[35m[W3C (a38a037c)]&amp#27;[39m Calling AppiumDriver.elementDisplayed() with args: ["40ecc6fe-e77c-4547-ba5f-c2c4cd5cb140","a38a037c-00d7-4e70-bad5-b7b74aefc8b7"]
[debug] &amp#27;[35m[WD Proxy]&amp#27;[39m Matched '/element/40ecc6fe-e77c-4547-ba5f-c2c4cd5cb140/attribute/displayed' to command name 'getAttribute'
[debug] &amp#27;[35m[WD Proxy]&amp#27;[39m Proxying [GET /element/40ecc6fe-e77c-4547-ba5f-c2c4cd5cb140/attribute/displayed] to [GET http://127.0.0.1:8200/wd/hub/session/8b50dff7-c18d-4f18-99bc-d63e0ade10a5/element/40ecc6fe-e77c-4547-ba5f-c2c4cd5cb140/attribute/displayed] with no body
[debug] &amp#27;[35m[WD Proxy]&amp#27;[39m Got response with status 200: {"sessionId":"8b50dff7-c18d-4f18-99bc-d63e0ade10a5","value":"true"}
[debug] &amp#27;[35m[W3C (a38a037c)]&amp#27;[39m Responding to client with driver.elementDisplayed() result: true
&amp#27;[35m[HTTP]&amp#27;[39m &amp#27;[37m<-- GET /wd/hub/session/a38a037c-00d7-4e70-bad5-b7b74aefc8b7/element/40ecc6fe-e77c-4547-ba5f-c2c4cd5cb140/displayed &amp#27;[39m&amp#27;[32m200&amp#27;[39m &amp#27;[90m20141 ms - 14&amp#27;[39m
&amp#27;[35m[HTTP]&amp#27;[39m &amp#27;[90m&amp#27;[39m
&amp#27;[35m[HTTP]&amp#27;[39m &amp#27;[37m-->&amp#27;[39m &amp#27;[37mGET&amp#27;[39m &amp#27;[37m/wd/hub/session/a38a037c-00d7-4e70-bad5-b7b74aefc8b7/context&amp#27;[39m
&amp#27;[35m[HTTP]&amp#27;[39m &amp#27;[90m{}&amp#27;[39m
[debug] &amp#27;[35m[W3C (a38a037c)]&amp#27;[39m Calling AppiumDriver.getCurrentContext() with args: ["a38a037c-00d7-4e70-bad5-b7b74aefc8b7"]
[debug] &amp#27;[35m[W3C (a38a037c)]&amp#27;[39m Responding to client with driver.getCurrentContext() result: "NATIVE_APP"
&amp#27;[35m[HTTP]&amp#27;[39m &amp#27;[37m<-- GET /wd/hub/session/a38a037c-00d7-4e70-bad5-b7b74aefc8b7/context &amp#27;[39m&amp#27;[32m200&amp#27;[39m &amp#27;[90m1 ms - 22&amp#27;[39m
&amp#27;[35m[HTTP]&amp#27;[39m &amp#27;[90m&amp#27;[39m
&amp#27;[35m[HTTP]&amp#27;[39m &amp#27;[37m-->&amp#27;[39m &amp#27;[37mPOST&amp#27;[39m &amp#27;[37m/wd/hub/session/a38a037c-00d7-4e70-bad5-b7b74aefc8b7/element&amp#27;[39m
&amp#27;[35m[HTTP]&amp#27;[39m &amp#27;[90m{"using":"id","value":"com.eezy.ai.dev:id/skipDemo"}&amp#27;[39m
[debug] &amp#27;[35m[W3C (a38a037c)]&amp#27;[39m Calling AppiumDriver.findElement() with args: ["id","com.eezy.ai.dev:id/skipDemo","a38a037c-00d7-4e70-bad5-b7b74aefc8b7"]
[debug] &amp#27;[35m[BaseDriver]&amp#27;[39m Valid locator strategies for this request: xpath, id, class name, accessibility id, css selector, -android uiautomator
[debug] &amp#27;[35m[BaseDriver]&amp#27;[39m Waiting up to 15000 ms for condition
[debug] &amp#27;[35m[WD Proxy]&amp#27;[39m Matched '/element' to command name 'findElement'
[debug] &amp#27;[35m[WD Proxy]&amp#27;[39m Proxying [POST /element] to [POST http://127.0.0.1:8200/wd/hub/session/8b50dff7-c18d-4f18-99bc-d63e0ade10a5/element] with body: {"strategy":"id","selector":"com.eezy.ai.dev:id/skipDemo","context":"","multiple":false}
[debug] &amp#27;[35m[WD Proxy]&amp#27;[39m Got response with status 200: {"sessionId":"8b50dff7-c18d-4f18-99bc-d63e0ade10a5","value":{"ELEMENT":"6a4163b5-5ede-4583-857a-632670b105a8","element-6066-11e4-a52e-4f735466cecf":"6a4163b5-5ede-4583-857a-632670b105a8"}}
[debug] &amp#27;[35m[W3C (a38a037c)]&amp#27;[39m Responding to client with driver.findElement() result: {"element-6066-11e4-a52e-4f735466cecf":"6a4163b5-5ede-4583-857a-632670b105a8","ELEMENT":"6a4163b5-5ede-4583-857a-632670b105a8"}
&amp#27;[35m[HTTP]&amp#27;[39m &amp#27;[37m<-- POST /wd/hub/session/a38a037c-00d7-4e70-bad5-b7b74aefc8b7/element &amp#27;[39m&amp#27;[32m200&amp#27;[39m &amp#27;[90m10106 ms - 137&amp#27;[39m
&amp#27;[35m[HTTP]&amp#27;[39m &amp#27;[90m&amp#27;[39m
&amp#27;[35m[HTTP]&amp#27;[39m &amp#27;[37m-->&amp#27;[39m &amp#27;[37mGET&amp#27;[39m &amp#27;[37m/wd/hub/session/a38a037c-00d7-4e70-bad5-b7b74aefc8b7/element/6a4163b5-5ede-4583-857a-632670b105a8/enabled&amp#27;[39m
&amp#27;[35m[HTTP]&amp#27;[39m &amp#27;[90m{}&amp#27;[39m
[debug] &amp#27;[35m[W3C (a38a037c)]&amp#27;[39m Calling AppiumDriver.elementEnabled() with args: ["6a4163b5-5ede-4583-857a-632670b105a8","a38a037c-00d7-4e70-bad5-b7b74aefc8b7"]
[debug] &amp#27;[35m[WD Proxy]&amp#27;[39m Matched '/element/6a4163b5-5ede-4583-857a-632670b105a8/attribute/enabled' to command name 'getAttribute'
[debug] &amp#27;[35m[WD Proxy]&amp#27;[39m Proxying [GET /element/6a4163b5-5ede-4583-857a-632670b105a8/attribute/enabled] to [GET http://127.0.0.1:8200/wd/hub/session/8b50dff7-c18d-4f18-99bc-d63e0ade10a5/element/6a4163b5-5ede-4583-857a-632670b105a8/attribute/enabled] with no body
[debug] &amp#27;[35m[WD Proxy]&amp#27;[39m Got response with status 200: {"sessionId":"8b50dff7-c18d-4f18-99bc-d63e0ade10a5","value":"true"}
[debug] &amp#27;[35m[W3C (a38a037c)]&amp#27;[39m Responding to client with driver.elementEnabled() result: true
&amp#27;[35m[HTTP]&amp#27;[39m &amp#27;[37m<-- GET /wd/hub/session/a38a037c-00d7-4e70-bad5-b7b74aefc8b7/element/6a4163b5-5ede-4583-857a-632670b105a8/enabled &amp#27;[39m&amp#27;[32m200&amp#27;[39m &amp#27;[90m20176 ms - 14&amp#27;[39m
&amp#27;[35m[HTTP]&amp#27;[39m &amp#27;[90m&amp#27;[39m
&amp#27;[35m[HTTP]&amp#27;[39m &amp#27;[37m-->&amp#27;[39m &amp#27;[37mGET&amp#27;[39m &amp#27;[37m/wd/hub/session/a38a037c-00d7-4e70-bad5-b7b74aefc8b7/window/rect&amp#27;[39m
&amp#27;[35m[HTTP]&amp#27;[39m &amp#27;[90m{}&amp#27;[39m
[debug] &amp#27;[35m[W3C (a38a037c)]&amp#27;[39m Calling AppiumDriver.getWindowRect() with args: ["a38a037c-00d7-4e70-bad5-b7b74aefc8b7"]
[debug] &amp#27;[35m[WD Proxy]&amp#27;[39m Matched '/window/current/size' to command name 'getWindowSize'
[debug] &amp#27;[35m[WD Proxy]&amp#27;[39m Proxying [GET /window/current/size] to [GET http://127.0.0.1:8200/wd/hub/session/8b50dff7-c18d-4f18-99bc-d63e0ade10a5/window/current/size] with no body
[debug] &amp#27;[35m[WD Proxy]&amp#27;[39m Got response with status 200: {"sessionId":"8b50dff7-c18d-4f18-99bc-d63e0ade10a5","value":{"height":1920,"width":1080}}
[debug] &amp#27;[35m[W3C (a38a037c)]&amp#27;[39m Responding to client with driver.getWindowRect() result: {"width":1080,"height":1920,"x":0,"y":0}
&amp#27;[35m[HTTP]&amp#27;[39m &amp#27;[37m<-- GET /wd/hub/session/a38a037c-00d7-4e70-bad5-b7b74aefc8b7/window/rect &amp#27;[39m&amp#27;[32m200&amp#27;[39m &amp#27;[90m25 ms - 50&amp#27;[39m
&amp#27;[35m[HTTP]&amp#27;[39m &amp#27;[90m&amp#27;[39m
&amp#27;[35m[HTTP]&amp#27;[39m &amp#27;[37m-->&amp#27;[39m &amp#27;[37mPOST&amp#27;[39m &amp#27;[37m/wd/hub/session/a38a037c-00d7-4e70-bad5-b7b74aefc8b7/touch/perform&amp#27;[39m
&amp#27;[35m[HTTP]&amp#27;[39m &amp#27;[90m{"actions":[{"action":"tap","options":{"x":540,"y":192}}]}&amp#27;[39m
[debug] &amp#27;[35m[W3C (a38a037c)]&amp#27;[39m Calling AppiumDriver.performTouch() with args: [[{"action":"tap","options":{"x":540,"y":192}}],"a38a037c-00d7-4e70-bad5-b7b74aefc8b7"]
[debug] &amp#27;[35m[WD Proxy]&amp#27;[39m Proxying [POST /appium/tap] to [POST http://127.0.0.1:8200/wd/hub/session/8b50dff7-c18d-4f18-99bc-d63e0ade10a5/appium/tap] with body: {"x":540,"y":192,"undefined":null}
[debug] &amp#27;[35m[WD Proxy]&amp#27;[39m Got response with status 200: {"sessionId":"8b50dff7-c18d-4f18-99bc-d63e0ade10a5","value":null}
[debug] &amp#27;[35m[W3C (a38a037c)]&amp#27;[39m Responding to client with driver.performTouch() result: null
&amp#27;[35m[HTTP]&amp#27;[39m &amp#27;[37m<-- POST /wd/hub/session/a38a037c-00d7-4e70-bad5-b7b74aefc8b7/touch/perform &amp#27;[39m&amp#27;[32m200&amp#27;[39m &amp#27;[90m10220 ms - 14&amp#27;[39m
&amp#27;[35m[HTTP]&amp#27;[39m &amp#27;[90m&amp#27;[39m
&amp#27;[35m[HTTP]&amp#27;[39m &amp#27;[37m-->&amp#27;[39m &amp#27;[37mGET&amp#27;[39m &amp#27;[37m/wd/hub/session/a38a037c-00d7-4e70-bad5-b7b74aefc8b7/context&amp#27;[39m
&amp#27;[35m[HTTP]&amp#27;[39m &amp#27;[90m{}&amp#27;[39m
[debug] &amp#27;[35m[W3C (a38a037c)]&amp#27;[39m Calling AppiumDriver.getCurrentContext() with args: ["a38a037c-00d7-4e70-bad5-b7b74aefc8b7"]
[debug] &amp#27;[35m[W3C (a38a037c)]&amp#27;[39m Responding to client with driver.getCurrentContext() result: "NATIVE_APP"
&amp#27;[35m[HTTP]&amp#27;[39m &amp#27;[37m<-- GET /wd/hub/session/a38a037c-00d7-4e70-bad5-b7b74aefc8b7/context &amp#27;[39m&amp#27;[32m200&amp#27;[39m &amp#27;[90m1 ms - 22&amp#27;[39m
&amp#27;[35m[HTTP]&amp#27;[39m &amp#27;[90m&amp#27;[39m
&amp#27;[35m[HTTP]&amp#27;[39m &amp#27;[37m-->&amp#27;[39m &amp#27;[37mPOST&amp#27;[39m &amp#27;[37m/wd/hub/session/a38a037c-00d7-4e70-bad5-b7b74aefc8b7/element&amp#27;[39m
&amp#27;[35m[HTTP]&amp#27;[39m &amp#27;[90m{"using":"id","value":"com.eezy.ai.dev:id/menuLogout"}&amp#27;[39m
[debug] &amp#27;[35m[W3C (a38a037c)]&amp#27;[39m Calling AppiumDriver.findElement() with args: ["id","com.eezy.ai.dev:id/menuLogout","a38a037c-00d7-4e70-bad5-b7b74aefc8b7"]
[debug] &amp#27;[35m[BaseDriver]&amp#27;[39m Valid locator strategies for this request: xpath, id, class name, accessibility id, css selector, -android uiautomator
[debug] &amp#27;[35m[BaseDriver]&amp#27;[39m Waiting up to 15000 ms for condition
[debug] &amp#27;[35m[WD Proxy]&amp#27;[39m Matched '/element' to command name 'findElement'
[debug] &amp#27;[35m[WD Proxy]&amp#27;[39m Proxying [POST /element] to [POST http://127.0.0.1:8200/wd/hub/session/8b50dff7-c18d-4f18-99bc-d63e0ade10a5/element] with body: {"strategy":"id","selector":"com.eezy.ai.dev:id/menuLogout","context":"","multiple":false}
[debug] &amp#27;[35m[WD Proxy]&amp#27;[39m Got response with status 200: {"sessionId":"8b50dff7-c18d-4f18-99bc-d63e0ade10a5","value":{"ELEMENT":"bf532f51-8ef9-406b-9dc5-b41721a7db9b","element-6066-11e4-a52e-4f735466cecf":"bf532f51-8ef9-406b-9dc5-b41721a7db9b"}}
[debug] &amp#27;[35m[W3C (a38a037c)]&amp#27;[39m Responding to client with driver.findElement() result: {"element-6066-11e4-a52e-4f735466cecf":"bf532f51-8ef9-406b-9dc5-b41721a7db9b","ELEMENT":"bf532f51-8ef9-406b-9dc5-b41721a7db9b"}
&amp#27;[35m[HTTP]&amp#27;[39m &amp#27;[37m<-- POST /wd/hub/session/a38a037c-00d7-4e70-bad5-b7b74aefc8b7/element &amp#27;[39m&amp#27;[32m200&amp#27;[39m &amp#27;[90m10144 ms - 137&amp#27;[39m
&amp#27;[35m[HTTP]&amp#27;[39m &amp#27;[90m&amp#27;[39m
&amp#27;[35m[HTTP]&amp#27;[39m &amp#27;[37m-->&amp#27;[39m &amp#27;[37mPOST&amp#27;[39m &amp#27;[37m/wd/hub/session/a38a037c-00d7-4e70-bad5-b7b74aefc8b7/element/bf532f51-8ef9-406b-9dc5-b41721a7db9b/click&amp#27;[39m
&amp#27;[35m[HTTP]&amp#27;[39m &amp#27;[90m{"id":"bf532f51-8ef9-406b-9dc5-b41721a7db9b"}&amp#27;[39m
[debug] &amp#27;[35m[W3C (a38a037c)]&amp#27;[39m Calling AppiumDriver.click() with args: ["bf532f51-8ef9-406b-9dc5-b41721a7db9b","a38a037c-00d7-4e70-bad5-b7b74aefc8b7"]
[debug] &amp#27;[35m[WD Proxy]&amp#27;[39m Matched '/element/bf532f51-8ef9-406b-9dc5-b41721a7db9b/click' to command name 'click'
[debug] &amp#27;[35m[WD Proxy]&amp#27;[39m Proxying [POST /element/bf532f51-8ef9-406b-9dc5-b41721a7db9b/click] to [POST http://127.0.0.1:8200/wd/hub/session/8b50dff7-c18d-4f18-99bc-d63e0ade10a5/element/bf532f51-8ef9-406b-9dc5-b41721a7db9b/click] with body: {"element":"bf532f51-8ef9-406b-9dc5-b41721a7db9b"}
[debug] &amp#27;[35m[WD Proxy]&amp#27;[39m Got response with status 200: {"sessionId":"8b50dff7-c18d-4f18-99bc-d63e0ade10a5","value":null}
[debug] &amp#27;[35m[W3C (a38a037c)]&amp#27;[39m Responding to client with driver.click() result: null
&amp#27;[35m[HTTP]&amp#27;[39m &amp#27;[37m<-- POST /wd/hub/session/a38a037c-00d7-4e70-bad5-b7b74aefc8b7/element/bf532f51-8ef9-406b-9dc5-b41721a7db9b/click &amp#27;[39m&amp#27;[32m200&amp#27;[39m &amp#27;[90m21033 ms - 14&amp#27;[39m
&amp#27;[35m[HTTP]&amp#27;[39m &amp#27;[90m&amp#27;[39m
&amp#27;[35m[HTTP]&amp#27;[39m &amp#27;[37m-->&amp#27;[39m &amp#27;[37mGET&amp#27;[39m &amp#27;[37m/wd/hub/session/a38a037c-00d7-4e70-bad5-b7b74aefc8b7/context&amp#27;[39m
&amp#27;[35m[HTTP]&amp#27;[39m &amp#27;[90m{}&amp#27;[39m
[debug] &amp#27;[35m[W3C (a38a037c)]&amp#27;[39m Calling AppiumDriver.getCurrentContext() with args: ["a38a037c-00d7-4e70-bad5-b7b74aefc8b7"]
[debug] &amp#27;[35m[W3C (a38a037c)]&amp#27;[39m Responding to client with driver.getCurrentContext() result: "NATIVE_APP"
&amp#27;[35m[HTTP]&amp#27;[39m &amp#27;[37m<-- GET /wd/hub/session/a38a037c-00d7-4e70-bad5-b7b74aefc8b7/context &amp#27;[39m&amp#27;[32m200&amp#27;[39m &amp#27;[90m2 ms - 22&amp#27;[39m
&amp#27;[35m[HTTP]&amp#27;[39m &amp#27;[90m&amp#27;[39m
&amp#27;[35m[HTTP]&amp#27;[39m &amp#27;[37m-->&amp#27;[39m &amp#27;[37mPOST&amp#27;[39m &amp#27;[37m/wd/hub/session/a38a037c-00d7-4e70-bad5-b7b74aefc8b7/element&amp#27;[39m
&amp#27;[35m[HTTP]&amp#27;[39m &amp#27;[90m{"using":"id","value":"com.eezy.ai.dev:id/yesBtn"}&amp#27;[39m
[debug] &amp#27;[35m[W3C (a38a037c)]&amp#27;[39m Calling AppiumDriver.findElement() with args: ["id","com.eezy.ai.dev:id/yesBtn","a38a037c-00d7-4e70-bad5-b7b74aefc8b7"]
[debug] &amp#27;[35m[BaseDriver]&amp#27;[39m Valid locator strategies for this request: xpath, id, class name, accessibility id, css selector, -android uiautomator
[debug] &amp#27;[35m[BaseDriver]&amp#27;[39m Waiting up to 15000 ms for condition
[debug] &amp#27;[35m[WD Proxy]&amp#27;[39m Matched '/element' to command name 'findElement'
[debug] &amp#27;[35m[WD Proxy]&amp#27;[39m Proxying [POST /element] to [POST http://127.0.0.1:8200/wd/hub/session/8b50dff7-c18d-4f18-99bc-d63e0ade10a5/element] with body: {"strategy":"id","selector":"com.eezy.ai.dev:id/yesBtn","context":"","multiple":false}
[debug] &amp#27;[35m[WD Proxy]&amp#27;[39m Got response with status 200: {"sessionId":"8b50dff7-c18d-4f18-99bc-d63e0ade10a5","value":{"ELEMENT":"44d98c7c-d7bb-4856-a1b3-89e20772953a","element-6066-11e4-a52e-4f735466cecf":"44d98c7c-d7bb-4856-a1b3-89e20772953a"}}
[debug] &amp#27;[35m[W3C (a38a037c)]&amp#27;[39m Responding to client with driver.findElement() result: {"element-6066-11e4-a52e-4f735466cecf":"44d98c7c-d7bb-4856-a1b3-89e20772953a","ELEMENT":"44d98c7c-d7bb-4856-a1b3-89e20772953a"}
&amp#27;[35m[HTTP]&amp#27;[39m &amp#27;[37m<-- POST /wd/hub/session/a38a037c-00d7-4e70-bad5-b7b74aefc8b7/element &amp#27;[39m&amp#27;[32m200&amp#27;[39m &amp#27;[90m33 ms - 137&amp#27;[39m
&amp#27;[35m[HTTP]&amp#27;[39m &amp#27;[90m&amp#27;[39m
&amp#27;[35m[HTTP]&amp#27;[39m &amp#27;[37m-->&amp#27;[39m &amp#27;[37mPOST&amp#27;[39m &amp#27;[37m/wd/hub/session/a38a037c-00d7-4e70-bad5-b7b74aefc8b7/element/44d98c7c-d7bb-4856-a1b3-89e20772953a/click&amp#27;[39m
&amp#27;[35m[HTTP]&amp#27;[39m &amp#27;[90m{"id":"44d98c7c-d7bb-4856-a1b3-89e20772953a"}&amp#27;[39m
[debug] &amp#27;[35m[W3C (a38a037c)]&amp#27;[39m Calling AppiumDriver.click() with args: ["44d98c7c-d7bb-4856-a1b3-89e20772953a","a38a037c-00d7-4e70-bad5-b7b74aefc8b7"]
[debug] &amp#27;[35m[WD Proxy]&amp#27;[39m Matched '/element/44d98c7c-d7bb-4856-a1b3-89e20772953a/click' to command name 'click'
[debug] &amp#27;[35m[WD Proxy]&amp#27;[39m Proxying [POST /element/44d98c7c-d7bb-4856-a1b3-89e20772953a/click] to [POST http://127.0.0.1:8200/wd/hub/session/8b50dff7-c18d-4f18-99bc-d63e0ade10a5/element/44d98c7c-d7bb-4856-a1b3-89e20772953a/click] with body: {"element":"44d98c7c-d7bb-4856-a1b3-89e20772953a"}
[debug] &amp#27;[35m[WD Proxy]&amp#27;[39m Got response with status 200: {"sessionId":"8b50dff7-c18d-4f18-99bc-d63e0ade10a5","value":null}
[debug] &amp#27;[35m[W3C (a38a037c)]&amp#27;[39m Responding to client with driver.click() result: null
&amp#27;[35m[HTTP]&amp#27;[39m &amp#27;[37m<-- POST /wd/hub/session/a38a037c-00d7-4e70-bad5-b7b74aefc8b7/element/44d98c7c-d7bb-4856-a1b3-89e20772953a/click &amp#27;[39m&amp#27;[32m200&amp#27;[39m &amp#27;[90m62 ms - 14&amp#27;[39m
&amp#27;[35m[HTTP]&amp#27;[39m &amp#27;[90m&amp#27;[39m
&amp#27;[35m[HTTP]&amp#27;[39m &amp#27;[37m-->&amp#27;[39m &amp#27;[37mGET&amp#27;[39m &amp#27;[37m/wd/hub/session/a38a037c-00d7-4e70-bad5-b7b74aefc8b7/context&amp#27;[39m
&amp#27;[35m[HTTP]&amp#27;[39m &amp#27;[90m{}&amp#27;[39m
[debug] &amp#27;[35m[W3C (a38a037c)]&amp#27;[39m Calling AppiumDriver.getCurrentContext() with args: ["a38a037c-00d7-4e70-bad5-b7b74aefc8b7"]
[debug] &amp#27;[35m[W3C (a38a037c)]&amp#27;[39m Responding to client with driver.getCurrentContext() result: "NATIVE_APP"
&amp#27;[35m[HTTP]&amp#27;[39m &amp#27;[37m<-- GET /wd/hub/session/a38a037c-00d7-4e70-bad5-b7b74aefc8b7/context &amp#27;[39m&amp#27;[32m200&amp#27;[39m &amp#27;[90m2 ms - 22&amp#27;[39m
&amp#27;[35m[HTTP]&amp#27;[39m &amp#27;[90m&amp#27;[39m
&amp#27;[35m[HTTP]&amp#27;[39m &amp#27;[37m-->&amp#27;[39m &amp#27;[37mPOST&amp#27;[39m &amp#27;[37m/wd/hub/session/a38a037c-00d7-4e70-bad5-b7b74aefc8b7/element&amp#27;[39m
&amp#27;[35m[HTTP]&amp#27;[39m &amp#27;[90m{"using":"id","value":"com.eezy.ai.dev:id/wizardTitle"}&amp#27;[39m
[debug] &amp#27;[35m[W3C (a38a037c)]&amp#27;[39m Calling AppiumDriver.findElement() with args: ["id","com.eezy.ai.dev:id/wizardTitle","a38a037c-00d7-4e70-bad5-b7b74aefc8b7"]
[debug] &amp#27;[35m[BaseDriver]&amp#27;[39m Valid locator strategies for this request: xpath, id, class name, accessibility id, css selector, -android uiautomator
[debug] &amp#27;[35m[BaseDriver]&amp#27;[39m Waiting up to 15000 ms for condition
[debug] &amp#27;[35m[WD Proxy]&amp#27;[39m Matched '/element' to command name 'findElement'
[debug] &amp#27;[35m[WD Proxy]&amp#27;[39m Proxying [POST /element] to [POST http://127.0.0.1:8200/wd/hub/session/8b50dff7-c18d-4f18-99bc-d63e0ade10a5/element] with body: {"strategy":"id","selector":"com.eezy.ai.dev:id/wizardTitle","context":"","multiple":false}
&amp#27;[35m[WD Proxy]&amp#27;[39m Got response with status 404: {"sessionId":"8b50dff7-c18d-4f18-99bc-d63e0ade10a5","value":{"error":"no such element","message":"An element could not be located on the page using the given search parameters","stacktrace":"io.appium.uiautomator2.common.exceptions.ElementNotFoundException: An element could not be located on the page using the given search parameters\n\tat io.appium.uiautomator2.handler.FindElement.safeHandle(FindElement.java:70)\n\tat io.appium.uiautomator2.handler.request.SafeRequestHandler.handle(SafeRequestHandler.java:41)\n\tat io.appium.uiautomator2.server.AppiumServlet.handleRequest(AppiumServlet.java:261)\n\tat io.appium.uiautomator2.server.AppiumServlet.handleHttpRequest(AppiumServlet.java:255)\n\tat io.appium.uiautomator2.http.ServerHandler.channelRead(ServerHandler.java:68)\n\tat io.netty.channel.AbstractChannelHandlerContext.invokeChannelRead(AbstractChannelHandlerContext.java:366)\n\tat io.netty.channel.AbstractChannelHandlerContext.invokeChannelRead(AbstractChannelHandlerContext.java:352)\n\tat io.netty.chann...
[debug] &amp#27;[35m[W3C]&amp#27;[39m Matched W3C error code 'no such element' to NoSuchElementError
[debug] &amp#27;[35m[BaseDriver]&amp#27;[39m Waited for 493 ms so far
[debug] &amp#27;[35m[WD Proxy]&amp#27;[39m Matched '/element' to command name 'findElement'
[debug] &amp#27;[35m[WD Proxy]&amp#27;[39m Proxying [POST /element] to [POST http://127.0.0.1:8200/wd/hub/session/8b50dff7-c18d-4f18-99bc-d63e0ade10a5/element] with body: {"strategy":"id","selector":"com.eezy.ai.dev:id/wizardTitle","context":"","multiple":false}
&amp#27;[35m[WD Proxy]&amp#27;[39m Got response with status 404: {"sessionId":"8b50dff7-c18d-4f18-99bc-d63e0ade10a5","value":{"error":"no such element","message":"An element could not be located on the page using the given search parameters","stacktrace":"io.appium.uiautomator2.common.exceptions.ElementNotFoundException: An element could not be located on the page using the given search parameters\n\tat io.appium.uiautomator2.handler.FindElement.safeHandle(FindElement.java:70)\n\tat io.appium.uiautomator2.handler.request.SafeRequestHandler.handle(SafeRequestHandler.java:41)\n\tat io.appium.uiautomator2.server.AppiumServlet.handleRequest(AppiumServlet.java:261)\n\tat io.appium.uiautomator2.server.AppiumServlet.handleHttpRequest(AppiumServlet.java:255)\n\tat io.appium.uiautomator2.http.ServerHandler.channelRead(ServerHandler.java:68)\n\tat io.netty.channel.AbstractChannelHandlerContext.invokeChannelRead(AbstractChannelHandlerContext.java:366)\n\tat io.netty.channel.AbstractChannelHandlerContext.invokeChannelRead(AbstractChannelHandlerContext.java:352)\n\tat io.netty.chann...
[debug] &amp#27;[35m[W3C]&amp#27;[39m Matched W3C error code 'no such element' to NoSuchElementError
[debug] &amp#27;[35m[BaseDriver]&amp#27;[39m Waited for 2610 ms so far
[debug] &amp#27;[35m[WD Proxy]&amp#27;[39m Matched '/element' to command name 'findElement'
[debug] &amp#27;[35m[WD Proxy]&amp#27;[39m Proxying [POST /element] to [POST http://127.0.0.1:8200/wd/hub/session/8b50dff7-c18d-4f18-99bc-d63e0ade10a5/element] with body: {"strategy":"id","selector":"com.eezy.ai.dev:id/wizardTitle","context":"","multiple":false}
&amp#27;[35m[WD Proxy]&amp#27;[39m Got response with status 404: {"sessionId":"8b50dff7-c18d-4f18-99bc-d63e0ade10a5","value":{"error":"no such element","message":"An element could not be located on the page using the given search parameters","stacktrace":"io.appium.uiautomator2.common.exceptions.ElementNotFoundException: An element could not be located on the page using the given search parameters\n\tat io.appium.uiautomator2.handler.FindElement.safeHandle(FindElement.java:70)\n\tat io.appium.uiautomator2.handler.request.SafeRequestHandler.handle(SafeRequestHandler.java:41)\n\tat io.appium.uiautomator2.server.AppiumServlet.handleRequest(AppiumServlet.java:261)\n\tat io.appium.uiautomator2.server.AppiumServlet.handleHttpRequest(AppiumServlet.java:255)\n\tat io.appium.uiautomator2.http.ServerHandler.channelRead(ServerHandler.java:68)\n\tat io.netty.channel.AbstractChannelHandlerContext.invokeChannelRead(AbstractChannelHandlerContext.java:366)\n\tat io.netty.channel.AbstractChannelHandlerContext.invokeChannelRead(AbstractChannelHandlerContext.java:352)\n\tat io.netty.chann...
[debug] &amp#27;[35m[W3C]&amp#27;[39m Matched W3C error code 'no such element' to NoSuchElementError
[debug] &amp#27;[35m[BaseDriver]&amp#27;[39m Waited for 3167 ms so far
[debug] &amp#27;[35m[WD Proxy]&amp#27;[39m Matched '/element' to command name 'findElement'
[debug] &amp#27;[35m[WD Proxy]&amp#27;[39m Proxying [POST /element] to [POST http://127.0.0.1:8200/wd/hub/session/8b50dff7-c18d-4f18-99bc-d63e0ade10a5/element] with body: {"strategy":"id","selector":"com.eezy.ai.dev:id/wizardTitle","context":"","multiple":false}
&amp#27;[35m[WD Proxy]&amp#27;[39m Got response with status 404: {"sessionId":"8b50dff7-c18d-4f18-99bc-d63e0ade10a5","value":{"error":"no such element","message":"An element could not be located on the page using the given search parameters","stacktrace":"io.appium.uiautomator2.common.exceptions.ElementNotFoundException: An element could not be located on the page using the given search parameters\n\tat io.appium.uiautomator2.handler.FindElement.safeHandle(FindElement.java:70)\n\tat io.appium.uiautomator2.handler.request.SafeRequestHandler.handle(SafeRequestHandler.java:41)\n\tat io.appium.uiautomator2.server.AppiumServlet.handleRequest(AppiumServlet.java:261)\n\tat io.appium.uiautomator2.server.AppiumServlet.handleHttpRequest(AppiumServlet.java:255)\n\tat io.appium.uiautomator2.http.ServerHandler.channelRead(ServerHandler.java:68)\n\tat io.netty.channel.AbstractChannelHandlerContext.invokeChannelRead(AbstractChannelHandlerContext.java:366)\n\tat io.netty.channel.AbstractChannelHandlerContext.invokeChannelRead(AbstractChannelHandlerContext.java:352)\n\tat io.netty.chann...
[debug] &amp#27;[35m[W3C]&amp#27;[39m Matched W3C error code 'no such element' to NoSuchElementError
[debug] &amp#27;[35m[BaseDriver]&amp#27;[39m Waited for 3732 ms so far
[debug] &amp#27;[35m[WD Proxy]&amp#27;[39m Matched '/element' to command name 'findElement'
[debug] &amp#27;[35m[WD Proxy]&amp#27;[39m Proxying [POST /element] to [POST http://127.0.0.1:8200/wd/hub/session/8b50dff7-c18d-4f18-99bc-d63e0ade10a5/element] with body: {"strategy":"id","selector":"com.eezy.ai.dev:id/wizardTitle","context":"","multiple":false}
&amp#27;[35m[WD Proxy]&amp#27;[39m Got response with status 404: {"sessionId":"8b50dff7-c18d-4f18-99bc-d63e0ade10a5","value":{"error":"no such element","message":"An element could not be located on the page using the given search parameters","stacktrace":"io.appium.uiautomator2.common.exceptions.ElementNotFoundException: An element could not be located on the page using the given search parameters\n\tat io.appium.uiautomator2.handler.FindElement.safeHandle(FindElement.java:70)\n\tat io.appium.uiautomator2.handler.request.SafeRequestHandler.handle(SafeRequestHandler.java:41)\n\tat io.appium.uiautomator2.server.AppiumServlet.handleRequest(AppiumServlet.java:261)\n\tat io.appium.uiautomator2.server.AppiumServlet.handleHttpRequest(AppiumServlet.java:255)\n\tat io.appium.uiautomator2.http.ServerHandler.channelRead(ServerHandler.java:68)\n\tat io.netty.channel.AbstractChannelHandlerContext.invokeChannelRead(AbstractChannelHandlerContext.java:366)\n\tat io.netty.channel.AbstractChannelHandlerContext.invokeChannelRead(AbstractChannelHandlerContext.java:352)\n\tat io.netty.chann...
[debug] &amp#27;[35m[W3C]&amp#27;[39m Matched W3C error code 'no such element' to NoSuchElementError
[debug] &amp#27;[35m[BaseDriver]&amp#27;[39m Waited for 4398 ms so far
[debug] &amp#27;[35m[WD Proxy]&amp#27;[39m Matched '/element' to command name 'findElement'
[debug] &amp#27;[35m[WD Proxy]&amp#27;[39m Proxying [POST /element] to [POST http://127.0.0.1:8200/wd/hub/session/8b50dff7-c18d-4f18-99bc-d63e0ade10a5/element] with body: {"strategy":"id","selector":"com.eezy.ai.dev:id/wizardTitle","context":"","multiple":false}
[debug] &amp#27;[35m[WD Proxy]&amp#27;[39m Got response with status 200: {"sessionId":"8b50dff7-c18d-4f18-99bc-d63e0ade10a5","value":{"ELEMENT":"7cdff79f-c5ed-4382-9717-f1adaccd9766","element-6066-11e4-a52e-4f735466cecf":"7cdff79f-c5ed-4382-9717-f1adaccd9766"}}
[debug] &amp#27;[35m[W3C (a38a037c)]&amp#27;[39m Responding to client with driver.findElement() result: {"element-6066-11e4-a52e-4f735466cecf":"7cdff79f-c5ed-4382-9717-f1adaccd9766","ELEMENT":"7cdff79f-c5ed-4382-9717-f1adaccd9766"}
&amp#27;[35m[HTTP]&amp#27;[39m &amp#27;[37m<-- POST /wd/hub/session/a38a037c-00d7-4e70-bad5-b7b74aefc8b7/element &amp#27;[39m&amp#27;[32m200&amp#27;[39m &amp#27;[90m5514 ms - 137&amp#27;[39m
&amp#27;[35m[HTTP]&amp#27;[39m &amp#27;[90m&amp#27;[39m
&amp#27;[35m[HTTP]&amp#27;[39m &amp#27;[37m-->&amp#27;[39m &amp#27;[37mGET&amp#27;[39m &amp#27;[37m/wd/hub/session/a38a037c-00d7-4e70-bad5-b7b74aefc8b7/element/7cdff79f-c5ed-4382-9717-f1adaccd9766/displayed&amp#27;[39m
&amp#27;[35m[HTTP]&amp#27;[39m &amp#27;[90m{}&amp#27;[39m
[debug] &amp#27;[35m[W3C (a38a037c)]&amp#27;[39m Calling AppiumDriver.elementDisplayed() with args: ["7cdff79f-c5ed-4382-9717-f1adaccd9766","a38a037c-00d7-4e70-bad5-b7b74aefc8b7"]
[debug] &amp#27;[35m[WD Proxy]&amp#27;[39m Matched '/element/7cdff79f-c5ed-4382-9717-f1adaccd9766/attribute/displayed' to command name 'getAttribute'
[debug] &amp#27;[35m[WD Proxy]&amp#27;[39m Proxying [GET /element/7cdff79f-c5ed-4382-9717-f1adaccd9766/attribute/displayed] to [GET http://127.0.0.1:8200/wd/hub/session/8b50dff7-c18d-4f18-99bc-d63e0ade10a5/element/7cdff79f-c5ed-4382-9717-f1adaccd9766/attribute/displayed] with no body
[debug] &amp#27;[35m[WD Proxy]&amp#27;[39m Got response with status 200: {"sessionId":"8b50dff7-c18d-4f18-99bc-d63e0ade10a5","value":"true"}
[debug] &amp#27;[35m[W3C (a38a037c)]&amp#27;[39m Responding to client with driver.elementDisplayed() result: true
&amp#27;[35m[HTTP]&amp#27;[39m &amp#27;[37m<-- GET /wd/hub/session/a38a037c-00d7-4e70-bad5-b7b74aefc8b7/element/7cdff79f-c5ed-4382-9717-f1adaccd9766/displayed &amp#27;[39m&amp#27;[32m200&amp#27;[39m &amp#27;[90m27 ms - 14&amp#27;[39m
&amp#27;[35m[HTTP]&amp#27;[39m &amp#27;[90m&amp#27;[39m
&amp#27;[35m[HTTP]&amp#27;[39m &amp#27;[37m-->&amp#27;[39m &amp#27;[37mGET&amp#27;[39m &amp#27;[37m/wd/hub/session/a38a037c-00d7-4e70-bad5-b7b74aefc8b7/context&amp#27;[39m
&amp#27;[35m[HTTP]&amp#27;[39m &amp#27;[90m{}&amp#27;[39m
[debug] &amp#27;[35m[W3C (a38a037c)]&amp#27;[39m Calling AppiumDriver.getCurrentContext() with args: ["a38a037c-00d7-4e70-bad5-b7b74aefc8b7"]
[debug] &amp#27;[35m[W3C (a38a037c)]&amp#27;[39m Responding to client with driver.getCurrentContext() result: "NATIVE_APP"
&amp#27;[35m[HTTP]&amp#27;[39m &amp#27;[37m<-- GET /wd/hub/session/a38a037c-00d7-4e70-bad5-b7b74aefc8b7/context &amp#27;[39m&amp#27;[32m200&amp#27;[39m &amp#27;[90m3 ms - 22&amp#27;[39m
&amp#27;[35m[HTTP]&amp#27;[39m &amp#27;[90m&amp#27;[39m
&amp#27;[35m[HTTP]&amp#27;[39m &amp#27;[37m-->&amp#27;[39m &amp#27;[37mPOST&amp#27;[39m &amp#27;[37m/wd/hub/session/a38a037c-00d7-4e70-bad5-b7b74aefc8b7/element&amp#27;[39m
&amp#27;[35m[HTTP]&amp#27;[39m &amp#27;[90m{"using":"id","value":"com.eezy.ai.dev:id/wizardTitle"}&amp#27;[39m
[debug] &amp#27;[35m[W3C (a38a037c)]&amp#27;[39m Calling AppiumDriver.findElement() with args: ["id","com.eezy.ai.dev:id/wizardTitle","a38a037c-00d7-4e70-bad5-b7b74aefc8b7"]
[debug] &amp#27;[35m[BaseDriver]&amp#27;[39m Valid locator strategies for this request: xpath, id, class name, accessibility id, css selector, -android uiautomator
[debug] &amp#27;[35m[BaseDriver]&amp#27;[39m Waiting up to 15000 ms for condition
[debug] &amp#27;[35m[WD Proxy]&amp#27;[39m Matched '/element' to command name 'findElement'
[debug] &amp#27;[35m[WD Proxy]&amp#27;[39m Proxying [POST /element] to [POST http://127.0.0.1:8200/wd/hub/session/8b50dff7-c18d-4f18-99bc-d63e0ade10a5/element] with body: {"strategy":"id","selector":"com.eezy.ai.dev:id/wizardTitle","context":"","multiple":false}
[debug] &amp#27;[35m[WD Proxy]&amp#27;[39m Got response with status 200: {"sessionId":"8b50dff7-c18d-4f18-99bc-d63e0ade10a5","value":{"ELEMENT":"2e9099eb-b7ef-492e-a39e-38e69d8ffbde","element-6066-11e4-a52e-4f735466cecf":"2e9099eb-b7ef-492e-a39e-38e69d8ffbde"}}
[debug] &amp#27;[35m[W3C (a38a037c)]&amp#27;[39m Responding to client with driver.findElement() result: {"element-6066-11e4-a52e-4f735466cecf":"2e9099eb-b7ef-492e-a39e-38e69d8ffbde","ELEMENT":"2e9099eb-b7ef-492e-a39e-38e69d8ffbde"}
&amp#27;[35m[HTTP]&amp#27;[39m &amp#27;[37m<-- POST /wd/hub/session/a38a037c-00d7-4e70-bad5-b7b74aefc8b7/element &amp#27;[39m&amp#27;[32m200&amp#27;[39m &amp#27;[90m39 ms - 137&amp#27;[39m
&amp#27;[35m[HTTP]&amp#27;[39m &amp#27;[90m&amp#27;[39m
&amp#27;[35m[HTTP]&amp#27;[39m &amp#27;[37m-->&amp#27;[39m &amp#27;[37mGET&amp#27;[39m &amp#27;[37m/wd/hub/session/a38a037c-00d7-4e70-bad5-b7b74aefc8b7/element/2e9099eb-b7ef-492e-a39e-38e69d8ffbde/enabled&amp#27;[39m
&amp#27;[35m[HTTP]&amp#27;[39m &amp#27;[90m{}&amp#27;[39m
[debug] &amp#27;[35m[W3C (a38a037c)]&amp#27;[39m Calling AppiumDriver.elementEnabled() with args: ["2e9099eb-b7ef-492e-a39e-38e69d8ffbde","a38a037c-00d7-4e70-bad5-b7b74aefc8b7"]
[debug] &amp#27;[35m[WD Proxy]&amp#27;[39m Matched '/element/2e9099eb-b7ef-492e-a39e-38e69d8ffbde/attribute/enabled' to command name 'getAttribute'
[debug] &amp#27;[35m[WD Proxy]&amp#27;[39m Proxying [GET /element/2e9099eb-b7ef-492e-a39e-38e69d8ffbde/attribute/enabled] to [GET http://127.0.0.1:8200/wd/hub/session/8b50dff7-c18d-4f18-99bc-d63e0ade10a5/element/2e9099eb-b7ef-492e-a39e-38e69d8ffbde/attribute/enabled] with no body
[debug] &amp#27;[35m[WD Proxy]&amp#27;[39m Got response with status 200: {"sessionId":"8b50dff7-c18d-4f18-99bc-d63e0ade10a5","value":"true"}
[debug] &amp#27;[35m[W3C (a38a037c)]&amp#27;[39m Responding to client with driver.elementEnabled() result: true
&amp#27;[35m[HTTP]&amp#27;[39m &amp#27;[37m<-- GET /wd/hub/session/a38a037c-00d7-4e70-bad5-b7b74aefc8b7/element/2e9099eb-b7ef-492e-a39e-38e69d8ffbde/enabled &amp#27;[39m&amp#27;[32m200&amp#27;[39m &amp#27;[90m18 ms - 14&amp#27;[39m
&amp#27;[35m[HTTP]&amp#27;[39m &amp#27;[90m&amp#27;[39m
&amp#27;[35m[HTTP]&amp#27;[39m &amp#27;[37m-->&amp#27;[39m &amp#27;[37mGET&amp#27;[39m &amp#27;[37m/wd/hub/session/a38a037c-00d7-4e70-bad5-b7b74aefc8b7/context&amp#27;[39m
&amp#27;[35m[HTTP]&amp#27;[39m &amp#27;[90m{}&amp#27;[39m
[debug] &amp#27;[35m[W3C (a38a037c)]&amp#27;[39m Calling AppiumDriver.getCurrentContext() with args: ["a38a037c-00d7-4e70-bad5-b7b74aefc8b7"]
[debug] &amp#27;[35m[W3C (a38a037c)]&amp#27;[39m Responding to client with driver.getCurrentContext() result: "NATIVE_APP"
&amp#27;[35m[HTTP]&amp#27;[39m &amp#27;[37m<-- GET /wd/hub/session/a38a037c-00d7-4e70-bad5-b7b74aefc8b7/context &amp#27;[39m&amp#27;[32m200&amp#27;[39m &amp#27;[90m3 ms - 22&amp#27;[39m
&amp#27;[35m[HTTP]&amp#27;[39m &amp#27;[90m&amp#27;[39m
&amp#27;[35m[HTTP]&amp#27;[39m &amp#27;[37m-->&amp#27;[39m &amp#27;[37mPOST&amp#27;[39m &amp#27;[37m/wd/hub/session/a38a037c-00d7-4e70-bad5-b7b74aefc8b7/element&amp#27;[39m
&amp#27;[35m[HTTP]&amp#27;[39m &amp#27;[90m{"using":"id","value":"com.eezy.ai.dev:id/wizardTitle"}&amp#27;[39m
[debug] &amp#27;[35m[W3C (a38a037c)]&amp#27;[39m Calling AppiumDriver.findElement() with args: ["id","com.eezy.ai.dev:id/wizardTitle","a38a037c-00d7-4e70-bad5-b7b74aefc8b7"]
[debug] &amp#27;[35m[BaseDriver]&amp#27;[39m Valid locator strategies for this request: xpath, id, class name, accessibility id, css selector, -android uiautomator
[debug] &amp#27;[35m[BaseDriver]&amp#27;[39m Waiting up to 15000 ms for condition
[debug] &amp#27;[35m[WD Proxy]&amp#27;[39m Matched '/element' to command name 'findElement'
[debug] &amp#27;[35m[WD Proxy]&amp#27;[39m Proxying [POST /element] to [POST http://127.0.0.1:8200/wd/hub/session/8b50dff7-c18d-4f18-99bc-d63e0ade10a5/element] with body: {"strategy":"id","selector":"com.eezy.ai.dev:id/wizardTitle","context":"","multiple":false}
[debug] &amp#27;[35m[WD Proxy]&amp#27;[39m Got response with status 200: {"sessionId":"8b50dff7-c18d-4f18-99bc-d63e0ade10a5","value":{"ELEMENT":"6c9cb7e2-50b7-41b7-aafd-858acfc8e934","element-6066-11e4-a52e-4f735466cecf":"6c9cb7e2-50b7-41b7-aafd-858acfc8e934"}}
[debug] &amp#27;[35m[W3C (a38a037c)]&amp#27;[39m Responding to client with driver.findElement() result: {"element-6066-11e4-a52e-4f735466cecf":"6c9cb7e2-50b7-41b7-aafd-858acfc8e934","ELEMENT":"6c9cb7e2-50b7-41b7-aafd-858acfc8e934"}
&amp#27;[35m[HTTP]&amp#27;[39m &amp#27;[37m<-- POST /wd/hub/session/a38a037c-00d7-4e70-bad5-b7b74aefc8b7/element &amp#27;[39m&amp#27;[32m200&amp#27;[39m &amp#27;[90m46 ms - 137&amp#27;[39m
&amp#27;[35m[HTTP]&amp#27;[39m &amp#27;[90m&amp#27;[39m
&amp#27;[35m[HTTP]&amp#27;[39m &amp#27;[37m-->&amp#27;[39m &amp#27;[37mGET&amp#27;[39m &amp#27;[37m/wd/hub/session/a38a037c-00d7-4e70-bad5-b7b74aefc8b7/element/6c9cb7e2-50b7-41b7-aafd-858acfc8e934/displayed&amp#27;[39m
&amp#27;[35m[HTTP]&amp#27;[39m &amp#27;[90m{}&amp#27;[39m
[debug] &amp#27;[35m[W3C (a38a037c)]&amp#27;[39m Calling AppiumDriver.elementDisplayed() with args: ["6c9cb7e2-50b7-41b7-aafd-858acfc8e934","a38a037c-00d7-4e70-bad5-b7b74aefc8b7"]
[debug] &amp#27;[35m[WD Proxy]&amp#27;[39m Matched '/element/6c9cb7e2-50b7-41b7-aafd-858acfc8e934/attribute/displayed' to command name 'getAttribute'
[debug] &amp#27;[35m[WD Proxy]&amp#27;[39m Proxying [GET /element/6c9cb7e2-50b7-41b7-aafd-858acfc8e934/attribute/displayed] to [GET http://127.0.0.1:8200/wd/hub/session/8b50dff7-c18d-4f18-99bc-d63e0ade10a5/element/6c9cb7e2-50b7-41b7-aafd-858acfc8e934/attribute/displayed] with no body
[debug] &amp#27;[35m[WD Proxy]&amp#27;[39m Got response with status 200: {"sessionId":"8b50dff7-c18d-4f18-99bc-d63e0ade10a5","value":"true"}
[debug] &amp#27;[35m[W3C (a38a037c)]&amp#27;[39m Responding to client with driver.elementDisplayed() result: true
&amp#27;[35m[HTTP]&amp#27;[39m &amp#27;[37m<-- GET /wd/hub/session/a38a037c-00d7-4e70-bad5-b7b74aefc8b7/element/6c9cb7e2-]]></system-out>
    <system-err><![CDATA[Apr 28, 2021 1:46:51 PM io.appium.java_client.remote.AppiumCommandExecutor$1 lambda$0
INFO: Detected dialect: W3C
]]></system-err>
  </testcase>
</testsuite>