<?xml version="1.0" encoding="UTF-8"?>
<!-- Generated by org.testng.reporters.JUnitReportReporter -->
<testsuite skipped="0" hostname="DESKTOP-NVPTPKF" name="com.eezy.logintest.LoginTest" tests="1" failures="0" timestamp="2021-04-28T13:49:07 IST" time="115.440" errors="0">
  <testcase name="login" time="115.440" classname="com.eezy.logintest.LoginTest"/>
  <system-out/>
</testsuite> <!-- com.eezy.logintest.LoginTest -->
