<?xml version="1.0" encoding="UTF-8"?>
<!-- Generated by org.testng.reporters.JUnitReportReporter -->
<testsuite skipped="0" hostname="DESKTOP-NVPTPKF" name="com.eezy.logintest.StartNewPlanTest" tests="1" failures="0" timestamp="2021-04-28T13:49:07 IST" time="147.161" errors="0">
  <testcase name="startNewPlan" time="147.161" classname="com.eezy.logintest.StartNewPlanTest"/>
  <system-out/>
</testsuite> <!-- com.eezy.logintest.StartNewPlanTest -->
