<?xml version="1.0" encoding="UTF-8"?>
<!-- Generated by org.testng.reporters.JUnitReportReporter -->
<testsuite skipped="0" hostname="DESKTOP-NVPTPKF" name="com.eezy.logintest.LoginRedirectingToSignInTest" tests="1" failures="0" timestamp="2021-04-28T13:49:07 IST" time="27.968" errors="0">
  <testcase name="loginToSingIn" time="27.968" classname="com.eezy.logintest.LoginRedirectingToSignInTest"/>
  <system-out/>
</testsuite> <!-- com.eezy.logintest.LoginRedirectingToSignInTest -->
